['484', '596', '423', '975', '855', '407', '61', '43', '908', '246', '750', '253', '861']
['935']
['743']
['50']
['932', '300']
['642']
['677', '256']
['643']
['522']
['672', '218']
['939']
['255']
['84']
['854']
['986']
['230', '135']
['900', '310', '778', '705', '193', '885']
['56', '185', '181']
['641', '934', '49', '884', '373', '207', '45', '844', '848']
['153', '711', '673', '360', '980', '440', '77', '664', '150', '169', '629', '340', '93']
['402', '342', '967', '4', '327', '790', '704', '104', '859', '449', '671', '648', '187']
['622', '608', '19', '216', '609', '989', '925', '347', '933', '823', '660', '738', '612']
['392', '762', '688', '415', '681', '482', '7', '343', '958', '759', '191', '293', '331']
['233', '586', '58', '476', '597', '395', '683', '432', '186', '850']
['535', '174', '601', '547', '984']
['785', '816', '292', '528']
['961', '375']
['273', '344']
['383', '812', '590']
['831', '519']
['706', '151']
['177', '409', '936']
['370', '8', '113', '356', '554', '460']
['680', '635', '946', '619', '898', '46', '346', '401']
['171', '798', '146', '131', '368', '717', '328']
['479', '124', '446', '248', '92', '226', '611', '824', '35', '708', '371', '742']
['42', '74', '195', '623', '285', '201', '970', '589', '54', '276', '444', '119', '899']
['426', '163', '784', '883', '10', '11', '937', '718', '540', '744', '408', '334', '149']
['12', '26', '17', '892', '68', '468', '47', '828', '948', '238', '382', '654', '305']
['770', '632', '2', '878', '566', '345', '398', '835', '62', '857', '254', '258', '82']
['205', '786', '167', '996', '71', '512', '713', '942', '976', '839', '697', '751', '297']
['459', '67', '271', '943', '757', '197', '523', '464', '882', '779', '799', '985', '753']
['998', '298', '259', '162', '132', '879', '650', '127', '507', '531', '40', '421', '603']
['501', '497', '965', '384', '400', '63', '564', '687', '38', '498', '730', '515', '904']
['593', '826', '450', '555', '767', '138', '214', '445', '492', '551', '378', '333', '489']
['524', '796', '567', '53', '411', '595', '141', '733', '964', '175', '277', '458', '764']
['232', '379', '72', '85', '418', '722', '651', '350', '280', '993', '637', '745', '306']
['290', '183', '494', '862', '180', '394', '168', '225', '189', '264', '807', '390', '266']
['469', '868', '755', '473', '548', '926', '158', '819', '591', '606', '262', '128', '776']
['963', '294', '363', '91', '32', '587', '103', '769', '493', '543', '905', '649', '732']
['995', '902', '234', '236', '979', '679', '263', '653', '734', '896', '434', '923', '549']
['25', '242', '194', '775', '914', '367', '690', '602', '364', '931', '121', '41', '889']
['723', '358', '731', '313', '279', '715', '5', '406', '838', '749', '966', '565', '741']
['560', '107', '437', '568', '1', '116', '727', '772', '112', '950', '448', '613', '652']
['57', '442', '876', '618', '270', '380', '927', '691', '969', '335', '428', '222', '110']
['359', '217', '431', '684', '59', '397', '361', '102', '719', '869', '29', '75', '88']
['809', '666', '541', '483', '338', '668', '610', '614', '910', '538', '257', '726', '573']
['575', '79', '184', '387', '430', '956', '179', '355', '374', '192', '700', '455', '574']
['694', '412', '974', '105', '991', '410', '893', '302', '220', '261', '667', '463', '761']
['829', '108', '740', '947', '206', '237', '178', '325', '388', '858', '224', '836', '260']
['20', '436', '244', '663', '525', '438', '695', '252', '888', '30', '656', '852', '957']
['24', '633', '21', '130', '735', '282', '332', '235', '386', '714', '309', '95', '561']
['478', '477', '429', '599', '716', '949', '23', '804', '636', '129', '849', '472', '814']
['748', '563', '502', '787', '122', '647', '51', '123', '810', '136', '756', '951', '918']
['33', '579', '288', '514', '315', '326', '930', '670', '539', '696', '154', '621', '912']
['90', '139', '871', '86', '752', '604', '842', '553', '202', '143', '170', '536', '569']
['28', '825', '572', '227', '393', '938', '145', '157', '268', '559', '52', '274', '239']
['470', '661', '304', '953', '712', '221', '657', '682', '526', '863', '301', '783', '583']
['18', '782', '369', '746', '982', '658', '897', '9', '109', '873', '467', '243', '864']
['39', '827', '488', '808', '160', '287', '424', '659', '212', '278', '480', '156', '403']
['475', '765', '240', '856', '917', '425', '453', '219', '36', '628', '624', '15', '66']
['815', '311', '199', '491', '545', '22', '265', '48', '600', '576', '439', '486', '351']
['308', '117', '391', '147', '530', '389', '231', '581', '362', '125', '558', '365', '289']
['774', '758', '283', '517', '676', '592', '330', '339', '537', '806', '190', '928', '968']
['284', '341', '466', '655', '870', '100', '710', '866', '532', '510', '404', '674', '992']
['615', '693', '817', '114', '631', '485', '533', '173', '556', '165', '208', '456', '307']
['203', '598', '997', '318', '64', '529', '188', '721', '267', '223', '281', '832', '698']
['699', '148', '396', '69', '803', '675', '357', '413', '634', '607', '754', '474', '616']
['106', '521', '797', '451', '546', '354', '685', '161', '500', '96', '794', '269', '247']
['490', '851', '747', '638', '427', '973', '511', '399', '944', '941', '585', '70', '781']
['336', '867', '142', '627', '435', '646', '801', '337', '630', '348', '887', '322', '80']
['791', '771', '324', '890', '987', '724', '915', '922', '504', '811', '837', '215', '352']
['286', '496', '822', '981', '176', '419', '164', '644', '846', '645', '865', '952', '503']
['954', '665', '245', '83', '582', '725', '520', '250', '971', '766', '662', '821', '55']
['880', '353', '366', '447', '584', '405', '789', '913', '513', '516', '198', '443', '570']
['97', '577', '499', '137', '588', '319', '60', '471', '120', '14', '901', '999', '929']
['760', '891', '562', '834', '707', '381', '805', '830', '845', '182', '377', '272', '89']
['509', '527', '940', '385', '875', '505', '422', '924', '321', '578', '0', '241', '454']
['329', '275', '847', '877', '457', '213', '229', '594', '462', '37', '626', '886', '945']
['295', '34', '788', '720', '303', '874', '978', '16', '76', '534', '317', '686', '669']
['323', '144', '994', '291', '200', '959', '909', '729', '768', '376', '487', '518', '780']
['557', '506', '312', '990', '739', '709', '6', '249', '465', '737', '841', '13', '692']
['920', '977', '87', '316', '414', '44', '702', '820', '99', '94', '955', '416', '777']
['921', '903', '210', '251', '911', '27', '689', '481', '678', '126', '417', '617', '433']
['916', '461', '296', '299', '773', '906', '605', '196', '115', '895', '728', '65', '204']
['620', '907', '420', '349', '73', '159', '833', '228', '133', '853', '813', '320', '580']
['544', '843', '792', '155', '571', '736', '703', '625', '452', '81', '152', '495', '134']
['314', '166', '140', '701', '78', '795', '508', '639', '640', '111', '988', '552', '98']
['101', '818', '802', '793', '881', '441', '763', '860', '872', '3', '542', '172', '894']
['118', '372', '960', '211', '919', '31', '983', '840', '972', '550', '800', '962', '209']
