['247', '70', '885', '538', '533', '990', '184', '918', '330', '311', '272', '890', '685', '402', '185', '421', '401', '337', '433', '350', '824', '862', '192', '485', '171', '239', '590', '637', '619', '94', '16', '59', '335', '932', '529', '664', '958', '659', '726', '389']
['954', '177', '955', '158', '290', '801', '569', '93', '343', '624', '191', '667', '87', '451', '668', '549', '503', '876', '76', '334', '117', '156', '381', '468', '626', '701', '365', '161', '441', '779', '430', '20', '92', '193', '61', '797', '945', '78', '736', '973']
['980', '28', '578', '279', '651', '559', '856', '470', '882', '778', '227', '592', '776', '511', '425', '901', '642', '543', '911', '953', '574', '96', '369', '859', '0', '81', '547', '49', '725', '21', '823', '88', '598', '641', '840', '22', '951', '353', '322', '601']
['833', '143', '349', '321', '466', '328', '120', '495', '98', '739', '792', '442', '700', '469', '313', '693', '222', '266', '608', '540', '579', '864', '306', '86', '218', '934', '12', '917', '682', '326', '558', '625', '462', '643', '287', '8', '764', '757', '581', '777']
['216', '746', '678', '286', '565', '183', '377', '499', '727', '851', '631', '363', '714', '858', '740', '194', '271', '534', '148', '865', '359', '813', '985', '476', '472', '47', '514', '109', '296', '344', '618', '358', '144', '969', '798', '280', '498', '475', '277', '645']
['562', '825', '486', '658', '167', '612', '940', '251', '230', '38', '13', '672', '829', '567', '796', '755', '159', '516', '850', '984', '24', '500', '458', '846', '966', '542', '163', '295', '137', '69', '821', '196', '893', '415', '517', '448', '243', '756', '292', '691']
['983', '234', '37', '563', '874', '388', '808', '539', '633']
['383', '464', '318', '576', '872', '971', '920', '188', '831', '348', '591', '774', '867', '892', '632', '202', '471', '790', '217', '261', '636', '622', '718', '793', '913', '474', '407', '298', '346', '435', '460', '118', '677', '264', '9', '959', '866', '386', '46', '122']
['107', '212', '231', '55', '314', '656', '229', '670', '706', '994', '325', '221', '816', '803']
['141', '884', '715', '772', '638', '342', '614', '416', '848', '168', '557', '410', '276', '207', '10', '986', '267', '753', '676', '550', '861', '786', '870', '947', '112', '257', '41', '132', '43', '64', '978', '366', '14', '519', '101', '570', '260', '696', '57', '594']
['582', '568', '546', '44', '555', '125', '532', '238', '367', '657', '382', '929', '860', '709', '878', '836', '355', '530', '782', '65', '744', '316', '689', '113', '285', '881', '802', '505', '368', '963', '883', '765', '741', '708', '880', '179', '504', '835', '512', '855']
['752', '580', '375', '332', '721', '548', '30', '564', '463', '320', '397', '502', '770', '162', '759', '611', '63', '424', '103', '329', '488', '254', '176', '35', '208', '688', '250', '100', '666', '392', '976', '134', '705', '269', '200', '302', '520', '241', '838', '903']
['731', '481']
['203', '629', '809', '432', '339', '301', '839', '698', '270', '299', '73', '662', '635', '53', '761', '717', '338', '553', '847', '583', '522', '970', '147', '7', '170', '175', '211', '380', '108', '620', '849', '900', '420', '906', '853', '446', '723', '942', '317', '390']
['523', '456', '457', '370', '556', '72', '347', '762', '39', '669', '995', '997', '593', '518', '545', '799', '743', '877', '644', '31', '255', '795', '720', '268', '531', '937', '493', '482', '649', '34']
['998', '214', '62', '428', '309', '751', '733', '843', '225', '811', '172', '197', '297', '828', '819', '308', '209', '650', '716', '595', '896', '807', '888', '249', '491', '131', '345', '66', '528', '419', '763', '223', '661', '925', '729', '341', '943', '454', '427', '805']
['554', '2', '215', '106', '784']
['490', '371', '182', '589', '711', '244', '152', '18', '602', '58', '111', '639', '273', '844', '201', '730', '479', '360', '242', '431', '640', '854', '852', '506', '509', '195', '455', '154', '575', '497', '265', '541', '220', '769', '749', '992', '508', '609', '190', '181']
['219', '820', '938', '372', '129', '1', '447', '653', '914', '758', '600', '71', '526', '690', '157', '439', '459', '340', '996', '391', '894', '617', '785', '910', '704', '745', '974', '429', '924', '750', '452', '364', '648', '939', '952', '52', '226', '206', '32', '907']
['837']
['477', '734', '694', '679', '467', '89', '153', '599', '737', '484', '252', '235', '525', '566', '281', '607', '121', '408', '496', '33', '187', '294', '915', '818', '405', '404', '378', '283', '968', '898', '987', '136', '310', '804', '521', '875', '384', '652', '535', '164']
['681', '604', '354', '732', '440', '232', '975', '205', '256', '857', '742', '413', '926', '767', '788', '461', '654', '83', '904', '126', '789', '178', '331', '537', '703', '45', '551', '274', '275', '228', '289', '124', '922', '77', '501', '680', '830', '25', '707', '288']
['140', '422']
['683', '11', '673', '817']
['822', '236', '139', '675', '155', '710', '814', '99']
['596', '305']
['104', '981', '189', '51', '233', '832', '572', '586', '105', '916', '687', '787', '102', '494', '307', '114', '613', '961', '950', '394', '933', '437', '406', '712', '146', '68', '436', '278', '585', '663', '80', '361', '15', '6', '387', '842', '834', '806', '695', '552']
['810', '536', '573', '989', '434', '993', '74', '240', '449', '863', '399', '979', '780', '248', '887', '728', '665', '991', '116', '135', '336', '775', '560', '82', '948', '423', '647', '972', '445', '760', '400', '630', '941', '327', '931', '282', '544', '791', '912', '204']
['293', '19', '895', '927', '303', '379', '660', '398', '879', '411', '304', '909', '634', '577', '960', '489', '426', '965', '253', '747', '263', '149', '323', '697', '905', '584', '845', '357', '967', '944', '754', '351', '174', '655', '646', '42', '396', '169', '36', '166']
['60', '199', '603', '97', '936', '768', '902', '165', '923', '453', '362', '719', '145', '794', '621', '699', '138', '826', '90', '964', '766', '513', '395', '473', '85', '29', '84', '213', '977', '319', '258', '119', '3', '127', '597', '487', '773', '245', '385', '123']
['95', '438', '478', '899', '713', '783', '54', '356', '771', '284', '237', '444', '891', '17', '414', '623', '571', '210', '418', '722', '615', '142', '871', '886', '91', '921', '75', '5', '130', '465', '524', '312', '605', '982', '962', '674', '930', '724', '527', '684']
['812', '735', '450', '151', '507', '128', '376', '946', '748', '186', '800', '515', '686', '48', '671', '815', '4', '333', '480', '873', '949', '180', '409', '956', '246', '26', '300', '919', '40', '627', '692', '587', '23', '869', '510', '259', '443', '492', '957', '935']
['417', '393', '928', '67', '702', '827', '841', '324', '588', '897', '110', '889', '173', '198', '988', '999', '868', '50', '374', '628', '908', '561', '291', '738', '224', '150', '412', '262', '483', '79', '56', '27', '781', '315', '352', '115', '606', '610', '403', '133']
['160']
['373', '616']
