['306', '400', '325', '167', '545', '578', '336', '495', '205', '243', '494', '644', '273', '145', '80', '416', '115', '546', '122', '501', '536', '136', '50', '473', '564', '73', '126', '371', '347', '595', '638', '538', '600', '221', '56', '89', '180', '604', '79', '190', '378', '295', '323', '214', '119']
['61', '404', '210', '576', '574', '346', '559', '272', '617', '407', '481', '156', '58', '11', '485', '300', '317', '270', '496', '410', '70', '428', '94', '101', '194', '411', '636', '199', '148', '310', '593', '583', '385', '263', '618']
['584', '185', '51', '598', '532', '8', '220', '85', '493', '309', '587', '60', '99', '212', '152', '204', '124', '36', '426', '215', '364', '469', '209', '191', '253', '71', '98', '144', '343', '350', '586', '516', '110', '389', '425', '560', '174']
['539', '75', '21', '281', '517', '548', '488', '285', '637', '106', '52', '344', '480', '453', '313', '275', '558', '296', '246', '95', '394', '442', '130']
['437', '268', '196', '162', '535', '597', '366', '580', '430', '14', '195', '486', '399', '556', '351', '431', '625', '67', '298']
['299', '419', '69', '624', '441', '457', '19', '18', '40', '334', '188', '158', '302']
['606', '64', '514']
['372', '159', '468']
['42', '454', '467', '566', '615', '33', '30', '63', '117', '451', '345', '236', '373', '22', '601', '367', '86', '331', '339', '455', '97', '642', '432', '436', '328', '391']
['358', '227', '509', '547', '72', '219', '59', '83', '571', '349', '222', '628', '322', '202', '283', '505', '423', '287', '470', '482', '380', '452', '403', '147', '570', '228', '413']
['183', '520', '518', '54', '216', '422', '164', '65', '565', '305', '266', '186', '177', '258', '20', '311', '128', '619', '37', '397', '464', '540', '135', '466', '544', '131', '622', '23', '200', '256', '116', '599', '314']
['26', '32', '284', '34', '245', '447', '229', '499', '543', '591', '602', '443', '609', '405', '458', '151', '408', '340', '533']
['10', '233', '74', '301', '27', '7', '206', '631', '92', '55', '614', '476', '632', '409', '554', '610', '641', '278', '45', '316', '225', '2', '326', '333', '594', '324', '490', '630', '363', '446', '553', '57', '25', '15', '171', '590', '224', '304', '623', '527', '434', '81', '104', '635', '352', '213', '633', '643', '376', '208']
['176', '17', '276', '550', '41']
['439', '235', '392', '524', '341', '82', '138', '424', '234', '87', '472', '53', '260']
['12', '383', '102', '629', '238', '1', '111', '640', '387', '592', '3', '16', '541', '6', '483', '612']
['497', '491', '261', '294', '13', '223', '39', '165', '627', '462', '157', '579', '189', '414', '211', '460', '173', '327', '461', '154', '292', '369', '406', '49']
['318', '29', '24', '123', '250', '109', '184', '320', '510', '142', '449', '521', '291', '573', '605', '315', '421', '112', '218', '639', '226', '319', '160', '588', '141', '114', '255', '567', '100', '297', '303', '519', '137', '563', '134']
['561', '46', '415', '396', '504', '484', '386', '140', '620', '508', '232', '522', '146', '585', '68', '0', '596', '129', '427', '381', '332', '465', '251', '475', '607', '267', '582', '257', '337', '31', '125', '577', '231']
['526', '471', '487', '342', '230', '603', '528', '368', '445', '66', '201', '512', '269', '265', '132', '113', '435', '169', '353', '149', '355', '429', '537', '354', '286', '254', '542', '412', '264', '477', '531', '4']
['450', '417', '155', '197', '348', '529', '393', '252', '181', '645', '444', '359', '312', '241', '274', '384', '163', '608', '178', '143', '271', '43', '108', '47', '96', '290', '357', '402', '153', '248', '388', '187', '35', '330', '362']
['77', '277', '166', '569', '356', '374', '513', '280', '38', '555', '121', '329', '9', '365', '150', '474', '395', '456', '502', '247', '575', '127', '507', '279', '244', '172', '552', '440', '338', '515', '76', '103', '293', '5', '375', '534', '479', '572', '84', '62']
['390', '616', '240', '370', '335', '175', '203', '506', '523', '107', '489', '418', '207', '182', '249', '360', '217', '549', '161', '120', '463', '307', '498', '611', '511', '525', '420', '78', '500', '379']
['288']
['438', '433', '170', '239', '401', '28', '139', '289', '634', '398', '492', '503', '91', '621', '93', '459', '478', '282', '44', '530', '179', '551', '242', '308', '237', '448', '581', '589', '613', '562', '168', '133', '105', '321', '361', '48', '198', '88', '377', '568', '262', '557', '193', '90', '118', '626', '382', '259', '192']
