['697', '516', '357', '482', '131', '520', '563', '631', '303', '13', '3', '860', '944', '795', '63', '509', '267', '794', '592', '827', '528', '954', '44', '878', '649', '863', '7', '555', '220', '279', '777', '381', '831', '263', '278']
['4', '793', '813', '106', '172', '943', '153', '432', '58', '739', '632', '49', '115', '654', '917', '792', '724', '315', '104', '733', '667', '513', '523', '508', '834', '684', '464', '347', '332', '887', '820', '446', '992', '892', '676']
['606', '364', '920', '765', '22', '197', '368', '561', '540', '502', '24', '600', '930', '895', '314', '120', '896', '657', '239', '537', '873', '387', '905', '799', '90', '176', '264', '889', '869', '480', '742', '861', '798', '458', '536']
['506', '234', '791', '35', '891', '140', '505', '909', '809', '177', '904', '673', '102', '178', '979', '677', '938', '750', '638', '562', '872', '804', '789', '129', '166', '826', '42', '501', '543', '645', '881', '975', '933', '776', '916']
['274', '97', '838', '441', '701', '96', '949', '745', '410', '560', '31', '29', '392', '931', '212', '455', '198', '417', '81', '926', '310', '839', '461', '912', '236', '41', '447', '800', '556', '170', '318', '814', '874', '551', '530']
['308', '91', '101', '179', '418', '781', '884', '554', '651', '403', '815', '837', '125', '86', '774', '901', '993', '987', '218', '984', '553', '307', '26', '886', '152', '229', '28', '613', '431', '162', '825', '957', '412', '685', '570']
['79', '741', '132', '587', '463', '442', '599', '293', '377', '544', '376', '968', '566', '807', '296', '434', '517', '720', '522', '498', '160', '193', '496', '183', '997', '519', '118', '589', '730', '339', '582', '60', '772', '521', '924']
['321', '879', '141', '760', '967', '857', '695', '451', '928', '908', '934', '512', '565', '245', '297', '681', '390', '450', '712', '771', '526', '454', '782', '690', '574', '616', '199', '805', '847', '946', '475', '404', '797', '87', '191']
['986', '806', '331', '478', '656', '43', '728', '301', '914', '271', '643', '752', '469', '830', '758', '663', '510', '83', '948', '850', '204', '25', '664', '646', '449', '911', '221', '374', '492', '963', '241', '34', '39', '607', '424']
['729', '489', '280', '969', '333', '371', '50', '855', '214', '778', '569', '796', '973', '107', '981', '965', '918', '400', '216', '128', '169', '45', '59', '282', '408', '812', '706', '259', '974', '148', '595', '628', '929', '246', '254']
['430', '144', '620', '300', '976', '164', '428', '972', '871', '243', '738', '610', '955', '358', '65', '283', '907', '78', '409', '621', '378', '5', '53', '669', '200', '116', '653', '226', '581', '548', '159', '557', '947', '546', '801']
['445', '679', '497', '0', '767', '292', '615', '490', '786', '237', '854', '691', '341', '426', '119', '759', '737', '507', '753', '397', '731', '682', '201', '593', '819', '832', '260', '407', '711', '617', '192', '770', '110', '375', '185']
['485', '915', '15', '704', '477', '630', '474', '601', '421', '876', '168', '380', '665', '189', '135', '971', '747', '675', '583', '958', '248', '639', '359', '224', '853', '481', '155', '18', '402', '990', '576', '126', '82', '165', '361']
['900']
['196', '925', '452', '495', '978', '326', '637', '203', '68', '821', '398', '425', '953', '217', '302', '833', '306', '334', '541', '423', '842', '705', '721', '710', '687', '146', '982', '323', '564', '486', '379', '484', '67', '629', '849']
['836', '161', '275', '346', '470']
['784']
['413', '547', '942', '775', '959', '337', '290', '500', '401', '123', '439', '253', '139', '171', '369', '608', '389', '722', '534', '80', '674', '727', '350', '575', '414', '472', '780', '272', '655', '538', '276', '57', '661', '435', '761']
['835', '23', '922', '351', '460', '21', '151', '94', '700', '572', '287', '768', '652', '52', '6', '923', '98', '367', '688', '422', '571', '395', '902', '444', '270', '12', '448', '568', '255', '732', '130', '394', '740', '415', '56']
['591', '885', '38', '258', '298', '602', '399', '11', '133', '103', '715', '294', '769', '158', '816', '342', '386', '483', '360', '844', '612', '773', '219', '803', '766', '137', '823', '366', '457', '726', '313', '893', '514', '864', '385']
['518', '852', '937', '525', '61', '466', '465', '588', '897', '111', '235', '641', '635', '932', '824', '436', '532', '328', '433', '627', '624', '440', '30', '723', '113', '273', '479', '93', '215', '69', '862', '609', '634', '640', '223']
['256', '735', '910', '817', '311', '195', '802', '252', '859', '494', '249', '828', '66', '903', '319', '584', '941', '213', '533', '121', '699', '829', '746', '763', '504', '698', '157', '345', '749', '257', '338', '788', '190', '188', '295']
['268', '865', '559', '373', '476', '88', '105', '348', '208', '779', '309', '388', '124', '707', '808', '114', '927', '743', '72', '950', '709', '764', '184', '391', '529', '618', '299', '961', '851', '888', '552', '181', '985', '261', '678']
['194']
['877']
['597', '167', '384', '527', '117', '585', '55', '20', '718', '269', '467', '660', '670', '316', '51', '633', '790', '99', '456', '754', '650', '324', '996', '285', '848', '231', '935', '840', '85', '898', '748', '558', '206', '702', '590']
['365', '868', '427', '40', '531', '230', '419', '16', '147', '262', '578', '515']
['284', '734', '122', '362', '14', '714', '995']
['689', '372', '8', '64', '77', '818', '858', '545', '550', '288', '755', '266', '320', '945', '186', '856', '163', '696', '577', '420', '875', '244', '182', '100', '340', '491', '960', '539', '240', '605', '329', '647', '232', '611', '567']
['596']
['438']
['703', '964']
['453', '335', '325']
['145', '233', '962', '416', '511', '305', '344', '619', '785', '210', '2', '228', '330', '658', '603', '736', '175', '999']
['680', '811', '580', '265', '207', '149', '9', '317', '48', '468', '92', '47', '75', '142', '286', '524', '138', '180', '998', '211', '225', '277', '783', '694', '443', '154', '756', '471', '150', '74', '614', '354', '659', '304', '242']
['222', '668', '27', '322', '291', '951', '352', '46', '956', '708', '336', '343', '719', '845', '349', '187', '499', '939', '327', '841', '989', '17', '757', '95', '751', '238', '1', '488', '899', '977', '251', '644', '396', '109', '867']
['870', '686', '289', '62', '136', '623', '462', '762', '980', '134', '988', '473', '725', '991', '846', '598', '411', '70', '921', '648', '73', '604', '33', '983', '356', '156', '143', '549', '406', '880', '919', '671', '586', '716', '281']
['503', '247', '493', '666', '966', '112', '636', '843', '127', '173', '10', '713', '594', '355', '906', '573', '535', '866', '662', '437', '250', '717', '32', '54', '370', '363', '89', '76', '940', '429', '672', '393', '692', '642', '382']
['312', '209']
['994', '913', '626', '744', '108', '683', '882', '625', '622', '205', '883', '579', '84', '787', '353', '970', '542', '202', '174', '71', '810', '459', '936', '227', '952', '822', '405', '19', '37', '890', '487', '383', '693', '36', '894']
