['787', '61', '930', '50', '449', '456', '688', '426', '828', '358', '912', '48', '344', '942', '878', '396', '574', '763', '793', '677', '39', '17', '850', '883', '528', '674', '735', '86', '116', '597', '548', '121', '18', '371', '111', '610', '798', '773', '572', '751']
['112', '838', '512', '747', '124', '772', '405', '185']
['859', '379', '98', '400', '796', '675', '752', '732', '547', '266', '905', '922', '969', '254', '634', '218']
['380', '346', '873', '523', '11', '44', '336', '359', '411', '761', '698', '339', '767', '649', '206', '328', '332', '368', '966', '134', '393', '316', '809', '964', '260', '314', '993', '899', '860', '226', '830', '233', '556', '946', '362', '441', '600', '149', '845', '77']
['7', '611', '42', '995', '532', '407', '427', '626', '952', '503', '477', '569', '386', '563', '876', '26', '143', '58', '340', '648', '27', '309', '919', '895', '580', '784', '472', '514', '38', '464', '774', '490', '174', '276', '205', '645', '664', '83', '343', '814']
['280', '94', '161', '95', '916', '364', '460', '257', '748', '231', '80', '678', '451', '989', '64', '256', '283', '956', '212', '285', '325', '651', '951', '166', '228', '896', '63', '973', '214', '140', '13', '129', '659', '978', '641', '71', '749', '356', '378', '1']
['984', '81', '963', '786', '518', '724', '587', '12', '585', '120', '599', '562', '949', '158', '521', '318', '806', '59']
['235', '390', '790', '438', '240']
['154', '728', '714', '825', '499', '892', '917', '253', '47', '639', '605', '769', '167', '948', '182', '511', '341', '681', '264', '189', '768', '549', '789', '430', '436', '497', '269', '852', '299', '383', '717', '788', '812', '246', '979', '437', '582', '730', '792', '152']
['980', '403', '839', '851', '588', '433', '131', '217', '62', '755', '712', '457', '890', '716', '213', '867', '385', '421', '617', '160', '493', '51', '524', '239', '422', '482', '132', '355', '525', '853', '491', '855', '117', '370', '620', '153', '621', '935', '668', '928']
['392', '558', '68', '302', '603', '842', '207', '848', '345', '151', '500', '894', '670', '744', '179', '803', '101', '148', '986', '718', '977', '866', '881', '146', '480', '305', '740', '175', '2', '97', '268', '19', '506', '539', '498', '777', '331', '985', '85', '741']
['543', '779', '811', '510', '598', '655', '70', '609', '573', '586', '868', '925', '96', '293', '474', '487', '729', '534', '526', '829', '685', '673', '92', '576', '887', '406', '488', '76', '555', '877', '3', '771', '775', '412', '291', '807', '178', '181', '286', '14']
['402', '168', '635', '819', '656', '289', '338', '89', '162', '861', '797', '333', '209', '190', '100', '221', '715', '753', '961', '159', '929', '689', '758', '559', '466', '330', '79', '397', '606', '820', '638', '697', '901', '727', '429', '551', '312', '389', '84', '542']
['880', '591', '177', '702', '114', '252', '414', '505', '945', '198', '998', '530', '308', '992', '476', '248', '959', '105', '695', '520', '623', '886', '91', '837']
['9', '342', '826', '237', '446', '608', '227', '614', '35', '630', '462', '484', '366', '546', '871', '425', '533', '975', '247', '156', '537', '584', '882', '900', '219', '937', '633', '540', '21', '625', '762', '517', '557', '931', '879', '700', '736', '363', '255', '485']
['56', '672', '703', '709', '144', '295', '431', '108', '541', '0', '834', '103', '107', '232', '509', '244', '561', '87', '872', '75', '981']
['874', '596', '208', '72', '327', '29', '284', '440', '938', '544', '780', '647', '249', '863', '367', '324', '361', '348', '391', '113', '976', '810', '337', '862', '171', '374', '458', '475', '902', '138', '906', '251', '465', '682', '970', '613', '535', '974', '988', '624']
['746', '486', '350', '642', '967', '679', '932', '202', '165', '939', '854', '492']
['432', '234', '954', '315']
['756', '693', '229', '376', '454', '323', '349', '442', '74', '571', '52', '40', '904', '215', '560', '615', '194', '413', '467', '653', '884', '733', '435', '502', '875', '25', '566', '644', '297', '473', '831', '125', '841', '962', '290', '592', '669', '272', '128', '941']
['843', '199', '261', '957', '22', '692', '662', '765', '444', '20', '310', '869', '31', '646', '394', '4', '220', '565', '817', '33', '404', '567', '870', '141', '281', '933', '197', '187', '173', '65', '279', '570', '46', '250', '804', '849', '384', '155', '373', '795']
['725', '481', '972', '311', '267', '274', '704', '739', '258', '139', '157', '897']
['450', '910', '742', '996', '136', '115', '353', '395', '643', '552', '321', '176', '710', '452', '750', '595', '618', '691', '172', '654', '982', '594', '317', '785', '66', '398', '32', '203', '360', '180', '844', '808', '864', '334', '150', '898', '8', '564', '601', '776']
['10', '999', '911', '690', '554', '723', '920', '579', '612', '960', '545', '865', '994', '947', '439', '650', '471', '30', '399', '891', '743', '760', '519', '88', '903', '660', '222', '997', '893', '483', '494', '210', '805', '706', '301', '45', '307', '196', '489', '468']
['24', '622', '991', '628', '536', '652', '377', '434', '282', '731', '856', '225', '445', '306', '827', '5', '823', '909', '375', '49', '538', '263', '137', '821', '550', '37', '667', '443', '259', '707', '501', '147', '347', '459', '15', '684', '885', '658', '292', '516']
['846', '694', '41', '577', '921', '783', '195', '67', '271', '270', '722', '415', '469', '553', '607', '568', '926', '987', '835', '713', '6', '847', '824', '110', '815', '273', '708', '420', '43', '666', '631', '241', '408', '778', '34', '238', '262', '230', '236', '372']
['106', '836', '781', '453', '721', '953', '619', '23', '583', '409', '983', '300', '908', '924', '90', '578', '593', '186', '955', '527', '719', '816', '357', '188', '418', '680', '470', '840', '764', '699', '204', '322', '28', '193', '687', '818', '102', '754', '936', '417']
['701', '590', '495', '448', '507', '78', '940', '738', '313', '632', '296', '915', '463', '581', '990', '242', '122', '799', '365', '245', '629', '57', '734', '192', '918', '640', '857', '104', '118', '265', '93', '223', '671', '711', '676', '766', '163', '294', '529', '352']
['833', '965', '907', '142', '720', '627', '759', '424', '479', '69', '126', '944', '135', '82', '381', '616', '123', '802', '455', '923', '794', '927', '686', '319', '968', '387', '329', '423', '127', '145', '55', '971', '130', '60', '496', '419', '401', '388', '277', '661']
['950', '705', '791', '54', '665', '513', '335', '531', '428', '663', '326', '278', '298', '369', '637', '726', '164', '745', '191', '602', '99', '913', '504', '416', '243', '813', '73', '170', '304', '183', '351', '858', '958', '382', '589', '696', '169', '737', '508', '201']
['119', '53', '782', '184', '320', '822', '200', '275', '133', '604', '657', '934', '216', '801', '800', '889', '16', '770', '303', '683', '478', '888', '224', '410', '757', '515', '36', '461', '943', '287', '447', '832', '914', '354', '109', '211', '636', '522', '288', '575']
