['959', '457', '934', '365', '436', '345', '780', '897', '798', '739']
['443', '760', '949', '311', '45', '464', '661']
['418', '653', '564', '289', '56', '235', '503', '366', '894', '942']
['222', '741', '396', '247', '842', '318', '983', '988', '659', '974']
['700', '254', '516', '424', '857', '77', '539', '430', '766', '824']
['775', '748']
['470', '976']
['730', '487']
['125', '82', '510', '870', '912']
['150', '488', '868', '948', '680', '839', '802', '651', '582', '577']
['672', '600', '239', '702', '310', '984', '705', '833', '876', '176']
['744']
['879']
['451', '403', '923', '132', '209', '355', '914', '723', '492', '482']
['116']
['558', '115', '555', '554', '48', '797', '550', '909', '250', '272']
['836', '935', '523', '223', '295', '160', '538', '101', '813', '904']
['140', '726', '194', '740', '907', '103', '593', '500', '838', '643']
['306', '640', '646', '173']
['38', '129', '117']
['198', '43', '618', '621', '521', '238', '484', '567', '435', '213']
['135', '96', '731', '860', '20', '174', '341', '764', '581', '642']
['717', '537', '583', '334', '957', '87', '227', '434', '375', '171']
['398', '843', '790', '80', '835', '761', '472', '72', '387']
['692', '966', '102', '893', '592', '6', '251', '246', '95', '676']
['7', '145', '58', '271']
['10', '264']
['207', '671', '815', '468', '666', '221', '147', '875', '133', '892']
['323', '508', '807', '845', '407', '678', '409', '369', '699', '698']
['757', '367', '547', '216', '220', '887', '670', '844', '526', '675']
['188', '483', '359', '17', '733', '12', '205', '370', '902', '828']
['865', '373', '172', '47', '715', '863', '303', '990', '960', '951']
['330', '885', '346', '100', '969', '273', '669', '756', '417', '495']
['686', '649', '770', '858', '67', '886', '831', '668', '381', '789']
['565', '722', '307', '551', '184', '169', '1', '336', '343', '233']
['930', '996', '379', '648', '728', '809', '182', '846', '938', '196']
['667', '252', '578', '579', '684', '588', '215', '92']
['496', '52', '528', '94', '286', '62']
['333']
['946', '326', '16', '878', '277', '507', '415', '545', '467', '685']
['559']
['308', '647', '563', '105', '296', '372', '534', '941', '615', '530']
['274', '420', '566', '228', '401', '191', '476', '57', '556']
['397']
['607', '493', '79', '915', '548', '714', '899', '677', '475', '982']
['426', '348', '825', '231', '630', '309', '131', '636', '801', '351']
['910']
['81', '762', '388', '455', '243', '779', '392', '905', '509']
['260', '997', '972', '114', '911', '958', '624', '873', '385', '319']
['63', '635', '810', '136', '469', '755', '24', '423', '936', '956']
['931', '189', '258', '514', '29']
['253', '793', '774', '662', '720']
['399', '123', '970', '350', '738', '192']
['119', '683', '275', '187', '872', '961', '299', '501', '137', '874']
['871', '276', '847', '408', '151', '152', '597', '829']
['144', '663', '754', '735', '163', '120', '834', '977', '706', '453']
['53', '978', '823', '637']
['440', '632', '536', '742', '664', '432', '732', '193', '61', '968']
['256', '985', '107', '40', '128', '623', '462', '928', '693', '644']
['357', '808', '214', '329', '763', '328', '570', '456', '75', '575']
['688', '721', '786', '853', '533', '943', '917', '612']
['204', '634', '627', '745', '322']
['287', '28', '3', '993', '574', '406', '199', '321', '804', '177']
['799', '266', '186', '932', '861', '954', '608', '908', '164', '168']
['391', '419', '15', '658', '919', '888', '631', '170', '84', '883']
['994', '405', '446', '349', '165', '927', '363', '442', '224', '428']
['939', '422', '822', '292', '197', '525', '157', '806', '751', '448']
['502', '610', '696', '783', '98', '44', '248', '589', '155', '153']
['411']
['459', '390', '986', '59']
['841', '674', '332', '60', '803', '340', '719', '393', '552', '654']
['953', '772', '106', '19', '400', '599', '300', '849', '718', '304']
['402', '560', '244', '478', '111', '143', '162', '314', '31', '609']
['218', '139', '694', '138', '288', '626', '463', '695', '141', '778']
['584', '747', '491', '945', '335', '765', '749', '544', '142', '210']
['827', '532', '490', '368', '519', '284', '586', '39', '601']
['771', '794']
['529', '729', '279', '505']
['665', '814', '952', '641']
['118', '727', '540', '971', '65', '412', '795', '445', '926', '291']
['611', '620', '331', '290', '297', '881', '947', '413', '97', '515']
['414', '707', '262', '255', '837', '99', '524', '517', '37', '285']
['645', '546', '25', '541', '792', '498', '613', '42', '4', '743']
['427', '594', '805', '691', '973', '535', '895', '511', '485', '622']
['553', '35', '229', '22', '206', '324', '981', '404', '652', '8']
['278', '518', '633', '716', '925', '148', '725', '474', '236', '817']
['937', '268', '520', '891', '856', '201', '108', '354', '49', '342']
['36', '746', '896', '542', '759', '241', '777', '225', '312', '360']
['450', '104', '629', '202', '867', '283', '280', '110', '697', '877']
['458', '639', '605', '752', '27', '83', '112', '711', '890', '383']
['211', '585', '13', '628', '929', '606', '212', '364', '302', '479']
['226', '433', '561', '571', '386', '126', '91', '281', '768', '124']
['724', '41', '93', '374', '242', '832', '840', '257', '438', '361']
['816', '358', '305', '595', '776', '208', '576', '750', '269', '217']
['85', '933', '819', '660', '889', '465', '11', '203', '88', '920']
['852', '709', '473', '480', '270', '178', '159', '0', '149', '531']
['736', '820', '180', '234', '812', '185']
['230', '122', '127', '991', '916', '713', '2', '753', '240', '906']
['14', '461', '689', '452', '441', '71', '616', '68', '569', '710']
['376', '466', '460', '249', '74']
['32', '862', '587', '769', '394', '527', '237', '989', '987', '134']
['195', '158', '785', '437', '963', '298', '848', '50', '113']
['313', '46', '486', '416', '109', '9', '922', '821', '955', '315']
['294', '975', '944', '690', '130', '325', '320', '154', '617', '758']
['18', '494', '30', '219', '773', '449', '573', '362', '619', '371']
['353', '90', '734', '681', '782', '499', '882', '352', '811', '992']
['190']
['854', '382', '179']
['967', '395', '603', '737', '704', '964', '638', '259', '656']
['788', '924', '384', '506', '791', '591', '999', '650', '293', '327']
['265', '380', '64', '347', '267', '454', '23', '344', '998', '921']
['497', '866', '89', '965', '78', '796', '655', '489', '166', '21']
['339', '66', '146', '869']
['337', '183', '701', '614', '504', '598', '481', '5', '263', '767']
['787', '884', '26', '657', '471', '175', '962', '338', '54', '121']
['421', '687', '200', '800', '950', '261', '851', '818', '568', '781']
['431', '602', '979', '33']
['784']
['901', '572', '181', '34', '900', '51', '903', '859', '439', '410']
['156', '995', '55', '590', '389', '830', '682', '245', '513', '855']
['549', '826', '708', '356', '898', '562', '673', '679', '73', '301']
['86', '918', '980', '232']
['70', '282', '522', '940', '377', '316', '913', '444', '317', '712']
['864', '69', '850', '557', '604', '167', '596', '880', '477', '543']
['625', '512', '76', '425', '161', '447', '378', '580', '703', '429']
