['435', '537', '727', '343', '517', '271', '879', '719', '554', '810', '247', '132', '774', '841', '872', '217', '461', '536', '652', '261', '547', '812', '604', '533', '679', '145', '20', '881', '36', '567', '284', '76', '733', '3', '612', '59', '653', '664', '553', '4', '403', '499', '151', '854', '427', '273', '601', '799', '880', '490', '252', '927', '237', '732', '229', '589', '167', '19', '104', '875', '761', '315', '29', '665', '419', '456', '355', '485', '685', '226', '796', '757', '717', '279', '216', '394', '375', '548', '94', '614', '412', '794', '156', '833', '585', '316', '650', '532', '205', '385', '624', '582', '897', '771', '297', '673', '61', '283', '387', '322', '166', '670', '77', '195', '399', '916', '909', '418', '574', '576', '829', '219', '254', '60', '632', '525', '353', '138', '832', '882', '594', '827', '712', '323', '705', '0', '806', '575', '148', '182', '910', '660', '639', '923', '411', '787', '917', '621', '725', '240', '437', '460', '429', '759', '491', '531', '709', '907', '746', '633', '346', '330', '245', '826', '344', '391', '565', '919', '416', '302', '477', '57', '750', '192', '644', '749', '742', '877', '420', '470', '414', '204', '495', '701', '760', '331', '609', '208', '73', '288', '293', '9', '814']
['313', '698', '159']
['325']
['654']
['363']
['703']
['443']
['55', '79', '364', '849', '795', '221']
['463']
['21', '32', '14', '925', '474']
['349', '319', '720']
['6', '773', '366', '114', '607']
['146']
['675', '828', '272', '825', '807', '805', '432', '308', '58', '53', '706', '222', '13', '52', '707', '856', '175', '218', '51', '310', '572', '523', '124', '169', '452', '896', '780', '657', '91', '190', '873', '908', '196', '853', '859', '142', '422', '568', '593', '922', '256', '865', '530', '667', '248', '40', '487', '213', '15']
['35', '266', '498', '290', '892', '233', '476', '801', '893', '431', '33', '352', '442', '737', '715', '210', '920', '501', '10', '678', '710', '926', '731', '515', '43', '666', '455', '141', '194', '69', '415', '866', '564', '395', '852', '163', '722', '813', '457', '270', '610', '149', '506', '377', '791', '914', '303', '509', '472', '786', '756', '489', '590', '591', '453', '447', '5', '851', '223', '542', '478', '314', '400', '386', '808', '659', '647', '234', '153', '86', '507', '596']
['840', '728', '100', '115', '38', '890', '446', '830', '580', '598', '251', '72', '246', '37', '249', '586', '740', '341', '384', '747', '562', '885', '244', '694', '212', '164', '816', '911', '291', '268', '619', '793', '30', '179', '276', '311', '846', '912', '915', '662', '868', '543', '570', '800', '526', '784', '889', '901', '741', '358', '197', '180', '211', '250', '62', '466', '231', '390', '332', '408', '421', '502', '729', '227', '540', '99', '762', '900', '528', '847', '921', '663', '350', '186', '441', '48', '430', '184', '108', '44', '54', '811', '257', '117', '220', '121', '440', '767', '45', '361', '109', '613', '383', '436', '374', '557', '600', '552', '913', '522', '18', '745', '895', '150', '739', '597', '177', '618', '500', '483', '243', '482', '638', '7', '579', '874', '329', '658', '130', '413', '433', '49', '631', '171', '292', '496', '371', '764', '373', '110', '558', '155', '584', '2', '615', '486', '765', '410', '695', '336', '514', '356', '345', '556', '577', '127', '755', '397', '768', '89', '348', '113', '672', '573', '90', '398', '370', '368', '504', '661', '299', '105', '924', '682', '855', '467', '181', '187', '918', '831', '510', '636', '608', '111', '46', '475', '154', '876', '697', '493', '521', '627', '320', '592', '274', '202', '640', '555', '836', '776', '520', '326', '401', '752', '689', '622', '333', '107', '265', '438', '434', '668', '258', '704', '63', '27', '802', '285', '426', '8', '770', '777', '143', '684', '834', '843', '396', '823', '611', '306', '183', '393', '904', '381', '763', '232', '11', '17', '135', '112', '286', '711', '445', '137', '716', '534', '479', '899', '95', '339', '253', '797', '84', '334', '587', '516', '365', '335', '524', '362', '691', '778', '282', '80', '850', '136', '185', '129', '160', '819', '120', '488', '620', '188', '409', '837', '423', '236', '527', '578', '505', '200', '351', '758', '702', '425', '753', '870', '730', '772', '34', '788', '539', '407', '16', '378', '721', '508', '687', '871', '359', '894', '133', '723', '307', '317', '96', '748', '473', '646', '312', '769', '818', '376', '581', '139', '669', '512', '630', '676', '817', '617', '734', '754', '31', '838', '405', '87', '626', '671', '588', '235', '367', '289', '450', '93', '571', '857', '309', '161', '260', '789', '389', '92', '713', '606']
['47', '820', '128', '783']
['209', '201']
['78', '480', '198', '174', '645', '902']
['23', '170', '102', '616', '649']
['494', '88', '602', '97', '858', '736']
['56', '726', '131', '224', '125']
['300', '605']
['629', '263', '513', '71', '648', '298', '887', '835', '238', '191', '651', '328', '637', '296', '623', '162', '225', '324', '635', '305', '342', '65', '790', '779']
['642', '511', '278', '656', '406']
['230', '471', '459', '123', '839', '214']
['804', '337', '347', '867', '680', '22']
['643', '693']
['354', '815', '864', '26', '674', '863']
['280', '696', '144', '792', '178', '193', '458', '275', '242', '304', '122', '207', '189', '417', '28', '64', '85', '481', '688', '126', '891', '50', '862', '454', '738', '883', '372', '444', '724', '519', '404', '549', '116', '886', '898', '428', '546', '147', '101', '439', '848', '158', '81', '766', '751', '625', '103', '563', '929', '700', '379', '203', '134']
['165']
['634', '215', '785', '905', '599', '603', '677', '708', '541', '269', '392', '550', '327', '538', '822', '545', '906', '465', '277', '321', '380', '484', '544', '569', '503', '70', '469', '492', '67', '98', '287', '157', '402', '449', '468', '25', '451', '559', '860', '821', '66', '369', '39', '106', '641', '714', '173', '869', '655', '809', '199', '382', '74', '628', '262', '68', '798', '884', '878', '41', '551', '255', '464', '119', '295', '82', '535', '281', '388', '42', '172', '83', '152', '903', '228', '176', '560', '1', '844', '241', '845', '360', '683', '529', '448', '775', '699', '888', '566', '140', '681', '357', '264', '718', '12', '259', '861', '239', '735', '75', '301', '690', '842', '928', '118', '561', '294', '267', '595', '743', '318', '518', '686', '692', '24', '338', '462', '803', '497', '744', '168', '340', '782', '824', '206', '583', '424', '781']
