['629', '545', '654', '305', '318', '698', '126', '694', '818', '128', '463', '225', '437', '265', '161', '312', '29', '558', '625', '671', '123', '144', '394', '247', '422', '593', '282', '842', '330', '707', '271', '576', '808']
['113', '13', '768', '505', '58', '258', '79', '286', '59', '491', '168', '619', '446', '536', '569', '245', '83', '277', '451', '655', '302', '725', '63', '761', '550', '736', '239', '210', '336', '555', '74', '115', '840', '672', '227']
['357', '458', '300', '741', '720', '772', '428', '393', '240', '103', '435', '165', '346', '90', '817', '361', '445', '4', '201', '710', '803', '599', '388', '675', '701', '809', '460', '590', '255', '189', '347', '841', '774', '391', '38']
['749', '648', '770', '626', '585', '690', '270', '177', '379', '235', '580', '783', '91', '773', '350', '611', '586', '828', '528', '433', '326', '343', '415', '542', '355', '481', '653', '669', '310', '790', '758', '365', '150', '494', '195']
['732', '138', '133', '792', '588', '565', '371', '723', '21', '637', '573', '704', '76', '554', '738', '285', '213', '180', '95', '638', '651', '340', '203', '43', '244', '197', '714', '493', '276', '522', '425', '755', '298', '793']
['434', '172', '613', '392', '295', '589', '816', '262', '127', '121', '810', '763', '614', '320', '836', '520', '486', '323', '12', '563', '211', '135', '485', '819', '785', '623', '752', '100', '37', '448', '33', '291']
['26', '31', '850', '605', '591', '686', '527', '395', '397', '844', '691', '743', '321', '253', '194', '46', '627', '823', '724', '164', '450', '621', '829', '516', '40', '149', '488', '62', '744', '553', '746', '548', '695', '313', '847']
['596', '190', '208', '89', '139', '374', '821', '622', '232', '117', '612', '109', '266', '316', '479', '358', '713', '45', '835', '452', '439', '297', '92', '25', '750', '735', '337', '293', '556', '582', '487', '476', '815']
['110', '765', '14', '812', '523', '615', '167', '284', '137', '315', '649', '737', '175', '495', '257', '18', '275', '607', '546', '151', '682', '251', '351', '513', '399', '86', '688', '628', '514', '784', '467', '171', '158', '178', '116']
['464', '202', '441', '417', '429', '344', '299', '375', '264', '122', '411', '85', '163', '854', '182', '324', '515', '68', '15', '223', '617', '650', '526', '769', '278', '656', '543', '332', '27', '631', '410', '789', '640', '756', '389']
['436', '800', '70', '140', '843', '214', '664', '120', '665', '684', '791', '372', '852', '212', '541', '780', '387', '540', '88', '639', '592', '39', '419', '44', '114', '112', '398', '751', '106', '154', '102', '185', '687', '274', '832']
['560', '147', '396', '492', '646', '484', '342', '512', '633', '153', '261', '549', '376', '517', '236', '354', '192', '7', '234', '267', '597', '169', '805', '501', '824', '499', '606', '69', '834', '775', '97', '760', '519', '54']
['848', '731', '19', '459', '677', '368', '635', '159', '226', '67', '609', '674', '715', '99', '660', '283', '673', '281', '471', '243', '662', '405', '191', '319', '35', '420', '798', '119', '352', '207', '206', '475', '314', '652', '34']
['802', '325', '833', '851', '676', '666', '125', '594', '145', '658', '616', '575', '630', '497', '152', '729', '449', '400', '544', '48', '657', '308', '130', '143', '81', '508', '82', '667', '697', '683', '679', '473', '131']
['222', '759', '534', '795', '604', '290', '87', '776', '401', '537', '430', '107', '530', '642', '634', '561', '219', '241', '292', '349', '141', '443', '447', '104', '200', '327', '837', '477', '680', '799', '421', '504', '84', '472']
['20', '845', '583', '306', '645', '181', '711', '413', '9', '345', '64', '797', '237', '733', '93', '369', '220', '825', '506', '339', '846', '453', '187', '373', '108', '28', '209', '778', '454', '402', '24', '366', '273', '717', '254']
['307', '712', '30', '118', '66', '193', '564', '678', '17', '301', '426', '216', '94', '188', '204', '595', '289', '52', '584', '794', '246', '490', '418', '533', '111', '721', '36', '813', '382', '474']
['480', '644', '8', '198', '693', '73', '804', '786', '49', '787', '427', '455', '333', '587', '708', '853', '603', '726', '77', '748', '416', '381', '782', '754', '3', '601', '196', '461', '830', '838', '552', '11', '105', '806', '689']
['380', '557', '166', '155', '681', '468', '303', '632', '42', '280', '498', '647', '618', '814', '719', '579', '624', '41', '309', '72', '532', '1', '294', '767', '509', '696', '730', '747', '496', '659', '462', '260', '404', '742', '414']
['424', '377', '432', '359', '620', '831', '385', '779', '577', '456', '334', '16', '855', '378', '489', '61', '217', '221', '706', '363', '796', '507', '170', '718', '444', '132', '608', '383', '53', '539', '438', '728', '134', '521', '269']
['173', '610', '157', '692', '636', '734', '409', '670', '248', '367', '406', '709', '263', '570', '568', '311', '663', '96', '186', '317', '753', '384', '338', '538', '407', '531', '199', '820', '231', '32', '215', '205', '745', '403', '259']
['224', '6', '146', '510', '535', '364', '602', '811', '716', '703', '547', '229', '386', '529', '431', '2', '362', '559', '700', '503', '524', '136', '826', '442', '685', '156', '598', '176', '722', '233', '466', '230', '56', '827', '287']
['739', '179', '562', '457', '272', '184', '75', '502', '50', '525', '781', '822', '408', '288', '412', '55', '129', '849', '757', '740', '641', '764', '23', '762', '22', '160', '551', '600', '322', '98', '57', '348', '668', '440', '328']
['705', '335', '788', '101', '250', '174', '390', '78', '238', '242', '142', '482', '353', '571', '0', '567', '483', '329', '218', '518', '183', '268', '578', '581', '465', '661', '566', '228', '423', '148', '65', '500', '256']
['360', '771', '370', '162', '643', '249', '469', '727', '10', '331', '766', '478', '5', '470', '801', '574', '124', '341', '60', '699', '304', '839', '71', '47', '702', '279', '511', '296', '252', '807', '356', '80', '572', '777', '51']
