['353', '133', '662', '79', '691', '845', '907', '717', '96', '179', '991', '954', '921', '500', '496', '16', '799', '609', '390', '260', '326', '11', '689', '563', '463', '706', '19', '571', '233', '898', '823', '932', '611', '760', '904', '484', '280', '296', '119', '439', '649', '514', '221', '632', '396', '144', '774', '671', '222', '318']
['476']
['928']
['824']
['606']
['392']
['985']
['605']
['628']
['165']
['919']
['604']
['762']
['777']
['3']
['348']
['584', '437', '51', '24', '517', '844', '89', '138', '289', '77', '122', '673', '335', '768', '195', '380', '110', '305', '497', '194', '276', '935', '246', '113', '123', '444', '342', '207', '775', '409', '242', '791', '832', '215', '41', '427', '214', '440', '847', '748', '840', '158', '478', '927', '80', '483', '364', '170', '184', '970']
['576', '699', '690', '398', '163', '972', '174', '750', '112', '924', '149', '219', '234', '315', '599', '975', '177', '120', '860', '697', '702', '941', '956', '842', '590', '903', '510', '466', '391', '25', '828', '236', '959', '375', '18', '155', '726', '180', '763', '178', '405', '683', '102', '641', '781', '492', '900', '520', '648', '994']
['677', '756', '894', '126', '121', '66', '715', '923', '678', '185', '313', '795', '948', '806', '76', '316', '936', '623', '191', '81', '952', '259', '718', '745', '63', '895', '9', '786', '955', '794', '359', '208', '971', '535', '152', '695', '290', '328', '218', '426', '173', '4', '573', '771', '838', '603', '831', '723', '172', '485']
['637', '947', '901', '271', '710', '213', '292', '545', '46', '383', '64', '575', '916', '660', '14', '800', '630', '801', '513', '651', '891', '829', '53', '861', '159']
['516', '414', '141', '262', '722', '867', '561', '724', '275', '336', '94', '817', '212', '468', '523', '403', '55', '643', '339', '224', '323', '633', '491', '797', '532', '188', '376', '509', '527', '73', '453', '878', '69', '578', '310', '508', '617', '433', '926', '320', '664', '598', '45', '190', '471', '273', '39', '85', '494', '450']
['511', '106', '827', '886', '270', '737', '772', '100', '506', '790', '293', '346', '961', '360', '442', '15', '61', '432', '131', '464', '162', '299', '298', '912', '843', '548', '705', '885', '615', '592', '415', '988', '193', '317', '990', '769', '114', '0', '137', '872', '171', '732', '429', '559', '572', '589', '205', '460', '739', '808']
['550', '984', '761', '507', '814', '99', '248', '263', '746', '52', '355', '566', '740', '35', '881', '105', '422', '577', '216', '281', '846', '684', '341', '625', '443', '200', '300', '438', '725', '618', '875', '343', '474', '669', '245', '387', '34', '688', '622', '553', '631', '602', '147', '175', '555', '580', '27', '239', '395', '227']
['493', '330', '146', '65', '910', '529', '462', '539', '84', '942', '327', '642', '145', '562', '40', '228', '733', '871', '758', '210', '751', '880', '980', '667', '668', '767', '33', '945', '839', '455', '309', '338', '461', '674', '882', '639', '713', '252', '755', '670', '672', '977', '186', '6', '451', '865', '951', '962', '855', '261']
['445', '371', '796']
['712', '32', '274', '362', '282', '547', '382', '378', '851', '283', '694', '686', '890', '582', '244', '384', '111', '235', '139', '418', '78', '524', '488', '765', '2', '973', '97', '95', '556', '369', '999', '607', '877', '819', '226', '5', '533', '810', '416', '600', '930', '652', '707', '597', '931', '943', '883', '347', '965', '957']
['656']
['129']
['103']
['638']
['708']
['754']
['202']
['505']
['206']
['446']
['747']
['285']
['482', '49', '805', '893', '540', '449']
['393', '394', '897', '541', '268']
['734', '987', '187', '818', '981', '969', '498', '993', '531', '266', '401', '560', '243', '661', '692', '995', '286', '189', '863', '295', '257', '574', '701', '911', '967', '940', '240', '377', '417', '856', '410', '958', '854', '650', '809', '329', '56', '58', '20', '166', '521', '720', '183', '337', '386', '864', '217', '13', '350', '815']
['499', '785', '54', '700', '645', '182', '308', '812', '59', '358', '255', '953', '857', '136', '31', '826', '949', '634', '452', '254', '60', '666', '128', '696', '719', '974', '685', '918', '982', '361', '70', '658', '490', '127', '108', '963', '534', '841', '44', '543', '542', '125', '709', '917', '322', '135', '504', '428', '143', '304']
['37', '512', '727', '789', '986', '544', '241', '594', '402', '301', '356', '950', '74', '744', '731', '411', '349', '946', '487', '862', '558', '680', '866', '107', '644', '922', '821', '181', '456', '583', '50', '167', '738', '586', '813', '324', '612', '481', '109', '75', '278', '397', '256', '17', '88', '98', '807', '868', '142', '373']
['816', '388', '197', '736', '367', '793', '192', '549', '939', '134', '321', '565', '653', '457', '319', '743', '284', '663', '279', '621', '201', '368', '825', '352', '354', '370', '306', '681', '538', '331', '311', '665', '579', '552', '372', '730', '803', '164', '850', '519', '613', '489', '420', '385', '425', '929', '42', '421', '933', '86']
['161', '404', '265', '811', '267', '12', '905', '889', '454', '640', '616', '914', '852', '477', '874', '238', '413', '536', '698', '741', '551', '288', '381', '220', '711', '101', '938', '788', '91', '978', '199', '997', '407', '619', '412', '749', '569', '568', '766', '406', '968', '626', '976', '934', '154', '48', '68', '503', '176', '906']
['567', '624', '211', '36', '979', '334', '251', '989', '237', '610', '264', '693', '312', '472', '400', '465', '379', '869', '486', '430', '150', '654', '47', '333', '7', '26', '735', '303', '168', '804', '160', '870', '28', '518', '71', '357', '196', '759', '798', '249', '792', '646', '332', '780', '752', '424', '87', '784', '23', '117']
['837', '93', '104', '657', '297', '716', '820', '704', '469', '714', '915', '682', '30', '892', '435', '515', '230', '546', '459', '480', '501', '291', '647', '887', '151', '153', '614', '853', '470', '629', '757', '675', '595', '896', '389', '447', '581', '679', '636', '67', '169', '408', '229', '655', '858', '287', '8', '495', '29', '374']
['116', '564', '596', '588', '779', '325', '10', '436', '431', '776', '467', '525', '703', '419', '888', '783', '223', '473', '294', '899', '721', '601', '458', '475', '57', '830', '764', '351', '879', '608', '90', '802', '925', '423', '62', '38', '770', '314', '157', '687', '232', '782', '132', '659', '204', '522', '366', '983', '198', '966']
['302', '269', '778', '773', '964', '148', '902', '21', '479', '399', '960', '363', '250', '873', '635', '585', '728', '22', '620', '909', '72', '272', '849', '253', '835', '530', '277', '822', '913', '787', '140', '876', '92']
['884']
['908', '591', '340', '344', '587', '118', '992', '345', '742', '247', '258', '937', '836', '537', '83', '209', '441', '834', '115', '996', '124', '307', '753', '528', '676', '43', '1', '225', '203', '944', '365', '920', '554', '848', '833', '130', '448', '729', '502', '859', '557', '593', '82', '434', '526', '998', '156', '627', '570', '231']
