['697', '298', '807', '602', '520', '256', '561', '540', '526', '294', '827', '564', '342', '820', '446', '863', '466', '63', '219', '366', '457', '893', '514', '864', '465']
['3', '46', '370', '944', '42', '875', '595', '453', '851', '71', '570', '95', '375', '237', '225', '759', '982', '379', '736', '578', '511', '14', '113', '230', '884']
['860', '769', '878', '61', '895', '479', '861', '493', '735', '889', '463', '376', '118', '372', '792', '892', '640', '557', '626', '730', '83', '15', '973', '363', '928']
['173', '182', '972', '586', '59', '261', '934', '771', '619', '191', '900', '978', '1', '20', '750', '500', '507', '369', '423', '68', '125', '262', '785', '147', '999']
['906', '987', '886', '187', '16', '325', '364', '467', '292', '154', '183', '296', '247', '135', '54', '546', '267', '238', '513', '415', '768', '92', '284', '432', '638']
['103', '239', '102', '917', '614', '116', '728', '105', '417', '181', '936', '652', '149', '593', '362', '603', '818', '427', '774', '229', '727', '177', '765', '588', '236']
['438', '171', '726', '762', '731', '40', '600', '441', '724', '132', '117', '96']
['689', '715', '597', '920', '111', '966', '532', '788', '805', '898', '711', '979', '166', '615', '282', '970', '612', '757', '180']
['4', '461', '810', '665', '555', '691', '613', '203']
['606', '399', '394', '313', '799', '319', '279', '322', '320', '607', '254', '124', '580', '94', '639', '75', '359', '956', '397', '470']
['506', '531', '344']
['274', '596', '452', '190', '536', '377', '804', '705', '772', '153', '243', '656', '632', '725', '160', '106', '800', '992', '929', '387', '706', '408', '100', '126', '961']
['308', '995', '26', '573']
['11']
['79', '592', '490', '234', '269', '866', '644', '924', '954', '620', '659', '473', '214', '693', '165', '141', '664', '253', '787', '72']
['986']
['729', '306']
['430', '794', '323']
['813', '93', '389', '699', '698', '343', '496', '881', '74', '159', '548', '777', '381', '838', '34', '744', '259', '953', '874', '348', '184', '883', '675', '402', '422']
['485', '529', '575', '443', '307', '569', '2']
['196']
['836', '131', '594', '904', '216', '872', '582', '301', '964', '406', '985', '202', '245', '404', '139', '276', '637', '815', '275', '509', '616', '543']
['784', '122', '661', '515', '175', '868', '678']
['413', '365', '502', '910', '198', '786', '932', '627', '316', '544', '829', '968', '519', '489', '315', '940', '226', '770', '722', '969', '355', '623', '163', '70', '745']
['835', '760', '657', '445', '304', '10', '673', '793', '581', '447', '797', '210', '327', '152', '821', '710', '305', '553', '984', '330', '946', '993', '228', '901', '86']
['947', '563', '483', '824', '345', '897', '140', '193', '227', '550', '281', '39', '87', '630', '847', '618', '583', '207', '695', '101', '201', '403', '419', '871', '67']
['518', '933', '974', '455', '318', '340', '822', '857', '400', '922', '700', '747', '439', '635', '98', '17', '732', '265', '209', '679', '939', '547', '751', '310', '0']
['321', '795', '937', '459', '790', '51', '584', '634', '791', '188', '641', '537', '873', '905', '90', '176', '264', '120', '91', '959', '849', '373', '23', '136', '433']
['909', '368', '167', '624', '30', '723', '273', '869', '480', '585', '78', '311', '195', '802', '718', '252', '66', '903', '338', '257', '798', '996', '235', '121', '285']
['303', '158', '796', '670', '848', '935', '748', '206', '702', '157', '708', '484', '127', '713', '663', '916', '35', '662', '250', '717', '32', '832', '130', '950', '232']
['631', '649', '112', '894', '684', '604', '834', '505', '172', '809', '218', '535', '89', '562', '129', '501', '589', '645', '429', '522', '498', '997', '703', '28', '667']
['99', '393', '912', '471', '339', '521', '170', '686', '850', '58', '523', '49', '115', '240', '539', '960', '801', '43', '280', '347', '332', '386', '591', '676', '289']
['456', '482', '528', '108', '843', '144', '64', '806', '865', '97', '831', '263', '738', '358', '907', '942', '976', '189', '428', '266', '945', '778', '271', '958', '696']
['213', '434', '845', '341', '773', '395', '767', '742', '533', '840', '442', '435', '643', '775', '504', '545', '326', '948', '204', '911', '333', '221', '374', '164', '492']
['352', '241', '424', '654', '462', '134', '128', '856', '598', '371', '33', '356', '156', '411', '913', '143', '716', '830', '704', '609', '549', '560', '690', '823', '625']
['669', '268', '440', '938', '692', '382', '965', '733', '674', '709', '963', '476', '853', '246', '931', '212', '81', '763', '882', '739', '398', '331', '556', '45', '551']
['558', '844', '896', '436', '288', '231', '683', '590', '329', '891', '943', '104', '854', '914', '65', '491', '758', '510', '991', '31', '354', '309', '927', '764', '527']
['385', '392', '242', '29', '776', '13', '599', '517', '300', '350', '752', '50', '701', '611', '967', '205', '353', '542', '174', '194', '579', '574', '37', '811', '297']
['425', '885', '420', '755', '983', '902', '530', '707', '19', '299', '980', '5', '454', '475', '925', '474', '460', '421', '168', '390', '224', '481', '18', '576', '52']
['145', '44', '766', '328', '295', '587', '178', '283', '409', '186', '981', '114', '169', '952', '512', '449', '367', '781', '47', '880', '448', '816', '251', '162', '825']
['680', '923', '324', '494', '839', '384', '749', '919', '197', '610', '988', '712', '334', '351', '155', '990', '287', '926', '109', '317', '497', '957', '161', '416', '899']
['249', '879', '741', '617', '192', '293', '110', '185', '123', '636', '337', '335', '998', '694', '150', '668', '431', '260', '571', '951', '24', '220', '286', '524', '138']
['870', '930', '215', '495', '566', '647', '6', '653', '503', '559', '223', '918', '391', '888', '451', '487', '36', '782', '714', '876', '971', '82', '468', '828', '682']
['660', '277', '719', '290', '401', '426', '119', '737', '753', '9', '819', '73', '761', '608', '80', '621', '208', '414', '780', '272', '867', '655', '57', '179', '962']
['312', '85', '469', '826', '8', '628', '41', '622', '672', '681', '658', '151', '734', '349', '499', '841', '488', '346', '60', '217', '84', '554', '651', '629', '842']
['994', '278', '887', '314', '852', '55', '955', '464', '77', '478', '222', '577', '915', '949', '908', '233', '817', '48', '56', '12', '248', '407', '336', '472', '837']
['516', '458', '437', '746', '200', '244', '846', '648', '88', '148', '812', '779', '142', '270', '534', '76', '666', '302', '418', '721', '687', '146', '858', '378', '486']
['38', '803', '525', '69', '642', '133', '62', '605', '975', '646', '921', '107', '833', '405', '255', '27', '568', '677', '740', '396', '685', '211', '783', '756', '22']
['357', '199', '360', '650', '633', '855', '410', '444', '808', '743', '890', '383', '565', '450', '877', '21', '601', '361', '688', '291', '977', '989', '754', '412', '541']
['258', '941', '137', '862', '859', '789', '720', '508', '53', '567', '671', '814', '388', '552', '477', '380', '572', '7', '538', '25']
