['623', '274', '393', '326', '480', '826', '259', '714', '42', '84', '98', '138', '543', '31', '517', '627', '693', '458', '292', '401', '108', '40', '82', '753', '562', '466', '484', '328', '479', '514', '838', '532', '174', '783', '452', '431', '113', '790', '123', '86', '512', '534', '771', '748', '340', '296', '569', '30', '695', '828']
['584']
['185']
['556']
['774']
['227']
['767']
['103']
['73']
['125']
['658']
['732']
['115']
['338']
['276']
['793']
['285']
['346']
['404']
['11']
['335']
['567']
['506']
['456', '176', '88']
['211', '381', '1', '106', '661', '345', '508', '154', '635', '677', '65', '807', '5', '229', '79', '127', '187', '685', '226', '804', '708', '355', '215', '78', '519', '336', '765', '566', '350', '28', '419', '523', '680', '811', '659', '261', '3', '839', '129', '297', '768', '682', '63', '50', '647', '561', '831', '576', '504', '364']
['756', '323', '670', '718', '93', '369', '830', '525', '322', '415', '220', '280', '263', '590', '412', '110', '580', '463', '66', '628', '752', '324', '763', '665', '505', '362', '367', '608', '442', '435', '342', '148', '177', '606', '104', '90', '173', '44', '779', '149', '210', '18', '574', '146', '539']
['669', '264', '797', '331', '738', '22', '689', '230', '660', '639', '281', '667', '329', '416', '189', '560', '273', '471', '819', '546', '624', '155', '759', '549', '439', '316', '392', '100', '164', '572', '382', '253', '558', '705', '15', '619', '744', '813', '586', '120', '343', '48', '197', '451', '531', '465', '529', '94', '4', '262']
['256', '664', '621', '74', '35', '593', '190', '59', '655', '162', '570', '594', '563', '167', '668', '13', '554', '194', '426', '776', '33', '327', '754', '601', '535', '89', '25', '524', '272', '373', '476', '796', '778', '275', '325', '116', '225', '145', '683', '630', '821', '422', '725', '302', '314', '319', '511', '160', '151', '518']
['700', '92', '344', '491', '16', '402', '824', '784', '410', '7', '348', '671', '219', '603', '299', '400', '709', '199', '26', '397', '112', '379', '672', '243', '53', '141', '153', '300', '147', '286', '150', '430', '371', '472', '71', '252', '101', '755', '716', '269', '365', '713', '96', '662', '140', '250', '588', '691', '130', '309']
['599', '29', '333', '341', '789', '133', '591', '761', '441', '496', '500', '711', '679', '817', '536', '413', '222', '462', '57', '159', '418', '564', '169', '384', '290', '124', '694', '758', '493', '231', '43', '70', '142', '710', '437', '769', '358', '800', '143', '434', '409', '408', '287', '494', '440', '782', '196', '513', '646', '540']
['815', '455', '91', '745', '232', '449', '425', '686', '320', '615', '304', '246', '521', '486', '158', '54', '249', '239', '444', '374', '538', '777', '398', '698', '195', '284', '268', '568', '469', '213', '429', '726', '377', '260', '638', '390', '102', '380', '715', '741', '387', '690', '501', '632', '575', '144', '282', '395', '301', '823']
['751', '731', '218', '311', '83', '356', '97', '258', '303', '433', '0', '24', '770', '87', '617', '550', '271', '578', '785', '126', '620', '656', '370', '77', '443', '334', '740', '548', '6', '757', '352', '598', '825', '312', '119', '724', '475', '589', '85', '827', '278', '678', '614', '579', '39', '722', '499', '67', '515', '618']
['651', '775', '182', '251', '265', '389', '8', '27', '699', '131', '509', '468', '298', '764', '61', '622', '803', '55', '46', '712', '727', '420', '136', '291', '216', '637', '734', '489', '645', '202', '742', '32', '236', '801', '353', '407', '832', '228', '733', '21', '183', '170', '80', '68', '427', '729', '203', '289', '361', '75']
['544', '605', '485', '214', '198', '612', '208', '736', '696', '810', '739', '315', '165', '510', '542', '234', '808', '692', '17', '295', '166', '122', '49', '477', '502', '657', '58', '305', '424', '405', '571', '559', '163', '498', '818', '688', '72', '648', '723', '403', '528', '611', '676', '14', '321', '247', '161', '834', '438', '19']
['64', '663', '233', '69', '432', '596', '675', '411', '802', '545', '378', '135', '360', '193', '339', '461', '267', '375', '270', '266', '12', '806', '720', '516', '368', '503', '445', '681', '248', '703', '644', '833', '99', '386', '237', '604', '399', '460', '766', '629', '470', '357', '728', '105', '337', '209', '37', '799', '701', '473']
['414', '721', '242', '257', '573', '277', '798', '805', '448', '626', '781', '376', '507', '245', '421', '749', '541', '613', '423', '555', '254', '552', '533', '137', '221', '139', '794', '809', '634', '816', '192', '687', '184', '62', '168', '814', '41', '235', '294', '495', '787', '240', '175', '457', '453', '835', '60', '735', '530', '347']
['417', '118', '820', '684', '822', '650', '428', '743', '186', '200', '607', '454', '750', '188', '497', '318', '641', '537', '238', '474', '217', '616', '483', '631', '180', '47', '837', '762', '391', '490', '459', '206', '706', '746', '9', '45', '117', '132', '396', '812', '522', '372', '642', '307', '482', '450', '52', '597', '527', '553']
['81', '212', '76', '649', '792', '592', '654', '279', '288', '134', '478', '293', '829', '551', '332', '36', '330', '587', '702', '520', '2', '673', '600', '283', '557', '156', '446', '306', '171', '313', '610', '181', '436', '366', '20', '717', '791', '207', '772', '780', '707', '10', '643', '38', '191', '747', '354', '697', '107', '786']
['481', '577', '602', '526', '244', '317', '730', '359', '581', '224', '640', '719', '467', '583', '363']
['547']
['653']
['241']
['464']
['636']
['205']
['157']
['111']
['172']
['385']
['488', '760', '179', '152', '95', '201', '23', '204', '121', '704', '308', '394', '666', '128', '625', '351', '565', '595', '388', '34', '788', '383', '773', '652', '674', '633', '223', '447', '795', '255', '582', '406', '487', '349', '492', '310', '609', '836', '114', '109', '585', '51', '56', '178', '737']
