['697', '951', '24', '149', '79', '691', '590']
['324', '34', '421', '425', '490', '147', '886']
['480', '693', '481', '318', '323', '701', '379']
['739', '642', '386', '164', '27', '761', '20']
['798', '482', '249', '518', '893', '864', '462']
['458', '913', '920', '143', '914', '565', '476']
['897', '268', '199', '597', '365', '284', '823']
['735', '460', '745', '375', '237', '596', '134']
['264', '131', '498', '271', '182', '219', '803']
['55', '170', '944', '105', '90', '813', '235']
['285', '45', '384', '148', '544', '59', '699']
['829', '636', '659', '503', '192', '619', '848']
['231', '569', '380', '238', '846', '156', '37']
['85', '172', '562', '473', '474', '709', '389']
['898', '865', '857', '534', '368', '748', '742']
['206', '778', '15', '820', '513', '201', '921']
['666', '888', '262', '726', '457', '61', '366']
['121', '676', '330', '509', '538', '71', '648']
['719', '108', '962', '75', '76', '661', '270']
['367', '393', '738', '844', '41', '918', '771']
['239', '576', '541', '171', '95', '415', '396']
['113', '400', '592', '383', '14', '655', '0']
['273', '881', '571', '833', '841', '946', '956']
['479', '555', '582', '915', '28', '220', '727']
['728', '240', '862', '948', '275', '291', '419']
['93', '36', '459', '539', '500', '868', '9']
['634', '806', '7', '630', '362', '57', '371']
['223', '321', '765', '807', '395', '815', '216']
['198', '200', '689', '411', '606', '506', '906']
['188', '286', '784', '947', '3', '70', '660']
['649', '466', '408', '653', '895', '860', '678']
['117', '681', '725', '428', '445', '520', '563']
['641', '800', '892', '477', '812', '455', '729']
['111', '409', '347', '837', '234', '173', '627']
['930', '578', '757', '811', '22', '791', '789']
['853', '907', '87', '68', '351', '313', '314']
['896', '119', '464', '882', '594', '875', '588']
['910', '746', '690', '263', '673', '657', '29']
['440', '836', '255', '615', '125', '254']
['698', '556', '618', '600', '664', '326']
['345', '122']
['312', '299', '692', '671', '532', '325']
['38', '402', '21', '507', '414', '814']
['357', '904', '336', '259']
['485', '64', '880', '33', '427', '269']
['298', '65', '919', '517', '335', '770']
['602', '329', '730', '381', '917', '795']
['399', '306', '902', '436', '441', '78']
['870']
['909', '643', '838', '855', '652', '387']
['438', '401', '469', '810', '869', '584']
['4', '775', '66', '293', '922', '879']
['274', '628', '309', '707', '631']
['430', '863', '110', '502', '644', '525', '935']
['633', '773', '840', '51', '790', '941', '802']
['900', '885', '557', '233', '866', '165', '120']
['196', '372', '774', '344', '207', '369', '931']
['151', '289', '495', '292', '472', '194', '595']
['157', '711', '193', '388', '720', '341', '537']
['680', '523', '843', '492', '905', '706', '176']
['453', '929', '873', '385', '763', '743', '760']
['493', '251', '128', '118', '343', '577', '208']
['364', '10', '927', '181', '891', '570', '370']
['536', '130', '471', '510', '377', '514', '749']
['311', '549', '551', '859', '316', '53', '213']
['195', '787', '258', '352', '622', '426', '257']
['252', '89', '793', '350', '337', '282', '338']
['467', '788', '718', '190', '124', '585', '533']
['145', '248', '949', '407', '702', '923', '160']
['494', '767', '645', '177', '818', '307', '229']
['670', '804', '81', '169', '772', '448', '346']
['799', '501', '937', '454', '603', '168', '688']
['903', '266', '611', '360', '640', '508', '88']
['319', '527', '677', '700', '236', '764', '847']
['456', '52', '184', '925', '953', '516', '82']
['669', '422', '530', '361', '406', '348', '768']
['558', '212', '625', '261', '126', '451', '512']
['839', '114', '137', '217', '694', '189', '390']
['328', '40', '305', '96', '712', '744', '403']
['583', '133', '331', '598', '179', '227', '785']
['966', '342', '827', '842', '470', '928', '626']
['899', '290', '792', '487', '8', '2', '107']
['854', '637', '410', '16', '106', '580', '908']
['828', '434', '72', '822', '961', '851', '80']
['109', '713', '674', '484', '276', '912', '281']
['317', '575', '889', '780', '608', '794', '77']
['48', '586', '417', '230', '97', '938', '561']
['468', '687', '155', '18', '246', '635', '797']
['488', '146', '971', '781', '98', '675', '747']
['92', '232', '115', '952', '871', '970', '542']
['349', '511', '241', '528', '279', '614', '144']
['142', '753', '835', '554', '46', '587', '505']
['444', '809', '272', '102', '322', '382', '684']
['12', '567', '945', '623', '564', '856', '244']
['483', '605', '573', '35', '717', '519', '872']
['568', '776', '826', '429', '496', '703', '955']
['359', '265', '832', '638', '943', '58', '965']
['47', '610', '478', '769', '294', '852', '465']
['732', '593', '358', '204', '969', '650', '332']
['1', '412', '167', '392', '540', '526', '278']
['210', '103', '420', '972', '355', '850', '646']
['304', '963', '226', '159', '591', '801', '887']
['964', '310', '405', '604', '651', '300', '447']
['86', '548', '280', '424', '356', '824', '710']
['901', '376', '42', '30', '942', '581', '446']
['553', '163', '546', '579', '84', '67', '552']
['308', '183', '620', '894', '62', '755', '559']
['152', '845', '175', '243', '830', '116', '686']
['751', '138', '731', '545', '722', '621', '288']
['431', '779', '550', '256', '816', '287', '705']
['957', '924', '432', '954', '5', '418', '759']
['209', '302', '214', '574', '475', '883', '737']
['253', '672', '486', '867', '334', '934', '433']
['695', '49', '154', '104', '197', '849', '624']
['101', '723', '398', '215', '69', '716', '609']
['682', '654', '63', '373', '23', '136', '884']
['679', '515', '135', '94', '529', '734', '959']
['825', '340', '932', '786', '683', '139', '524']
['394', '876', '708', '301', '161', '632', '162']
['740', '404', '560', '629', '685', '531', '939']
['56', '83', '267', '547', '166', '374', '327']
['185', '187', '499', '17', '353', '714', '950']
['141', '225', '423', '150', '416', '821', '397']
['180', '874', '926', '762', '663', '491', '100']
['211', '958', '439', '378', '599', '808', '123']
['277', '333', '766', '283', '315', '724', '449']
['783', '245', '656', '19', '967', '127', '202']
['443', '589', '715', '758', '43', '665', '31']
['617', '222', '704', '960', '796', '99', '601']
['54', '696', '363', '461', '878', '736', '153']
['750', '73', '831', '489', '521', '339', '435']
['74', '504', '817', '60', '250', '437', '662']
['354', '535', '112', '205', '668', '890', '522']
['242', '296', '916', '861', '295', '129', '297']
['91', '607', '877', '13', '834', '224', '647']
['452', '32', '391', '667', '733', '566', '186']
['612', '6', '39', '221', '911', '50', '936']
['756', '178', '616', '218', '805', '463', '140']
['741', '26', '658', '777', '442', '132', '639']
['260', '413', '543', '572', '752', '25', '933']
['819', '754', '191', '158', '858', '174', '450']
['497', '968', '721', '320', '228', '11', '613']
['782', '940', '44', '203', '247', '303']
