['6', '543', '408', '783', '750', '156', '779', '810', '844', '919', '875', '274', '198', '671', '334', '819', '379', '571', '187', '367', '611', '532', '17', '619', '549', '284', '410', '348', '937', '105', '666', '614', '946', '566', '567', '303', '190', '16', '404', '865', '583', '93', '13', '681', '159', '497', '512', '330', '257', '535', '435', '509', '878', '599', '230', '735', '784', '203', '542', '804', '902']
['727']
['579']
['957']
['914']
['35']
['354']
['315']
['38']
['851', '36', '676', '578', '357']
['565', '69', '690', '320', '650', '920', '420', '928', '117', '476', '349', '77', '95', '355', '358', '775', '347', '791', '168', '86', '588', '483', '173', '144', '816']
['193', '508', '20', '180', '121', '373', '33', '88', '585', '152', '562', '372', '618', '8', '206', '23', '627', '782', '636', '710', '772', '747', '4', '812', '475', '947', '785', '381', '340', '689', '680', '440', '261', '723', '692', '148', '167', '604', '559', '500', '429', '474', '606']
['876', '103', '766', '363', '845', '607', '361', '911', '798', '215', '1', '63', '715', '705', '674', '834', '0', '439', '628', '900', '882', '656', '294', '570', '600', '116', '553', '506', '554', '288', '233', '950', '214', '335', '673', '916', '648', '503', '948', '293', '598', '686', '684', '231', '131', '234', '140', '423', '85', '383', '729', '536', '897', '18', '29', '867', '861', '412']
['898', '169', '43', '815', '832', '632', '337', '926', '134', '881', '150', '342', '292', '743', '70', '50', '108', '470', '424', '860', '14', '485', '889', '319', '936', '634', '127', '830', '841', '960', '908', '954', '584', '647', '163', '838', '55', '442', '885', '339', '251', '644', '369', '380', '376', '22', '2', '642', '247', '130', '100', '654', '605', '405', '777', '660', '530', '132', '755', '250', '848']
['742', '849', '362', '702', '761', '811', '951', '350', '259', '438', '738', '83', '138', '236', '313', '615', '57', '499', '751', '252', '446', '608', '460', '175', '622', '664', '762', '494', '52', '394', '856', '657', '949', '753', '667', '205', '322', '840', '181', '139', '15', '486', '201', '501', '748', '306', '58', '519', '581', '308', '577', '393', '510', '862', '895', '716', '492', '544', '573']
['97', '269', '912', '488', '391', '200', '708', '281', '196', '574', '847', '161', '910', '302', '907', '54', '453', '465', '194', '310', '212', '694', '192', '238', '120', '818', '489', '589', '953', '594', '652', '338', '629', '114', '155', '880', '278', '267', '280', '39', '146', '556', '813', '229', '243', '463', '253', '682', '109', '658', '592', '136', '638', '402', '617', '770', '722', '778', '417', '514', '701']
['756', '621', '92']
['3', '736', '873', '935']
['575', '903', '505', '769', '324', '533', '289', '377', '207', '266', '550', '326', '726', '19', '81', '921', '586', '32']
['388', '305', '490', '151', '285', '277', '441', '502', '596', '37', '551', '451', '287', '560', '135', '328', '384', '202', '76', '917', '283', '31', '397', '387']
['548', '822', '927', '304', '366', '275', '767', '763', '901', '526', '468', '749', '758', '466', '216', '631', '523', '713', '471', '110', '409', '346', '213', '345', '896', '757', '679', '837', '472']
['365', '186', '959', '700', '162', '872', '665', '669', '249', '746', '620', '317', '44', '942', '939', '443', '432', '25', '569', '197', '118', '98', '695', '731', '609', '894', '74', '659', '866', '321', '814', '276', '480', '26', '597', '27', '827', '182']
['314', '781', '661', '221', '518', '540', '112', '720', '528', '411', '191', '7', '154', '170', '918', '776', '789', '693', '270', '5', '113', '260', '790', '612', '799', '796', '707', '582', '232', '416', '66', '697', '906', '884', '891', '839', '164', '531', '461', '564', '300', '312']
['703', '467', '768', '525', '765', '496', '28', '61', '464', '447', '874', '301', '952', '795', '806', '522', '625', '593', '859', '174', '189', '938', '930', '794', '831', '124', '626', '344', '455', '185', '958', '909', '835', '687', '406', '422', '398', '430', '316', '390', '773', '147', '333', '211', '602', '691', '955', '101', '431', '493', '434', '459', '219', '421']
['538', '807', '240', '802', '943', '892', '836', '343', '651', '166', '498', '268', '41', '637', '273', '184', '855', '307', '809', '370', '613', '662', '60', '733', '820', '521', '282', '141', '255', '254', '295', '842', '956', '262', '82', '195', '595', '864', '706', '244', '821', '899', '149', '165', '511', '469', '239', '931', '220', '739', '698', '725', '433', '744', '199', '787', '479', '227', '323', '640', '541']
['879', '828', '923', '172', '222', '223', '792', '558', '40', '641', '91', '368', '272', '846', '561', '78', '336', '375', '96', '524', '71', '858', '309', '801', '913', '730', '803', '143', '49', '670', '941', '401', '153', '887', '389', '142', '452', '481', '929', '603', '482', '341', '311', '414', '905', '491', '568', '290', '633', '436', '915', '177', '745', '515', '158', '160', '639', '870', '552', '741', '64']
['646', '30', '11', '47', '871', '107', '945', '235', '90', '226', '9', '444', '356', '857', '688', '663', '68', '539', '115', '678', '123', '587', '563', '537', '297', '805', '242', '696', '829', '111', '863', '176', '933', '854', '258', '456', '126', '852', '94', '450', '771', '298', '764', '786', '46', '824', '382', '263', '34', '67', '934', '833', '645', '869', '728', '893', '677', '454', '797', '850', '59']
['133', '218', '364', '256', '649', '72', '591', '399', '616', '125', '590', '89', '352', '817', '868', '527', '457', '385', '734', '21', '374', '529', '601', '325', '944', '248', '12', '610', '877', '711', '119', '87', '279', '332', '685', '924', '80', '428', '932', '458', '732', '209', '396', '546', '419', '888', '780', '675', '188', '427', '128', '572', '208', '425', '84', '122', '940', '157', '418', '56', '719']
['102', '351', '378', '445', '545', '653', '241', '73', '403', '45', '327', '217', '547', '449', '407', '504', '717', '99', '712', '245', '788', '714', '75', '624', '516', '48', '318', '808', '557', '635', '487', '623', '53', '413', '721', '400', '724', '291', '507', '823', '129', '477', '683', '426', '42', '699', '359', '718', '286', '145', '825', '329', '890', '224', '517', '265', '473', '395', '299', '759', '371']
['534', '643']
['237', '576', '793', '843', '183', '580', '264', '386', '886', '65', '271', '883', '704', '478', '62', '904', '178', '555', '737', '171', '672', '204', '24', '655', '210', '106', '484', '495', '752', '228', '246', '668', '179', '800', '392', '520', '513', '826', '10', '448', '51', '104', '774', '225', '740', '709', '760', '754', '353', '415', '630', '922', '437', '360', '331', '296', '137', '462', '853', '925', '79']
