['534', '922', '640', '699', '661', '605', '151', '728', '401', '883', '716', '320']
['935', '123', '931', '472', '434', '560', '255', '688', '619', '751']
['593', '183', '396', '678', '478', '815', '666', '221']
['871', '870', '74', '316', '378', '484', '189', '200', '339']
['59', '198', '936', '525', '244', '568', '539', '375', '366', '940']
['875', '309', '458', '831', '84', '932', '407', '596', '26']
['438', '968', '853', '347', '650', '881', '62', '427', '284', '307']
['64', '381', '92', '687', '279', '384', '466', '945', '754']
['969', '889', '941', '802', '896', '573', '156', '709', '264', '743']
['142', '486', '230', '419', '625', '847', '17', '329', '581']
['469', '219', '674', '587', '72', '474', '436', '249', '974', '250']
['667', '257', '335', '519', '689', '543', '291', '191']
['220', '615', '999', '326', '161', '388', '828', '188', '928', '277']
['287', '322', '994', '819', '839', '63', '91', '317', '252', '984']
['262', '251', '962', '377', '400', '966', '591', '81', '373']
['265', '891', '465', '367', '508', '562', '913', '327', '305']
['131', '792', '998', '304', '270', '340', '878', '331', '973', '737', '738', '836']
['464', '529', '37', '282', '82', '114', '435', '970', '399']
['70', '222', '78', '237', '357', '579', '290', '906', '325', '349']
['992', '43', '671', '341', '778', '723', '732', '925', '638', '351']
['433', '47', '846', '333', '726', '225', '656', '915', '439', '805']
['107', '614', '660', '967', '168', '538', '963', '143', '386', '437']
['524', '766', '174', '775', '319', '924', '395', '867', '417']
['629', '204', '490', '611', '492', '289', '813', '7', '823', '955']
['880', '409', '182', '410', '112', '428', '487', '686', '768', '791', '485', '27']
['108', '238', '978', '808', '11', '65', '648', '224', '690']
['893', '863', '20', '158', '530', '901', '578', '953', '34', '757']
['662', '144', '691', '567', '877', '247', '502', '459']
['454', '8', '130', '139', '965', '361', '809', '392', '765', '184']
['293', '302', '432', '356', '126', '669', '533', '741', '796', '308']
['95', '215', '692', '496', '13', '989', '832', '337', '712']
['602', '788', '256', '830', '696', '752', '622', '324', '207', '152']
['306', '41', '354', '267', '118', '905', '297', '149', '672', '9']
['119', '812', '910', '907', '912', '217', '520', '781', '145', '261']
['348', '310', '187', '647', '283', '986', '18', '960', '561', '939', '921', '180']
['246', '750', '862', '537', '448', '679', '457', '790', '193', '115']
['146', '800', '5', '44', '195', '565', '729', '964', '233', '138']
['231', '344', '1', '275', '892', '900', '706', '760', '665', '683']
['416', '822', '77', '707', '462', '572', '746', '610', '38', '603', '3']
['266', '475', '947', '951', '631', '810', '476', '120', '135']
['516', '303', '833', '334', '56', '441', '731', '87', '566']
['209', '740', '761', '584', '701', '859', '491', '734', '531', '369']
['359', '24', '104', '735', '616', '300', '977', '727', '742', '975']
['321', '718', '103', '186', '598', '776', '680', '408', '19', '780']
['272', '483', '982', '374', '606', '976', '553', '624', '644', '236']
['557', '2', '509', '28', '801', '838', '594', '330', '422', '956']
['102', '639', '301', '920', '821', '136', '943', '779', '328']
['927', '55', '827', '214', '66', '600', '210', '784', '576', '756']
['950', '121', '981', '133', '314', '234', '52', '979', '93']
['884', '617', '446', '618', '411', '226', '744', '930', '268', '829']
['97', '897', '663', '406', '753', '697', '89', '455', '655', '323']
['421', '646', '494', '954', '632', '681', '175', '899', '443', '865', '797', '60']
['445', '125', '424', '988', '57', '599', '645', '942', '580', '785', '447']
['626', '715', '795', '403', '708', '747', '527', '245', '429', '376']
['229', '232', '106', '177', '179', '159', '503', '773', '383']
['985', '876', '511', '675', '116', '242', '745', '166', '390', '588']
['713', '497', '405', '700', '623', '22', '68', '259', '481', '861']
['949', '461', '0', '94', '21', '336', '86', '517', '498']
['946', '595', '128', '271', '273', '201', '811', '547', '849']
['879', '824', '739', '442', '228', '769', '670', '532', '14', '350']
['473', '150', '190', '806', '423', '208', '450', '767', '12', '904', '834']
['342', '518', '137', '902', '592', '540', '521', '724', '874', '851']
['635', '380', '720', '162', '42', '589', '360', '173', '782', '318', '39', '917']
['545', '124', '110', '117', '343', '281', '613', '918', '96', '493']
['898', '895', '911', '604', '240', '608', '456', '223', '651']
['749', '482', '903', '463', '873', '574', '990', '909', '71', '370']
['394', '76', '514', '385', '583', '153', '213', '10', '550', '315']
['122', '888', '453', '659', '972', '169', '996', '160', '860', '887', '311', '58', '141', '685']
['837', '372', '111', '387', '155', '352', '355', '705', '157']
['404', '176', '460', '85', '227', '764', '736', '983', '163', '575', '658']
['364', '258', '763', '420', '83', '601', '488', '363', '556', '783', '54']
['725', '535', '621', '582', '563', '127', '722', '997', '886', '477']
['542', '346', '807', '440', '673', '412', '345', '703', '389', '192', '181']
['418', '23', '848', '653', '402', '719', '842', '471', '841']
['48', '551', '211', '197', '164', '546', '938', '558', '937']
['46', '523', '704', '814', '53', '49', '298', '952', '948', '577']
['817', '694', '643', '280', '35', '73', '793', '98', '882', '864', '165']
['695', '109', '554', '212', '113', '40', '890', '178', '759', '636', '774', '840', '843']
['312', '971', '620', '25', '467', '799', '612', '772', '668', '248']
['452', '770', '513', '88', '857', '555', '944', '67', '609']
['787', '721', '398', '444', '607', '371', '391', '693', '548', '263', '826', '934']
['100', '858', '382', '919', '479', '923', '243', '717', '79', '755', '51', '786', '278']
['294', '172', '510', '991', '292', '6', '730', '206', '430', '415']
['288', '506', '425', '507', '199', '628', '854', '711', '958']
['29', '499', '170', '987', '495', '449', '33', '470', '758']
['541', '868', '569', '241', '825', '129', '929', '468', '789', '844']
['397', '642', '167', '500', '295', '253', '276', '218', '393', '908', '816']
['762', '820', '413', '664', '379', '733', '15', '549', '313']
['597', '564', '489', '196', '99', '235', '957', '171', '203']
['205', '980', '714', '894', '959', '916', '633', '571', '586', '505']
['559', '933', '914', '80', '69', '528', '254', '961', '637', '36']
['296', '480', '504', '845', '414', '710', '995', '526', '101', '260']
['285', '269', '368', '522', '649', '698', '570', '32', '536', '803']
['216', '855', '202', '148', '286', '299', '431', '332', '794']
['30', '239', '194', '105', '501', '641', '885', '677', '274', '515']
['590', '154', '798', '4', '16', '850', '132', '777', '654']
['682', '140', '365', '544', '627', '676', '358', '926', '134', '835']
['684', '185', '45', '362', '702', '147', '90', '869', '50', '31', '634', '804']
['852', '866', '872', '657', '338', '426', '552', '652', '451', '748']
['856', '75', '61', '818', '353', '512', '771', '993', '585', '630']
