['728']
['61', '640']
['889', '62', '483']
['745']
['225', '241', '406', '449', '994', '137', '917', '914', '549', '173', '453', '348', '991', '892', '63', '375', '950', '996', '231', '448', '840', '147', '881', '256', '478', '28', '95', '588', '842', '463', '824', '606', '57', '495', '352', '465', '513', '954', '615', '847', '38', '567', '189', '343', '148', '262', '604', '985', '131', '484', '177', '78', '139', '289', '238', '107', '125', '250', '626', '5', '723', '705', '679', '248']
['182', '938', '695', '739', '213', '210', '530', '784', '330', '75', '379', '124', '660', '653', '6', '361', '820', '691', '47', '687', '566', '547', '694', '104', '778', '896', '822', '798', '111', '307', '609', '441', '290', '585', '180', '628', '871', '393', '983', '254', '912', '860', '834', '637', '35', '825', '861', '964', '829', '353', '975', '471', '270', '511', '922', '990', '219', '457', '239', '696', '945', '143', '729', '738']
['667']
['656']
['117', '428', '733', '539', '1', '20', '386', '193', '149', '510', '407', '743', '810', '756', '349', '654', '403', '294', '598', '940', '226', '782', '25', '831', '981', '246', '229', '707', '13', '488', '382', '37', '86', '852', '158', '843', '666', '112', '170', '120', '481', '68', '947', '835', '651', '278', '925', '263', '16', '658', '783', '851', '727', '322', '897', '103', '376', '298', '24', '207', '633', '157', '557', '948']
['608']
['427', '648', '796', '208', '487', '652', '845', '418', '746', '31', '350', '334', '271', '433', '357', '235', '460', '314', '523', '383', '759', '730', '731', '844', '398', '434', '273', '740', '351', '726', '821', '649', '933', '988', '93', '837', '56', '222', '680', '145', '325', '167', '18', '854', '958', '113', '605', '865', '146', '718', '466', '127', '366', '91', '255', '977', '501', '664', '500', '634', '83', '693', '697', '939']
['43', '84', '665']
['963', '671', '538', '259', '589', '269', '49', '257', '316', '284', '788', '55', '841', '934', '587', '135', '472']
['401']
['272']
['402', '719', '74', '489', '809', '232', '618', '2', '504', '581', '795', '661', '602', '455', '163', '50', '118', '650', '224', '276', '574', '716', '266', '786', '184', '458', '340', '388', '183', '561', '928', '706', '533', '496', '595', '65', '765', '404', '725', '493', '899', '973', '337', '369', '399', '779', '474', '839', '260', '171', '344', '9', '521', '479', '967', '200', '199', '318', '568', '251', '525', '508', '870', '105']
['275']
['863', '921', '569']
['51', '596', '524', '108', '323', '554', '811', '333', '48', '378', '769', '409', '499', '411', '901', '88', '67', '444', '532', '868', '955', '497', '563', '76', '760', '594', '40', '613', '119', '593', '526', '204', '150', '431', '647', '308', '874', '744', '966', '475', '202', '622', '364', '101', '927', '620', '295', '551', '751', '956', '12', '737', '573', '209', '233', '849', '858', '792', '264', '961', '19', '452', '203', '527']
['827']
['907', '630', '187', '537', '873', '902', '893', '392', '36', '611', '87', '70', '71', '752', '326', '853', '732', '72', '734', '867', '96', '152', '951', '619', '978', '930', '395', '701', '425', '109', '473', '414', '980', '82', '415', '367', '102', '627', '249', '247', '553', '446', '564', '641', '974', '601', '516', '875', '621', '94', '555', '240', '565', '960', '736', '675', '491', '373', '317', '391', '683', '64', '908', '293']
['657', '931', '310', '172', '623', '22', '520', '329', '53', '114', '365', '643', '713', '445', '92', '42', '936', '919', '700', '962', '542', '14', '610', '277', '787', '356', '397', '216', '755', '237', '699', '320', '77', '924', '195', '390', '894', '670', '468', '429', '584', '99', '354', '807', '775', '341', '878', '423', '336', '151', '236', '212', '302', '443', '926', '447', '122', '895', '702', '993', '544', '332', '856', '421']
['165', '44', '153', '73', '776', '550', '838', '331', '197', '507', '512', '789', '33', '735', '297', '384', '186', '536', '410', '937', '644', '292', '953', '850', '793', '279', '876', '39', '469', '869', '480', '949', '144', '220', '363', '607', '855', '179', '677', '80', '724', '456', '335', '194', '982', '242', '864', '485', '10', '437', '368', '720', '133', '715', '27', '997', '29', '797', '245', '128', '625', '590', '300', '116']
['52']
['710', '227']
['486', '503', '283', '191', '770', '599', '674', '762', '754', '785', '342', '159', '358', '164', '969', '862', '126', '217', '920', '992', '946', '155', '741', '636', '970', '717', '757', '359', '929', '531', '312', '230', '327', '886', '206', '54', '818', '7', '30', '578', '176', '110', '711', '910', '669', '570', '253', '221', '492', '957', '722', '808', '614', '381', '252', '467', '81', '355', '758', '546', '815', '859', '450', '517']
['799', '405', '998', '198', '617', '324', '141', '8', '3', '866', '528', '175', '631', '632', '721', '790', '571', '339', '890', '265', '714', '519', '826', '635', '882', '773', '69', '780', '60', '328', '999', '597', '156', '639', '673', '772', '833', '305', '663', '267', '45', '905', '396', '703', '514', '347', '577', '309', '26', '416', '482', '23', '160', '234', '846', '559', '918', '805', '848', '211', '764', '659', '97', '412']
['692', '753', '439', '642', '377', '624', '688', '709', '603', '689', '196', '803', '900', '794', '965', '986', '509', '777', '17', '360', '935', '774', '972', '836', '681', '742', '394', '915', '747', '461', '440', '987', '400', '616', '600', '435', '903', '857', '228', '750', '942', '801', '984', '580', '136', '898', '979', '362', '287', '823', '185', '548', '685', '419', '913', '243', '541', '582', '303', '668', '761', '883', '346', '884']
['154', '100', '244', '380', '41', '161', '142', '828', '413', '562', '387', '766', '313', '768', '813', '684', '592', '281', '301', '812', '560', '223', '586', '911', '646', '877', '130', '817', '749', '832', '583', '319', '558', '389', '748', '169', '698', '459', '518', '690', '655', '952', '430', '543', '545', '121', '90', '629', '591', '291', '806', '678', '662', '804', '215', '885', '140', '258', '338', '4', '408', '274', '436', '880']
['174', '432', '79', '34', '268', '572', '442', '0', '535', '168', '311', '454', '46', '282', '422', '944', '162', '800', '814', '464', '462', '887', '371', '522', '506', '280', '286', '438', '932', '420', '417', '201', '345', '959', '686', '315', '32', '370', '89', '552', '638', '115', '15', '872', '288', '971', '59', '296', '424', '682', '304', '540', '190', '11', '494', '968', '321', '58', '374', '470', '490', '767', '576', '830']
['704', '192', '791', '106', '891', '218', '385', '556', '676', '534', '708', '672', '816', '306', '781', '763', '995', '612', '188', '802', '299', '941', '515', '989', '477', '575', '132', '505', '712', '904', '181', '66', '85', '502', '771', '943', '451', '205', '645', '923', '138', '98', '476', '285', '819', '976', '21', '214', '261', '123', '909', '166', '426', '906', '498', '372', '529', '888', '129', '879', '916', '134', '579', '178']
