['369', '580', '236', '477', '663', '360', '599', '593', '699', '756', '99', '623', '363', '708', '839', '587', '995', '617', '790', '937', '288', '396', '49', '150', '489', '610', '157', '652']
['759', '253', '632', '747', '743', '553', '870', '668', '629', '928', '872', '15', '432', '621', '528', '359', '574', '748', '689', '101', '503', '604', '498', '367', '94', '830', '376']
['887']
['639', '717', '659', '666', '219', '320', '670', '324', '35', '134', '615', '912', '674', '957', '382', '178', '267', '176', '407', '505', '810', '215', '378', '479', '3', '234', '792', '721', '42', '168', '317', '544', '273', '263', '333', '204', '510', '181', '548', '860', '143', '980', '877', '5', '250', '405', '421', '57', '203', '202', '991', '316', '54', '776', '25', '974', '966', '654', '235', '529', '688']
['715', '850', '446', '30']
['445', '808', '409', '327', '452', '392', '117', '222', '846', '184', '796', '508', '722', '645', '175', '61', '374', '930', '224', '746', '136', '963', '757', '237', '90', '818', '570', '582', '614', '278']
['127', '849', '953', '925', '218', '124', '726', '665', '190', '249', '149', '364', '79', '523', '619', '357', '475', '266', '332', '855', '45', '295', '929', '880', '509', '521', '538', '836']
['730', '319', '411', '914', '373', '816', '354', '638', '385', '420', '671', '526', '211', '922', '590', '556', '164', '464', '868', '185', '279', '744']
['958', '550', '296', '842', '52', '520', '575', '802', '115', '845', '187', '451', '232', '258', '838', '841', '485', '908', '970', '122', '898', '92', '141', '892', '797', '377', '996', '706', '843', '545']
['795']
['732', '565']
['326', '902', '287', '564', '705', '692', '903', '888', '361', '626', '936', '109', '960', '66', '410', '74', '660', '194', '336', '471', '483', '864', '664', '496', '709', '64', '290', '417', '502']
['292', '533', '774', '786', '428', '313', '631', '592', '934', '111', '940', '809', '530', '853', '323', '656', '840', '46']
['867', '501', '404', '353', '519', '100', '322', '579', '97', '39', '890', '7', '153', '754', '982', '701', '643', '380', '167', '339', '558', '98', '299', '426', '942', '948', '493', '534']
['673', '62', '740', '752', '355', '351', '455', '476', '821', '768', '247', '226', '854', '242', '345', '606', '383', '368', '975', '997', '40', '728', '815', '828', '51', '881', '803', '697', '182', '494', '827']
['973', '848', '233', '130', '812', '681', '123', '192', '177', '221', '63', '172', '525', '318', '457', '779', '764', '142']
['11', '637', '395', '640', '463', '511', '210', '370', '174', '480', '486', '80', '891', '125', '893', '609', '450', '481', '586', '518', '909', '594', '823', '337', '257']
['179', '23', '399', '129', '113', '259', '772', '987', '22', '264', '321', '961', '343', '17', '826', '993']
['725', '962', '943', '419', '557', '414', '349', '541', '50', '630', '971', '935', '871', '661', '805', '460', '800', '807', '568', '793', '927', '641', '427', '434', '465', '59', '766', '906']
['647', '588', '517', '9', '424', '495', '819', '915', '205', '208', '284', '159', '171', '589', '650']
['499', '294', '536', '13', '106', '985', '492', '198', '824', '8', '956', '567', '285', '371', '531', '34', '162', '32', '527', '920', '762', '507', '931', '350', '312', '254', '926', '60', '48', '560', '443', '857', '771', '453', '959']
['781', '251', '449', '183', '753', '107', '913', '375', '932', '999', '804', '739', '532', '89', '78', '33', '784', '813', '412', '43', '539', '977', '694', '83', '547']
['724', '866', '297', '29', '389', '682', '70', '591', '653', '18', '907', '1', '693', '335', '761', '73', '347', '542', '716', '861', '293', '782', '924', '563', '490', '535', '783', '933', '248', '969', '811', '607']
['191', '310', '55', '755', '281', '286', '863', '302', '386', '456', '26', '398', '58', '751', '667', '584', '596', '919', '72', '562', '244']
['491', '506', '260', '616', '346', '625', '540', '165', '402', '516', '882', '160', '118', '998', '186', '304', '238', '695', '422', '344', '649', '144', '736', '883', '225', '356']
['964', '65', '917', '894', '478', '566', '583', '155', '239', '627', '196', '680', '77', '145', '504', '467', '189', '245', '702', '514', '856', '272', '362', '986', '832', '799', '858', '105', '300', '433', '315', '393', '36', '874', '895', '551', '53', '435', '704', '945', '44', '549', '470', '951', '461', '469', '972']
['214', '723', '447', '454', '206', '939', '209', '95', '466', '741', '329', '831', '578', '388', '325', '989', '718', '876', '468', '628', '605', '950', '229', '37', '633', '923', '512', '231', '651', '513', '283', '900', '700', '306', '644', '340', '608', '311', '952', '994', '112', '438', '488', '87', '423']
['330', '366', '524', '537', '885', '677', '600', '301', '473', '546', '68', '634', '569', '775', '195', '71', '444', '729', '602', '147', '806', '791', '822']
['116', '220', '21', '213', '687', '938', '572', '128', '458', '983', '139', '6', '252', '27', '947', '886', '0', '67', '131', '103', '439', '308', '801', '820', '576', '305', '910', '85']
['137', '261', '82', '944', '406', '372', '835', '683', '440', '146', '442', '462', '163', '193', '217', '984', '277', '291', '573', '875', '918', '612', '763', '120', '413', '188', '207', '825', '390', '905', '707', '967', '31', '777', '148', '497', '862', '4', '38', '152', '47', '979', '655', '742', '713', '2', '711', '394', '275', '949', '767', '403', '341', '603', '978', '102', '737', '690', '212', '829', '114']
['246', '365', '750', '859', '595', '201', '844', '833', '408', '837', '760', '879', '884', '230', '121', '642', '484', '897', '789', '348', '268', '173', '227', '658', '14', '522', '735']
['662', '691']
['342', '585', '852', '482', '990', '161', '200', '988', '93', '601', '309', '738', '255', '817', '216', '788', '941', '256', '727', '851', '387', '358', '581', '158', '765', '618']
['598', '154']
['921', '448', '904', '749', '814', '561', '151', '276', '108', '733', '515', '425', '228', '714', '865', '676', '976', '76', '430', '41', '133']
['611', '416', '140', '166', '269', '873', '636', '119', '555', '418', '834', '274', '899', '307', '731', '86', '314', '56', '992', '331', '869', '415', '889', '613', '132', '770', '10']
['169', '719', '437', '543', '303', '156', '429', '379', '778', '474', '787', '878', '240', '69', '241', '624', '88', '773', '965', '397', '646', '780', '769', '710', '672', '282']
['338', '955', '436', '798', '675', '559', '84', '16', '734', '289', '298', '81', '472', '911', '657', '745', '487', '794', '554', '384', '620', '679', '896', '703', '720', '946', '552', '197', '400', '262', '110', '916', '270', '648', '328', '968', '265', '431', '635', '954', '170', '500', '75', '391']
['678', '981', '597', '24', '441', '20', '696', '352', '243', '785', '199', '381', '847', '271', '280', '96', '19', '459', '223', '669', '577', '698', '126', '91']
['180', '135', '28', '712', '104', '334', '685', '686', '12', '622', '758', '571', '901', '138', '684', '401']
