['586', '162', '533', '733', '731', '494', '684', '133', '464', '786', '249', '807', '668', '211', '81', '15', '778', '696', '278', '184', '827', '689']
['122', '927', '615', '517', '945', '910', '230', '167', '408', '934', '69', '738', '321', '958', '600', '207', '460', '138', '248', '994', '314', '766']
['165', '629', '631', '879', '770', '906', '168', '481', '279', '468', '686', '779', '756', '449', '23', '185', '203', '90', '5', '714', '343', '777']
['463', '404', '734', '824', '74', '817', '103', '102', '387', '379', '329', '421', '349', '459', '826', '234', '632', '6', '930', '250', '765', '870']
['465', '296', '495', '425', '639', '338', '439', '342', '89', '711', '720', '482', '160', '585', '567', '267', '843', '375', '158', '341', '277', '608']
['894', '293', '510', '251', '812', '645', '839', '208', '596', '810', '266', '563', '606', '381', '400', '345', '727', '940', '933', '31', '291', '12']
['588', '302', '926', '985', '601', '736', '333', '972', '358', '312', '659', '579', '214', '771', '708', '443', '730', '410', '965', '480', '287', '970']
['931', '127', '557', '258', '54', '705', '13', '243', '791', '597', '116', '674', '197', '76', '658', '336', '147', '915', '512', '369', '348', '317']
['845', '305', '882', '699', '566', '613', '862', '967', '916', '790', '289', '899', '667', '688', '938', '386', '328', '174', '424', '117', '500', '264']
['50', '236', '741', '522', '503', '536', '710', '199', '206', '584', '964', '816', '370', '191', '422', '854', '758', '832', '195', '146', '651', '999']
['648', '726', '752', '866', '120', '806', '150', '825', '884', '367', '471', '22', '148', '201', '759', '737', '713', '858', '286', '961', '834', '665']
['457', '306', '396', '335', '914', '610', '799', '65', '486', '446', '56', '959', '489', '32', '876', '405', '846', '301', '254', '844', '898', '637']
['670', '833', '622', '72', '552', '124', '558', '322', '654', '53', '202', '969', '550', '604', '9', '706', '774', '108', '360', '298', '992', '431']
['407', '803', '963', '472', '311', '115', '543', '621', '698', '745', '106', '664', '93', '859', '383', '183']
['213', '215', '36', '82', '948', '351', '300', '415', '525', '14', '871', '374', '223', '721', '276', '316', '607', '368', '222', '434', '111', '225']
['272', '678', '804', '624', '430', '180', '226', '519', '960', '484', '107', '450', '437', '748', '989', '875', '402', '962', '526', '681', '680', '87']
['546', '144', '181', '435', '835', '240', '403', '529', '186', '432']
['548', '568', '612', '444', '763']
['796']
['134']
['556']
['221']
['501']
['984', '384', '988']
['27', '21', '574', '362', '673', '331', '911', '377', '693', '595', '717', '126', '700', '762', '954', '701', '638', '729', '155', '325', '43', '937']
['42', '295', '703', '581', '68', '473', '920', '847', '350', '255', '856', '537', '663', '496', '627', '319', '438', '851', '547', '274', '912', '941']
['739', '28', '288', '661', '650', '413', '768', '330', '609', '178', '893', '842', '580', '140', '815', '217', '872', '814', '474', '761', '412', '625']
['231', '679', '77', '73', '504', '483', '113', '901', '477', '373', '808', '660', '172', '123', '592', '769', '852', '690', '45', '209', '239', '788']
['334', '152', '75', '907', '582', '476', '687', '232', '141', '59', '782', '33', '98', '66', '242', '509', '497', '880', '397', '157', '905', '78']
['245', '218', '395', '353', '523', '760', '513', '553', '559', '63', '44', '216', '354', '561', '724', '575', '603', '469', '593', '986', '897', '187']
['205', '987', '145', '303', '715', '928', '171', '662', '372', '39', '997', '929', '2', '516', '953', '190', '885', '772', '722', '750', '166', '441']
['746', '153', '475', '647', '718', '238', '821', '657', '318', '590', '270', '40', '946', '62', '418', '488', '735', '794', '326', '949', '505', '282']
['499', '393', '294', '149', '498', '252', '490', '57', '819', '966', '411', '100', '462', '80', '268', '37', '154', '694', '560', '923', '641', '273']
['491', '753', '683', '773', '675', '895', '224', '299', '515', '323', '204', '253', '783', '950', '129', '51', '79', '398', '554', '755', '297', '540']
['508', '233', '470', '241', '192', '692', '780', '709', '798', '532', '485', '877', '874', '797', '97', '982', '671', '244', '809', '968', '744', '902']
['357', '853', '210', '3', '275', '125', '359', '55', '695', '382', '30', '801', '227', '38', '478', '598', '936', '577', '48', '34', '924', '315']
['29', '864', '110', '257', '991', '229', '347', '605', '182', '850', '531', '892', '719', '355', '956', '361', '742', '237', '280', '904', '594', '626']
['521', '340', '448', '535', '697', '281', '91', '921', '863', '339', '169', '99', '401', '787', '420', '49', '569', '247', '394', '634', '702', '628']
['212', '789', '60', '889', '633', '352', '811', '917', '179', '602', '754', '163', '442', '979', '456', '142', '614', '611', '944', '617', '891', '890']
['493', '751', '942', '571', '685', '451', '479', '385', '423', '132', '346', '995', '528', '265', '196', '304', '646', '544', '530', '947', '200', '977']
['873', '112', '452', '61', '781', '194', '767', '549', '189', '502', '337', '913', '619', '83', '545', '707', '837', '363', '156', '366', '630', '749']
['813', '868', '620', '785', '161', '728', '975', '887', '130', '20', '10', '376', '453', '131', '101', '583', '795', '64', '636', '114', '310', '840']
['775', '219', '883', '886', '92', '836', '313', '175', '935', '414', '861', '518', '957', '324', '838', '228', '932', '849', '399', '555', '830', '427']
['952', '828', '527', '388', '309', '256', '46', '642', '943', '981', '159', '514', '589', '616', '511', '58', '903', '440', '143', '747', '95', '507']
['764', '878', '433', '823', '104', '173', '829', '151', '41', '805', '591', '320', '802', '564', '740', '576', '955', '539', '8', '743', '262', '380']
['587', '732', '704', '996', '0', '109', '7', '458', '344', '263', '188', '978', '70', '390', '635', '467', '857', '429', '980', '136', '716', '417']
['4', '455', '971', '371', '855', '691', '725', '896', '919', '869', '135', '26', '198', '776', '976', '900', '888', '261', '292', '419', '105', '570']
['860', '599', '25', '364', '792', '391', '128', '85', '831', '572', '538', '235', '573', '643', '841', '290', '356', '271', '17', '19', '672', '487']
['565', '96', '284', '993', '640', '983', '307', '246', '447', '951', '652', '909', '285', '524', '865', '492', '170', '378', '908', '259', '164', '666']
['18', '939', '822', '881', '677', '974', '118', '551', '121', '1', '86', '11', '998', '578', '365', '327', '193', '52', '454', '682', '428', '506']
['406', '649', '676', '389', '618', '818', '137', '35', '867', '562', '925', '426', '793', '436', '24', '534', '723', '918', '848', '269', '800', '466']
['653', '757', '520', '260', '656', '820', '669', '542', '445', '47', '16', '712', '623', '644', '94', '119', '541', '332', '655', '88', '922', '990']
['416', '973', '784', '67', '139', '71', '177', '176', '220', '392', '461', '283', '409', '84', '308']
