['851', '522', '193', '513', '299', '521', '924', '170', '686', '372', '153', '58', '668', '115', '793', '955', '792', '918', '104', '382', '834', '892', '676', '144', '650', '806', '192', '976', '189', '818', '428', '972', '550', '755', '820', '887', '478', '656', '65', '907', '409', '378', '99', '200', '116', '31', '563', '159', '947', '919', '43', '280', '464', '969', '758', '623', '778', '186', '626', '696', '577', '775', '244', '100', '340', '539', '310', '329', '647', '232', '684', '449', '301', '266', '812', '432', '826', '646', '221', '963', '241', '39', '607', '402', '543', '752', '858', '164', '66', '849', '913', '462', '762', '476', '134', '846', '598', '411', '921', '648', '160', '604', '983', '458', '156', '567', '586', '704', '50', '609', '766', '96', '916', '214', '933', '504', '223', '106', '410', '88', '560', '6', '363', '128', '70', '461', '59', '282', '259', '974', '148', '246', '631', '455', '417', '81', '763', '605', '20', '391', '28', '427', '41', '447', '556', '45', '814', '551', '208', '625', '184', '388', '124', '179', '808', '114', '873', '743', '709', '960', '126', '822', '169', '961', '888', '552', '181', '261', '205', '234', '883', '857', '579', '84', '400', '202', '174', '71', '459', '936', '405', '19', '690', '890', '383', '693', '36', '894', '580', '928', '922', '512', '565', '245', '297', '12', '681', '390', '450', '771', '37', '877', '547', '925', '233', '351', '477', '630', '601', '460', '21', '151', '465', '665', '94', '971', '618', '658', '700', '747', '958', '575', '639', '255', '224', '481', '155', '18', '424', '82', '422', '571', '165', '8', '572', '2', '768', '734', '652', '52', '367', '688', '675', '361', '902', '398', '453', '568', '359', '732', '130', '394', '740', '396', '782', '942', '0', '566', '951', '46', '956', '220', '336', '207', '149', '719', '524', '138', '290', '448', '444', '327', '841', '152', '101', '488', '899', '483', '644', '653', '291', '1', '326', '317', '48', '468', '92', '47', '75', '349', '142', '270', '401', '22', '287', '783', '182', '471', '150', '659', '242', '452', '495', '29', '615', '490', '786', '136', '966', '277', '225', '211', '664', '759', '737', '731', '9', '593', '819', '304', '741', '617', '293', '110', '375', '141', '337', '335', '237', '180', '407', '682', '867', '837', '171', '544', '608', '534', '80', '412', '350', '425', '472', '780', '272', '655', '538', '276', '661', '76', '761', '637', '707', '403', '418', '769', '953', '884', '217', '302', '833', '306', '334', '651', '423', '17', '842', '794', '710', '687', '982', '323', '564', '484', '67', '416', '815', '944', '434', '774', '987', '342', '984', '553', '307', '26', '886', '229', '613', '431', '162', '825', '957', '685', '570', '161', '632', '973', '964', '275', '40', '531', '344', '509', '230', '210', '679', '470', '16', '325', '562', '330', '946', '603', '995', '511']
['701']
['697']
['308']
['79']
['321']
['986']
['430']
['445']
['485']
['900', '666']
['196']
['836']
['784', '163', '500']
['413']
['835']
['591']
['296']
['256', '374']
['268']
['194', '722']
['934']
['199', '385']
['597']
['44']
['365', '876', '122']
['502']
['284']
['596']
['274']
['506', '724', '292']
['606', '772', '436', '123']
['4', '318']
['870']
['503']
['312']
['994']
['474']
['38', '305']
['357', '549', '691']
['871', '850', '745']
['482']
['298']
['602', '574', '672']
['131', '980', '507']
['520']
['581']
['399']
['518', '654']
['212', '469']
['303']
['909']
['11', '119']
['3', '107']
['860', '454', '14']
['173']
['703', '705', '874']
['103']
['438', '426']
['689', '671']
['795', '667', '810']
['63']
['773']
['219']
['621']
['267', '204', '628']
['923', '915']
['592', '736']
['827']
['158']
['528']
['816']
['776', '725']
['954', '49']
['314']
['386']
['854', '770', '830']
['878']
['845']
['863', '227']
['113']
['555']
['708', '629']
['279']
['777']
['381']
['831', '209']
['263']
['614', '77', '706']
['729', '939']
['508']
['294']
['715', '27']
['278', '643', '952', '695']
['360', '356']
['803', '25']
['855']
['137']
['823']
['366']
['457', '421']
['726', '353', '23']
['313']
['893', '175', '811']
['514']
['864']
['852']
['380']
['222', '911', '86', '901']
['937', '78', '931', '554']
['167', '339', '865']
['525']
['920']
['61']
['765', '917', '981', '73']
['341']
['466']
['392', '611', '191']
['368']
['561', '948', '862', '751', '354']
['540', '517', '548', '821']
['612']
['844']
['364', '271']
['680']
['799', '346']
['145', '15']
['657', '638', '970', '908', '238']
['239']
['537', '945']
['927']
['387']
['905', '371']
['993']
['90']
['176']
['264', '523']
['324', '247']
['869']
['480']
['742', '83', '369']
['861']
['798']
['437']
['499', '489', '796', '439', '87']
['125', '526']
['384', '800', '985']
['897', '168']
['735']
['235']
['817']
['389', '978']
['55']
['121', '491', '868']
['896', '496']
['285']
['120']
['853', '530']
['532', '977', '406', '583']
['328']
['433']
['627', '781']
['624']
['440', '240']
['30']
['723', '760']
['273', '912']
['479']
['728']
['93', '669', '154']
['215']
['69', '68', '135']
['716', '801', '74', '331']
['322']
['634', '990']
['791']
['108']
['493']
['910', '183']
['527']
['595']
['117']
['641', '787']
['111']
['930', '352', '541']
['588', '838']
['699']
['848']
['829']
['252', '959']
['859']
['467', '949']
['494', '281', '712', '619']
['249']
['660', '997']
['828']
['670']
['678']
['903', '109', '228']
['536']
['319']
['316']
['584']
['51']
['633', '443', '379']
['790', '914', '622']
['941']
['53', '446', '856', '756']
['456', '546', '779', '576', '397']
['213', '926']
['754', '824', '847']
['600', '616', '362']
['558']
['24']
['288', '60']
['33']
['269']
['569', '332', '875']
['718']
['802', '286']
['231', '839', '404']
['840', '420', '139']
['85']
['889']
['898', '283']
['748', '929']
['683', '91']
['206']
['702']
['590', '258']
['698']
['157']
['345', '243', '497']
['640', '967', '253']
['749']
['338', '991', '492', '56']
['788', '733']
['190']
['188']
['295', '516']
['996', '197']
['585']
['533', '415', '649', '989', '785', '714']
['935']
['882', '510']
['805', '542']
['311', '260']
['195', '198']
['257']
['738', '348', '203', '95', '147']
['610']
['557', '988']
['843', '97']
['127']
['133', '487']
['10']
['713']
['594', '753']
['355']
['395']
['573', '254']
['535']
['866']
['35', '498']
['662', '950']
['694']
['250']
['757']
['717', '529']
['32', '262']
['265', '451', '475']
['832', '473']
['370', '54']
['89']
['435', '72']
['940']
['885', '236']
['393']
['807']
['636']
['7']
['711']
['343', '545']
['132']
['813']
['140', '143', '797', '721']
['587', '289', '620', '62', '358']
['505', '226', '300', '373']
['463', '962']
['172']
['13', '333']
['442', '739', '727']
['599']
['809']
['218', '408']
['177', '992']
['904']
['645', '559']
['377']
['376']
['251']
['102', '635']
['178']
['968', '105']
['979', '932']
['677', '767']
['879']
['642']
['938']
['692']
['112', '414', '486']
['891']
['750']
['720', '315']
['730', '248']
['589']
['216', '746', '5', '906']
['118', '895', '515']
['519', '441']
['872', '64', '185', '578']
['804', '674']
['789', '347']
['129']
['166', '764', '98']
['419']
['42', '582']
['501', '880']
['673', '943', '744', '187', '57']
['881', '34', '201']
['975', '663', '309']
['965', '320', '146']
['429']
