['408', '229', '25', '241', '944', '418', '364', '340', '748', '131', '22', '238', '523', '316', '103', '793', '591', '529', '668', '735', '493', '650', '253', '332', '625', '421', '123', '196', '178']
['314', '437', '598', '518', '664', '83', '175', '662', '691', '102', '695', '483', '750', '720', '602', '373', '913', '948', '234', '791', '623', '517', '566', '307', '361', '547', '171', '339', '628']
['58', '585', '572', '369', '23', '49', '147', '296', '87', '390', '643', '540', '621', '810', '475', '393', '165', '567', '273', '667', '693', '68', '17', '885', '700', '546', '193', '502', '288']
['654', '177', '533', '326', '541', '696', '925', '357', '831', '666', '985', '133', '919', '237', '916', '160', '427', '158', '132', '611', '402', '914', '312']
['926', '543', '119', '835', '923', '47', '254', '385', '909', '674', '274', '213', '894', '184']
['718', '406', '210', '455', '439', '90', '471', '346', '362', '98', '878', '3', '751', '503', '975', '859', '481', '73', '327', '697', '624', '963', '446', '762', '41', '136', '460', '962', '404']
['478', '605', '173', '485', '950', '302', '636', '461', '153', '297', '217', '34', '606', '807', '956', '219', '847', '176', '325', '528', '755', '594', '265', '287', '729', '701', '778', '549', '939']
['982', '968', '396', '620', '350', '382', '648', '162', '138', '764', '94', '222', '699', '899', '310', '822', '39', '263', '531', '321', '726', '588', '21', '862', '154', '544', '984', '590', '281']
['261', '706', '305', '344', '777', '235', '870', '774', '580', '201', '352', '783', '678']
['231', '413', '525', '969', '199', '463', '918', '295', '63', '576', '240', '474', '443', '686', '785', '887', '50', '226', '820', '359', '146', '457', '592', '6']
['251', '676', '258', '508', '112', '124', '798', '12', '875', '787']
['897', '769', '280', '550', '651', '527', '892', '509', '743', '869', '752', '988', '868', '506', '422', '220', '423', '780', '289', '991', '206', '323', '690', '330', '817']
['775', '891', '516', '683', '554', '526', '417', '137', '557', '16', '761', '911', '722', '705', '303', '521', '713', '816', '144']
['851', '342', '426', '459', '846', '81', '704', '626', '80', '539', '882', '48', '299', '641', '433', '980', '121', '304', '275', '358', '233', '614', '908', '837', '205']
['409', '283', '116', '601', '972', '929', '932', '290', '156', '803', '208', '562', '938', '813', '912', '716', '298', '294', '961', '537', '315', '486', '711', '410', '36', '949', '757', '320', '216']
['468', '910', '959', '612', '74', '43', '883']
['243', '293', '479', '46', '607', '189', '18', '814', '386', '329', '211', '915', '732', '497', '749', '964', '836', '109', '411', '453', '101', '377', '805', '135', '551', '120', '556', '920', '631']
['169', '530', '29', '301', '552', '794', '85', '489', '687', '458', '118', '79', '981', '731', '53', '782', '69', '976', '61', '246', '230', '893', '381', '595', '311', '496', '879', '57', '966']
['52', '429', '209', '689', '514', '383', '266', '107', '166', '462', '95', '548']
['610', '734', '811', '225', '863', '221', '571', '652', '356', '15', '677', '522', '512', '934', '644', '768', '727']
['840', '672', '113', '27', '59', '464', '945', '524', '384', '715', '368', '62', '953', '642', '96']
['584', '684', '770', '378', '983', '832', '692', '744', '881', '365', '343', '338', '104', '415', '141', '536', '630', '126', '819', '818', '151', '353', '145', '0', '781', '434', '472', '168', '2']
['111', '197', '93', '105']
['278', '653', '72', '618', '646', '473', '589', '190', '495', '763', '389', '815', '440', '853', '143', '403']
['728', '70', '895', '867', '174', '348', '619', '207', '786', '431', '115', '738', '796', '470', '987', '852', '917', '271', '333', '857', '164', '244', '559', '679', '67', '583', '257', '597', '438']
['957', '236', '248', '454', '931', '30', '838', '334', '349', '773', '336', '723', '947', '889', '405', '771', '13', '759', '285', '904', '198', '54', '856', '31', '150', '784', '900', '747', '465']
['170', '888', '218', '884', '575', '564', '347', '776', '569', '100', '758', '442', '387', '14', '789', '568', '204', '795', '545', '633', '833', '256', '989', '719']
['767', '318', '946', '228', '942', '202', '927', '806', '520', '149', '92', '737', '941', '665', '703', '180', '841', '4', '388', '880', '986', '936', '140', '392', '223', '425', '341', '414', '191']
['262', '194', '570', '215', '864', '802', '973', '32', '740', '661', '951', '20', '505', '139', '232', '971', '128', '267', '558']
['309', '270', '397', '148', '375', '739', '97', '227', '655', '978']
['451', '398', '955', '730', '114', '456', '224', '812', '259', '681', '247', '850', '671', '766', '604', '599', '627', '75', '444', '185', '179', '372', '940', '477', '195', '828', '616', '292', '587']
['974', '922', '306', '476', '708', '452', '487', '328', '335', '376', '593', '990', '809', '279', '905', '827', '928', '903', '379', '849', '538', '563', '542', '555', '886', '394', '933', '44', '494']
['845', '8', '186', '55', '163', '264']
['824', '65', '906', '660', '830', '282', '756', '943', '88', '622', '200', '182', '861', '842', '56', '42', '300', '64', '560', '142', '578', '77', '800', '609', '839', '746', '970', '331', '617']
['561', '826', '871', '733', '717', '167', '360', '214', '797', '363', '821', '596', '24', '637', '187', '890', '829', '172', '424', '937', '82', '721', '673', '239', '858', '504', '860', '519', '876']
['430', '613', '435', '801', '760', '921', '935', '709', '351', '419', '416', '901', '38', '629', '76', '269', '742', '161', '380', '308', '26', '78', '663', '608', '9']
['450', '441', '337', '66', '669', '960', '28', '35', '11', '277', '680', '808', '574', '127', '354', '33', '714', '772', '579', '447', '19', '855', '117', '91', '45', '400', '507', '432', '685']
['825', '272', '319', '99', '480', '790', '482', '291', '286', '707', '71', '108', '649', '499', '823', '640', '37', '634', '702', '129', '445', '698']
['898', '324', '436', '466', '979', '89', '745', '513', '492', '647', '902', '657', '573', '255', '615', '245', '515', '500', '488', '582', '60', '355', '765', '638', '367', '86', '873', '534', '725']
['535', '954', '896', '682', '675', '632', '877', '694', '122', '1', '276', '958', '710', '260', '992', '854', '834', '420', '84', '553', '313', '250', '322', '510', '469', '268']
['401', '586', '754', '51', '866', '872', '656', '317', '371', '366', '7', '930', '370', '490', '130', '688', '484', '284', '467', '639', '907', '600', '670', '965', '155', '565', '952', '157', '736']
['498', '645', '183', '635', '603', '159', '577', '865', '658', '252', '152', '491', '843', '188', '412', '779', '134', '110']
['724', '848', '203', '428', '40', '788', '399', '449', '192', '977', '741', '391', '532', '181', '242', '967', '804', '10', '844', '395', '581', '5', '799', '125', '924', '659', '407', '792', '448']
['874', '753', '249', '345', '374', '511', '501', '212', '712', '106']
