['53', '390', '465', '894', '471', '932', '796', '539', '815', '670', '565', '819', '92', '68', '455', '413', '644', '753', '106', '60', '583', '950', '332', '126', '422', '752', '592', '151', '185', '586', '141', '750']
['833', '98', '831', '400', '938', '399', '388', '80', '832', '733', '778', '130', '739', '787', '62', '961', '136', '947', '453', '620', '33', '553', '784', '303', '703', '186', '757', '275', '554', '96', '488', '175']
['23', '95', '70', '298', '563', '365', '290', '407', '611', '273', '810', '39', '624', '187', '9', '1', '57', '227', '621', '489', '818', '898', '673', '111', '22', '873', '238', '272', '734', '441', '233', '0']
['737', '107', '381', '745', '254', '639', '655', '910', '856', '179', '317', '857', '437', '545', '334', '117', '721', '582', '77', '284', '880', '506', '346', '341', '262', '326', '458', '728', '319', '351', '440', '213']
['700', '320', '940', '575', '89', '588', '589', '475', '866', '814', '67', '354', '836', '380', '134', '824', '664', '207', '59', '165', '863', '373', '128', '612', '222', '774', '230', '374', '385', '473', '333', '852']
['584', '625', '517', '84', '393', '591', '394', '349', '37', '845', '305', '906', '562', '615', '785', '707', '359', '331', '12', '865', '533', '410', '261', '405', '162', '723', '858', '360', '861', '49', '329']
['138', '110', '727', '65', '6', '270', '775', '208', '294', '218', '604', '64', '849', '442', '538', '239', '900', '414', '499', '32', '870', '772', '743', '328', '304', '27', '256', '944', '24', '125', '327', '137']
['25', '301', '211', '204', '613', '580', '8', '392', '288', '925', '259', '468', '7', '566', '657', '559', '846', '767', '645', '251', '807', '479', '352', '704', '20', '448', '30', '665', '194', '623', '79', '36']
['872', '431', '164', '795', '917', '671', '893', '463', '812', '585', '439', '899', '325', '688', '451', '135', '197', '342', '464', '879', '661', '154', '876', '776', '54', '358', '191', '315', '243', '698', '509', '744']
['56', '321', '145', '234', '269', '192', '444', '631', '364', '521', '368', '482', '247', '851', '789', '279', '445', '250', '561', '859', '387', '954', '277', '160', '215', '182', '63', '411', '490', '871', '436', '827']
['609', '307', '494', '716', '379', '610', '369', '952', '253', '131', '428', '267', '908', '626', '113', '825', '660', '678', '308', '885', '245', '466', '531', '52', '161', '786', '909', '808', '524', '663', '864', '152']
['14', '78', '424', '203', '838', '496', '960', '140', '395', '675', '35', '806', '404', '355', '216', '102', '202', '653', '173', '86', '149', '606', '119', '738', '877', '55', '890', '184', '491', '543', '869', '283']
['240', '356', '338', '958', '548', '830', '711', '712', '803', '768', '570', '280', '478', '922', '383', '163', '959', '636', '769', '860', '695']
['487', '924', '100', '603', '702', '514', '157', '206', '378', '15', '936', '919', '941', '167', '97', '166', '474', '74', '692', '156', '498', '310', '634', '42', '38', '826', '755']
['771', '5', '797', '337', '129', '722', '433', '469', '403', '220', '323', '483', '180', '720', '401', '69', '255', '600', '801', '148', '547', '741', '843', '773', '835', '82', '618']
['528', '94', '142', '419', '783', '146', '73', '823', '353', '418', '201', '659', '371', '83', '124', '868', '244', '736', '153', '183', '120', '828', '579', '133', '590', '841', '48', '658', '903', '907', '274', '225']
['681', '122', '537', '295', '576', '212', '513', '168', '788', '731', '200', '667', '622', '221', '159', '377', '13', '45', '357', '176', '542', '546', '217', '336', '417', '350', '694', '147', '508', '690', '291', '892']
['680', '530', '886', '226', '834', '462', '555', '366', '683', '799', '438', '518', '302', '276', '572', '705', '564', '512', '515', '820', '902', '503', '732', '481', '630', '792', '927', '840', '931', '933', '457', '103']
['282', '174', '875', '416', '614', '209', '648', '729', '708', '361', '343', '300', '29', '144', '540', '81', '101', '485', '286', '760', '560', '452', '285', '409', '99', '456', '421', '370', '701', '914', '34', '375']
['66', '391', '195', '847', '804', '108', '258', '749', '196', '529', '447', '595', '742', '72', '763', '637', '594', '709', '666', '901', '883', '242', '911', '470', '633', '693', '628', '427', '616', '143', '781', '662']
['127', '109', '397', '223', '347', '746', '17', '11', '382', '476', '112', '75', '923', '878', '520', '406', '10', '719', '344', '434', '557', '867', '237', '717', '550', '632', '430', '577', '523', '646', '76', '532']
['672', '4', '607', '502', '425', '751', '573', '266', '296', '759', '114', '811', '249', '132', '790', '602', '551', '889', '61', '330', '957', '713', '260', '19', '953', '844', '534', '116', '205', '104', '725', '689']
['855', '896', '339', '904', '888', '674', '525', '28', '420', '287', '777', '155', '581', '829', '265', '853', '916', '367', '429', '372', '805', '219', '842', '895', '278', '747', '493', '862', '398', '682', '311', '309']
['800', '264', '501', '706', '412', '748', '454', '150', '724', '764', '248', '568', '541', '408', '536', '511', '389', '293', '396', '384', '650', '955', '193', '58', '802', '362', '313', '522', '912', '699', '123', '599']
['696', '691', '252', '115', '2', '935', '874', '415', '605', '929', '686', '297', '71', '765', '423', '477', '598', '730', '850', '756', '516', '324', '956', '535', '46', '450', '88', '105', '504', '322', '26', '798']
['170', '596', '882', '571', '85', '567', '817', '500', '376', '915', '90', '677', '16', '641', '687', '710', '651', '718', '3', '558', '619', '884', '228', '766', '189', '942', '758', '241', '435', '839', '697', '446']
['460', '169', '91', '556', '236', '943', '948', '569', '480', '629', '905', '887', '854', '268', '881', '47', '472', '740', '638', '231', '281', '340', '813', '87', '232', '246', '158', '41', '50', '181', '190', '821']
['177', '945', '627', '668', '676', '495', '891', '289', '271', '822', '314', '684', '780', '642', '335', '263', '735', '601', '467', '210', '608', '921', '946', '934', '715', '486', '714', '224', '31', '40', '930', '685']
['459', '640', '928', '837', '348', '848', '43', '574', '443', '229', '794', '793', '93', '937', '647', '761', '402', '235', '926', '617', '913', '449', '214', '178', '18', '544', '188', '549', '316', '918', '754', '779']
['920', '21', '292', '726', '510', '312', '593', '897', '426', '587', '44', '527', '791', '492', '299', '198', '257', '484', '762', '139', '816', '951', '306', '656']
['597', '461', '552', '172', '643', '118', '318', '386', '345', '526', '635', '782', '121', '507', '171', '51', '669', '649', '939', '770', '199', '432', '363', '654', '578', '497', '809', '519', '679', '949', '652', '505']
