['894', '900', '625', '930', '661', '9', '680', '720', '717', '972', '222', '403', '814', '244', '246', '917', '18', '284', '711', '944', '991', '104', '558', '974', '589', '281', '158', '59', '322', '728', '617', '354', '916', '486', '870', '374', '151', '139', '313', '822']
['543', '63', '659', '865', '365', '173', '24', '695', '990', '879', '319', '573', '338', '380', '494', '220', '166', '439', '256', '966', '998', '665', '384', '678', '506', '663', '312', '708', '662', '289', '721', '84', '450', '923', '389', '520', '836', '590', '898', '758']
['819']
['893', '559', '39', '470', '452', '97', '160', '971', '48', '838', '174', '650', '877', '140', '931', '239', '957', '738', '560', '735', '867', '719', '854', '376', '66', '88', '356', '815', '231', '202', '574', '651', '54', '937', '67', '178', '276', '557', '56', '636']
['98']
['970', '417', '672', '936', '77', '358', '626']
['504', '798']
['607', '93', '175', '852', '962', '168', '980', '156', '301', '350', '621', '585', '288', '339', '311', '391', '995', '221', '747', '805', '770', '345', '820', '730', '880', '468', '164', '326', '882', '89', '694', '196', '432', '147', '956', '606', '394', '654', '341', '62']
['348', '485', '499', '978', '787', '823', '295', '500', '342', '752', '248', '275', '368', '986', '679', '655', '415', '58', '184', '50', '796', '128', '918', '149', '1', '419', '635', '844']
['96', '481', '985', '478', '249', '473', '963', '919', '266', '451', '613', '702', '739', '940', '453', '704', '837', '72', '886', '479', '715', '489', '610', '433', '645', '555', '124', '862', '421', '902', '34', '896', '332', '260', '157', '794', '195', '603', '673', '889']
['355', '265', '904', '112', '118', '564', '10', '714', '992', '315', '802', '159', '976', '466', '579', '959', '373', '396', '71', '7', '219', '449', '778', '251', '756', '185', '903', '512', '411', '812', '11', '878', '652', '86', '162', '360', '975', '462', '154', '924']
['954', '497', '2', '602', '943', '496', '369', '399', '476', '495', '942', '259', '116', '630', '547', '675', '979', '763', '875', '422', '150', '347', '906', '424', '634', '80', '28', '741', '703', '688', '967', '833', '372', '177', '587', '868', '236', '740', '927', '700']
['308', '549', '55', '667', '850', '226', '205', '137', '757', '529', '114', '921', '6', '427', '409', '85', '517', '828', '189', '950', '687', '776', '182', '224', '152', '813', '70', '648', '280', '111', '961', '461', '13', '392', '571', '761', '204', '318', '644', '250']
['692', '807', '490', '278', '791', '148', '509', '61', '455', '434', '349', '723', '90', '866', '599', '550', '53', '629', '232', '683', '465', '215', '793', '103', '910', '664', '81', '307', '492', '808', '861', '106', '188', '469', '57', '627', '912', '262', '27', '584']
['167', '863', '767', '120', '997', '129', '538', '273', '426', '343', '960', '782', '624', '612', '370', '353', '769', '842', '125', '400', '780', '925', '642', '14', '75', '324', '977', '860', '163', '235', '772', '306', '102', '527', '291', '91', '127', '317', '197', '575']
['983', '577', '444', '609', '107', '359', '753', '296', '117', '299', '192', '5', '214', '594', '608', '526', '43', '552', '153', '533', '445', '19', '38', '826', '190', '335', '750', '383', '670', '709', '207', '329', '105', '298', '371', '818', '501', '643', '847', '76']
['816']
['15', '586', '145', '872', '653', '797', '736', '3', '194', '267', '524', '539', '179', '165', '939', '799', '234', '534', '788', '706', '953', '448', '274', '290', '142', '519', '17', '314', '888', '727', '64', '198', '113', '302', '909', '745', '126', '304', '300', '413']
['781', '83', '420', '580', '68', '578', '915', '809', '32', '169', '270', '4', '907', '890', '22', '237', '257', '200', '321', '258', '690', '566', '187', '905', '795', '834', '35', '484', '223', '395', '716', '806', '751', '146', '883', '775', '45', '855', '133', '749']
['344', '412', '26', '676', '498', '760', '556', '843', '514', '87', '914', '382', '212', '287', '505', '227', '707', '193', '131', '297', '647', '271', '984', '303', '989', '121', '724', '211', '864', '553', '381', '429', '282', '47', '330', '136', '467', '546', '789', '948']
['261', '362', '51', '0', '327', '16', '42', '729', '790', '73', '542', '803', '658', '176', '363', '340', '418', '641', '268', '209', '29', '475', '639', '637', '532', '309', '600', '316', '737', '832', '44', '681', '143', '323', '161', '456', '541', '229', '218', '699']
['402', '428', '134', '933', '891', '357', '447', '800', '596', '604', '406', '768', '535', '388', '74', '994', '482', '364', '206', '908', '144', '431', '744', '437', '786', '213', '831', '471', '871', '283', '669', '513', '949', '572', '856', '186', '31', '932', '141', '774']
['95', '472', '401', '922', '817', '726', '277', '859', '591', '191', '973', '840', '646', '887', '240', '713', '241', '352', '252', '595', '845', '483', '225', '988', '508', '718', '565', '423', '171', '436', '685', '947', '458', '99', '60', '743', '337', '885', '100', '853']
['285', '705', '238', '677', '631', '619', '570', '37', '279', '92', '935', '40', '593', '515', '618', '969', '199', '518', '463', '946', '331', '825', '286', '848', '873', '640', '20', '377', '766', '407', '181', '233', '759', '537', '913', '367', '952', '657', '155', '119']
['23', '336', '405', '701', '477', '516', '531', '414', '530', '454', '993', '430', '522', '130', '968', '827', '928', '442', '203', '666', '404', '216', '52', '899', '710', '170', '779', '616', '123', '725', '25', '764', '511', '611', '561', '457', '691', '876', '830', '697']
['272', '835', '771', '544', '811', '79', '982', '94', '41', '310', '551', '228', '480', '748', '698', '253', '746', '810', '243', '689', '441', '425', '122', '656', '821', '581', '605', '777', '601', '583', '762', '732', '320', '622', '920', '351', '46', '846', '592', '598']
['839', '964', '941', '884', '754', '540', '459', '849', '901', '408', '824', '563', '217', '638', '857', '632', '132', '398', '446', '649', '576', '674', '536', '361', '387', '210', '464', '615', '784', '996', '934', '829', '293', '620', '545', '180', '801', '731', '792', '693']
['263', '378', '325', '851', '523', '734', '294', '981', '929', '660', '230', '305', '892', '628', '334', '722', '12', '443', '491', '292', '682', '510', '397', '597', '242', '33', '582', '881', '999', '841', '633', '623', '911', '390', '567', '30', '82', '264', '869', '895']
['987', '874', '568', '269', '671', '804', '742', '525', '255', '386', '110', '49', '785', '521', '21', '733', '955', '938', '712', '78', '503', '783', '393', '588', '958', '135', '109', '416', '569', '926', '474', '172', '755', '115', '696', '65', '69', '8', '346', '507']
['858', '379', '897', '247', '951', '201', '614', '254', '438', '435', '528', '410', '333', '965', '385', '765', '440', '548', '502', '328', '183', '668', '36', '562', '245', '684', '488', '773', '487', '108', '460', '945', '138', '493', '686', '554', '101', '208', '375', '366']
