['42', '454', '46', '361', '265', '547', '550', '14', '127', '172', '572', '88', '22', '538', '514', '386', '461', '362', '76', '442', '518', '498', '211', '481', '465', '69', '119', '399', '305', '291', '487', '467', '264', '84', '299', '479', '350', '589', '110', '98', '566', '556', '267', '501', '455', '417', '73', '285', '23', '485', '436', '458', '68', '526', '451', '382', '323', '473', '284', '559', '81', '169', '15', '174', '65', '256', '178', '175', '143', '523', '34', '233', '152', '530', '111', '378', '502', '171', '398', '200', '270', '9', '252', '228', '133', '493', '318', '594', '586', '540', '565', '381', '125', '191', '97', '247', '437', '212', '415', '484']
['129']
['74']
['400']
['456']
['181']
['166']
['124']
['215']
['194']
['428']
['238']
['357']
['137']
['499']
['370']
['136']
['584']
['449']
['390']
['55']
['179', '146', '277', '412', '492', '406', '563', '7', '79', '257', '330', '245', '431', '103', '0', '494', '585', '59', '519', '472', '488', '289', '91', '581', '337', '307', '1', '8', '590', '405', '553', '416', '210', '421', '17', '16', '587', '380', '223', '26', '168', '201', '239', '49', '569', '142']
['513']
['469']
['571', '515']
['226']
['365']
['54']
['352']
['192']
['35']
['375']
['570']
['598']
['249']
['254']
['3']
['276']
['154']
['116']
['508']
['308']
['409']
['92']
['163']
['43']
['441']
['206']
['459']
['149']
['219']
['506']
['27']
['512']
['258']
['82']
['497']
['464']
['281']
['60']
['583']
['203', '450', '255', '260', '53', '266', '312', '360', '510', '338', '115', '482', '121', '325', '114', '40', '300', '404', '345', '328', '153', '182', '525', '495', '568', '243', '296', '394', '432', '591', '118', '384', '537', '402', '535', '99', '310', '279', '208', '50', '343', '196', '349', '346', '197', '503', '468', '108', '286', '557']
['134']
['517']
['489']
['141']
['164']
['139']
['261']
['575']
['207']
['490']
['148']
['414']
['356']
['282']
['367']
['496']
['147']
['477']
['340']
['303', '580', '77', '471', '588', '426', '445', '534', '551', '72', '420', '155', '334', '359', '190', '158', '452', '189', '429', '438', '466', '444', '161', '561', '554', '509', '145', '379', '20', '396', '11', '188', '62', '529', '271', '543', '144', '597', '274', '319', '202', '309', '599', '213', '67', '374', '199', '542', '32', '422', '341', '251', '176', '21', '29', '470', '333', '221', '372', '93', '387', '573', '242', '250', '193', '80', '596', '298', '314', '315', '122', '180', '36', '2', '331', '268', '24', '44', '440', '301', '61', '592', '434', '117', '425', '474', '278', '536', '480', '4', '413', '90', '217', '198', '322', '353', '33', '272', '290']
['520']
['376', '6']
['248']
['397']
['552']
['106']
['578']
['95']
['302']
['13', '109', '511', '220', '105', '546']
['195']
['28']
['113']
['486']
['293']
['339']
['401']
['395']
['205']
['45']
['377']
['427']
['5']
['457']
['120']
['259']
['230']
['388']
['548']
['423']
['25']
['160']
['273']
['39']
['287']
['151']
['363']
['150']
['269']
['533']
['101']
['66']
['549']
['500']
['31']
['306']
['577']
['185']
['262']
['351']
['48']
['187']
['232']
['37']
['354']
['539']
['112']
['204']
['366']
['435']
['186']
['19']
['478']
['10']
['234']
['227']
['558']
['100']
['317', '369']
['348']
['527']
['453']
['63']
['140']
['347']
['321']
['135']
['132']
['483']
['391']
['12']
['521']
['316']
['283']
['410']
['593']
['560']
['130']
['574']
['443', '38']
['70', '516']
['294']
['358']
['224']
['335']
['123']
['393']
['85']
['418']
['64']
['411']
['280']
['555']
['170']
['162']
['311']
['531']
['159']
['157']
['128']
['253']
['532']
['304']
['229']
['524']
['167']
['446']
['408', '209', '30', '433', '491', '373', '541', '222', '313', '475', '528', '595', '104', '507', '173', '419', '214', '505', '177', '439', '371', '504', '476', '96', '582', '236', '75', '342', '447', '51', '292', '522', '567', '183', '295', '58', '448', '288', '126', '240', '324', '383', '244', '138', '165', '545', '564', '355', '462', '237', '336', '368', '216', '407', '94', '89', '326', '56', '107', '403', '184', '562', '430', '263', '52', '389', '231', '156', '41', '460', '344', '246', '241', '544', '71', '86', '218', '576', '364', '102', '579', '275', '57', '329', '424', '463', '83', '78', '87', '385', '225', '332', '297', '131', '235', '18', '392', '327', '320', '47']
