['596', '138', '845', '741', '877', '363', '737', '286', '734', '724', '747', '209', '193', '218', '948', '343', '915', '376', '22', '381']
['959']
['96', '19', '617']
['753']
['889', '277', '431', '126', '936', '439', '361', '670', '113']
['435', '104', '430']
['358']
['642', '197', '708', '562', '992']
['94']
['560']
['16']
['238', '713']
['972', '549', '122']
['208']
['686', '952']
['510', '557', '265', '288', '66']
['304', '578', '961', '342']
['859']
['543']
['38', '973', '531']
['852']
['468', '871', '922', '152', '809', '744', '293', '482']
['628', '993']
['263', '635', '141', '573', '512', '853', '270']
['649', '179']
['494']
['25', '947', '988', '990', '150', '837']
['521']
['477', '489', '865']
['554']
['505', '447', '939', '618', '266']
['142', '718', '784', '100', '832', '838', '389', '575', '310', '840', '296']
['462', '399']
['503']
['985']
['773']
['541', '437', '402', '6', '884', '920']
['242']
['663']
['284', '604', '453', '79', '700', '232', '388']
['711', '855']
['364']
['61', '401', '417', '485', '422']
['318', '12', '960', '537', '2', '177']
['461', '629', '348']
['334', '574', '528', '707', '659', '935', '443', '160']
['391', '291', '885']
['603', '137', '455', '195', '0', '919']
['292', '698']
['835']
['446', '134', '67', '34', '926', '395', '319', '424', '147']
['507']
['869', '183']
['412', '997']
['514', '937']
['547', '273']
['880', '738']
['158']
['233', '836']
['315', '913']
['910']
['766', '271']
['881']
['931']
['570', '472', '801', '324', '449', '833', '371', '866', '145', '258', '475', '9']
['564']
['641', '347', '810', '11', '780', '771']
['91']
['775', '87', '471', '615', '730', '55']
['568']
['92', '234', '7', '260']
['729']
['857']
['647', '980']
['70']
['823', '333', '639', '740', '848', '428', '934', '914']
['492', '317', '932']
['509', '705', '535', '569', '331']
['207', '591']
['174', '37', '825']
['354']
['553', '998', '798', '854', '779']
['966', '81']
['723', '400', '411', '826', '612', '656', '423']
['916', '182', '444', '584']
['545', '362']
['592', '163', '867', '414', '841', '989', '949']
['882', '668', '786', '144', '156', '326', '536', '685', '994', '927', '394', '955']
['601', '130', '938', '465', '868', '180', '202']
['82', '320', '493', '161', '605', '550', '602', '466', '329', '498']
['728', '438']
['356', '448', '253', '306', '458']
['115', '983', '552', '921']
['933', '693', '975', '717', '18', '739', '404']
['522', '517', '469', '782', '991', '473']
['903', '817', '875', '858']
['434', '527']
['301', '118', '175', '409', '946', '821']
['905', '21']
['929', '357', '864', '372', '125', '185', '478', '102', '176', '65', '894', '861', '374', '697', '518', '219', '803', '62', '275', '15']
['84']
['703']
['311', '285', '694', '314', '646', '420', '760', '691', '563', '806', '384', '944', '834', '203']
['237', '496']
['733']
['47', '624', '188', '928', '637', '712', '39', '148', '459', '88']
['346', '225', '625']
['162', '770', '954']
['328', '829', '941', '484', '289', '252', '965', '589', '490']
['256', '749', '31', '520', '633', '828', '441', '107']
['385', '123']
['813']
['644']
['978', '345']
['758', '977', '164', '963', '106']
['593', '396', '754', '873', '611']
['917', '259', '173', '247', '979']
['97', '167', '799', '463']
['341', '165']
['206']
['958', '370', '506', '228']
['119']
['576']
['191', '565']
['59', '131', '672', '332', '210', '99', '544', '793', '241', '778', '378']
['4', '26', '56', '201', '719', '607', '902', '774', '398', '45', '418', '305', '555', '699', '722', '843', '898', '636', '619', '217']
['83', '1', '844', '849', '662', '679', '419', '377', '365', '295', '279', '566', '863', '287', '984', '235', '368', '497', '323', '650']
['582', '340', '814', '481', '792', '761', '495', '558', '221', '587', '709', '257', '658', '245', '367', '657', '586', '268', '379', '239']
['166', '264', '403', '373', '631', '529', '135', '808', '3', '421', '205', '757', '982', '677', '608', '888', '436', '887', '666', '721']
['413', '750', '559', '896', '682', '189', '743', '923', '491', '830', '250', '168', '695', '791', '90', '30', '516', '366', '788', '327']
['204', '146', '157', '746', '874', '313', '736', '433', '987', '13', '515', '577', '244', '380', '43', '634', '819', '151', '410', '312']
['523', '153', '41', '765', '940', '488', '539', '681', '133', '387', '86', '432', '643', '359', '654', '856', '962', '140', '763', '548']
['442', '756', '701', '474', '251', '996', '776', '742', '751', '590', '20', '696', '112', '120', '610', '290', '382', '386', '710', '350']
['101', '818', '925', '797', '599', '337', '616', '795', '519', '93', '169', '49', '136', '452', '215', '501', '726', '860', '532', '968']
['216', '8', '393', '57', '626', '338', '392', '302', '651', '820', '36', '450', '309', '822', '486', '227', '702', '261', '283', '811']
['28', '981', '727', '995', '787', '678', '768', '440', '58', '812', '220', '262', '149', '199', '897', '80', '457', '930', '223', '964']
['870', '129', '513', '276', '50', '680', '908', '344', '731', '470', '53', '429', '44', '824', '815', '974', '901', '194', '14', '895']
['415', '352', '211', '502', '804', '620', '609', '671', '451', '674', '600', '900', '878', '187', '60', '781', '467', '397', '846', '109']
['790', '77', '714', '892', '408', '231', '240', '879', '143', '349', '48', '595']
['35', '579', '196', '229', '383', '170', '255', '534', '280', '725', '847', '68', '957', '139', '627', '918']
['335', '571', '105', '735', '907', '299', '52', '899', '942']
['906', '353', '551', '950', '297', '278', '51', '580']
['269', '98', '716', '29', '715', '73', '248']
['684', '597', '673', '64', '807', '71']
['816']
['184']
['621', '956', '75', '298', '154', '748', '690']
['622']
['538', '614', '783', '390']
['128', '116']
['172', '556', '186', '72', '460']
['222', '767', '40']
['69', '500', '561', '200', '526']
['159']
['623']
['243', '689', '308', '720', '648']
['769']
['524', '567', '732', '132', '971', '598', '640']
['652']
['999', '704', '669', '606', '511', '325']
['890', '214', '842']
['192']
['155', '530', '124', '951']
['970', '416', '33', '321', '583']
['454']
['322', '339', '772', '171', '464', '117', '645', '212', '32']
['479']
['426']
['542', '924', '483', '585', '800', '272', '893']
['638', '850', '572']
['355', '764']
['213', '912', '665', '661']
['876', '886', '226', '499', '351', '111', '945', '336']
['405', '851', '5', '540']
['653', '613']
['943', '181', '121']
['692']
['108', '110', '594', '54', '967', '369']
['198', '777', '95']
['752', '17']
['85', '533']
['425', '546', '904', '406']
['986', '281']
['178']
['10']
['839']
['300', '236', '794', '759', '504', '282', '307', '796', '976', '24', '664', '230']
['862', '909', '294', '827', '42', '27', '445', '114', '755', '953', '246']
['476', '762', '89', '805', '745']
['911', '103', '427', '487']
['687', '360', '78', '46', '249', '581']
['667', '683', '76', '630', '789', '785']
['375']
['883']
['480']
['127', '190', '660', '891']
['969', '267']
['676', '274']
['407']
['588', '74', '316', '802', '254', '525', '23', '63', '224', '508', '675', '831', '632', '303', '688', '456', '706', '655', '330', '872']
