['488', '290', '234', '425', '499', '434', '200', '514', '40', '339', '276', '404', '236', '228', '295', '378', '311', '461', '194', '337', '113', '477', '456', '272', '238', '203', '333', '383', '587', '460']
['289', '171', '577', '54', '30', '109', '240', '131', '458', '583', '1', '95', '472']
['18', '346', '384', '544', '584', '142', '422', '279', '72', '216', '191', '343', '410', '32', '528', '182', '504', '382', '172', '538', '417', '214', '470', '529', '296', '41', '552', '449', '277', '500']
['133', '4', '377', '176', '96', '145']
['192', '198', '110', '34', '431', '85', '551', '35', '124', '190', '592', '178', '84', '336', '555', '321', '202', '590', '357', '353', '532', '542', '525', '275', '522']
['201', '151', '486', '179', '244', '250', '390', '512', '550', '347', '247', '46', '565']
['485', '465', '183', '76', '524', '559', '541', '99', '349', '254', '309', '38', '266', '452', '351', '300', '450', '292', '348', '518', '44', '159']
['516', '299']
['205', '167', '527', '264', '568', '87', '26', '116', '29', '230', '487', '48', '304', '546', '498']
['398', '594', '52', '53', '193', '71', '342', '459', '341', '140', '19', '424', '533', '253', '22', '312', '448']
['177', '520', '2', '585', '189', '70', '323', '280', '20', '139', '395', '128', '117', '27', '217', '586', '439', '515', '387', '233', '92', '562', '94', '447', '5', '111', '407', '62', '545', '103']
['36', '55', '402', '441', '316', '536', '245', '392', '401', '548', '98', '293', '126', '297', '61', '78', '89', '218', '574', '335', '489', '271', '12', '535', '294', '481', '429', '556', '502', '430']
['115', '582', '127', '231', '327', '195', '107', '591', '467', '278', '134', '152', '137', '204', '37', '394', '491', '58', '389', '75', '510', '11', '421', '571', '558', '56', '224', '360', '160', '446']
['376', '268', '531', '220', '466', '104', '256', '79', '67', '114', '68', '146', '513', '83', '381', '354', '163', '408', '418', '106', '144', '490', '503', '206', '484', '380', '69', '221', '511', '281']
['251', '433', '209', '313', '162', '158', '93', '369', '125', '10', '331', '147', '136', '181', '324', '375', '15', '187', '560', '287', '443', '318', '7', '317', '303', '501', '432', '291', '288', '399']
['101', '0', '573', '121', '168', '385', '63', '549', '286', '435', '143', '596', '567', '397', '370', '274', '482', '184', '225', '9', '223', '232', '453', '319', '263', '463', '154', '593', '269', '284']
['306', '473', '539', '352', '328', '123', '169', '138', '445', '406', '372', '262', '580', '379', '82', '355', '25', '90', '588', '45', '17', '479', '444', '283', '356', '475', '468', '599', '130', '414']
['81', '540', '437', '362', '426', '566', '213', '14', '282', '308', '478', '581', '495', '440', '314', '517', '57', '219', '315', '526', '261', '66', '350', '65', '326', '436', '226', '260', '28', '332']
['464', '6', '118', '31', '135', '112', '199', '557', '403', '80', '480', '505', '509', '366', '576', '537', '174', '24', '91', '237', '492', '265', '575', '388', '578', '186', '252', '496', '243', '285']
['419', '364', '301', '386', '396', '415', '442', '208', '227', '497', '547', '334', '267', '340', '412', '215', '438', '563', '371', '161', '451', '345', '476', '454', '173', '229', '210', '307', '153', '185']
['241', '329', '344', '298', '471', '16', '572', '365', '521', '23', '50', '108', '51', '361', '409', '212', '374', '519', '393', '391', '150', '534', '196', '97', '102', '175', '523', '248', '197', '455']
['43', '166', '33', '64', '507', '235', '86', '13', '88', '474', '413', '322', '310', '129', '359', '543', '363', '420', '423', '156', '325', '207', '564', '553', '49', '211', '222', '405', '188', '8']
['462', '3', '155', '273', '589', '47', '242', '373', '164', '42', '132', '302', '21', '180', '59', '367', '74', '149', '338', '427', '506', '330', '530', '141', '305', '119', '483', '77', '595', '239']
['170', '493', '255', '416', '120', '246', '554']
['249', '400', '569', '257', '60', '358', '570', '148', '598', '469', '597', '368', '508', '494', '411', '122', '100', '157', '270', '579', '428', '258', '105', '457', '73', '165', '320', '561', '39', '259']
