['820', '769', '953', '666', '747', '670', '687', '999', '846', '630', '262', '367', '220', '406', '716', '657', '709', '669']
['881', '640', '790', '717', '742', '274', '631', '879', '116', '163', '673', '600', '362', '228', '219', '842', '647', '180']
['990']
['405']
['294']
['540', '232', '471', '663', '420', '377', '738', '967', '475', '396', '379', '861', '418', '143', '161', '854', '910', '222']
['580']
['697']
['178', '483', '456', '212', '779', '824', '772', '968', '186', '25', '804', '237', '399', '386', '648', '304', '372', '860']
['133', '694', '276', '397', '260', '378', '844', '696']
['767', '467', '374', '577', '994', '762', '751', '171', '821', '59', '95', '808', '642', '90', '886', '203', '196', '935']
['167', '885', '50', '907', '913', '53']
['853', '470']
['495', '150', '917', '918', '314', '852', '308', '147', '491', '430', '995', '201', '154', '225', '955', '830', '330', '431']
['46', '678', '923', '654']
['172', '960', '705', '214', '543', '773', '27', '812', '974', '61', '606', '943', '189', '796', '970', '328', '531', '539']
['160', '838', '566', '916', '35', '891']
['480', '754', '963', '849', '466', '254', '500', '401', '138', '816', '950', '381', '409', '701', '400', '855', '56', '811']
['368', '898']
['719']
['942']
['132', '977', '123', '699', '477', '952', '94', '873', '986', '313', '710', '834', '497', '775', '266', '315', '278', '571']
['8', '402', '331', '436', '265', '316', '166', '883', '608', '665', '19', '940', '791', '326', '919', '534', '756', '337']
['0', '516', '763', '629', '489', '322', '985', '660', '987', '206', '449', '507', '620', '774', '768', '749', '887', '91']
['693', '501', '423', '486', '128', '359', '258', '327', '438', '582', '761', '208', '389', '78', '54', '204', '348', '740']
['863', '655']
['151', '334', '532', '159', '570']
['511', '114', '229', '106', '421', '827', '541', '366', '93', '964', '168', '404', '515', '603', '981', '682', '770', '242']
['499', '129']
['859', '38']
['889', '259', '176', '869', '713', '586', '376', '442', '557', '628', '818', '674', '517', '287', '680', '826', '825', '24']
['547', '911', '383', '273', '139', '352', '435', '460', '591', '622', '215', '882', '496', '596', '524', '941', '733', '249']
['563', '645', '269', '644', '934', '7', '651', '363', '286', '888', '458', '593', '110', '299', '136', '341', '69', '683']
['926', '573', '248', '247', '574', '993', '373', '301', '536', '880', '729', '798', '307', '931', '83', '210', '182', '416']
['14', '868', '256']
['864', '565', '656', '528', '257', '5', '715', '31', '32', '290', '939', '387', '80', '632', '432', '912', '270', '310']
['22', '633', '959', '391', '9', '998', '752', '929', '503', '909', '350', '884', '371', '119', '759', '211', '946', '74']
['508', '72', '613']
['100', '874', '233']
['809', '832']
['609', '748', '533', '870', '390', '815', '43', '914', '468', '48', '174', '105', '991', '638', '856', '474', '996', '16']
['518', '320', '4', '585', '111', '902', '12', '332', '358', '441', '85', '712', '347', '778', '158', '469', '722', '776']
['57', '115', '231', '626', '6', '906', '614', '966', '659', '611', '962', '905']
['20', '15']
['18', '684', '39', '157', '118', '369', '619', '398', '668', '92', '217', '835', '309', '481', '837', '343', '604', '282']
['447']
['216', '44']
['732', '652', '624']
['79', '876', '127', '407', '724', '461', '667', '192', '961', '921', '823', '302', '937', '99', '757', '364', '535', '263']
['120', '62', '97', '433', '279', '271', '525', '505', '810', '605', '527', '550', '96', '202', '794', '579', '546', '453']
['169', '555', '443', '476', '188', '975', '920', '450', '707', '737', '422', '47', '621', '988', '758', '847', '146', '982']
['908', '384', '303', '298', '340', '333', '370', '813', '948', '677', '408', '831', '522', '728', '58', '264', '472', '526']
['355', '558', '933', '938', '280', '226', '81', '236', '148', '199', '895', '464', '429', '972', '930', '750', '75', '691']
['342', '610']
['588', '893', '357']
['234', '978', '444', '957', '983', '554', '607', '743', '865', '13', '992', '17', '1', '800', '67', '45', '685', '537']
['87', '198', '33', '980', '928', '101', '64', '782', '306', '598', '792', '639', '246', '183', '162', '771', '238', '708']
['627', '289', '60', '451', '839', '822', '319', '513', '37', '68']
['971', '361', '833', '152', '86', '817', '568', '734', '679', '121', '894', '739', '711', '590', '498', '650', '700', '760']
['2', '799', '165', '829', '544']
['490', '175', '335', '492', '336', '207', '291', '567', '365', '646', '267', '187', '346', '142', '130', '250', '275', '589']
['394']
['156']
['676', '896', '181']
['113', '661', '594', '744', '521', '437', '82']
['478']
['932', '704', '530', '179', '786', '360', '296', '597', '523', '658']
['764', '549', '618', '538', '572', '494', '878']
['392']
['766', '351']
['293', '354', '98']
['459', '643']
['230', '866', '635', '283', '221', '819', '380', '117', '446', '915', '726', '277', '457', '239', '780', '134', '411', '356']
['255', '777', '295', '587', '848', '173', '871', '723', '504', '793', '581', '556', '419', '349', '244', '561', '193', '592']
['984', '253', '493', '857', '131', '177', '979', '245', '956', '564', '509', '698', '126', '840', '783', '10', '52', '615']
['553', '213', '672', '141', '425', '828', '122', '947', '867', '41', '720', '403', '26', '415', '576', '485', '671', '745']
['479', '862', '514', '785', '969', '795', '385', '584', '473', '227', '690', '241', '727', '413', '502', '949', '144', '209']
['109', '924']
['452', '695', '345']
['23', '465', '29', '552', '412', '353', '965', '686', '649', '899', '951', '487', '520', '482', '321', '393', '488', '922']
['297', '197', '843', '3', '88', '702', '73', '925', '945', '395', '623', '388', '124', '439', '836', '251', '240', '261']
['542', '904', '463', '731', '583', '194', '440', '184']
['224', '84']
['484', '890', '877']
['445', '510', '42', '318', '462', '805', '901', '108', '850', '601', '70', '765', '125', '688', '545', '944', '89', '428']
['976', '155', '989']
['28']
['284']
['205', '706', '637', '311', '802', '135', '636', '602', '102', '305', '746', '49', '900', '104', '892', '243', '424', '814']
['218', '529', '55', '858', '317', '897', '382', '325', '519', '21', '551', '112', '454', '675', '612', '807', '235', '736']
['191']
['170', '288', '506', '185', '77', '137', '375', '662', '741', '51']
['797', '714', '997', '927', '784', '427', '324', '781', '872', '903', '954', '973', '71', '34', '548', '755', '65', '599']
['559', '641', '851']
['149', '272', '575', '569', '801', '107', '512', '36', '339', '76', '40', '703', '268', '153', '63', '329', '718', '958']
['252', '634', '681', '689', '103', '730', '787', '200', '434', '414', '789', '562', '803', '692', '753', '338', '426', '875']
['735', '806', '140', '625', '936', '841', '300', '788', '721', '312', '725', '417', '223', '285', '448', '11', '195', '30']
['292', '344', '281', '66', '190', '617', '653', '560', '845', '410', '455', '578', '145', '664', '323', '595', '616', '164']
