['687', '103', '769', '837', '288', '599', '2', '915', '565', '226', '824', '159', '586', '142', '227', '881', '408', '510', '119', '404', '779', '383', '228', '62', '212', '978', '225', '753', '324', '239', '331', '740', '882', '669', '889', '417', '265', '812', '277', '401']
['30', '451', '352', '170', '396', '688', '447', '519', '790', '123', '853', '476', '12', '630', '973', '756', '87', '948', '500', '858', '300', '234', '849', '924', '672', '261', '11', '498', '951', '68', '255', '191', '987', '547', '728', '313', '981', '88', '80', '329']
['36', '730', '31', '23', '173', '592', '69', '24', '236', '482', '16', '955', '511', '46', '270', '379', '638', '529', '339', '453', '759', '851', '426', '985', '205', '276', '719', '805', '130', '364', '76', '542', '833', '566', '400', '842', '541', '391', '494', '208']
['878', '696', '937', '705', '665', '926', '377', '902', '781', '903', '590', '646', '521', '943', '295', '560', '47', '991', '146', '397', '178', '958', '413', '356', '196', '102', '430', '911', '818', '935', '544', '813', '237', '709', '914', '972', '603', '771', '182', '707']
['110', '789', '657', '43', '650', '375', '855', '301', '715', '721', '528', '876', '697', '950', '742', '162', '216', '913', '6', '107', '214', '823', '668', '465', '893', '691', '949', '724', '64', '61', '788', '218', '831', '938', '436', '39', '468', '947', '990', '92']
['157', '777', '131', '171', '66', '975', '185', '928', '490', '407', '347', '758', '144', '755', '474', '180', '201', '241', '967', '677', '343', '916', '248', '612', '543', '134', '75', '793', '834', '445', '124', '626', '114', '703', '798', '770', '259', '63', '854', '389']
['652']
['336', '607', '85', '649', '787', '82', '971', '760', '561', '600', '601', '118', '954', '797', '912', '420', '675', '799', '865', '725', '484', '628', '772', '859', '531', '362', '390', '681', '197', '312', '467', '222', '244', '337', '20', '139', '81', '763', '637', '829']
['250']
['535', '266', '346', '79', '309', '432', '183', '852', '192', '520', '992', '258', '538', '825', '275', '899', '293', '481', '435', '751', '286', '819', '215', '140', '253', '325', '10', '555', '898', '702', '338', '737', '54', '807', '67', '203', '774', '470', '415', '706']
['804', '3', '504', '578', '861', '175', '690', '738', '698', '252', '907', '525', '354', '358', '527', '713', '334', '323', '52', '873', '163', '245']
['418', '714', '642', '780', '473', '179', '822', '917', '961', '365', '37', '264', '848', '452', '998', '680', '968', '22', '964', '631', '423', '9', '843', '487', '386', '153', '166', '598', '965', '71', '421', '847', '41', '623', '374', '615', '328', '440', '976', '587']
['169']
['839', '553', '410', '682', '176', '746', '571', '994', '307', '645']
['422', '243', '55', '455', '33', '100', '269', '750', '366', '155', '65', '557', '729', '532', '906', '381', '50', '618', '488', '83', '380', '505', '42', '731', '448', '233', '716', '768', '572', '927', '526', '198', '989', '762', '530', '302', '651', '45', '461', '369']
['656', '933', '496', '34', '699', '206', '137', '901', '53', '18', '283', '247', '478', '321', '512', '796', '172', '109', '143', '588', '701', '939', '158', '372', '694', '904', '382', '539', '643', '49', '515', '161', '394', '56', '956', '722', '744', '830', '141', '932']
['792']
['220', '602', '94', '121', '0', '879', '221', '254', '149', '8', '864', '741', '189', '129', '70', '355', '887', '997', '826', '395', '294', '133', '151', '569', '727', '573', '285', '685', '219', '28', '296', '579', '73', '791', '444', '835', '523', '136', '60', '378']
['441', '589', '640', '120', '983', '17', '284', '477', '679', '689', '605', '683', '89', '886', '167', '828', '900', '472', '549', '814', '128', '754', '317', '398', '670', '660', '491', '256', '802', '195', '411', '268', '194', '875', '765', '766', '272', '946', '616', '757']
['21', '870', '929', '614', '260', '945']
['739', '995', '15', '117', '632']
['629', '242', '606', '77', '238', '315', '193', '497', '617', '583', '148', '495', '941', '692', '717', '732', '230', '785', '330', '962', '232', '736', '425', '132', '314', '776', '594', '499', '442', '434', '841', '113', '101', '821', '463', '624', '345', '711', '493', '13']
['97']
['98', '678', '554', '953', '503', '402', '405', '29', '761', '462', '942', '147', '35', '874', '684', '458', '552', '622', '704', '125', '240', '188', '471', '634', '986', '466', '281', '545', '506', '591', '211', '584', '446', '213', '335', '891', '784', '385', '923', '304']
['393', '884', '866', '595', '735', '800', '723', '437', '502', '93', '279', '963', '165', '249', '475', '483', '210', '930', '815', '291', '200', '1', '424', '674', '95', '695', '743', '988', '918', '984', '86', '74', '431', '58', '957', '609', '513', '126', '184', '209']
['150', '27', '562', '72', '639', '501', '593', '299', '322', '443', '662', '862', '342', '596', '749', '524', '856', '306', '877', '712', '846', '127', '734', '610', '910', '568', '627', '860', '693', '811', '333', '25', '204', '326', '979', '439', '290', '654', '775', '920']
['621', '187', '655', '974', '51', '868', '48']
['940', '667', '384', '514', '993', '647', '970', '486', '820', '563', '664', '644', '156', '341', '105', '648', '231', '457', '585', '661', '533', '710', '399', '536', '104', '608', '344', '880', '489', '778', '977', '885', '840', '14', '449', '373', '297', '479', '273', '550']
['576', '558', '922', '850', '896', '959', '507', '282', '450', '666', '7', '262', '370', '419', '748', '996', '551', '966', '59', '925']
['287', '659', '580', '469', '454', '368', '115', '460', '251', '747', '635', '982', '897', '480', '152', '944', '257', '229', '570', '190', '641', '111', '96', '263', '429', '516', '199', '409', '349', '353', '360', '433', '91', '412', '267', '223', '537', '892', '894', '564']
['653', '895', '726', '160', '174']
['980', '332', '795', '676', '773', '403', '359', '371', '720', '5', '217', '181', '122', '316', '340', '292', '38', '246', '145', '764', '298', '271', '582', '303', '909', '154', '803', '936', '810', '857', '289', '806', '574', '485', '363', '164', '808', '782', '559', '969']
['872', '207', '700', '318', '745', '376', '138', '794', '112', '597', '540', '278', '816', '320', '90', '319', '168', '931', '809', '708', '308', '832', '733', '783', '919', '235', '40', '305', '838', '844', '567', '633', '686', '575', '348', '509', '673', '464', '57', '350']
['636', '406', '387', '311', '357', '351', '414', '416', '999', '613', '492', '905', '960', '625', '836', '619', '4', '438', '202', '518', '392', '827', '863', '581', '871', '888', '19', '546', '801', '361', '367', '224', '718', '934', '952', '274', '99', '116', '548', '577']
['556', '388', '135', '517', '177', '817', '869', '786', '84', '867', '427', '921', '767', '611', '671', '752', '44', '658', '845', '508', '78', '663', '459', '280', '883', '620', '428', '908', '890', '604', '456', '32', '26', '186', '108', '106', '327', '534', '522', '310']
