['876', '105', '62', '854', '143', '113', '77', '489', '137', '479', '176', '182', '764', '799', '828', '681', '624', '999', '229', '194', '769', '972', '28', '673', '280', '115', '117', '504', '530', '414', '737', '831', '706', '797', '915', '347', '55', '782', '976', '484', '909', '902', '931', '960', '968', '376', '712', '197', '442', '866', '581', '460', '566', '283', '547', '553', '294', '27', '276', '843', '832', '268', '856', '498', '647', '53', '817', '568', '444', '837', '405', '441', '238', '914', '481', '357', '950', '419', '149', '13']
['697']
['794']
['807']
['422']
['616']
['990']
['58']
['796']
['409']
['439']
['11']
['657']
['213']
['529']
['61']
['189']
['95']
['267']
['245']
['103']
['610']
['880']
['394']
['411']
['133']
['809']
['587']
['211']
['507']
['720']
['687']
['824']
['106']
['6']
['246']
['46']
['472']
['559']
['585']
['601']
['844']
['172']
['848']
['947']
['977']
['90']
['543']
['924']
['771']
['904']
['192']
['541']
['641']
['916']
['123']
['187']
['451']
['78']
['649']
['20']
['669']
['869']
['686']
['134']
['223']
['98']
['67']
['314']
['679']
['334']
['703']
['590']
['813']
['8', '104']
['232', '477', '47', '825']
['81', '793', '321', '926', '256', '740']
['297', '702', '408', '209', '735', '632', '378']
['570', '70', '459', '710', '374', '546', '512', '600', '861', '572', '975', '680', '688', '971']
['9', '698', '305', '494', '469', '678', '707', '93', '973']
['554', '537', '336', '249', '873', '724', '168', '722', '431', '903', '404', '674', '928', '578', '790', '155', '739', '767', '937', '153', '548', '608']
['464', '124', '987', '941', '85', '626', '528', '114', '473', '335', '765', '573', '829', '402', '695', '370', '60', '185', '180', '325', '609', '360', '524', '344', '945', '773', '675', '421']
['313', '251', '343', '34', '560', '564', '1', '718', '878', '178', '883', '331', '290', '122', '545', '779', '574', '982', '417', '380', '874', '932', '614', '682', '145', '756', '992', '980', '671', '282', '742', '749', '463']
['748', '656', '259', '527', '217', '795', '315', '895', '868', '804', '810', '413', '525', '592', '140', '652', '40', '367', '830', '88', '410', '588', '327', '204', '340', '25', '355']
['23', '395', '659', '447', '184', '237', '174', '533', '235', '266', '50', '500', '373', '326', '389', '75', '943', '181', '381', '68', '274', '301', '158', '277', '384', '41', '19', '508', '520', '96', '87', '997', '871', '222', '951', '744', '967', '18', '310', '991', '440', '676', '636', '670']
['879', '704', '743', '716', '957', '252', '736', '212', '278', '80', '884', '345', '689', '333', '324', '54', '728', '849', '605', '210', '466', '634', '393', '784', '148', '922', '89', '510', '443', '160', '299', '14', '774', '476', '107', '539', '42', '467', '906', '912', '964', '244', '196', '465', '921', '423', '803']
['540', '983', '200', '701', '836', '753', '82', '186', '154', '386', '630', '598', '785', '488', '996', '240', '576', '16', '387', '2', '227', '818', '558', '745', '29', '322', '563', '165', '349', '438', '358', '654', '307', '480', '571', '435', '318', '52', '620', '206', '898', '888', '870', '129', '621', '595', '323']
['633', '125', '781', '808', '513', '91', '542', '604', '437', '247', '230', '821', '293', '685', '26', '816', '761', '366', '350', '998', '899', '562', '826', '775', '86', '591', '427', '152', '925', '171', '615', '752', '985', '32', '664', '658', '952', '190', '575', '984']
['930', '362', '677', '470', '346', '226', '420', '486', '723', '894', '407', '260', '316', '275', '642', '304', '455', '391', '312', '705', '579', '92', '631', '234', '551', '126', '369', '250', '289', '693', '38', '147', '959', '298', '57', '475', '577', '319', '691', '118', '284', '694', '970', '265', '30', '183', '170', '108', '988', '896', '637', '36', '207', '852', '727', '840', '791', '596', '981', '648', '995', '519', '157', '913', '120', '359', '891', '44', '788', '717', '339', '882', '261', '0', '253', '827', '116', '783', '907', '855']
['516']
['164']
['908']
['645']
['754']
['994']
['383']
['561']
['241']
['979']
['492']
['198']
['461']
['623']
['515']
['175']
['499']
['851']
['329']
['892']
['225']
['203']
['651']
['150']
['271']
['351']
['684']
['890']
['940']
['661']
['619']
['83']
['309']
['805']
['63']
['320']
['364']
['306']
['65']
['569']
['644']
['531']
['418']
['905']
['35']
['602']
['205']
['317']
['911']
['897']
['653']
['919']
['502']
['709']
['84']
['59']
['135']
['291']
['521']
['99']
['978']
['497']
['139']
['375']
['365']
['946']
['993']
['777']
['255']
['110']
['927', '132']
['734', '239', '526']
['893']
['850', '273', '490', '929']
['449', '436', '236', '864', '448', '787']
['759', '31', '5', '580', '228', '692', '747', '385']
['64', '549', '823', '857', '936', '458', '534', '814', '263', '948', '552', '944']
['412', '401', '733', '399', '746', '640', '127', '10', '762', '101', '446', '792', '161', '74', '544', '302']
['835', '567', '337', '877', '7', '918', '482', '917', '270', '555', '730']
['281', '400', '845', '627', '887', '39', '842', '934', '750', '969', '966', '668', '666', '285', '715', '352', '300', '131', '243', '820', '286']
['683', '22', '672', '76', '863', '483', '962', '741', '965', '518', '233', '699', '565', '396', '429', '474', '708', '258', '208', '910', '71', '468', '471', '986', '66']
['363', '173', '264', '456', '262', '242', '758', '622', '822', '550', '37', '295', '665', '532', '415', '130', '121', '711', '838', '582', '51', '169', '311', '342', '288', '806', '493', '538', '272', '503', '188', '839', '450']
['635', '179', '48', '348', '607', '432', '390', '191', '886', '109', '478', '102', '388', '328', '974', '56', '696', '72', '613', '819', '368', '757', '491', '949', '487', '650', '536']
['119', '583', '522', '33', '454', '94', '73', '151', '254', '719', '100', '269', '136', '166', '597', '392', '617', '770', '860', '881', '453', '853', '589', '789', '371', '760', '12', '501', '603', '958', '224', '201', '505', '865', '811', '726', '655', '341', '763', '162', '220']
['535', '509', '780', '4', '495', '514', '643', '218', '700', '889', '738', '377', '215', '662', '3', '193', '214', '356', '425', '445', '24', '142', '786', '606', '667', '403', '953', '382', '159', '430', '690', '303', '778', '938', '660', '846', '462', '144', '69', '800', '939', '772']
['611', '942', '434', '776', '714', '584', '755', '496', '862', '221', '485', '292', '721', '397', '398', '713', '111', '955', '112', '330', '961', '231', '875', '167', '49', '163', '287', '156', '406', '457', '954', '279', '731', '593', '424', '433', '989', '45', '798', '638', '506']
['847']
['900', '901', '332', '956', '141', '935', '416', '732', '97', '815', '628', '219', '612', '372', '216', '248', '751', '766', '361', '963', '79', '21', '177', '599', '556', '859', '15', '202', '354', '625', '629', '920', '885', '801', '43', '426', '308', '618', '379', '296', '17', '257', '511', '768', '841', '923', '933', '199', '452', '146', '138', '639', '338', '353', '663', '729', '833', '646', '834', '523', '557', '867', '594', '872', '812', '725', '128', '428', '586', '195', '802', '517', '858']
