['228', '461', '557', '808', '452', '172', '141', '220', '484', '230', '790', '457', '397', '523', '499', '640', '152', '258', '287', '89']
['684', '579', '629', '168']
['478', '295', '423', '150']
['451', '687', '254']
['535', '754']
['232', '71', '226']
['284', '752', '765', '815']
['657', '43', '555']
['431', '779', '180']
['92', '259', '182']
['248', '514', '134']
['633', '320', '563', '446']
['206', '767', '179']
['193', '83', '326']
['192', '800', '474']
['413', '81', '251']
['587', '276', '652', '638']
['24', '475', '804']
['715', '732', '186']
['316', '608', '213', '774']
['634', '456', '384']
['400', '293', '331']
['598', '298', '74']
['654', '318', '321']
['11', '64', '670']
['480', '487', '735', '663']
['627', '702', '109', '639']
['28', '454', '449']
['112', '2', '6', '370']
['143', '659', '327']
['771', '110', '77']
['538', '470', '367', '97']
['736', '817', '812', '211']
['580', '241', '247']
['122', '107', '748']
['210', '332', '644', '368']
['780', '522', '153', '682']
['429', '80', '706']
['582', '170', '162']
['405', '425', '25']
['174', '169', '35', '444']
['63', '738', '33', '500']
['469', '757', '734']
['490', '341', '596', '90']
['381', '428', '243', '329']
['760', '805', '151']
['788', '806', '463', '350']
['154', '772', '668', '285']
['415', '561', '552']
['266', '542', '270']
['688', '792', '306', '778']
['121', '301', '455', '106']
['242', '147', '728', '595']
['72', '244', '791']
['178', '26', '585']
['544', '786', '521', '669']
['550', '402']
['60', '618', '288']
['142', '510', '307']
['323', '289', '730']
['763', '427', '87']
['506', '325', '507', '605']
['278', '282', '296']
['665', '252', '291']
['58', '61', '96']
['762', '662', '416']
['95', '565', '436', '628']
['108', '698', '435']
['104', '191', '519', '447']
['176', '515', '233']
['421', '517', '577']
['135', '722', '155', '717']
['600', '417', '437', '798']
['769', '292']
['328', '212', '611']
['409', '256', '794', '393']
['594', '401', '406', '377']
['562', '197', '20', '645']
['661', '613', '183']
['799', '398', '789', '592']
['744', '113', '79']
['751', '467', '403']
['84', '14', '667']
['23', '559', '494']
['655', '440', '610', '199']
['570', '630', '102', '333']
['689', '277', '22']
['459', '101', '166']
['802', '503', '531']
['44', '694', '737', '238']
['567', '399', '533', '588']
['408', '204', '324']
['171', '66', '770']
['512', '589', '27']
['708', '620', '388']
['711', '430', '723']
['607', '422', '412', '338']
['98', '317', '78', '40']
['764', '124', '460']
['683', '466', '504']
['553', '48', '578']
['465', '704', '271']
['133', '391', '185']
['161', '443', '309']
['313', '486', '666', '746']
['274', '50']
['137', '621', '591']
['351', '145', '105']
['572', '177', '511']
['202', '536', '356', '750']
['344', '724', '759']
['262', '312', '360', '410', '749']
['547', '660', '445', '127']
['116', '85', '725', '729']
['255', '614', '34', '396']
['319', '584', '619', '314']
['49', '650', '545', '616']
['714', '229', '130']
['283', '268', '99', '556']
['569', '164', '195']
['111', '175', '481', '601']
['345', '53', '311']
['602', '235', '586']
['335', '18', '302', '361']
['741', '47', '813']
['330', '219', '713']
['272', '117', '479', '534']
['136', '303', '139']
['807', '222', '686', '755']
['123', '648', '218', '583']
['343', '612', '477']
['720', '279', '37']
['45', '46', '647']
['777', '560', '214']
['375', '304', '785', '505']
['656', '371', '745', '190', '458', '508', '31', '529', '273', '701', '784', '15', '524', '354', '703', '389', '359', '424', '149', '532']
['493', '132', '679', '146', '305', '32', '364', '114', '103', '76', '606', '773', '203', '65', '160', '646', '743', '649', '700', '234']
['576', '138', '267', '158', '653', '420', '225', '12', '599', '70', '568', '269', '181', '495', '571', '94', '581', '782', '603', '674']
['120', '464', '215', '290', '374', '747', '528', '691', '520', '365', '209', '253', '348', '483', '281', '498', '642', '635', '803', '527']
['617', '373', '369', '432', '9', '363', '194', '548', '294', '501', '404', '811', '227', '496', '574', '641', '468', '260', '386', '554']
['196', '68', '488', '631', '52']
['453', '382', '693']
['551', '3', '419', '709']
['526', '16', '390']
['56', '672', '334', '566']
['733', '795', '1', '336']
['721', '167', '491']
['540', '793', '245']
['624', '347', '69']
['379', '57', '783', '632']
['549', '140', '299']
['208', '362', '546']
['462', '315', '42']
['664', '636', '184', '29']
['818', '39', '261']
['165', '775', '38']
['575', '442', '438', '597']
['366', '489', '144']
['237', '699', '86', '54']
['509', '59', '128', '497']
['51', '115', '716']
['126', '198', '418', '539']
['541', '671', '353']
['392', '439', '41', '758']
['753', '201', '766']
['625', '13', '62']
['516', '8', '590']
['768', '340', '626']
['275', '240']
['82', '148', '787']
['355', '543', '7']
['781', '264', '472']
['810', '710', '615', '604']
['217', '231', '125']
['756', '675', '718', '761']
['189', '380', '740']
['257', '564', '308', '450']
['492', '73', '4']
['385', '558', '776']
['91', '10', '537']
['705', '118', '448', '236']
['263', '310', '525']
['676', '376', '441']
['433', '383', '796']
['187', '681', '207']
['593', '473', '55']
['414', '17', '346', '573']
['342', '163', '129']
['131', '518', '378', '623']
['349', '476', '100']
['286', '801']
['485', '727', '300', '156']
['482', '719', '816', '677']
['651', '712', '0', '265']
['502', '471', '658', '224']
['707', '188', '67', '407']
['119', '692', '19', '690']
['75', '395', '678']
['680', '246', '513', '797']
['21', '809', '426']
['696', '337', '93', '622']
['673', '685', '643']
['731', '200', '250']
['5', '159', '173', '322']
['637', '239', '30']
['387', '609', '297', '726']
['411', '339', '357']
['216', '695', '739']
['742', '157', '205', '372']
['530', '358', '352', '223']
['814', '394', '249']
['280', '697', '221']
['88', '36', '434']
