['195', '261', '468', '56', '288', '447']
['387', '104', '192']
['6', '348', '238', '127']
['381']
['31', '479', '361', '113', '316']
['399', '166', '295', '235']
['105', '266', '286', '497', '328', '426']
['44', '194', '303']
['170', '23', '474']
['425', '168', '1', '322', '327']
['267', '499', '46', '239', '411', '362']
['482', '481', '444', '443', '34', '91']
['352', '325', '456', '423', '435', '29']
['344', '476', '401', '355', '241', '365']
['312', '84', '116', '96', '49', '103']
['380', '128', '65', '200', '207', '397']
['432', '59', '237', '485', '255', '70']
['262', '41', '498', '404', '225', '155']
['97', '40', '140', '215', '212', '484']
['159', '137', '398', '11', '492', '163']
['260', '138', '306', '406', '72', '94']
['10', '340', '415', '169', '71', '256']
['383', '466', '74']
['409', '293', '180']
['87', '496', '142', '311', '125', '0']
['473', '385', '9']
['132']
['343', '326', '246', '430', '279', '384']
['30', '47', '454', '108', '178', '272']
['119', '393', '364']
['446', '363', '197', '117', '297', '424']
['465', '244']
['92']
['193']
['88']
['480', '62', '162', '275']
['242']
['51', '157', '50', '15']
['436']
['110', '494', '449', '301']
['448', '121', '370']
['85', '373', '93', '109', '353', '254']
['223', '335', '369']
['233', '310', '421']
['291']
['445', '152', '36', '199']
['14', '219', '299']
['228', '442', '203', '213', '495']
['124', '273', '144', '331', '147', '154']
['184', '422', '282', '77', '227', '149']
['461', '427', '48', '431', '53', '209']
['309', '2', '349', '259', '55', '158']
['478', '376', '230', '148', '287', '4']
['302', '133', '357', '135', '453', '372']
['338', '390', '467', '42', '181', '82']
['247', '17', '434', '451', '253', '459']
['258', '396', '332', '487', '405', '153']
['35', '420', '315', '220', '90', '25']
['58', '358', '457', '379', '83', '418']
['440', '439', '43', '161', '493', '395']
['336', '13', '263', '150', '8', '285']
['86', '265', '450', '308', '294', '64']
['120', '329', '21', '67', '208', '298']
['224', '375', '460', '229', '471', '226']
['26', '417', '167', '39', '300', '318']
['60', '179', '20', '345', '462', '313']
['389', '296', '186', '368', '129', '126']
['323', '243', '330', '433', '284', '63']
['115', '438', '333', '76', '146', '250']
['470', '27', '339', '202', '356', '350']
['452', '176', '392', '66', '281', '130']
['414', '477', '367', '236', '491', '400']
['252', '251', '173', '3', '394', '33']
['264', '99', '324', '314', '469', '240']
['455', '112', '80', '191', '89', '412']
['292', '463', '486', '139', '68', '337']
['437', '160', '276', '257', '101', '245']
['188', '183', '391', '45', '151', '7']
['12', '320', '61', '488', '118', '177']
['441', '249', '489', '102', '234', '123']
['38', '122', '416', '52', '222', '248']
['201', '305', '190', '175', '428', '410']
['475', '269', '145', '232', '81', '73']
['54', '156', '346', '198', '366', '107']
['205', '283', '165', '211', '408', '304']
['57', '413', '360', '22', '347', '210']
['217', '221', '143', '359', '407', '278']
['402', '19', '196', '106', '342', '270']
['351', '377', '464', '18', '171', '289']
['231', '218', '472', '134', '100', '334']
['189', '111', '386', '75', '187', '321']
['98', '319', '271', '24', '277', '403']
['371', '280', '341', '28', '172', '185']
['206', '268', '307', '95', '5', '378']
['354', '490', '274', '290', '32', '204']
['388', '429', '131', '114', '182', '78']
['69', '374', '458', '419', '136', '164']
['79', '16', '214', '483', '216', '174']
['382', '317']
['141', '37']
