['604']
['856']
['662']
['158']
['525']
['854']
['337']
['267']
['710']
['880']
['905']
['463']
['739']
['201']
['431']
['107']
['181']
['821']
['677']
['712', '793', '512', '308']
['467']
['91']
['492']
['628']
['349']
['867']
['388']
['323']
['237']
['697']
['23']
['592']
['480']
['486']
['864']
['68']
['478']
['217']
['824']
['271']
['893']
['108']
['251']
['523']
['561']
['90']
['16']
['657']
['916']
['944']
['767']
['830']
['629']
['511']
['571']
['532']
['803']
['477']
['900']
['713']
['143']
['103']
['186']
['36']
['109']
['233']
['806']
['715']
['843']
['280']
['460']
['619']
['759']
['566']
['896']
['26']
['112']
['597']
['605']
['371']
['665']
['836']
['283']
['917']
['949']
['456']
['607']
['76']
['375']
['868']
['789']
['563']
['81']
['66']
['324']
['346']
['224']
['140']
['458']
['238']
['621']
['209']
['641']
['153']
['134']
['907']
['666']
['808']
['368']
['111']
['136']
['585']
['335']
['567']
['52']
['913']
['22']
['849']
['842']
['557']
['579']
['805']
['461']
['493']
['279']
['135']
['753']
['312']
['581']
['450']
['292']
['447']
['33']
['247']
['157']
['105']
['742']
['226']
['844']
['208']
['818']
['738']
['731']
['147']
['54']
['740']
['399']
['902']
['686']
['166']
['859']
['845']
['195']
['638']
['615']
['287']
['304']
['823']
['387']
['306']
['21']
['35']
['380']
['860']
['580']
['491']
['673', '481', '702']
['291', '582', '908', '762', '189', '84', '503', '781', '616', '587', '650', '253', '138', '606', '704', '0', '121', '168', '327', '894', '914', '115', '329', '780', '620', '623', '192', '816', '385', '266', '540', '28', '776', '899', '772', '430', '873', '906', '703', '58', '910', '225', '535', '446', '729', '203', '768', '343', '521', '921', '4', '215', '611', '300', '727', '410', '676', '722', '392', '141', '736', '826', '771', '298', '549', '814', '918', '751', '284', '102', '417', '366', '920', '681', '333', '282', '254', '148', '644', '936', '264', '719', '437', '389', '14', '440', '6', '117', '617', '671', '931', '344', '862', '668', '459', '361', '204', '654', '848', '630', '720', '42', '363', '689', '442', '761', '319', '483', '85', '812', '758', '725', '721', '883', '384', '754', '295', '516', '955', '757', '591', '577', '716', '909', '270', '328', '498', '539', '462', '64', '2', '663', '784', '106', '583', '245', '509', '296', '687', '832', '956', '288', '207', '67', '813', '315', '792', '749', '790', '664', '396', '544', '522', '239', '903', '469', '672', '514', '586', '365', '164', '572', '127', '886', '63', '669', '798', '452', '223', '637', '576', '787', '154', '700', '321', '733', '87', '53', '933', '853', '783', '10', '953', '622', '578', '943', '819', '775', '827', '248', '861', '730', '179', '473', '194', '110', '382', '528', '9', '393', '453', '305', '258', '133', '674', '875', '214', '172', '829', '425', '15', '391', '43', '120', '222', '455', '468', '925', '505', '515', '833', '574', '197', '932', '541', '766', '839', '537', '494', '246', '118', '684', '161', '269', '834', '717', '124', '782', '708', '275', '165', '825', '464', '639', '210', '177', '747', '373', '691', '99']
['376', '187', '513', '342', '370', '162', '178', '358', '755', '656', '170', '904', '487', '17', '228', '595', '898', '696', '145', '575', '555', '213', '339', '71', '59', '568', '624', '82', '538', '362', '93', '441', '941', '330', '397', '840', '359', '421', '596', '125', '543', '185', '163', '25', '419', '912', '61', '303', '599', '357', '198', '274', '40', '113', '545', '241', '408', '878', '889', '88', '773', '182', '457', '847', '556', '281', '316', '743', '518', '377', '935', '378', '750', '426', '791', '128', '77', '626', '876', '317', '470', '313', '12', '39', '412', '653', '196', '714', '625', '948', '680', '273', '220', '501', '83', '550', '29', '870', '44', '590', '756', '56', '190', '309', '874', '244', '930', '651', '951', '809', '882', '683', '857', '562', '648', '260', '411', '940', '272', '779', '104', '871', '695', '438', '488', '11', '526', '718', '205', '678', '191', '57', '631', '114', '850', '785', '325', '439', '435', '828', '711', '413', '340', '701', '647', '433', '8', '633', '55', '427', '37', '5', '472', '183', '797', '504', '608', '837', '519', '584', '262', '146', '496', '536', '745', '929', '660', '945', '643', '252', '206', '354', '911', '454', '277', '553', '47', '74', '788', '799', '600', '763', '45', '451', '193', '129', '174', '570', '289', '131', '895', '41', '744', '891', '698', '436', '367', '863', '794', '156', '360', '474', '774', '180', '221', '897', '924', '646', '78', '428', '445', '855', '885', '49', '332', '404', '318', '434', '499', '227', '635', '693', '374', '923', '475', '589', '778', '573', '682', '415', '866', '661', '602', '51', '423', '810', '38', '769', '649', '331', '807', '406', '390', '851', '838', '416', '20', '159', '405', '888']
['80']
['310']
['152']
['290']
['520']
['18']
['50']
['938']
['13']
['952']
['256']
['297']
['846']
['901']
['497', '709', '398', '950', '612', '835', '527', '364', '414', '548', '242', '524', '96', '869', '529', '502', '786', '320', '890', '610', '34', '311', '137', '764', '184', '811', '353', '211', '350', '286', '422', '593', '31', '232', '176', '150', '482', '560', '301', '841', '694', '243', '618', '659', '60', '345', '655', '884', '922', '394', '642', '547', '804', '30', '489', '92', '726', '770', '614', '954', '934', '831', '531', '268', '261', '865', '449', '348', '144', '500', '746', '265', '48', '219', '307', '424', '565', '927', '530', '801', '915', '706', '294', '3', '737', '658', '369', '27', '418', '815', '278', '508', '598', '939', '471', '822', '400', '723', '255', '558', '429', '636', '314', '692', '926', '216', '169', '946', '62', '510', '594', '765', '65', '175', '19', '685', '707', '634', '760', '601', '699', '517', '69', '116', '338', '569', '75', '336', '613', '465', '171', '892', '495', '142', '395', '218', '351', '326', '119', '240', '293', '476', '675', '670', '202', '123', '403', '748', '383', '212', '98', '877', '752', '484', '155', '506', '7', '101', '402', '485', '95', '24', '858', '800', '79', '542', '796', '817', '947', '554', '151', '257', '250', '160', '627', '444', '802', '645', '552', '479', '200', '100', '937', '443', '546', '1', '302', '432', '852', '188', '263', '386', '70', '632', '603', '507', '734', '688', '559', '231', '420', '795', '490', '97', '777', '149', '229', '352', '379', '285', '409', '334', '533', '46', '32']
['276']
['407']
['741', '122']
['249']
['381']
['872']
['372']
['73']
['236']
['942']
['724']
['735']
['640']
['928']
['299']
['564']
['401']
['139']
['879']
['551']
['341']
['919']
['86']
['466']
['356']
['690']
['234']
['652']
['199']
['588']
['448']
['887']
['126']
['355']
['72']
['679']
['732']
['820']
['130']
['347']
['322']
['167']
['881']
['609']
['534']
['132']
['259']
['705']
['728']
['173']
['235']
['667']
['230']
['94']
['89']
