['6', '507', '100', '45', '653', '425', '29', '546', '141', '434']
['106']
['569']
['166']
['173']
['123']
['442']
['380']
['515']
['178']
['639']
['13']
['622']
['272']
['296']
['392']
['700']
['97']
['603']
['94']
['797']
['454']
['411']
['99']
['295']
['351']
['184']
['445']
['285']
['378']
['77']
['177']
['824']
['565']
['457']
['451']
['145']
['428']
['399']
['470']
['414']
['182']
['80']
['656']
['587']
['343']
['452']
['363']
['418']
['786']
['18']
['516']
['513']
['789']
['302']
['140']
['487']
['643']
['670']
['467']
['12']
['353']
['437']
['813']
['43']
['121']
['768']
['501']
['749']
['44']
['114']
['57']
['784']
['816']
['815']
['214']
['410']
['676']
['756']
['116']
['391']
['339']
['737']
['648']
['746']
['628']
['370']
['283']
['179']
['340']
['732']
['684']
['523']
['624']
['479']
['833']
['404']
['721']
['747']
['662']
['597', '671']
['83']
['739', '216', '767']
['49', '336']
['241']
['342', '84', '314', '48']
['47', '386']
['719', '510']
['547', '238']
['400', '494', '761', '650', '576']
['698', '741', '219', '744']
['485', '311', '774']
['359', '636', '811', '519']
['534', '785', '255']
['592', '715', '383', '357', '664', '202', '652', '441']
['356', '820', '56', '630', '207']
['270', '571', '605', '377', '120']
['548', '136', '773', '257', '632']
['486', '395', '329', '482', '26', '705']
['98', '498', '687', '20', '149', '10']
['748', '274', '602', '185', '529']
['528', '436', '842', '131', '321']
['191', '641', '440', '375', '126', '660', '708', '278', '234']
['673', '54', '275', '843', '499']
['803', '743', '642', '276', '230', '672', '640']
['330', '619', '423', '535', '92', '777', '62', '795']
['567', '573', '204', '3', '520', '304']
['458', '28', '271', '675', '150', '544']
['133', '37', '110', '438', '78', '310', '629', '102', '358', '347']
['443']
['199']
['38', '59', '289', '144']
['354', '472', '263', '279', '577', '233', '781']
['657', '227', '361', '60']
['674', '322', '626', '148', '804', '659']
['665', '169', '394', '300', '570', '258', '439']
['518', '613', '341', '726', '30', '830', '758', '317', '2', '514']
['290', '164', '754', '9', '35', '72', '104', '689', '521', '344']
['316', '561', '172', '268', '23', '644', '609', '538', '723', '474']
['308', '631', '645', '555', '187', '480', '783', '220', '24']
['616', '108', '583', '326', '198', '782', '51', '610', '96', '799']
['153', '113', '838', '552', '266', '727']
['245', '151', '580', '349', '714', '109', '496', '488', '143', '209']
['239', '8', '736', '163', '484', '473', '757', '422', '718', '90']
['374', '770', '666', '655', '34', '286', '16', '91', '305']
['557', '463', '731', '531', '764', '19', '385', '511']
['137', '586', '154', '763', '574', '734', '85', '61', '225']
['762', '716', '197', '307', '156', '393', '203']
['604', '280', '560', '595', '33', '729']
['426', '504', '236', '596', '623', '366', '406']
['526', '417', '522', '407', '119', '79', '235']
['563', '40', '211', '635', '355', '223', '466', '124', '352']
['221', '256', '309', '345', '506', '697', '319', '168', '254', '594']
['68', '175', '582', '832', '158', '500', '491', '403', '277', '405']
['456', '107', '667', '807', '620', '88', '159', '551', '766', '95']
['147', '76', '134', '369', '814', '794', '180', '58', '695', '625']
['614', '409', '387', '651', '186', '127', '303', '111', '46', '725']
['65', '822', '247', '829', '388', '740', '69', '779', '32', '71']
['63', '200', '86', '798', '600', '176', '122', '730', '262', '524']
['800', '195', '819', '162', '281', '240', '229', '360', '210', '183']
['87', '537', '549', '769', '372', '826', '780', '834', '462', '508']
['146', '579', '433', '201', '139', '267', '566', '533', '81', '398']
['742', '412', '512', '679', '668', '431', '315', '590', '493', '543']
['618', '328', '589', '413', '192', '735', '42', '540', '39', '692']
['331', '396', '193', '802', '362', '471', '384', '188', '745', '14']
['160', '318', '243', '568', '481', '588', '132', '663', '615', '17']
['41', '683', '217', '115', '196', '52', '550', '1', '21', '249']
['427', '379', '752', '125', '649', '237', '338', '55', '724', '459']
['64', '232', '261', '299', '128', '839', '324', '646', '617', '70']
['31', '809', '753', '460', '251', '776', '817', '685', '821', '50']
['348', '678', '75', '224', '170', '801', '265', '253', '503', '558']
['401', '841', '717', '680', '601', '509', '710', '250', '89', '228']
['231', '424', '206', '591', '608', '844', '4', '67', '130', '490']
['293', '495', '554', '837', '793', '312', '350', '82', '469', '669']
['419', '539', '738', '273', '246', '661', '208', '477', '790', '306']
['294', '174', '699', '142', '796', '691', '611', '346', '478', '157']
['364', '489', '771', '825', '105', '212', '171']
['581', '637']
['22']
['320']
['541']
['792']
['244']
['194']
['167']
['606']
['430']
['818']
['189']
['25']
['720']
['475']
['27']
['461']
['703']
['129']
['765']
['682']
['365']
['103']
['402']
['612']
['702']
['112']
['751']
['371']
['693']
['0']
['585']
['313']
['453']
['376']
['759']
['455']
['483']
['138']
['373']
['536']
['634']
['327']
['5']
['584']
['733']
['226']
['707']
['333']
['711', '421', '598', '545']
['778']
['448', '621', '468', '599']
['638', '381']
['704']
['15', '527', '301']
['713', '269', '335', '7', '840', '101']
['633', '288', '74']
['161', '397', '420', '696']
['810', '408', '476', '694', '556']
['681', '248']
['264', '607', '575']
['218', '152', '572']
['808', '222', '578', '190', '728']
['706', '215', '260', '337']
['450', '298', '432', '502', '444', '505']
['647', '835', '805', '325', '690', '812', '416', '492']
['446', '497', '181']
['788', '701', '252']
['382', '284', '213', '517']
['791', '205', '542', '93', '155']
['282', '787', '562', '564', '593']
['775', '658', '750', '806', '465', '390']
['828', '553', '368']
['36', '73', '291', '464', '297', '827']
['836', '686', '823', '627', '415', '323', '135', '389']
['709', '11', '559', '688', '760']
['435', '429', '712', '117']
['722', '654', '677', '165', '532', '831']
['530', '449', '242', '447', '755']
['772']
['118', '292', '334', '332', '53', '525', '66', '287', '367', '259']
