['6', '272', '392', '285', '231', '486', '45', '309', '183', '449', '181', '169', '332', '420', '13', '218', '215', '54', '171', '391', '306', '182', '155', '401', '200', '464', '451', '405', '423', '177', '452', '434', '186', '135', '41', '69', '70', '257', '441', '40', '448', '403', '426', '286', '325', '450', '233', '157', '490', '192', '389', '238', '366']
['3', '79', '313']
['219']
['260', '251', '302', '256', '209', '121', '322', '111', '489', '57', '214', '381', '324', '358', '220', '314', '243', '24', '92', '206', '136', '211', '162', '30', '463', '416', '336', '8', '402', '25', '442', '199', '127', '421', '9', '143', '170', '359', '382', '105', '275', '437', '38', '487', '399', '50', '222', '262', '197', '338', '114', '497', '315', '476', '167', '244', '400', '1', '264', '195', '397', '93', '53', '184', '246', '406', '173', '259', '334', '176', '390', '73', '0', '298', '129', '80', '228', '475', '417', '414', '432', '369', '23', '235', '263', '68', '473', '164', '217', '71', '90', '308', '96', '396', '395', '83', '224', '165', '193', '133', '318', '145', '106', '52', '128', '491', '482', '356', '210', '207', '154', '213', '296', '172', '393', '361', '380', '130', '86', '408', '407', '433', '113', '284', '240', '348', '364', '419', '7', '481', '367', '388', '360', '311', '283', '474', '261', '254', '47', '103', '124', '378', '352', '411', '208', '100', '65', '330', '370', '94', '479', '180', '227', '436', '480', '189', '37', '429', '341', '59', '394', '372', '245', '469', '304', '346', '39', '365', '273', '101', '470', '424', '271', '269', '425', '493', '216', '247', '326', '16', '108', '422', '17', '253', '185', '194', '363', '279', '120', '289', '280', '498', '77', '63', '29', '144', '287', '339', '67', '440', '72', '150', '196', '187', '430', '205', '342', '499', '223', '46', '270', '125', '293', '175', '117', '104', '310', '14', '329', '294', '307', '168', '362', '190', '461', '109', '439', '305', '357']
['290']
['319', '161', '459', '141', '495', '409', '445', '22', '15', '153', '328', '428', '58', '355', '415', '27', '387', '191', '81', '31', '36', '446', '51', '64', '55', '118', '158', '35', '300', '10', '115', '266', '344', '160', '174', '316', '225', '98', '204', '82', '353', '230', '147', '383', '87', '132', '492', '88', '44', '236', '126', '4', '61', '312', '34', '116', '42', '483', '255', '485', '149', '472', '435', '146', '331', '438', '134', '335', '76', '19', '252', '351', '303', '340', '274', '26', '350', '95', '138', '320', '297', '456', '484', '159', '291', '203', '374', '443', '131', '201', '2', '249', '102', '468', '89', '237', '368', '110', '462', '496', '85', '66', '75', '166', '62', '241', '148', '28', '458', '477', '377', '301', '321', '49', '248', '447', '379', '221', '299', '345', '60', '349', '494', '267', '56', '457', '99', '112', '212', '91', '295', '268', '142', '412', '376', '188', '179', '465', '178', '232', '460', '404', '11', '488', '12', '276', '33', '21', '122', '97', '427', '281', '323', '371', '152', '234', '239', '347', '163', '354', '455', '140', '386', '478', '385', '337', '454', '156', '467', '317', '5', '343', '444', '202', '453', '265', '277', '258', '139', '418', '431', '384', '282', '123', '119', '398']
['292']
['327']
['107', '226']
['84', '48']
['466']
['333']
['413']
['20']
['229']
['250', '32']
['242', '288', '137', '471', '43', '198', '373', '74']
['151']
['78']
['410', '375', '278', '18']
