['30', '560', '728', '671', '567', '35', '607']
['458', '259', '40', '441', '214', '459', '684']
['279', '770', '234', '748']
['739', '530', '410', '406']
['324', '320', '573', '21']
['623', '715', '361', '209']
['143', '579', '554', '334']
['367']
['414', '525', '450', '39', '210', '176', '590']
['120', '506', '512', '566']
['116']
['588', '129', '375', '707']
['276', '794', '758', '735', '524', '709']
['745', '727', '17', '772', '444']
['386']
['50', '34', '729', '562', '786']
['620', '106', '352']
['77']
['546', '534', '346', '248']
['126', '366', '516', '555']
['298', '692', '634']
['362', '377', '733', '137', '656', '483', '363']
['440', '207', '752', '701']
['300', '487', '589', '784']
['204', '305', '282']
['630', '693', '747']
['477', '142', '446']
['91', '4', '226', '576', '427', '504', '191']
['2', '186', '309', '547', '606']
['658']
['314', '491', '426']
['528', '597', '347', '167']
['235', '179', '519', '171']
['139', '221', '523', '520', '627']
['254', '575', '333', '385']
['81', '768', '109', '732']
['706', '763', '243', '121']
['680', '11', '295', '651']
['145']
['757', '41', '501', '397']
['754', '54']
['331', '303', '474', '628', '462', '632', '205']
['274', '485', '417']
['99', '653']
['217', '389', '795']
['256', '637', '64', '23']
['448', '432', '594', '738', '269', '416']
['63', '315', '95', '774']
['603', '232', '578']
['316', '196', '200', '376']
['670', '545', '114', '548', '228', '338']
['370', '792', '290', '371']
['318']
['721', '135', '542']
['467', '751', '681', '413']
['447', '332', '409', '635']
['105']
['718', '543', '292', '661']
['782', '321', '220', '461', '161', '569', '611']
['195', '268', '677', '304']
['533', '216', '381']
['561', '726', '401', '683']
['160', '424', '165', '421', '169', '201']
['231']
['219', '317', '460', '322']
['262', '599', '496', '206']
['266', '19', '57']
['152', '52', '559', '608']
['488', '353', '645', '16', '188']
['712', '674', '405']
['771']
['1', '582', '178']
['691']
['293', '574', '532', '753']
['442', '404', '245', '453']
['489', '154', '43', '742']
['265', '218', '465', '278', '541']
['140', '710']
['155', '162', '476']
['471', '570', '58', '657']
['393', '601', '746']
['439', '411', '233', '237']
['636', '714', '510', '311']
['71', '172', '301']
['577', '572', '583', '612']
['759']
['187', '672', '104', '194']
['437', '613', '26', '780']
['639', '341', '12', '360']
['776', '92', '539', '433', '51']
['101']
['382', '396', '495', '190']
['211', '78', '730', '445']
['644', '358', '686', '756', '141']
['275', '197', '31', '264', '553']
['277', '678', '159', '526']
['513', '773', '797', '383', '662', '624', '407']
['565', '777', '86', '97', '118', '609', '702']
['125']
['98', '679', '350', '364', '743', '302', '73']
['138', '789', '697']
['312', '556', '596']
['719', '514', '676', '631', '119', '107', '285']
['536', '61', '286', '478', '557', '291', '379']
['585', '257', '749', '345', '157', '698', '699']
['79', '44', '778', '42', '212', '131', '482']
['222', '550', '251', '455', '398', '669', '425']
['255', '365', '418', '296', '725']
['568', '344', '15', '136']
['130', '18', '475', '420']
['708', '177', '755', '175']
['46']
['493']
['503', '8', '629']
['775', '6', '327', '340']
['0']
['497']
['790']
['56']
['456']
['415', '484']
['584']
['558', '625', '27', '682', '549']
['252', '391', '20', '429', '695', '253', '511']
['24', '151', '185', '307', '431', '342', '158']
['319', '193', '663', '535', '369', '649', '736']
['66', '170', '521', '103', '722', '280', '591']
['650', '374', '664', '498', '522', '49', '668']
['288', '102', '642', '32', '435', '250', '62']
['494', '466', '355', '602', '581', '518', '392']
['310', '689', '430', '368', '38', '164', '113']
['7', '412', '509', '343', '592', '540', '263']
['740', '713', '502', '610', '515', '294', '80']
['258', '313', '481', '326', '388', '734', '652']
['737', '779', '70', '419', '45', '761', '586']
['544', '492', '348', '760', '359', '349', '449']
['479', '351', '571', '29', '246', '148', '3']
['273', '616', '799', '688', '486', '323', '146']
['723', '469', '89', '700', '87', '306', '72']
['83', '399', '184', '281', '403', '174', '762']
['123', '267', '223', '297', '249', '134', '666']
['335', '59', '5', '685', '75', '47', '580']
['328', '517', '339', '270', '604', '400', '356']
['436', '744', '619', '14', '704', '330', '261']
['247', '147', '598', '53', '464', '181', '717']
['373', '115', '203', '618', '390', '705', '595']
['490', '499', '227', '163', '241', '787', '127']
['615', '766', '468', '711', '112', '673', '82']
['180', '531', '767', '538', '443', '149', '614']
['452', '238', '168', '166']
['183', '156']
['659']
['225', '13', '764', '423', '783', '648']
['354', '133', '272', '336']
['74', '96', '150']
['750', '37', '213']
['287', '655', '690', '9', '128', '796', '28']
['93', '124', '36']
['55']
['110']
['69', '660']
['384']
['500', '337', '781']
['22', '65', '308', '428']
['798']
['507', '552', '224', '236', '694', '325', '621']
['731', '144', '422', '122', '299', '189', '667']
['90', '84', '173']
['593']
['198']
['537', '289']
['239', '633', '765']
['260']
['741', '638', '788']
['617', '208', '182']
['111', '720', '793', '646']
['641', '457', '791']
['192']
['117', '60']
['108', '387', '675', '665', '25', '85']
['640']
['716', '378', '470', '703']
['215']
['242']
['199', '472', '33', '395']
['357', '454', '10']
['463', '402']
['505', '563']
['587']
['132', '769', '600']
['564', '372', '724', '434']
['647', '687', '230', '284']
['329', '438', '48', '202', '229', '551']
['394', '380', '408', '529', '785', '240', '76']
['605', '622', '654']
['100']
['244', '67']
['643', '153', '283', '271', '480']
['696', '88', '94', '68', '451', '508']
['626', '473', '527']
