['697', '555', '908', '279', '934', '418', '73', '912', '241', '296', '827', '245', '181', '937', '344', '7', '787', '626', '15', '932', '406', '103', '753', '350', '39', '650', '190', '218', '570', '469', '914', '902', '572', '809', '915', '148']
['705', '376', '82', '86', '441', '445', '770', '194', '101', '878', '872', '165', '383', '928', '491', '217', '635', '425', '120', '232', '144', '945', '537', '157', '836', '674', '152', '150', '342', '733', '422', '362', '306', '648', '375', '305']
['468', '1', '487', '80', '639', '182', '69', '685', '676', '372', '78', '444', '890', '254', '352', '632', '666', '65', '839', '90', '392', '286', '116', '115', '173', '978', '696', '220', '354', '882', '579', '963', '87', '926', '788', '483']
['401', '46', '924', '456', '465', '37', '256', '711', '614', '494', '455', '552', '32', '398', '369', '371', '359', '797', '545', '546', '438', '953', '384', '353', '74', '268', '986', '616', '985', '393', '488', '201', '796', '287', '592', '187']
['717', '707', '509', '996', '42', '584', '50', '261', '335', '653', '235', '214', '5', '669', '884', '277', '887', '121', '129', '149', '842', '686', '267', '44', '117', '407', '984', '471', '921', '828', '496', '624', '24', '583', '601', '847']
['846', '721', '536', '557', '397', '389', '682', '587', '752', '580', '763', '17', '178', '714', '311', '550', '36', '155', '951', '275', '135', '554', '188', '33', '660', '236', '145', '462', '687', '803', '949', '631', '210', '892', '843', '207']
['644']
['848']
['838', '889', '967', '944']
['6', '844', '169', '813', '736', '539', '776', '896', '863', '29', '294', '891', '623', '167', '274', '464', '186', '430', '136', '513', '329', '127', '881', '47', '70', '504', '319', '909', '519', '105', '176', '965', '40', '581', '134', '233']
['782', '575', '315', '307', '429', '12', '228', '831', '437', '453', '677', '865', '460', '357', '672', '832', '749', '341', '412', '248', '651', '239', '395', '656', '189', '96', '320', '969', '124', '673', '208', '314', '67', '304', '399', '373']
['713', '960', '326', '511', '783', '112', '63', '744', '224', '800', '577', '240', '712', '381', '821', '940', '988', '122', '755', '933', '128', '370', '987', '777', '962', '523', '231', '620', '968', '538', '489', '678', '347', '482', '956', '16']
['779', '725', '380', '814', '391', '435', '760', '973', '870', '743', '982', '830', '424', '377', '995', '432', '765', '390', '952', '89', '358', '551', '662', '704', '405', '463', '246', '211', '927', '270', '629', '815', '540', '947', '118', '559']
['139', '512', '544', '671', '298', '258', '778', '91', '857', '500', '382', '273', '913', '51', '664', '808', '505', '192', '61', '292', '553', '328', '30', '31', '25', '110', '467', '58', '859', '565', '931', '234', '567', '97', '627', '204']
['162', '980', '244', '123', '628', '534', '472', '642', '823', '781', '845', '62', '266', '919', '283', '670', '729', '954', '45', '295', '798', '297', '758', '929', '517', '761', '598', '475', '285', '991', '477', '171', '459', '594', '191', '726']
['300', '72', '680', '442', '222', '856', '57', '646', '574', '177', '723', '13', '977', '734', '746', '801', '199', '571', '351', '280', '18', '200', '997', '198', '593', '742', '731', '447', '56', '60', '754', '561', '898', '852', '606', '346']
['675', '600', '795', '789', '402', '750', '170', '202', '861', '394', '336', '229', '841', '917', '161', '334', '330', '622', '349', '658', '876', '419', '230', '636', '255', '853', '851', '313', '327', '164', '558', '936', '683', '774', '702', '764']
['862', '140', '615', '802', '989', '589', '880', '440', '434', '522', '502', '690', '608', '748', '805', '151', '825', '710', '490', '9', '920', '111', '284', '727', '493', '874', '337', '979', '93', '265', '649', '864', '43', '625', '591', '64']
['282', '835', '378', '133', '569', '975', '100', '443', '706', '480', '886', '751', '421', '638', '76', '525', '516', '643', '413', '605', '858', '414', '792', '374', '535', '667', '303', '689', '411', '338', '976', '428', '23', '355', '417', '634']
['158', '588', '566', '869', '497', '301', '769', '451', '938', '663', '470', '837', '708', '499', '768', '688', '826', '126', '454', '323', '993', '396', '897', '466', '930', '20', '860', '299', '308', '318', '794', '603', '817', '563', '436', '427']
['586', '172', '225']
['99', '324', '196', '71', '387', '738', '596', '79', '400', '142', '263', '367', '904', '585', '288', '22', '527', '238', '10', '630', '590', '423', '659', '49', '431', '867', '910', '679', '420', '108', '498', '452', '26', '138', '259', '215']
['762', '83', '700', '617', '85', '343', '281', '59', '333', '737', '131', '720', '203', '958', '102', '875', '959', '227', '264', '106', '260', '193', '515', '722', '262', '757', '998', '339', '216', '943', '791', '269', '640', '548', '237', '981']
['900', '366', '866', '918', '775', '719', '999', '507', '766', '364', '461', '709', '647', '849', '433', '780', '386', '833', '684', '88', '820', '618', '990', '609', '901', '692', '668', '728', '212', '501', '379', '645', '14', '293', '641', '873']
['735']
['560']
['48']
['819']
['785', '868', '655', '252', '213', '166', '184', '810', '163', '916', '773', '531', '360', '790', '818', '784', '520', '160', '611', '125', '716', '448', '310', '556', '317', '899', '822', '894', '0', '312', '654', '485', '829', '568', '325', '961']
['740']
['168', '771', '573', '38', '206', '925', '661', '332', '179', '476', '439', '75', '903', '385', '180', '957', '249', '816', '156', '81', '562', '457', '21', '302', '855', '732', '950', '533', '619', '322', '607', '530', '503', '109', '576', '745']
['209', '27']
['146']
['408', '404', '665', '481', '185', '2', '681', '942', '911', '824', '941', '834', '153', '361', '922', '486', '518', '34', '195', '888', '253', '804', '955', '526', '53', '130', '175', '221', '974', '691', '143', '41', '3', '257', '289', '992']
['484', '772']
['528', '92', '806', '321', '811', '340', '348', '154', '356', '147', '971', '409', '290', '730', '331', '541', '718', '637', '316', '415', '739', '612', '4', '521', '582', '724', '610', '578', '972', '309', '741', '219', '807', '877', '756', '883']
['595', '291', '473', '699', '597', '426', '542', '450', '446', '104', '55', '113', '242', '613', '508', '363', '879', '365', '410', '906', '54', '492', '701', '602', '767', '907', '276', '885', '703', '850', '197', '621', '893', '458', '132', '77']
['66', '495', '28', '250', '939', '532', '183', '251', '95', '119', '905', '271', '786', '247', '137', '657', '529', '205', '416', '68', '604', '514', '715', '510', '159', '895', '840', '52', '549', '107', '633', '948', '278', '812', '114', '474']
['388', '871', '11', '970', '19', '964', '226', '799', '345']
['524', '747', '946', '698', '272', '479', '935', '693', '923', '368', '994', '449', '478', '141', '854', '174', '98', '84', '652', '547', '759', '694', '695', '223', '793', '983', '966', '403', '35', '599', '543', '94', '564', '8', '506', '243']
