['688', '287', '200', '735', '833', '314', '342', '738', '488', '122', '938', '226', '947', '348', '501', '352', '58', '43', '251', '41', '852', '633', '160', '591', '393', '492', '668', '421', '450', '919', '325', '92']
['617', '404', '956', '763', '438', '650', '257', '434', '375', '332', '897', '428', '335', '172', '862', '85', '587', '42', '574', '197', '456', '511', '175', '622', '53', '116', '358', '773', '102', '565', '500', '291']
['508', '973', '909', '300', '923', '286', '829', '237', '637', '6', '933', '121', '255', '791', '62', '321', '308', '936', '730', '249', '2', '136', '67', '338', '848', '997', '499', '913', '636', '549', '753']
['452', '419', '663', '213', '776', '26', '857', '680', '915', '847', '493', '817', '924', '822', '558', '313', '530', '239', '476', '61', '982', '33', '838', '29', '538', '866', '719', '601', '8', '247', '713']
['820', '304', '297', '472', '322', '108', '917', '968', '381', '883', '55', '523', '440', '599', '468', '397', '971', '781', '976', '455', '146', '695', '137', '462', '712', '941', '299', '576', '605', '265', '63', '652']
['248', '24', '424', '767', '252', '592', '875', '506', '216', '178', '59', '13', '241', '942', '86', '746', '282', '256', '602', '328', '921', '566', '626', '170', '154', '460', '900', '930', '965', '995', '167', '373']
['148', '764', '411', '890', '734', '448', '509', '340', '916', '545', '350', '245', '0', '644', '198', '147', '934', '789', '571', '101', '293', '577', '235', '594', '529', '528', '567', '436', '618', '465', '376', '201']
['157', '20', '405', '215', '678', '445', '578', '502', '505', '762', '749', '222', '184', '159', '4', '78', '278', '557', '194', '153', '490', '614', '400', '169', '264', '645', '437', '311', '720', '183', '613', '483']
['76', '598', '496', '225', '459', '898', '835', '555', '693', '757', '673', '392', '289', '510', '870', '952', '708', '750', '507', '221', '155', '495', '660', '794', '343', '306', '994']
['739', '341', '82', '187', '804', '752', '74', '629', '378', '318', '963', '3', '279', '834', '208', '951', '643', '596', '192', '627', '28', '937', '811', '772', '983', '179', '451', '407', '657', '283', '119', '696']
['105', '683', '158', '17', '100', '525', '640', '590', '513', '582', '887', '204', '334', '190', '425', '880', '597', '210', '99', '575', '202', '737', '514', '54', '118', '885', '682', '390', '562', '48', '619', '844']
['666', '831', '415', '402', '266', '166', '171', '422', '292', '129', '431', '412', '611', '250', '521', '570', '988', '156', '73', '793', '288', '945', '635', '873', '537', '676', '240', '243', '865', '782', '70', '958']
['687', '548', '910', '77', '21', '471', '360', '284', '317', '418', '163', '275', '185', '413', '71', '950', '139', '454', '229', '44', '568', '447', '369', '382', '902', '294', '573', '964', '512', '630', '600', '661']
['785', '589', '553', '149', '268', '580', '327', '607', '383', '931', '84', '878', '94', '7', '658', '809', '127', '489', '176', '799', '815', '698', '285', '91', '367', '244', '546', '813', '401', '47', '388', '715']
['664', '790', '894', '199', '798', '723', '868', '742', '346', '277', '131', '654', '111', '686', '733', '323', '886', '16', '203', '766', '691', '518', '315', '339', '124', '234', '541', '998', '104', '922']
['714', '845', '788', '977', '843', '659', '761', '479', '877', '978', '779', '692', '662', '966', '672', '972', '888', '551', '442', '743', '152', '593', '214', '271', '95', '409', '827', '37', '35', '694', '516', '9']
['544', '616', '959', '656', '394', '485', '117', '731', '926', '423', '140', '49', '232', '88', '954', '302', '879', '364', '876', '722', '126', '856', '707', '113', '612', '174', '899']
['784', '740', '795', '253', '433', '706', '653', '554', '51', '741', '484', '684', '223', '491', '168', '31', '331', '270', '854', '374', '884', '825', '497', '759', '846', '986', '681', '30', '336', '864', '547', '324']
['180', '839', '52', '36', '480', '703', '758', '120', '717', '940', '273', '579', '93', '267', '414', '803', '65', '895', '536', '106', '40', '39', '25', '453', '904', '701']
['361', '79', '365', '967', '475', '303', '478', '98', '439', '569', '443', '974', '143', '729', '535', '371', '961', '710', '732', '858', '522', '561', '927', '430', '881', '533', '295', '675', '398', '141', '655', '718']
['769', '309', '872', '953', '151', '559', '992', '353', '760', '896', '230', '669', '109', '532', '929', '242', '494', '585', '189', '75', '262', '319', '195', '470', '449', '850', '610', '821', '841', '72', '259', '387']
['83', '420', '337', '572', '408', '836', '639', '842', '987', '347', '473', '406', '165', '774', '349', '806', '700', '935', '298', '182', '542', '588', '796', '816', '97', '469', '975', '103', '920']
['534', '474', '281', '211', '969', '487', '38', '34', '385', '751', '196', '792', '679', '689', '726', '130', '891', '254', '333', '906', '310', '955', '943', '892', '725', '205', '316', '386', '837', '220', '272', '14']
['276', '840', '69', '345', '745', '515', '150', '957', '649', '477', '435', '867', '819', '736', '296', '463', '391', '586', '991', '403', '775', '787', '667', '638', '351', '461', '427', '363', '356', '274', '173', '560']
['429', '606', '527', '805', '810', '457', '802', '912', '990', '677', '993', '355', '238', '354', '665', '970', '115', '944', '620', '60', '849', '981', '410', '379', '889', '144', '207', '142', '526', '583', '57', '444']
['778', '481', '217', '903', '609', '290', '808', '181', '830', '697', '595', '721', '467', '193', '728', '280', '859', '999', '359', '770', '754', '138', '32', '543', '552', '219', '874', '320', '563', '632', '236']
['747', '855', '56', '68', '10', '914', '326', '744', '911', '135', '227', '604', '550', '246', '133', '755', '828', '482', '368', '263', '372', '651', '66', '642', '748', '814', '853', '330', '45', '432', '768', '832']
['797', '771', '893', '807', '625', '218', '107', '22', '826', '907', '539', '64', '702', '628', '624', '307', '209', '377', '1', '503', '724', '89', '145', '531', '540', '441', '177', '90', '125', '312', '11', '128']
['23', '114', '27', '908', '671', '818', '932', '685', '631', '206', '603', '486', '704', '396', '112', '12', '15', '648', '162', '269', '634', '132', '581', '164', '699', '416', '812', '357', '329', '765', '925', '869']
['258', '670', '305', '87', '851', '905', '985', '863', '780', '823', '212', '984', '446', '519', '979', '711', '623', '458', '996', '783', '928', '705', '824', '186', '861', '524', '948', '50', '261', '110', '18', '233']
['370', '96', '417', '5', '384', '399', '161', '224', '901', '380', '647', '366', '949', '498', '556', '716', '727', '939', '188', '615', '756', '962', '801', '980', '584', '389', '989', '426', '709', '81', '80', '690']
['777', '191', '871', '621', '786', '464', '344', '504', '918', '231', '882', '646', '466', '564', '228', '134', '46', '946', '19', '517', '608', '520', '860', '123', '960', '260', '674', '301', '641', '395', '800', '362']
