['777', '206', '219', '735', '828', '67', '565', '590', '429', '576', '815', '200', '459', '276', '154', '471', '234', '494', '637', '73', '951', '939', '17', '465', '695', '129', '457', '461', '240', '976', '635', '789', '45', '969', '218', '155', '79', '730', '308', '51']
['719', '214', '687', '274', '199', '802', '703', '8', '103', '370', '480', '866', '731', '650', '937', '147', '543', '593', '567', '615', '74', '492', '104', '720', '954', '473', '125', '919', '5', '612', '508', '212', '944', '913', '376', '702', '82']
['316', '138', '574', '640', '403', '58', '3', '371', '570', '778', '294', '861', '935', '540', '81', '596', '965', '846', '683', '18', '366', '29', '971', '881', '61', '481', '178', '460', '906', '712', '831', '962', '341']
['724', '477', '72', '550', '298', '841', '216', '105', '273', '623', '39', '170', '757', '782', '607', '546', '589', '936', '938', '478', '633', '221', '520', '190', '948', '346', '69', '723', '893', '533', '970', '232', '368', '843', '663', '838', '750', '351', '646', '489']
['977', '332', '854', '469', '106', '624', '394', '198', '128', '899', '71', '860', '435', '27', '436', '418', '86', '2', '707', '539', '741', '184', '895', '452']
['926', '328', '964', '692']
['434', '923', '409', '42', '513', '166', '743', '282', '931', '293', '124', '432', '112', '48', '553', '505', '870', '662', '374', '963', '182', '819', '11', '773', '661', '445', '123', '98', '438', '231', '77', '768', '972', '897', '674', '619', '728', '684', '176', '984']
['726', '191', '12', '770', '989', '6', '388', '321', '722', '402', '563', '754', '263', '364', '627', '915', '62', '979', '966', '694', '422', '817', '968', '410', '122']
['357', '868', '542', '879', '458', '192', '531', '468', '502', '920', '7', '324', '916', '855', '545', '279', '267', '675', '441', '40', '848', '800', '349', '852', '75', '495', '175', '236', '759', '877', '223', '63', '774', '700', '152', '314']
['266', '611', '857', '118', '378', '603', '752', '227', '566', '54', '614', '172', '898', '290', '685', '426', '887', '318', '448', '451', '280', '716', '834', '556', '114', '908', '647', '617', '284', '456', '786', '37', '449', '904', '283', '547', '629', '85', '377']
['763', '946', '167', '826', '585', '41', '150', '517', '479', '779', '411', '822', '616', '927', '65', '859', '330', '957', '116', '862', '665', '373', '608', '767', '781', '604']
['791', '38', '64', '252', '259', '812', '443', '482', '535', '352', '404', '949', '213', '509', '379', '210', '776', '836', '197', '512', '876']
['108', '654', '732', '292', '756', '564', '717', '910', '359', '572', '397', '506', '991', '312', '309', '953', '810', '930', '433', '4', '44', '90', '295', '483', '620', '277', '163', '382', '395', '664', '805', '177', '260', '961', '503', '835', '291', '285', '924', '656']
['803', '850', '797', '339', '408', '581', '153', '911', '552', '790', '844', '253', '49', '405', '739', '952', '179', '749', '738', '858', '272', '676', '226', '23', '258', '903', '145', '618', '307', '795', '217', '579', '900', '119', '847', '514']
['793', '222', '875', '943', '880', '320', '825', '686', '132', '420', '311', '220', '306', '600', '413', '526', '302', '761', '53', '31', '534', '367', '168', '454', '594', '554', '929', '247', '760', '491', '787', '932', '669', '524', '287', '211', '390', '183', '933', '158']
['95', '462', '94', '811', '100', '423', '70', '532', '68', '762', '878', '289', '92', '143', '775', '249', '398', '625', '256', '463', '597', '823', '235', '386', '737', '96', '560', '228', '689', '193', '375', '975', '849', '813', '133', '486', '918', '201', '485', '224']
['677', '323', '46', '444', '24', '912', '208', '801', '994', '745', '626', '203', '673', '792', '652', '169', '337', '396', '808', '515', '995', '804', '89', '587', '891', '204', '644', '632', '391', '470', '529', '643', '588', '286', '698', '107', '538', '431', '771', '430']
['577', '993', '490', '945', '300', '584', '680', '255', '558', '818', '425', '475', '580', '9', '630', '32', '816', '573', '488', '814', '111', '487', '135', '205', '140', '419', '525', '137', '484', '837', '57', '414', '740', '439', '765', '15', '406', '10', '389']
['706', '691', '873', '209', '498', '466', '670', '901', '934', '499', '621', '342', '343', '16', '315', '518', '19', '885', '34', '148', '806']
['541', '561', '101', '383', '237', '242', '736', '960', '47', '262', '631', '651', '149', '959', '950', '701', '372', '985', '354', '867', '544', '884', '186', '188', '753', '504', '159', '928', '727', '988', '14', '947', '501', '356', '865', '667', '380', '254', '657', '151']
['578', '329', '766', '602', '246', '171', '820', '35', '807', '144', '196', '387', '347', '571', '519', '327', '496', '638', '297', '130', '809']
['636', '559', '783', '181', '925', '78', '194', '139', '393', '992', '987', '784', '974', '940', '853', '381', '427', '162', '601', '83', '304', '264', '333', '582', '794', '699', '476', '521', '50', '1', '180', '453', '472', '681', '845', '21']
['344', '244', '769', '229', '748', '440', '510', '551', '335', '734', '655', '446', '250', '350', '639', '447', '310', '758', '536', '507', '91', '174', '303', '399', '606', '548', '958', '0', '270', '160', '384', '88', '829', '634', '824', '361', '271', '102', '358', '136']
['131', '464', '326', '690', '120', '265', '84', '840', '121', '437', '187', '415', '369', '956', '888', '299', '215', '412', '296', '322', '80', '872', '922', '340', '864', '331', '52', '869', '653', '338', '467', '982', '889', '882', '241', '986', '202', '557', '400', '20']
['641', '109', '871', '416', '537', '269', '598', '715', '251', '527', '474', '833', '43', '575', '696', '93', '248', '126', '99', '278', '682', '704', '660', '569', '902', '230', '990', '672', '798', '110', '117', '733', '586', '744', '450', '407', '659', '313', '243', '157']
['613', '189', '173', '417', '325', '713', '711', '141', '785', '13', '549', '658', '709', '319', '671', '688', '981', '362', '914', '363', '973', '568', '442', '555', '668', '268', '874', '780', '497', '207', '25', '894']
['365', '317', '281', '239', '796', '275', '886', '648', '195', '334', '788', '642', '599']
['428', '909', '97', '746', '516', '257', '721', '921', '955', '725', '645', '708', '856', '56', '821', '156', '863', '360', '500', '830', '755', '941', '353', '185', '967', '26', '595', '747', '146', '890', '705', '66', '233']
['742', '851', '36', '522', '892', '649', '697', '729', '301', '839', '55', '528', '896', '562', '714', '30', '245', '87', '142', '59', '455', '751', '238', '355', '679', '401', '799', '530', '980', '348', '842', '421', '392', '225', '764', '610', '592', '28', '718', '523']
['827', '22', '161', '164', '666', '424', '583', '76', '917', '115', '591', '493', '978', '336', '134', '832', '113', '622', '345', '609', '942', '678', '385', '907', '605', '33', '983', '883', '905', '60', '165', '693', '288', '127', '710', '772', '305', '261', '628', '511']
