['198', '11', '392', '469', '650', '128', '216', '502', '161', '167', '186', '452', '367', '316', '10', '149', '91', '669', '512', '120', '497', '280', '301', '62', '642', '18', '482', '39', '314', '184']
['679', '505', '124', '89', '27', '695', '126', '549', '607', '619', '359', '5', '142', '592', '443', '100', '578', '264', '386', '22', '387', '153']
['178', '92', '666', '4', '206', '523', '17', '575', '618', '400', '589', '166', '311', '410', '451', '511', '427', '426', '501', '384', '48', '294', '404', '503', '145', '604', '663', '107', '76', '3']
['668', '157', '446', '259', '539']
['296', '515', '94', '262', '292', '536', '353']
['371', '696', '79', '63', '271', '559', '660', '121', '147', '114']
['671', '639', '346', '643', '406', '496', '471', '267', '269', '456', '379', '250', '276', '561', '626', '135', '603', '239', '361', '342', '636', '268', '685', '207', '687', '332', '629', '47']
['211', '344', '420', '665', '275', '326']
['170', '517', '398', '230', '9', '628', '155', '587', '565', '93', '242', '437', '86', '682', '484', '571', '564']
['673', '137', '295', '23', '429', '129', '312', '533', '380', '330', '122', '692', '177', '641', '180', '655', '30', '279', '200']
['119', '416', '215', '544', '599', '14', '546', '654', '307', '71', '430', '606', '97', '557', '661', '658', '134', '77', '403', '33', '514', '108', '569', '670', '562', '240', '476', '203', '520', '412']
['168', '611', '582', '217', '435', '506', '522', '500', '125', '55', '388', '556', '246', '85', '287', '401', '205', '454', '25', '370', '586', '310', '644', '1', '199', '75', '212', '319', '472', '336']
['38', '148', '622', '627', '608', '521', '281', '462', '164', '441', '201', '140', '28', '101', '417', '421', '26', '343', '158', '585', '20', '613', '407', '231', '631', '463', '614', '229', '308', '570']
['249', '144', '95', '470', '542', '449', '151', '146', '84', '187', '385', '508', '317', '284', '550', '444', '431', '31', '254', '113', '81', '689', '495', '339', '179', '531', '363', '19', '261', '174']
['610', '525', '61', '325', '260', '479', '299', '468', '221', '8', '65', '485', '605', '13', '395', '481', '662', '372', '445', '87', '356', '473', '285', '223', '555', '625', '422', '572', '112', '513']
['150', '355', '649', '428', '104', '541', '169', '415', '516', '266', '680', '351', '24', '37', '657', '483', '277', '362', '688']
['354', '309', '7', '105', '368', '567', '560', '690', '489', '315', '109', '537', '518', '219', '54', '118', '172', '256', '699', '693']
['467', '233', '382', '646', '165', '352', '408', '375', '357', '413', '303', '44', '29', '621', '111']
['171', '600', '210', '49', '632', '457', '154', '152', '36', '293', '617', '306', '96', '633', '678', '226', '461', '527', '185', '117', '238']
['543', '507', '340', '313', '298', '391', '241', '132', '652', '278', '162', '402', '494', '291', '341', '273', '222', '374', '328', '609', '282', '83', '40', '72']
['630', '67', '365', '2', '318', '290', '493', '568', '399', '623', '289', '645', '302', '378', '369', '245', '297', '450', '190', '73', '691', '243', '333', '616', '324', '418', '265', '66', '425', '439']
['195', '594', '573', '258', '436', '43', '432', '464', '366', '656', '139', '390', '488', '141', '70', '455', '191', '396', '526', '486', '224', '106', '176', '53', '214', '133', '21', '60', '593', '364']
['41', '634', '80', '667', '248', '52', '528', '350', '115', '595', '349', '331', '558', '204', '227', '138', '192', '321', '491', '459', '597', '358', '640', '159', '389', '383', '545']
['563', '576', '580', '499', '583', '373', '360', '612', '405', '598', '237', '193', '487', '411', '218', '664', '228', '424', '376', '547', '480', '51', '50', '143', '492', '591', '579', '283', '59']
['509', '552', '182', '78', '257', '335', '183', '551', '442', '477', '478', '323', '6', '188', '130', '272', '82', '677', '0', '524', '409', '620', '381', '540', '236', '510', '647', '42', '300', '45']
['255', '99', '270', '602', '466', '554', '16', '498', '213', '474', '574', '377', '320', '160', '131', '615', '653', '225', '90', '69', '189', '163', '334', '419', '393', '686', '538', '624', '156', '440']
['460', '532', '263', '337', '57', '534', '253', '433', '181', '490', '173', '475', '577', '348', '103', '244', '74', '414', '434', '648', '681', '12', '196', '102', '601', '345', '465', '136', '175', '347']
['35', '397', '698', '98', '232', '519', '329', '202', '286', '56', '247', '235', '581', '651', '194', '635', '697', '32', '637', '683', '197', '448', '504', '116', '676', '110', '438', '220', '394', '127']
['88', '304', '659', '123', '596', '46', '34', '553', '274', '535', '530']
['548', '675', '234', '566', '15', '684', '447', '588', '208', '305', '584', '638', '338', '327', '458', '288', '590', '694', '529', '209', '252', '251', '423', '672', '68', '64', '453', '674', '322', '58']
