['233', '14', '323', '55', '403', '246', '276', '304', '487', '427', '41', '143', '155', '417', '178', '388', '189', '474', '288', '268', '67', '194', '257', '160', '346', '202', '34', '293', '374', '212', '100', '432', '335', '131', '97', '122', '446', '26', '81', '7', '453', '391', '466', '119', '312', '70', '368', '352', '228']
['215']
['217']
['182']
['170']
['364']
['220']
['360']
['80']
['61']
['449']
['91']
['53']
['28']
['478']
['244']
['29']
['465']
['158']
['90']
['92', '45', '321', '118', '439', '390', '8', '457', '101', '161', '32', '207', '342', '250', '239', '317', '283', '296', '274', '407', '79', '134', '260', '126', '378', '142']
['367', '211', '154', '308', '357', '21', '83', '95', '488', '384', '57', '65', '418', '188', '445', '223', '192', '472', '249', '404', '333', '16', '468', '179', '423']
['406', '199', '186', '24', '152', '237', '216', '12', '99', '307', '459', '82', '263', '248', '436', '145', '358', '347', '382', '50', '416', '280', '297', '444', '365', '467', '163', '174', '46', '327', '489', '251', '31', '421', '476', '331', '121', '203', '63', '3', '72', '106', '270', '111', '396', '314', '221', '137', '377']
['299', '49', '344', '236', '243', '385', '138', '454', '266', '306', '140', '326', '128', '165', '285', '88', '435', '173', '275', '254', '30', '208', '9', '419', '52', '399', '473', '460', '481', '420', '113', '107', '316', '76', '373']
['350', '242', '238', '58', '329', '197', '380', '206', '38', '40', '64', '147', '261', '184', '166', '277', '477', '370', '135', '348', '18', '20', '291', '150', '413', '458', '430', '394', '486', '286', '172', '400', '4', '300', '469', '256', '86', '127', '313', '94', '112', '426', '218', '334', '75', '109', '440', '362', '226']
['214']
['13']
['359']
['354']
['183']
['190']
['353']
['386']
['409']
['69']
['480']
['156']
['428']
['224']
['337']
['15']
['159']
['410', '213', '157', '351', '96', '366']
['402', '369', '301', '87', '484', '66', '27', '412', '441', '54', '247', '187', '332', '479', '171', '422', '225', '463', '196', '11', '389']
['339', '408', '383', '19', '305', '59', '452', '483', '48', '443', '290', '84', '185', '23', '462', '320', '411', '62', '2', '114', '258', '175', '209', '169', '475', '271', '284', '424', '193', '235', '146', '345', '392', '123', '319', '433', '93', '33', '229', '103', '241', '73', '371', '269', '133']
['302', '22', '456', '210', '448', '265', '43', '168', '324', '292', '289', '349', '74', '363', '0', '253', '144', '232', '395', '437', '117', '279', '201', '120', '310', '37', '139', '105', '336', '376']
['442', '234', '295', '340', '450', '267', '42', '148', '322', '431', '287', '124', '245', '56', '255', '164', '461', '181', '398', '85', '204', '39', '176', '273', '471', '5', '318', '68', '115', '77', '104', '132', '375', '151', '227']
['71', '230', '44', '294', '341', '455', '328', '264', '149', '281', '405', '278', '198', '434', '309', '129', '136', '167', '10', '259', '387', '36', '205', '397', '1', '372', '482', '102', '429', '311', '116', '415', '356', '330']
['191']
['361', '195', '47', '240', '180', '381', '343', '231', '130', '25', '438', '379', '451', '6', '325', '298', '200', '485', '303', '272', '401', '162', '262', '177', '141', '153', '89', '125', '470', '60', '282', '35', '414', '219', '98', '464', '17', '252', '393', '51', '355', '108', '315', '447', '425', '338', '110', '78', '222']
