['115', '104', '139', '113', '183', '336', '215', '324', '94', '63', '317', '272', '268']
['4', '220', '343', '185', '219', '75', '279', '247', '217', '93', '143', '259', '290', '3', '27']
['236', '148', '22', '273', '36', '328', '43', '329', '180', '207', '82', '312', '228', '201', '275']
['293', '110', '213', '303', '47', '221', '69', '338', '291', '12', '166', '353', '9', '95', '163']
['296', '176', '232', '105', '146', '97', '54', '154', '341', '302', '347', '173', '262', '269', '13', '238', '277', '357', '298']
['56', '128', '16', '160', '7', '326', '339', '319', '177', '42', '337', '224', '266']
['44', '40', '114', '169', '360', '225', '281', '345', '98', '144', '55', '182', '151', '32']
['264', '84', '31', '167', '311', '242', '313', '274', '145', '287', '34', '344', '107', '299', '361', '244', '17', '260']
['62', '5', '310', '284', '2', '289', '28', '133', '52', '308', '96', '208', '48', '162', '306', '152', '73', '25', '119']
['211', '112', '6', '305', '196', '294', '230', '223', '327', '278', '24', '267', '321', '304', '23', '191']
['270', '178', '66', '325', '198', '195', '79', '271', '362', '164', '226', '38', '258', '263', '239', '202', '64']
['99', '15', '131', '19', '120', '106', '158', '140', '340', '187', '58', '122', '157', '249']
['41', '142', '286', '194', '53', '352', '86', '282', '51', '70', '265', '72', '50', '125']
['348', '172', '80', '240', '322', '216', '153', '78', '109', '235', '335']
['130', '87', '103', '37', '155', '297', '354', '295', '49', '285', '363', '245', '165', '1']
['85', '108', '209', '116', '184', '229', '200', '210', '117', '253', '186', '356', '123', '214', '203', '254', '8', '204']
['346', '350', '283', '60', '234', '76', '137', '33', '193', '355', '197', '188', '91', '256', '57', '127']
['161', '309', '175', '261', '332', '318', '331', '90', '192', '147', '156', '342', '135', '246', '252', '149', '170']
['243', '255', '159', '222', '248', '320', '45', '35', '92', '67', '14', '89', '59']
['241', '334', '250', '83', '111', '179', '29', '88', '11', '118', '18', '189', '231']
['0', '292', '126', '102', '351', '314', '74', '134', '138', '30', '276', '81', '174', '68', '237']
['330', '315', '251', '101', '10', '46', '316', '199', '124', '150', '301', '300', '205', '141', '257']
['218', '280', '39', '65', '100', '359', '233', '323', '171', '136', '349', '71', '288', '181']
['206', '77', '358', '26', '121', '190', '20', '333', '168', '307', '227', '132', '129', '212', '21', '61']
