['437', '364', '68', '64', '28', '60', '18', '380', '247', '184', '196']
['190', '337', '228', '76', '446', '397', '290', '415', '467', '93', '223', '222', '216', '371']
['479', '40', '325', '29', '242', '311', '122', '188', '499', '19', '235', '388', '348', '167', '214']
['401', '210', '241', '333', '346', '16', '360', '489', '349', '493', '213', '168', '120', '466', '88', '417', '46', '476']
['293', '25', '39', '144', '162', '496', '140', '456', '494', '408', '444', '392']
['307', '419', '379', '289', '174', '331', '429', '258', '275', '252', '99', '151', '373', '285', '309', '278', '208', '381', '261', '220', '7', '44', '224', '77', '96']
['321', '304', '402', '67', '159', '412', '185', '118', '187', '310', '448', '463', '299', '78', '262', '108', '205', '175', '246', '303']
['457', '86', '420', '323', '341', '110', '295', '195', '66', '450', '121', '447', '153', '197', '385', '411']
['344', '491', '186', '217', '423', '464', '280', '414', '339', '79', '336', '498', '123', '154', '468', '436', '288', '370', '319', '5', '234', '231', '427', '438', '106', '8']
['284', '100', '472', '10', '207', '475', '460', '266', '23', '389', '453', '410']
['332', '260', '24', '409', '74', '362', '161', '488', '109', '87', '442', '192', '312']
['441', '14', '434', '238', '147', '378', '347', '58', '0', '54', '265', '253', '209', '396', '497', '35', '12', '142', '422', '51', '351', '440', '358', '41', '131', '298', '433', '495']
['59', '374', '6', '32', '338', '359', '248', '421', '458', '480', '90', '119', '72', '199', '430']
['387', '43', '230', '432', '182', '63', '486', '372', '89', '211', '327', '240', '255', '92', '30', '117', '451', '148', '137', '61', '406']
['478', '125', '302', '425', '390', '300', '443', '225', '394', '57', '407', '156', '279', '126']
['426', '271', '139', '202', '264', '176', '212', '254', '160', '163', '462', '445']
['150', '42', '83', '369', '204', '178', '9', '27', '481', '273', '384', '350']
['221', '3', '226', '62', '201', '471', '354', '218', '102', '95', '56', '322', '404', '200', '145', '368', '474', '268', '296']
['128', '469', '146', '84', '48', '272', '171', '393', '91', '98', '424', '270', '36', '400', '324', '318', '198', '292', '418', '306', '243', '256', '134']
['169', '26', '203', '33', '308', '428', '183', '375', '101', '75', '316', '297', '363', '37', '294', '50', '170']
['141', '53', '73', '138', '127', '65', '483', '81', '85', '454', '328', '487', '435', '181']
['135', '305', '335', '484', '249', '47', '233', '361', '219', '94', '405', '22', '366', '452']
['206', '116', '193', '129', '317', '269', '314', '455']
['465', '391', '395', '355', '276', '1', '376', '329', '291', '250', '345', '71', '227', '239', '124', '158', '274', '103', '473', '313', '143']
['281', '2', '115', '164', '449', '263', '52', '477', '21', '353', '461', '399', '365', '459']
['283', '244', '166', '177', '155', '157', '334', '413', '114', '357', '286']
['130', '340', '232', '112', '367', '165', '191', '245', '251', '259', '107']
['326', '320', '111', '31', '172', '439', '215', '492', '179', '386', '315', '15', '485']
['282', '403', '470', '113', '17', '398', '189', '416', '11', '343', '277', '82', '236', '482']
['133', '20', '237', '97', '80', '104', '149', '180', '377', '382', '69', '136', '383', '194', '45', '105', '356', '342']
['490', '34', '431', '330', '301', '38', '49', '352', '152', '132', '229', '257', '287', '55', '267', '70', '4', '173', '13']
