['akb', 'ahw', 'aii', 'aps', 'akj', 'afh', 'abp', 'aqn', 'arf', 'acj', 'atf']
['akh', 'aho', 'ahh', 'anb', 'afv', 'asf', 'adb', 'ast', 'adc', 'aow']
['ahb', 'ahp', 'ant', 'all', 'aqy', 'agf', 'apu', 'acy', 'aam', 'aov']
['als', 'aiw', 'akx', 'aiq', 'acm', 'alh', 'adm', 'arv', 'apm', 'aae']
['ain', 'ald', 'anf', 'aji', 'afn', 'aqe', 'aaa', 'aop', 'asr', 'aav']
['aiv', 'anu', 'ajt', 'aik', 'ajw', 'ack', 'aqj', 'ado', 'aej', 'arg']
['aey', 'akd', 'agu', 'atc', 'ags', 'anj', 'adk', 'abb', 'asi', 'apc']
['age', 'aje', 'amv', 'amr', 'abj', 'aba', 'apb', 'aqb', 'adp', 'asm']
['ahu', 'agc', 'ajr', 'aip', 'amz', 'apy', 'abn', 'art', 'ada']
['ajq', 'agq', 'alm', 'ahj', 'acs', 'ajs', 'adf', 'apw', 'acr', 'aqk']
['amo', 'agj', 'agt', 'alw', 'aaw', 'alg', 'aco', 'ara', 'abs', 'apd']
['ahm', 'ahr', 'amh', 'ako', 'aal', 'amx', 'acf', 'apf', 'arz', 'aed']
['afu', 'akw', 'afj', 'afy', 'aqg', 'ajg', 'apn', 'abk', 'aqt', 'are']
['agb', 'anr', 'aff', 'anl', 'ahy', 'asw', 'aci', 'asq', 'aar', 'aqc']
['aga', 'afs', 'ami', 'aoc', 'amn', 'aab', 'abu', 'apa', 'abv', 'aqi']
['ane', 'ajn', 'ahg', 'aqq', 'amp', 'abx', 'aat', 'arc', 'adt', 'app']
['agd', 'ajv', 'ait', 'akr', 'ahd', 'aby', 'asc', 'apq', 'acn', 'aom']
['agw', 'aml', 'aht', 'asa', 'agr', 'akc', 'abt', 'asl', 'aai', 'arx']
['afm', 'aln', 'ahq', 'ama', 'agi', 'amj', 'aaq', 'aos', 'abz', 'aoo']
['aew', 'any', 'ajp', 'akl', 'abq', 'amd', 'adz', 'aqh', 'aec', 'apj']
['agp', 'afl', 'akk', 'ank', 'and', 'aef', 'asx', 'aet', 'aqp', 'aca']
['ale', 'ajd', 'afw', 'alx', 'aek', 'ase', 'aiu', 'aqd', 'aao', 'aso']
['air', 'aha', 'aks', 'aku', 'ate', 'aia', 'aer', 'arj', 'aep', 'ari']
['ajh', 'ajj', 'anx', 'ajf', 'aqw', 'abw', 'aon', 'acl', 'apt', 'asd']
['ahs', 'alo', 'aic', 'alt', 'ann', 'aak', 'aee', 'asg', 'arh', 'adw']
['aio', 'ams', 'aij', 'alv', 'anq', 'acp', 'adg', 'aru', 'abc', 'aph']
['aid', 'aok', 'afc', 'ael', 'alb', 'amm', 'acq', 'aql', 'aan', 'aol']
['aih', 'amg', 'aky', 'ahk', 'arn', 'aaj', 'anz', 'aad', 'arp', 'abl']
['agl', 'aft', 'aof', 'anv', 'afa', 'aro', 'aeh', 'apv', 'aeu', 'aqr']
['afz', 'agz', 'ans', 'anc', 'aot', 'afp', 'abh', 'apx', 'aag', 'apr']
['agk', 'ajm', 'akf', 'ahz', 'alj', 'atd', 'adv', 'aaf', 'asj', 'aqs']
['anw', 'ajc', 'ahf', 'amu', 'acg', 'amw', 'aax', 'arq', 'ach', 'aqv']
['aie', 'afo', 'ape', 'aod', 'ahi', 'abi', 'ano', 'ash', 'aei', 'ass']
['afi', 'aka', 'agn', 'aoe', 'afb', 'amq', 'aeo', 'asu', 'add', 'aox']
['afe', 'aki', 'ais', 'alz', 'abe', 'aoh', 'aqz', 'acv', 'aeq', 'arw']
['ali', 'aex', 'ahe', 'aly', 'abd', 'alp', 'aqx', 'aac', 'arb', 'adh']
['aib', 'agx', 'alr', 'aog', 'acb', 'amy', 'aaz', 'asv', 'abr', 'apo']
['ala', 'aiz', 'agv', 'adu', 'alq', 'anm', 'aqo', 'acw', 'apl', 'aap']
['ajb', 'aim', 'aoi', 'akz', 'afg', 'aou', 'aea', 'asy', 'adn', 'api']
['abg', 'akm', 'ahv', 'akt', 'aja', 'aju', 'adr', 'aeb', 'ars', 'apg']
['ajz', 'aev', 'ahx', 'akn', 'ajy', 'aen', 'adj', 'ark', 'acz', 'atb']
['aig', 'alk', 'aif', 'amf', 'akv', 'adq', 'aas', 'asz', 'acu', 'ata']
['afk', 'ani', 'abo', 'akp', 'ail', 'anh', 'adx', 'arr', 'asn', 'aes']
['aez', 'ago', 'amk', 'aob', 'apk', 'ahc', 'adi', 'aoq', 'act', 'asp']
['ahl', 'afd', 'anp', 'abm', 'ame', 'ang', 'acx', 'arm', 'aoy', 'ade']
['ajk', 'agh', 'amt', 'aoj', 'aah', 'aqf', 'ads', 'aem', 'aoz', 'ard']
['agm', 'afq', 'akq', 'agg', 'akg', 'amc', 'aay', 'apz', 'acd', 'aqa']
['afx', 'agy', 'ake', 'aix', 'alf', 'ana', 'acc', 'aor', 'aeg', 'arl']
['ajo', 'ahn', 'amb', 'ajx', 'aau', 'alu', 'ady', 'asb', 'adl', 'aqm']
['alc', 'aiy', 'afr', 'ajl', 'aoa', 'ask', 'ace', 'abf', 'ary', 'aqu']
