['105', '127', '121', '153', '85', '2', '82', '208', '220', '166']
['49']
['259']
['0']
['218']
['143']
['55']
['141']
['24']
['223']
['258']
['209']
['58']
['116']
['244']
['104']
['242']
['83']
['227']
['136']
['44']
['101']
['18', '9']
['222']
['164']
['14', '237']
['79', '40', '130']
['156', '213']
['102', '62', '173', '152', '78']
['160', '1', '91', '165', '114', '239']
['41', '75', '71']
['80', '205', '110', '138', '225', '229']
['202', '131', '77', '189', '190']
['230', '32', '206', '43', '120', '247', '264', '99', '67', '154']
['72', '182', '134', '8', '228', '195', '73']
['69', '199', '61', '92', '54', '255', '151']
['66', '200', '86', '163', '20', '198']
['187', '47', '21', '46', '90', '201', '5', '149', '35', '123']
['39', '221', '11', '53', '234', '235', '126', '147', '157']
['84', '159', '267', '175', '226', '106']
['7', '172', '98', '246', '241', '74', '37', '128', '257', '145']
['252']
['162']
['148']
['168']
['23']
['169']
['265']
['31']
['12']
['214']
['125', '185']
['248']
['27', '59']
['268']
['19']
['115', '81', '88']
['243', '113']
['117', '108', '29']
['158']
['89', '251']
['87', '254']
['232', '70', '178', '188']
['96']
['203', '238', '93']
['94', '4', '212', '28']
['95', '180', '97', '216', '50']
['150', '146', '15', '224']
['144', '269', '192', '6']
['177', '207', '174', '261']
['194', '210', '262', '170']
['100', '3', '65', '240', '132', '233', '68', '140']
['139', '250', '16', '76', '266', '33', '256', '64']
['167', '124', '263', '112', '63', '197', '215', '161']
['135', '249', '245', '204', '231', '13', '118', '260', '103']
['133', '45', '211', '52', '38', '57', '236', '107', '122']
['186', '171', '191', '253', '137', '155', '217', '22', '111']
['183', '176', '109', '219', '51', '42', '142']
['181', '10', '25', '60', '196']
['129', '119']
['179', '34', '56', '17', '30', '26', '193', '184', '48', '36']
