['309', '75', '249', '132', '114', '204', '201', '155', '356', '368', '169', '165', '151', '260', '19', '391', '29', '77', '372', '173']
['262']
['274']
['158']
['333']
['177']
['74']
['240']
['11']
['31']
['160', '230']
['217']
['10']
['106']
['295']
['42']
['328']
['377']
['178']
['107']
['271']
['214']
['102']
['197']
['21']
['305']
['80', '0', '28']
['324', '213', '280']
['194', '53']
['147', '183', '170']
['370']
['369']
['59']
['373']
['293', '367']
['242']
['307']
['287']
['81', '399']
['288']
['23']
['70']
['27', '185']
['124']
['48']
['317']
['259']
['103']
['46']
['361']
['300', '314', '176']
['7', '301', '186', '44', '90', '104', '263', '34', '284', '180', '83', '202', '358', '195', '45', '360', '18', '339', '196', '111']
['396']
['387']
['289', '6']
['397']
['143', '363']
['187', '351']
['71', '35']
['126']
['246']
['125']
['109']
['115']
['378']
['118']
['149']
['116']
['89']
['281', '279']
['140', '394', '32', '379', '384', '65', '298', '154', '226', '270']
['123', '221']
['362']
['56']
['386', '33', '321', '345', '47', '265']
['166', '69']
['385', '264', '50']
['257', '135']
['254']
['252']
['182']
['210']
['54']
['383']
['220']
['310']
['235', '296']
['236']
['208']
['303', '389']
['238']
['164']
['189', '224', '64', '299', '137']
['292']
['340']
['331', '22', '294', '24']
['337']
['159', '51']
['232', '241', '92', '100']
['320', '393', '129', '68', '209', '335', '255', '58', '148', '171', '119', '175', '108', '67']
['231']
['146', '350', '36']
['381', '157', '162']
['17', '184']
['371']
['20']
['60']
['88']
['13']
['244', '141']
['152']
['374', '272']
['325']
['9']
['163']
['344']
['174']
['266']
['84']
['145']
['150']
['395', '392', '200', '179', '76', '302', '79', '308', '198', '153', '199', '341', '251', '329', '338', '357']
['306', '256', '278', '250', '380']
['336']
['239', '144', '40', '72']
['222', '313', '30', '39', '216', '193', '142', '359', '218', '136']
['291']
['37', '347', '134', '63', '334', '139', '38', '354', '376', '12', '41', '365', '290', '245', '49', '234']
['97', '14', '101']
['96']
['95']
['219']
['229']
['3']
['26']
['286']
['353', '112']
['316']
['319']
['207']
['382']
['91']
['215']
['243']
['156']
['73', '248']
['205', '268', '349', '190', '398', '366']
['55', '342', '343']
['327', '181', '110', '122', '223', '233']
['330', '15', '355', '346', '130', '283', '375', '212']
['326']
['62']
['66']
['390']
['99']
['128']
['78']
['364']
['86']
['133']
['1']
['276']
['4']
['273']
['82']
['348']
['275', '312', '2']
['5']
['282', '121']
['322']
['87']
['127', '277']
['192']
['25']
['285']
['304']
['352']
['191']
['237']
['93']
['43']
['211']
['315']
['388', '120']
['311', '253', '113']
['228', '8']
['94']
['105']
['98', '206', '52']
['318', '85']
['117']
['57', '247']
['225']
['167']
['168']
['332']
['16']
['172']
['161', '227', '188', '297', '323', '131']
['261', '258', '138', '269', '267', '61', '203']
