['27']
['83']
['154']
['84']
['71']
['150']
['188']
['208']
['21']
['183']
['61']
['66']
['57']
['141']
['63']
['77']
['195']
['226']
['92']
['174']
['112']
['241']
['230']
['153']
['173']
['206']
['146']
['238']
['43']
['129']
['151']
['248']
['239']
['81']
['34']
['123']
['76']
['197']
['100']
['179']
['228']
['85']
['192']
['159']
['142']
['165']
['91']
['4']
['232']
['69']
['212']
['215']
['49']
['89']
['244']
['42']
['58']
['127']
['52']
['245']
['51']
['231']
['207']
['182']
['116']
['90']
['95']
['224']
['94']
['184']
['6']
['144']
['178']
['213']
['74']
['7']
['11']
['10']
['59']
['41']
['162']
['12']
['67']
['190']
['2']
['118']
['40']
['107']
['54']
['101']
['122']
['128']
['152']
['106']
['29']
['120']
['26']
['33']
['243']
['68']
['78']
['82', '17', '9']
['187']
['31']
['62']
['166']
['126']
['234']
['181']
['249']
['25']
['36']
['216', '169', '79', '148', '217', '203', '214', '60', '158', '235', '202', '24', '30', '242', '22', '134', '189', '204', '225', '105', '111', '149', '176', '15', '157', '139', '237', '124', '64', '8', '86', '113', '147', '177', '96']
['172']
['194']
['14', '117', '170', '70']
['1']
['130']
['0']
['191']
['171']
['121']
['236', '98', '48', '218', '175', '119', '136', '102', '53', '104', '35', '5', '219', '160', '16', '93', '73', '45', '229', '13', '220', '115', '227', '133', '155', '103', '110', '55', '167', '114', '135', '180']
['87', '56', '186']
['156', '209', '168', '240', '163', '18', '28', '222', '109', '46', '47', '247', '198', '23', '65', '132', '108', '75', '246']
['145', '37', '3', '223', '137', '140', '193', '99', '211', '185', '38', '72', '125', '39', '210', '196', '143', '205', '44', '97', '233', '199', '80', '20', '131', '201', '50', '164', '221', '138', '88', '200', '161', '19', '32']
