['406lol', '417lol', '315lol', '1lol', '437lol', '89lol', '214lol', '107lol', '32lol', '196lol', '360lol', '264lol', '172lol', '420lol', '180lol', '197lol', '170lol', '219lol', '182lol', '466lol', '348lol', '398lol', '276lol', '44lol', '347lol', '71lol', '462lol', '143lol', '489lol', '465lol', '411lol', '335lol', '48lol', '173lol', '446lol', '157lol', '128lol', '423lol', '309lol', '133lol', '130lol', '66lol', '8lol', '328lol', '12lol', '114lol', '254lol', '129lol', '445lol', '286lol', '473lol']
['156lol']
['291lol']
['249lol']
['312lol']
['388lol']
['385lol']
['480lol']
['26lol']
['144lol']
['233lol']
['407lol']
['123lol']
['426lol']
['450lol']
['192lol']
['464lol']
['199lol']
['238lol']
['481lol']
['100lol']
['154lol']
['169lol']
['149lol']
['49lol']
['431lol']
['27lol']
['274lol']
['231lol']
['15lol']
['142lol']
['282lol']
['467lol']
['340lol']
['55lol']
['235lol']
['401lol']
['212lol']
['256lol']
['159lol']
['436lol', '108lol']
['85lol']
['188lol']
['352lol', '364lol', '206lol']
['344lol', '115lol', '0lol', '322lol', '42lol', '23lol']
['316lol', '354lol', '361lol', '257lol', '244lol', '74lol', '424lol', '356lol']
['247lol', '70lol', '153lol', '222lol', '255lol', '422lol', '381lol', '57lol']
['93lol', '46lol', '228lol', '36lol', '185lol', '470lol', '167lol', '416lol', '218lol', '290lol', '94lol', '59lol', '452lol', '140lol']
['138lol', '211lol', '357lol', '324lol', '279lol', '491lol', '350lol', '392lol', '5lol', '499lol', '476lol', '160lol', '292lol']
['217lol', '37lol', '294lol', '64lol', '379lol', '67lol', '171lol', '334lol', '124lol', '21lol', '135lol', '200lol', '83lol', '161lol', '147lol', '302lol', '3lol', '474lol']
['193lol', '463lol', '22lol', '321lol', '449lol', '230lol', '134lol', '168lol', '13lol', '368lol', '16lol', '139lol', '56lol', '29lol', '332lol', '461lol', '418lol', '351lol', '96lol', '275lol', '250lol', '288lol', '439lol', '41lol', '91lol', '410lol', '313lol']
['205lol', '261lol', '6lol', '337lol', '11lol', '10lol', '338lol', '81lol', '310lol', '330lol', '259lol', '468lol', '456lol', '409lol', '493lol', '106lol', '137lol', '175lol', '50lol', '118lol', '24lol', '374lol', '87lol', '163lol', '31lol', '198lol', '311lol', '390lol']
['440lol', '25lol', '413lol', '9lol', '428lol', '365lol', '376lol', '363lol', '301lol', '53lol', '190lol', '397lol', '68lol', '447lol', '245lol', '126lol', '318lol', '253lol', '285lol', '395lol', '141lol', '405lol', '43lol', '226lol', '331lol', '314lol', '63lol', '497lol', '498lol', '232lol', '490lol', '51lol', '113lol', '102lol', '441lol', '101lol', '393lol', '122lol', '486lol', '181lol', '384lol', '61lol', '366lol', '117lol', '82lol', '359lol', '215lol']
['65lol']
['227lol']
['267lol']
['146lol']
['336lol']
['79lol']
['362lol']
['408lol']
['39lol']
['77lol']
['224lol']
['460lol']
['387lol']
['209lol']
['349lol']
['35lol']
['459lol']
['477lol']
['400lol']
['14lol']
['164lol']
['237lol']
['194lol']
['342lol']
['270lol']
['84lol']
['396lol']
['435lol']
['391lol']
['189lol']
['343lol']
['373lol']
['297lol', '243lol']
['177lol']
['492lol']
['284lol']
['69lol']
['358lol']
['404lol', '306lol']
['425lol', '221lol']
['17lol', '151lol']
['419lol', '399lol', '283lol', '60lol']
['269lol', '453lol']
['383lol', '258lol', '220lol']
['329lol', '325lol', '380lol', '308lol']
['201lol', '225lol', '19lol', '105lol', '280lol', '213lol', '7lol', '377lol', '116lol', '162lol', '429lol', '386lol']
['40lol', '76lol', '323lol', '246lol', '145lol', '207lol', '345lol', '487lol', '179lol', '299lol', '483lol', '45lol', '58lol', '240lol']
['469lol', '2lol', '414lol', '80lol', '427lol', '241lol', '319lol', '204lol', '119lol', '457lol', '92lol', '265lol', '34lol', '307lol', '18lol', '262lol', '303lol', '458lol']
['266lol', '298lol', '203lol', '353lol', '260lol', '62lol', '234lol', '494lol', '148lol', '317lol', '444lol', '455lol', '346lol', '208lol', '471lol', '432lol', '186lol', '95lol']
['210lol', '434lol', '165lol', '495lol', '448lol', '223lol', '248lol', '433lol', '178lol', '73lol', '99lol', '442lol', '263lol', '86lol', '152lol', '485lol', '372lol', '239lol', '132lol', '289lol', '20lol', '271lol', '475lol', '369lol', '131lol', '281lol', '496lol', '176lol']
['216lol', '355lol', '478lol', '202lol', '242lol', '90lol', '72lol', '341lol', '184lol', '295lol', '327lol', '136lol', '375lol', '378lol', '54lol', '326lol', '394lol', '421lol', '104lol', '183lol', '103lol', '484lol']
['454lol', '195lol', '304lol', '333lol', '187lol', '443lol', '438lol', '30lol', '88lol', '430lol', '412lol', '251lol', '472lol', '451lol', '110lol', '268lol', '371lol', '236lol']
['320lol', '155lol', '229lol', '4lol', '174lol', '402lol', '488lol', '403lol', '339lol', '479lol', '367lol', '75lol', '252lol', '272lol', '382lol', '273lol', '121lol', '52lol', '33lol', '166lol', '112lol', '389lol', '191lol', '158lol', '296lol', '97lol', '482lol', '120lol', '38lol', '98lol', '47lol', '293lol', '150lol', '415lol', '109lol', '305lol', '78lol', '287lol', '278lol', '300lol', '125lol', '277lol', '111lol', '28lol', '370lol', '127lol']
