['164', '366', '385', '482', '466', '312', '152', '453', '475', '182', '117']
['471', '328', '219', '252', '283', '162', '34', '446', '129', '185', '16']
['123', '82', '128', '414', '425', '186', '439', '413', '177', '246', '276']
['311', '257', '172', '317', '445', '391', '402', '486', '443', '47', '139']
['218', '319']
['350', '168', '304']
['83', '207', '239']
['309', '348', '389', '153', '371']
['118', '199', '49', '384', '383', '48', '174', '376', '22']
['444', '38', '109', '136', '202']
['76', '299', '216']
['473', '166', '114', '134', '461', '214']
['387', '388', '229', '314', '196', '326']
['416', '434', '417', '183', '151', '225', '27']
['0', '201', '300', '397', '463', '418', '227', '358', '268', '437', '233']
['322', '368', '302', '46', '294', '269', '179', '40', '194', '159', '287']
['5', '116', '469', '308', '403', '96', '68', '147', '97', '191', '87']
['278', '374', '359', '53', '361', '241', '351', '208', '28', '228', '175']
['221', '264', '477', '112', '187', '462', '226', '298', '420', '198', '375']
['379', '244', '288', '282', '488', '33', '291', '102', '19', '377', '316']
['362', '281', '338', '290', '479', '395', '138', '365', '43', '337', '111']
['429', '367', '256', '349', '127', '21', '15', '74', '193', '285', '24']
['394', '467', '424', '478', '70', '273', '250', '315', '419', '210', '52']
['353', '363', '280', '343', '335', '465', '160', '468', '110', '438', '480']
['320', '72', '251', '458', '279', '254', '171', '442', '205', '11', '325']
['3', '336', '454', '161', '240', '75', '307', '236', '173', '12', '135']
['393', '143', '400', '200', '260', '406', '289', '399', '455', '275', '432']
['396', '188', '430', '232', '372', '476', '32', '1', '130', '410', '284']
['189', '25', '18', '126', '242', '324', '60', '67', '78', '333', '195']
['231', '243', '155', '163', '297', '209', '108', '370', '352', '124', '204']
['407', '59', '119', '133', '423', '255', '426', '17', '464', '230', '472']
['131', '263', '259', '223', '66', '86', '481', '158', '51', '346', '330']
['295', '266', '357', '398', '156', '10', '431', '35', '92', '381', '23']
['331', '262', '339', '292', '329', '274', '211', '321', '29', '261', '89']
['103', '73', '91', '448', '245', '270', '167', '141', '95', '140', '440']
['380', '408', '56', '323', '7', '93', '487', '115', '364', '44', '85']
['327', '342', '422', '63', '203', '409', '99', '386', '449', '184', '213']
['148', '293', '104', '37', '369', '61', '456', '178', '26', '421', '415']
['105', '71', '373', '341', '42', '485', '271', '258', '77', '404', '54']
['248', '354', '436', '412', '31', '206', '98', '64', '238', '286', '447']
['405', '334', '212', '90', '107', '356', '50', '14', '318', '460', '450']
['180', '344', '170', '224', '215', '144', '411', '220', '313', '190', '474']
['428', '222', '30', '303', '306', '41', '80', '149', '247', '277', '267']
['13', '401', '457', '355', '4', '55', '452', '79', '121', '145', '150']
['57', '234', '435', '9', '39', '137', '451', '113', '382', '347', '125']
['332', '84', '88', '360', '235', '146', '142', '154', '45', '378', '100']
['169', '157', '58', '441', '237', '132', '392', '94', '106', '6', '305']
['120', '249', '181', '62', '390', '192', '122', '470', '272', '310', '345']
['20', '301', '165', '433', '484', '81', '101', '253', '2', '36', '296']
['65', '69', '427', '340', '176', '217', '483', '8', '459', '265', '197']
