['300', '293', '294', '295', '296', '297', '298']
['280', '203', '265', '209', '237', '231', '205', '222', '292', '273', '216', '220', '219', '210', '211', '218', '217', '212', '208', '214']
['291', '169', '168', '154', '166', '167', '134', '135', '136', '137', '138', '139', '140', '141', '142', '143', '144', '145', '146', '147']
['281', '148', '149', '151', '152', '153', '155', '156', '158', '159', '160', '161', '164', '165', '133', '132', '131', '129', '102', '103']
['288', '104', '105', '106', '107', '109', '110', '112', '113', '114', '115', '116', '117', '118', '119', '120', '121', '124', '125', '126']
['283', '128', '111', '150']
['299']
['1', '82', '30', '18', '4', '5', '6', '34', '40', '19', '10', '9', '3', '51', '52', '53', '55', '58', '59', '60']
['284']
['127', '192', '162', '100', '183', '199', '197', '200', '57', '54', '130', '67', '56', '123', '77', '122', '80', '84', '108', '99']
['201', '215', '213', '221', '202', '204', '206', '207', '236', '224', '258', '259', '260', '261', '262', '263', '264', '266', '267', '268']
['27', '61', '62', '63', '64', '65', '66', '68', '69', '70', '71', '72', '73', '74', '75', '76', '78', '79', '81', '83']
['285']
['286', '95', '96', '97', '98', '90']
['287', '35', '36', '37', '38', '39', '41', '42', '43', '44', '45', '46', '29', '89', '91', '7', '8', '92', '93', '94']
['289', '243', '244', '245', '246', '247', '248', '249', '250', '251', '252', '253', '255', '25', '26', '88', '28', '31', '32', '33']
['290', '257', '223', '256', '254', '225', '226', '227', '228', '229', '230', '232', '233', '234', '235', '238', '239', '240', '241', '242']
['282', '177', '194', '195', '196', '179', '198', '178', '175', '185', '269', '270', '271', '272', '274', '275', '276', '277', '278', '279']
['2', '85', '86', '87', '50', '49', '48', '47', '11', '12', '13', '14', '15', '16', '17', '20', '21', '22', '23', '24']
['193', '101', '186', '157', '176', '172', '182', '163', '170', '173', '171', '184', '174', '187', '188', '189', '190', '181', '191', '180']
