['293', '463', '332', '176', '390', '377', '311', '365', '218', '402', '1', '182', '146', '456', '124', '118', '87', '104', '125', '2']
['238']
['338']
['437']
['434']
['263']
['420']
['215']
['207']
['335']
['101']
['461']
['210']
['376']
['459']
['467']
['481']
['324']
['285']
['396']
['95']
['75']
['105']
['203']
['350']
['427']
['470']
['131']
['374']
['25']
['136']
['454']
['141']
['247']
['224']
['419']
['129']
['57']
['103']
['72']
['219']
['464']
['166']
['167']
['206']
['156']
['334', '200', '479', '493', '383', '41']
['349', '255', '134']
['397', '325', '74', '375', '433', '409', '291', '382', '316', '20']
['137', '388', '296', '222', '405', '411', '117', '428', '14', '344', '92', '380', '187', '143', '432', '233', '130', '39', '254', '208']
['416']
['455']
['482']
['55']
['392']
['10']
['436']
['345', '443']
['179', '78', '268', '54', '352', '393', '438', '26', '347', '126', '109', '368', '330']
['371', '414', '399', '234', '98', '17', '82', '290', '71', '354', '453', '186', '83', '59', '251', '40', '230', '256', '28', '442']
['6', '322', '231', '211', '178', '221', '486', '229', '260', '43', '343', '235', '313', '193', '413', '62', '488', '165', '358', '198']
['487', '52', '288', '244', '257', '458', '15', '276', '135', '111', '27', '38', '261', '161', '158', '348', '153', '217', '424', '80']
['439', '346', '86', '452', '331', '451', '425', '489', '150', '310', '423', '3', '4', '300', '421', '308', '45', '341', '42', '379']
['7', '490', '361', '329', '155', '152', '497', '440', '384', '169', '90', '170', '91', '212', '253', '495', '360', '356', '273', '270']
['32', '149', '307', '246', '46', '315', '485', '237', '373', '69', '147', '114', '120', '66', '240', '142', '168', '429', '102', '476']
['22', '110', '21', '297', '195', '265', '58', '498', '400', '337', '406', '448', '407', '171', '274', '96', '11', '188', '259', '191']
['151', '478', '223', '326', '116', '500', '63', '232', '314', '226', '279', '317', '37', '138', '13', '275', '164', '363', '160', '163']
['469', '88', '417', '8', '128', '449', '133', '184', '119', '100', '209', '84', '484', '249', '339', '204', '372', '366', '319', '301']
['446', '430', '353', '79', '239', '201', '115', '70', '272', '394', '122', '289', '123', '216', '140', '267', '278', '282', '435', '99']
['47', '404', '333', '395', '340', '387', '370', '106', '242', '480', '342', '73', '154', '121', '157', '23', '426', '31', '369', '401']
['328', '172', '81', '49', '302', '227', '323', '5', '320', '460', '236', '241', '243', '50', '491', '65', '306', '422', '474', '196']
['295', '173', '309', '378', '447', '180', '364', '483', '33', '475', '441', '67', '252', '499', '357', '228', '225', '473', '408', '292']
['389', '264', '385', '410', '64', '496', '51', '9', '391', '192', '36', '466', '248', '294', '12', '472', '35', '304', '48', '127']
['355', '403', '205', '190', '61', '465', '18', '280', '220', '367', '386', '30', '494', '477', '185', '286', '44', '108', '213', '462']
['450', '266', '175', '139', '107', '93', '398', '68', '113', '444']
['145']
['197']
['312']
['174']
['148']
['250']
['457']
['336']
['445']
['412']
['415']
['132']
['194']
['162']
['287']
['189']
['199']
['351']
['327']
['181', '76']
['281', '471', '16', '19', '492']
['262', '284', '202', '321', '258', '298', '29', '271']
['85', '89', '269', '283', '183', '431', '299', '97', '381']
['24']
['245', '303', '144', '418', '305', '34', '177', '112', '77', '53', '94', '60', '362', '318', '56', '277', '159', '359', '214', '468']
