['ed', 'ix', 'iy', 'df', 'fw', 'fm', 'l', 'kh', 'hu', 'kn']
['k', 'kd', 'jf', 'cd', 'cy', 'ax', 'ht', 'jj', 'cg', 'af']
['iq', 'dv', 'bm', 'as', 'au', 'ci', 'fj', 'ca', 'eu', 'aa']
['do', 'cb', 'cj', 'cp', 'du', 'w', 'eb', 'hn', 'ki', 'bi']
['g', 'ez', 'fp', 'co', 'at', 'fr', 'hk', 'bd', 'jo', 'gf']
['bz', 'cl', 'es', 'ih', 'ha', 'fv', 'ex', 'ec', 'cn', 'fc']
['fh', 'js', 'eq', 'bw', 'de', 'd', 'fu', 'dk', 'hz', 'f']
['ji', 'p', 'dp', 'j', 'be', 'en', 'fn', 'aw', 'bq', 'v']
['di', 'in', 'ap', 'gl', 'dn', 'dm', 'fg', 'jw', 'jb', 'gk']
['jv', 'kl', 'dj', 'gi', 'fq', 'kf', 'ik', 'bt', 'hy', 'hq']
['ja', 'dd', 'eh', 'it', 'hh', 'cf', 'iz', 'ah', 'hv', 'zz']
['ak', 't', 'dl', 'hi', 'aj', 'hl', 'cx', 'ai', 'b', 'kg']
['av', 'ka', 'ig', 'bo', 'ir', 'by', 'e', 'dw', 'ie', 'bk']
['gv', 'jx', 'gb', 'jl', 'bn', 'ao', 'kj', 'da', 'gu', 'io']
['z', 'km', 'jr', 'jd', 'dy', 'ei', 'kk', 'ee', 'im', 'br']
['bs', 'gm', 'dg', 'ac', 'gt', 'iw', 'ct', 'gw', 'hf', 'jq']
['hr', 'ff', 'el', 'bx', 'jt', 'o', 'bh', 'ef', 'bp', 'gx']
['hw', 'eo', 'hg', 'iv', 'dt', 'aq', 'hm', 'y', 'u', 'eg']
['em', 'ii', 'ju', 'if', 'fy', 'dc', 'bc', 'r', 'h', 'jp']
['ij', 'cz', 'fb', 'gc', 'fd', 'gz', 'hx', 's', 'fx', 'gj']
['ey', 'al', 'jm', 'fa', 'ch', 'ck', 'c', 'is', 'er', 'he']
['fk', 'ew', 'fl', 'jy', 'jn', 'gg', 'hc', 'bb', 'ge', 'jg']
['hj', 'fs', 'dh', 'dr', 'ba', 'ft', 'gn', 'hd', 'ce', 'gp']
['x', 'hb', 'bv', 'fo', 'cu', 'gh', 'fe', 'il', 'am', 'cr']
['ek', 'an', 'ds', 'et', 'ej', 'fz', 'ar', 'ke', 'jk', 'ia']
['q', 'je', 'cq', 'ib', 'a', 'dz', 'ad', 'ae', 'ea', 'hp']
['dq', 'm', 'i', 'bu', 'kc', 'ic', 'az', 'ay', 'ho', 'cc']
['cm', 'iu', 'fi', 'gr', 'gs', 'kb', 'cs', 'jz', 'jh', 'ga']
['bl', 'ab', 'hs', 'bg', 'gd', 'cw', 'ip', 'gq', 'ag', 'gy']
['bj', 'jc', 'go', 'ep', 'cv', 'db', 'n', 'dx', 'bf', 'ev']
