['bLd', 'btz', 'euj', '1xS', '96X', '00m', 'SiL', 'YEe', '4Nd', 'wwD', 'BV4', 'D40']
['Kn8', 'ptf', 'WLo', 'VZ7', 'stN', 'uGP', 'CYA', '5zB', 'EJa', 'gWT', 'tm4', '8nm']
['ewc', 'qmj', 'VAV', 'lKO', 'Qa3', 'B99', 'L1u', 'Qti', 'cmd', 'WB2', 'JfN', 'hYw']
['X5a', 'VCH', 'wqW', 'ZNv', 'Xim', 'kT2', 'W4L', 'JyM', 'mRG', 'Zc5', 'bAf', 'kZ0']
['GRw', 'd60', '0RD', 'TUB', 'f9z', '4nb', 'xxJ', 'fFE', 'QhQ', 'XlR', 'slQ', 'J8r']
['NXP', 'xpw', '1RB', 'WLk', 'Ns3', 'YBr', '4p5', 'HkK', 'ZxX', '8j5', 'W8n', 'kte']
['ZY3', 'JLF', 'a55', 'OCL', 'VPb', '6pB', 'PJa', 'cDc', 'SmS', 'tfQ', '3QX', '6ro']
['h6l', 'x86', 'iTo', '1gc', 'ZVF', 'CU9', 'cFa', 'dlb', 'jFu', 'emD', 'aZv', 'u1N']
['CwC', 'gkI']
['O2z', 'Epk', 'JYa', 'rYU', 'BPL', 'JWV', '2UA', '27J', 'xz4', '28R', 'gEU', 'U4K']
['oUs']
['hQH', '3kn', '5qS', 's1n', 'Jla', 'rgC', 'NiX', 's6M', 'dvU', 'j3s', 'pTi', 'tpP']
['ISX', 'tKI', '1aX', 'F9o', '4gy', 'GpL', 'VVW', 'psG', 'z1H', 'mIe', 'Y2z', 'i4H']
['ZFU', 'Eou', 'hct', '2vJ', 'IZQ', 'bDO', 'GUX', 'rMd', 'Ot9', 'SV9', 'FEQ', 'hHB']
['Hxo', 'Qtt', 'rz4', 'zfK', 'Ql9', 'upV', 'Pas', 'fFJ', 'zEh', 'DoC', 'xqY', 'YFC']
['9F9', 'LiP', 'vJC', '5U2', 'wGp', 'USE', 'fKV', 'mGb', 'uH4', '5jv', 'rC8', 'nqI']
['Tn8', '0gI', 'czy', 'i9C', 'rmu', 'zTH', 'vyM', '4fp', 'gfv', 'Twl', 'e6S', 'JVP']
['JcP', 'EJD', 'dSZ', '8uu', 'H9O', 'jGk', 'H68', '5Li', 'nf5', 'mLF', 'rGT', 'g08']
['mUL', 'zfD', 'UmG', 'cEk', 'X9s', 'PPi', 'ULj', 'tEu', 'KGR', 'ux2', 'c3v', 'MNb']
['6Ip', '0Qs', '4KN', 'PqY', 'XMr', '17Q', 'P8b', 'u9Q', 'SMj', 'm5j', 'b99', 'ZQL']
['Hyj', 'Swe', 'qkE', 'Fmb', 'mcI', '6Hl', 'Ke0', 'yAp', 'MQT', 'x8V', 'e8d', '6sH']
['yLV', 'N08', 'BDE', 'PQT', 'nQv', 'D5B', 'U0P', 'X5J', '69w', 'FkC', 'HvR', 'KS2']
['5n5']
['vca', 'bA6', 'oSh', 'AHs', 'PlJ', 'wgA', 'MrD', 'NGB', 'e8H', 'pf5', 'v6U', 'PiG']
['YMC', 'Gu6']
['lsG', 'I2i', 'mFO', 'NyP', '2mv', 'kYz', 'WXJ', 'dLc', 'AKr', 'aTI', 'uVg', 'blA']
['QEF', 'nkl', 'gE4', 'LTB', 'QDa', 'iiE', 'Wmv', 'IU6', 'xx7', 'oak', 'Bfu', 'Fws']
['uii', 'hdp', 's3z', 'oPH', 'iFt', 'uQL', 'NqO', 'ziA', 'uZt', 'jEj', 'YNK', 'nRH']
['qDy', '0ID', 'KZy', 'FbA', 'EoI', 'b7z', '70K', 'aLB', '9NA', '81k', '8uz', 'qPq']
['sKX', 'h3r', 'mLL', 'gEp', '1QY', 'fQ3', 'xRH', 'IJ1', 'HWv', 'Ihb', 'AcJ', 'I2S']
['PoH', '1uW', '19T', 'kiK', 'n99', 'XHa', 'txp', 'gTC', 'G2k', 'KRy', 'etm', '4LY']
['0oy', 'gVV', 'UDc', 'b9f', '9ug', 'eGG', 'SFn', 'sfk', 'UPL', 'iW8', 'Hbr', 'dNX']
['AJT', 'VoJ', '5i6', '6na', 'iS6', 'Afe', 'U0Z', 'Qyh', '8VG', 'xLA', 'nc0', 'Z7b']
['ttO', 'zgJ', 'FzE', 'klv', 'oZQ', 'a4K', 'AK4', 'qLD', 'YUZ', 'Mvm', 'oSw', 'Itn']
['iba', 'E2A', 'W2Z', 'tFU', 'Hi0', 'tK7', 'iGU', 'hiF', 'Jgp', 'rXN', 'nQj', 'jWX']
