['122', '56', '281', '196', '292']
['92', '46', '236', '192', '273', '73', '222', '230', '77', '138', '143', '250', '79', '211', '127']
['20', '100', '152', '151', '120', '208', '284', '262', '252', '240', '178', '181', '38', '25', '238']
['135', '86', '166', '199', '243', '288', '107', '128', '182', '183', '60', '50', '88', '194', '269']
['132', '193', '271', '246', '26', '185', '155', '139', '34', '47', '227', '74', '126', '256', '215']
['69']
['255', '19', '258', '31', '93', '44', '160', '268', '85', '259']
['264', '277', '115', '204', '131', '290', '202', '298', '68', '234', '124', '117', '245', '278', '294']
['133']
['13', '297', '274', '184', '187', '141']
['130', '216', '154']
['159', '7', '225', '228', '84', '10', '171', '23', '16', '12', '58', '11', '150', '30', '244']
['286', '40', '64', '123', '253', '27', '289', '158', '39', '75', '121', '113', '96', '249', '261']
['82']
['206', '78', '210', '80', '116', '198', '149', '235', '168', '186', '104', '266', '42', '54', '28']
['270', '205', '22', '83', '41', '167', '223', '144', '188', '282', '4', '189', '295', '180', '24']
['169', '176', '6', '1']
['170', '110', '179', '94', '265', '17', '45', '62', '251', '59', '200', '163', '221', '209', '161']
['217', '285', '91', '61', '66', '239', '213', '174', '76']
['9', '219', '89', '0', '53', '111', '65', '148', '140', '260', '81', '201', '98', '293', '101']
['237']
['43', '283', '226', '279', '36', '272', '3', '99', '119', '136', '118', '72', '18', '248', '242']
['32', '214', '203', '263', '5', '51', '276', '145', '232', '55', '112', '71', '109', '108', '33']
['195', '87', '67', '97', '220', '254', '2', '241', '35', '147', '153', '218', '224', '105', '106']
['177', '247', '129', '212', '52', '15', '142', '157', '190', '156', '233', '231', '57', '267', '37']
['8']
['296', '29']
['114']
['287', '90', '14', '70', '21', '229', '48', '299', '197', '102', '146', '172', '165', '291', '63']
['280', '95', '191', '49', '257', '164', '125', '275', '173', '207', '175', '134', '137', '162', '103']
