['Brandi', 'Catlee', 'Annadiane', 'Calla', 'Christel', 'Charmion', 'Adorne', 'Alie', 'Arlene', 'Agatha']
['Agace', 'Annamaria']
['Ara', 'Alanah', 'Brandise', 'Auroora', 'Bernardine', 'Angil', 'Andree', 'Bellanca', 'Cammy', 'Cody']
['Benita', 'Cammi', 'Bertine', 'Blinnie', 'Bridgette', 'Anatola', 'Anastasia', 'Catherine']
['Avis', 'Ashlen', 'Andriana', 'Allegra', 'Anastassia', 'Aurore', 'Antoinette', 'Blancha', 'Catlaina', 'Arlie']
['Carole', 'Carolyn', 'Belva', 'Cassy', 'Betti', 'Charin', 'Babette', 'Bren', 'Abby', 'Bunni']
['Carolina', 'Aliza', 'Bonnee', 'Camella', 'Babara', 'Christan', 'Charleen', 'Alvira', 'Alissa', 'Carri']
['Ambur', 'Cele', 'Bobbie', 'Christabella', 'Binni', 'Berna', 'Austina', 'Calida', 'Bettine', 'Anthiathia']
['Blanche', 'Brittaney', 'Beatrice', 'Berty', 'Anet', 'Arliene', 'Alikee', 'Betteann', 'Bamby', 'Barbra']
['Alejandra', 'Aili', 'Babita', 'Billy', 'Cathrine', 'Cheslie', 'Alicea', 'Caroljean', 'Calli', 'Berni']
['Aurelea', 'Caro', 'Anallese', 'Carlee', 'Catie', 'Cherise', 'Brigid', 'Anabelle', 'Charity', 'Alyda']
['Amabel', 'Chelsey', 'Celie', 'Brandy', 'Angelina', 'Benetta', 'Bert', 'Amargo', 'Caron', 'Alexia']
['Ada', 'Aeriel', 'Billi', 'Annabel', 'Alisun', 'Beverie', 'Angel', 'Catharine', 'Carlynn', 'Anica']
['Billie', 'Chiquia', 'Carmel', 'Ardella', 'Alexandrina', 'Cherilyn', 'Bill', 'Alice', 'Ardra', 'Andi']
['Belita', 'Alys', 'Cariotta', 'April', 'Angie', 'Anjela', 'Adelice', 'Babbette', 'Bobbee', 'Allissa']
['Alayne', 'Adoree', 'Amanda', 'Addi', 'Alexi', 'Angela', 'Aaren', 'Augusta', 'Aimil', 'Charlot']
['Astrix', 'Almeda', 'Cesya', 'Cassondra', 'David', 'Brandea', 'Caril', 'Caralie', 'Athene', 'Bride']
['Bernardina', 'Ashli', 'Catriona', 'Bess', 'Anne', 'Adelheid', 'Annabelle', 'Carlye', 'Audy', 'Bernete']
['Bessy', 'Aubrette', 'Aveline', 'Christye', 'Brier', 'Caren', 'Carina', 'Chelsy', 'Andrea', 'Celestine']
['Barbaraanne', 'Barbabra', 'Cherye', 'Bobbye', 'Blythe', 'Aubine', 'Annora', 'Annabela', 'Cherrita', 'Arlina']
['Alverta', 'Ali', 'Christyna', 'Charyl', 'Carena', 'Bliss', 'Asia', 'Celestyn', 'Ardeen', 'Annelise']
['Casandra', 'Callida', 'Chiarra', 'Abra', 'Bobby', 'Ariela', 'Betty', 'Bibbie', 'Casie', 'Barbey']
['Chanda', 'Carmine', 'Anni', 'Brandie', 'Brigida', 'Bobette', 'Candis', 'Bunny', 'Ardene', 'Bobinette']
['Camel', 'Cacilia', 'Bethany', 'Alysa', 'Allix', 'Christal', 'Carrissa', 'Caryn', 'Carlyn', 'Caryl']
['Carmelita', 'Berri', 'Candra', 'Alix', 'Ashlie', 'Cami', 'Analiese', 'Bryna', 'Babs', 'Ailene']
['Cal', 'Penny', 'Babbie', 'Berta', 'Agnola', 'Amy', 'Anabal', 'Athena', 'Aile', 'Bernadine']
