['233', '114', '172', '0', '97', '250']
['99']
['188']
['22']
['173']
['229']
['16']
['108']
['126']
['11']
['52']
['196']
['9']
['148']
['134']
['133']
['198']
['23']
['75']
['42']
['51']
['208']
['96']
['109']
['30']
['76']
['140', '80', '169']
['60', '145', '182']
['103', '28', '167', '91', '220']
['154', '19', '215', '90', '129']
['128', '3', '225', '199', '50']
['165', '46', '246', '71', '147']
['211', '106', '43', '159']
['121', '39', '85', '238', '164']
['177', '115', '54', '202', '37']
['130', '241', '47', '194', '61']
['117', '222', '81', '45', '197']
['237', '64', '132', '195', '40']
['33', '144', '236', '67', '178']
['242', '20', '79', '176']
['216', '2', '94', '186']
['149', '245', '189']
['17']
['192']
['207']
['88']
['32']
['73']
['161']
['24', '201', '137', '95', '185']
['98']
['101']
['27']
['219']
['223']
['12']
['218']
['35', '142']
['8', '214']
['181']
['112']
['6', '124']
['4', '107', '224', '56']
['62']
['244', '116']
['118', '228']
['120']
['153', '136']
['36', '143']
['227', '113', '13']
['70', '135', '217', '15']
['69', '10', '105', '249', '158']
['141', '5', '221', '53', '170']
['146', '34', '210', '92', '174']
['235', '122', '31', '179', '63']
['139', '48', '226', '59', '184']
['193', '125', '240', '21', '82']
['66', '26', '213', '123', '191']
['127', '7', '239', '68', '160']
['162', '231', '84']
['247', '72', '155']
['86', '230', '190']
['87', '232', '157']
['183', '110']
['65', '102', '29']
['78', '111', '152', '41']
['138', '55', '14', '163']
['234', '104', '58', '1', '166']
['209', '77', '131', '38', '171']
['100', '74', '18', '168', '200']
['89', '151', '49', '212']
['206']
['205', '156']
['248', '180']
['187', '204']
['57', '203']
['93']
['44']
['175']
['119', '243', '150', '25', '83']
