['415', '407', '0', '365', '96', '303', '154', '350', '287', '107', '8', '313', '79', '291', '48', '168', '175', '73', '155', '114', '74', '136', '64', '335', '217', '40', '310', '282', '353', '342']
['333', '160', '30', '260', '308', '395', '105', '340', '53', '253', '200', '319', '348', '126', '166', '314', '145', '374', '326', '72', '184', '137', '225', '162', '197', '156', '80', '220', '343', '262']
['99', '174', '357', '202', '92', '390', '192', '15']
['190']
['354']
['269', '67', '412', '396']
['60']
['311', '367', '63', '355', '408', '258', '93', '337', '270', '108', '413', '169', '315', '272', '62', '403', '324', '133', '401', '379', '98', '31', '254', '416', '256', '129', '4', '161', '101', '283']
['81']
['239']
['134']
['195']
['27', '293']
['235', '332', '97', '362', '117', '279', '206', '351', '316', '360', '349', '394', '157', '361', '14', '364', '89', '248', '203', '76', '377', '149', '321', '106', '138', '302', '172', '119', '39', '23']
['38', '209', '12', '177', '288', '323', '204', '277', '19', '402', '121', '246', '135', '140', '16', '124', '86', '327', '164', '375', '34', '278', '71', '167', '70', '226', '385', '13', '127', '237']
['158', '400', '55', '113', '397', '329', '185', '325', '58', '369', '211', '83', '370', '312', '51', '380', '94', '171', '281', '214', '399', '151', '410', '143', '128', '306', '366', '41', '170', '103']
['371', '17', '250', '26', '44', '47', '131', '196', '358', '309', '66', '87', '383', '406', '328', '273', '69', '5', '344', '181', '249', '264', '205', '285', '255', '165', '257', '338', '176', '294']
['368']
['84']
['22', '221', '317', '75', '356', '28', '111', '88', '218', '265', '9', '186', '132', '1', '32', '130', '286', '301', '109', '244', '95', '56', '180', '6', '210', '100', '57', '331', '110', '275']
['259']
['267']
['11']
['230', '146', '300']
['65', '201', '266', '233', '45', '90', '147', '228', '104', '141', '37', '418', '208', '68', '414', '292', '183', '234', '238', '386', '25', '54', '245', '341', '305', '215', '3', '118', '363', '330']
['241', '187', '198', '189', '417', '49', '115', '207', '35', '24', '409', '334', '142', '191', '345', '376', '85', '231', '82', '150', '102', '36', '219', '178', '393', '268', '387', '261', '20', '120']
['116', '404', '346', '7', '263', '251', '77', '398', '33', '179', '359', '290', '10', '384', '122', '389', '336', '144', '227', '46', '322', '295', '419', '405', '372', '388', '153', '242', '299', '193']
['91', '298', '339', '276', '247', '391', '236', '229', '240', '59', '284', '21', '297', '112', '222', '61', '173', '50', '223', '296', '318', '139', '78', '352', '182', '18', '188', '373', '271', '52']
['378']
['274', '320', '304', '252', '194', '307', '280', '123', '224', '289', '152', '125', '381', '2', '43', '347', '216', '382', '29', '392', '212', '213', '42', '232', '163', '243', '411', '199', '159', '148']
