['204', '258', '446', '184', '386', '452', '458', '87', '38', '337', '203', '244', '28', '183', '196', '455', '288', '119', '358', '331', '60', '260', '235', '166', '154', '408', '366', '69', '186', '110', '61', '313', '137', '397', '230', '352', '305', '163', '50', '47']
['396', '474', '343', '410', '70', '442', '453', '304', '178', '417', '365', '55', '314', '53', '88', '271', '335', '432', '420', '443', '23', '287', '461', '393', '45', '422', '206', '491', '477', '140', '333', '463', '10', '282', '311', '414', '170', '207', '201', '361']
['349', '347', '0', '111', '210', '469', '168', '479', '252', '94', '482', '261', '281', '418', '403', '296', '294', '340', '383', '468', '493', '41', '399', '59', '382', '472', '445', '371', '451', '176', '457', '123', '27']
['13', '475', '4', '308', '227', '330', '301', '151', '66', '250', '215', '497', '73', '302', '97', '205', '346', '254', '341', '295', '7', '431', '492', '114', '300', '153', '426', '30', '487']
['478', '275', '350', '141', '158', '496', '436', '370', '147', '239', '385', '218', '101', '93', '225', '374', '438', '489']
['413', '173', '11', '434', '332', '105', '199', '209', '233', '108', '398', '143', '202', '156', '495', '424', '160', '465', '187', '19']
['1', '277', '113', '174', '249', '268', '54', '264', '315', '118', '132']
['150', '3', '57', '232', '224']
['8', '115', '198', '498', '82', '476', '24', '404', '253', '405', '42', '488', '56', '380', '136', '126', '240', '326', '372', '5', '200', '272', '356']
['359', '338', '437', '484', '298', '265', '334', '481', '323', '197', '125', '390', '251', '485', '381', '117', '345', '71', '278', '116', '39', '262', '499', '234', '283', '439', '144', '444', '79', '181', '76', '189', '279', '255', '263', '401', '270', '89', '223', '120']
['440', '266']
['376', '441', '95', '291']
['238', '464', '448', '389', '25', '490', '425']
['248', '462', '310', '388', '33', '407', '435', '103', '429', '351', '486', '379', '149', '161', '494', '394', '243', '290', '353', '274', '226', '339', '369', '182', '363']
['299', '364', '428', '92', '409', '26', '368', '20', '68', '257', '267', '208', '72', '450', '169', '423', '32', '259', '354', '190', '162', '480', '121', '280', '402', '427', '415', '317', '303', '51', '309', '307', '9', '52', '6', '297', '245', '35', '44', '98']
['78', '135', '146', '231', '213', '148', '36', '81', '459', '217', '77', '237', '384', '185', '2', '219', '336', '316', '90', '327', '175', '318', '130', '83', '155', '15', '157', '74', '360', '145', '284', '102', '127', '293', '58', '312', '64', '100', '122', '344']
['242', '84', '171', '378', '37', '67', '306', '373', '447', '134', '212', '222', '129', '167', '273', '355', '180', '49', '194', '104', '229', '142', '416', '18', '211', '138', '193', '16', '289', '228', '319', '65', '40', '188', '164', '362', '14', '106', '449', '320']
['454', '460', '139', '86', '216', '22', '131', '177', '391', '152', '321', '412', '91', '470', '133', '256', '473', '357', '247', '292', '286', '63', '159', '406', '62', '112', '395', '191', '387', '325', '348', '124', '322', '43', '80', '221', '12', '31', '421', '29']
['99', '172', '328']
['220', '48', '34', '467', '46', '246', '179', '85', '377', '375', '411', '483', '471', '400', '241', '214', '195', '419', '342', '430', '329', '128', '109', '276', '367', '433', '192', '107', '466', '236', '456', '17', '285', '324', '75', '269', '96', '165', '392', '21']
