['61', '305', '378', '67', '349']
['404']
['12']
['348']
['250']
['40']
['278']
['341']
['257']
['369']
['82']
['124']
['236']
['138']
['425']
['208']
['285']
['397', '128']
['75', '129', '111', '256', '346']
['418', '366', '283', '137', '189']
['47', '41', '105', '70', '156']
['306', '22', '318', '170', '167']
['103', '63', '15', '296', '368']
['229', '298', '50', '281', '134']
['26', '223', '356', '399', '214']
['131', '107', '410', '13', '106']
['96', '358', '213', '79', '88']
['166', '119', '143', '8', '274']
['187', '284', '71']
['271', '197', '365', '199']
['222']
['320']
['145']
['327']
['194']
['152']
['376']
['411']
['243']
['313']
['201']
['89']
['173']
['19']
['54']
['5']
['117']
['362']
['33']
['355']
['180']
['215']
['334']
['110']
['68']
['390']
['292']
['159']
['299', '263', '254', '246', '184']
['383', '196', '321', '216', '4']
['264', '379', '382', '56', '380']
['113', '115', '93', '23', '353']
['144', '141', '142', '191', '288']
['325', '422', '426', '52', '87']
['228', '225', '227', '157', '361']
['146', '190', '338', '287', '345']
['262', '260', '98', '252', '188']
['2', '1', '371', '27', '295']
['330', '331', '409', '195', '311']
['275', '154', '43', '302', '269']
['402', '403', '112', '207', '291']
['147', '10', '133', '48', '317']
['301', '32', '394', '359', '35']
['86', '95', '45', '130', '396']
['280', '132', '44', '232', '329']
['42', '161', '178', '322', '127']
['340', '339', '337', '101', '102']
['100', '109', '244', '377', '177']
['175', '0', '240', '354', '265']
['307', '335', '123', '185', '118']
['373', '343', '211', '92', '237']
['407', '74', '150', '192', '258']
['163', '91', '183', '193', '160']
['423', '11', '290', '293', '83']
['17', '336', '393', '24', '352']
['186', '104', '60', '286', '149']
['347', '49', '58', '153', '401']
['332', '204', '370', '315', '6']
['386', '419', '25', '39', '64']
['125', '304', '140', '253', '209']
['16', '9', '122', '200', '94']
['164', '162', '165', '73', '233']
['323', '99', '360', '51', '316']
['76', '319', '72', '289', '212']
['375', '20', '310', '65', '198']
['34', '398', '53', '395', '391']
['276', '277', '226', '31', '116']
['62', '381', '217', '385', '3']
['77', '388', '309', '261', '279']
['272', '179', '267', '350', '294']
['238', '342', '158', '114', '182']
['414', '416', '415', '314', '148']
['174', '282', '308', '268', '251']
['412', '259', '220', '135', '7']
['80', '81', '78', '324', '357']
['326', '90', '155', '312', '38']
['139', '400', '84', '205', '176']
['420', '389', '202', '235', '384']
['171', '172', '169', '121', '55']
['97', '85', '417', '405', '231']
['408', '224', '255', '206', '248']
['364', '273', '181', '387', '367']
['28', '247', '234', '136', '36']
['210', '30', '245', '328', '406']
['203', '108', '270', '69', '239']
['241', '242', '37', '363', '344']
['230', '18', '46', '120', '413']
['14', '351', '297', '424', '126']
['300', '21', '66', '266', '249']
['374', '372', '168', '421', '151']
['221', '218', '219', '392', '29']
['333', '57', '59', '303']
