['233', '364', '170', '182', '217', '69', '156', '15', '339', '246', '354', '28', '58', '380', '131', '81', '112', '303', '285', '267', '411', '404', '410', '405', '409', '402', '416', '401', '413', '415', '412', '403', '414', '406', '419', '400', '408', '407', '418', '417']
['220', '197', '270', '47', '353', '379', '138', '4', '94', '141', '295', '306', '165', '108', '22', '383', '209', '331', '73', '332', '296']
['360', '189', '6', '294', '127', '313', '219', '98', '152', '30', '355', '263', '248', '382', '321', '56', '164', '77', '111', '223', '225']
['80', '49', '128', '326', '278', '254', '195', '362', '10', '387', '316', '239', '211', '297', '21', '104', '65', '351']
['61', '20', '334', '198', '46', '250', '124', '19', '305', '292', '203', '102', '168', '273', '376', '349', '151', '95', '227']
['91', '120', '174', '358', '50', '255', '205', '181', '327', '372', '39', '308', '289', '3', '226', '144', '396', '117', '62']
['53', '338', '121', '154', '280', '210', '85', '176', '251', '68', '106', '23', '357', '222', '375', '392', '319', '187', '269']
['359', '1', '43', '398', '204', '320', '290', '115', '185', '132', '74', '249', '157', '271', '87', '33', '366']
['244', '190', '322', '166', '7', '100', '394', '125', '153', '275', '218', '237', '281', '99', '352', '36', '309', '363', '48']
['29', '183', '277', '202', '374', '178', '155', '381', '348', '231', '64', '286', '300', '252', '136', '5', '333']
['158', '224', '337', '302', '71', '199', '361', '55', '276', '14', '386', '288', '160', '212', '343', '130', '25', '89', '113', '247']
['90', '356', '2', '253', '235', '384', '377', '27', '192', '179', '274']
['92', '0', '54', '193', '345', '118', '229', '390', '241', '207', '142', '317', '283', '171', '79']
['367', '340', '265', '228', '311', '63', '84', '114', '57', '139', '395', '330', '146', '258', '161', '32', '196']
['299', '200', '264', '75', '148', '82', '52', '110', '397', '245', '31', '318', '221', '169', '336', '126']
['350', '140', '266', '393', '88', '42', '167', '259', '78', '116', '232', '314', '201', '369', '37', '284', '123', '8']
['214', '18', '243', '44', '186', '341', '177', '35', '328', '282', '310', '129', '145', '107', '373', '72', '279', '11', '96']
['13', '180', '335', '150', '385', '272', '86', '234', '242', '24', '291', '208', '307', '109', '76', '163', '59', '137', '378']
['41', '184', '26', '257', '230', '391', '298', '119', '325', '60', '262', '368', '149', '216', '12', '315', '173', '347', '83', '133']
['143', '268', '194', '329', '206', '38', '240', '135', '344', '399', '236', '312', '162', '70', '17', '51', '287', '365', '93', '101']
['147', '324', '213', '45', '342', '175', '301', '66', '371', '389', '16', '188', '103', '260', '134']
['261', '159', '191', '323', '304', '215', '238', '67', '346', '34', '293', '40', '388', '97', '122', '370', '172', '256', '9', '105']
