['0']
['99', '318', '187', '371', '286', '395', '236', '150']
['383', '306', '229', '400', '183', '92', '7', '224', '28', '113', '130', '144', '13', '366', '35', '386', '297', '397', '387', '128', '10', '380', '22', '360', '90']
['50', '353', '356', '69', '67', '340', '226', '190', '258', '11', '220', '129', '329', '358', '254', '250', '1', '223', '307', '168', '235', '51', '242', '139', '363']
['175', '79', '153', '73', '46', '240', '351', '362', '171', '202', '342', '181', '263', '234', '378', '191', '167', '143', '225', '359', '271', '165', '74', '332', '97']
['344', '179', '121', '38', '162', '110', '349', '272', '3', '232', '55', '111', '123', '177', '275', '370', '313', '315', '264', '296', '388', '303', '309', '259', '394']
['101', '249', '155', '91', '262', '316', '252', '196', '170', '294', '382', '357', '253', '302', '146', '346', '184', '19', '213', '89', '119', '64', '343', '76', '257']
['288', '377', '86', '24', '279', '198', '140', '389', '355', '393', '255', '354', '205', '108', '127', '133', '375', '188', '385', '15', '30', '180', '347', '269', '327']
['283', '36', '21', '45', '227', '391', '384', '62', '124', '233', '156', '201', '26', '374', '211', '70', '348', '291', '159', '368', '300', '392', '304', '131', '102']
['174', '352', '218', '398', '326', '216', '239', '84', '48', '244', '189', '311', '241', '256', '147', '42', '135', '145', '285', '328', '350', '63', '336', '49', '203']
['308', '214', '267', '217', '276', '287', '268', '132', '314', '34', '43', '195', '305', '192', '222', '109', '68', '331', '58', '319', '339', '53', '71', '381', '25']
['27', '215', '93', '120', '134', '126', '173', '94', '141', '361', '194', '161', '372', '148', '32', '193', '88', '325', '57', '107', '54', '245', '100', '115', '118']
['369', '106', '317', '335', '60', '231']
['390', '85', '182', '261', '210', '337', '248', '103', '77', '251', '96', '17', '206', '209', '322', '221', '151', '289', '149', '280', '160', '6', '80', '207', '104']
['324', '163', '323', '219', '157', '142', '345', '138', '270', '186', '166', '199', '178', '75', '33', '9', '274', '5', '246', '169', '260', '282', '14', '298', '341']
['41', '116', '87', '200', '238', '243', '247']
['40', '373', '152', '172', '114', '310', '299', '334', '277', '81', '82', '158', '125', '185', '136', '266', '95', '20', '364', '37', '65', '212', '105', '208', '4']
['367', '176', '197', '164', '2', '379', '228', '338', '12', '8', '281', '320', '72', '83', '321', '18', '204', '31', '290', '47', '56', '61', '330', '59', '16']
['278', '333', '29', '273']
['122', '44', '39', '230', '112', '376', '137', '98', '117', '66', '265', '312', '301', '292', '154', '399', '284', '78', '396', '237', '23', '52', '365', '295', '293']
