['1116', '11123', '210', '1111', '201', '17', '223', '433', '192', '110', '222', '46', '152', '317', '70', '387', '155', '440', '276', '353', '11122', '294', '100', '160', '51', '45', '62', '1113', '1114', '314']
['13', '11113', '12', '104', '18', '7', '19', '101', '9']
['107', '396', '401', '285', '287', '74', '284']
['11119', '11120', '343', '347', '342', '346', '344', '339', '315', '5', '330', '134', '458', '349', '289', '6']
['423', '424']
['1119', '179', '170', '168', '173', '180', '169', '182', '176', '187', '177']
['118', '115', '116']
['11117', '301', '305', '303', '296', '304']
['11118', '185', '331', '1', '302', '108', '279', '105', '77']
['207', '208', '445', '233', '260', '205', '137', '28', '68', '203', '462', '328', '136', '133', '209', '204', '449', '4', '231', '263', '338', '323', '211', '392', '139', '447', '394', '66']
['11110', '3', '11115', '11111', '135', '1117', '297', '325', '1118', '235', '309', '14', '219', '131', '151', '126', '240', '147', '218', '319', '257', '306', '244', '128', '310', '300', '212', '87', '85', '138']
['312', '112', '11', '255', '371', '393', '113', '337', '390', '273', '443', '95', '370', '329', '320', '174', '37', '438', '277', '250', '290', '327', '11116', '381', '11114', '31', '308', '252', '11112', '271']
['2', '359', '237', '109', '11127', '11128', '11124', '191', '425', '350', '451', '41', '418', '270', '422', '368', '56', '61', '318', '39', '236', '84', '36', '454', '452', '275', '153', '321', '232', '420']
['357', '356', '354', '230', '54', '38', '26', '429', '455', '22', '439', '52', '419', '122', '119', '261', '417', '143', '149', '157', '307', '262', '355', '125', '194', '361', '281', '216', '383', '362']
['11121', '369', '427', '374', '373', '366', '377', '406', '403', '220', '299', '189', '288', '159', '348', '30', '251', '129', '259', '34', '408', '198', '146', '21', '217', '326', '148', '258', '467', '465']
['96', '166', '8', '253', '316', '93', '162', '372', '106', '336', '92', '254', '234', '59', '411', '57', '90', '111', '99', '376', '375', '163', '165', '164', '27', '268', '181', '183', '10', '221']
['407', '142', '15', '444', '404', '389', '141', '199', '200', '145', '144', '140', '249', '298', '388', '441', '448', '246', '158', '245', '384', '248', '60', '215', '196', '295', '16', '453', '247', '385']
['460', '463', '466', '11126', '456', '391', '395', '161', '175', '341', '457', '274', '150', '29', '311', '184', '461', '398', '464', '256', '80', '379', '432', '55', '224', '102', '73', '414', '272', '154']
['421', '278', '335', '78', '156', '127', '313', '283', '412', '410', '415', '434', '280', '351', '333', '167', '332', '435', '436', '132', '33', '202', '53', '413', '409', '178', '82', '386', '79', '380']
['11125', '229', '76', '75', '228', '227', '363', '117', '360', '50', '81', '365', '226', '225', '35', '72', '71', '49', '98', '292', '334', '340', '428', '382', '267', '269', '324', '97', '364', '442']
['322', '43', '426', '124', '1112', '58', '242', '186', '446', '188', '450', '0', '266', '459', '25', '293', '214', '352', '431', '378', '83', '430', '40', '103', '120', '114', '213', '20', '291', '358']
['44', '47', '48', '42', '437', '367', '94', '64', '405', '190', '197', '195', '91', '67', '193', '11129']
['1115', '282', '239', '88', '86', '345', '238', '400', '65', '399', '32', '123', '24', '402', '89', '172', '23', '264', '265', '286', '206', '243', '121', '416', '69', '63', '397', '130', '171', '241']
