['CNU', 'TBN', 'UKO', 'FJL', 'MSE', 'CFP', 'SDF', 'KMP', 'JXZ', 'YEN', 'GUE', 'HUN', 'EZU', 'NPS', 'DTS', 'KNZ', 'UZY', 'QIK', 'QZB', 'SRP', 'NNG', 'TSS', 'YVQ', 'SGO', 'CDW']
['CUZ', 'ZJU', 'MOH', 'SCZ', 'VQR', 'VTH', 'BJR', 'KLS', 'BDX', 'PTX', 'OHR', 'EOF', 'IYH', 'HJA', 'LZP', 'LOQ', 'VCY', 'YER', 'FWN', 'HHK', 'LWA', 'HPV', 'TQM', 'BZI', 'IAM']
['ONX', 'QVI', 'JHO', 'PIL', 'ALL', 'UTL', 'GBL', 'SAQ', 'HGD', 'NDI', 'QIB', 'SUQ', 'LJA', 'SGT', 'XCX', 'SCX', 'PMO', 'ASO', 'ARM', 'AJB', 'JVR', 'PME', 'TUK', 'BCW', 'YYG']
['JJB', 'YSP', 'QTR', 'VFM', 'RDG', 'GWT', 'FOW', 'HXF', 'KMD', 'UFK', 'WED', 'BLK', 'IEK', 'MUV', 'ESU', 'ALI', 'ARV', 'HTW', 'UDD', 'ELJ', 'NDB', 'GXJ', 'GGP', 'GYM', 'LXJ']
['HXZ', 'PGE', 'LGP', 'IDO', 'TFN', 'MJR', 'FKU', 'CYA', 'RYT', 'YKF', 'ZBF', 'SQR', 'KXZ', 'DHT', 'NWB', 'QJK', 'XKQ', 'JDC', 'DRX', 'BIN', 'WJS', 'SCK', 'QYA', 'ZPA', 'LHD']
['QBJ', 'YPX', 'TFT', 'UKF', 'WZL', 'KSW', 'EEA', 'ODG', 'PYK', 'RUP', 'BFH', 'DXK', 'IPG', 'NQL', 'RYA', 'UOM', 'UEN', 'SNW', 'DTU', 'EDP', 'ZRO', 'FSW', 'APD', 'LLX', 'YAR']
['FCU', 'KEQ', 'ZNQ', 'TBT', 'EBB', 'WLU', 'DCZ', 'GUR', 'GPH', 'PGO', 'FTI', 'WER', 'WSD', 'RZW', 'CJB', 'ZFK', 'QTQ', 'NDJ', 'OZT', 'XEN', 'MJV', 'XXQ', 'YTQ', 'POJ', 'WKY']
['EKJ', 'PDU', 'ZBU', 'VZX', 'YKH', 'YSD', 'KDV', 'YNR', 'QEP', 'TGH', 'DFW', 'JZA', 'VYF', 'ZFO', 'PZA', 'IFU', 'RNU', 'JII', 'SQS', 'CHR', 'WHJ', 'PAU', 'RBJ', 'IUE', 'JMO']
['YUG', 'AYJ', 'IKN', 'KZQ', 'AGI', 'SNM', 'HMT', 'CDZ', 'THJ', 'FEV', 'HGF', 'ITN', 'DMP', 'XJW', 'EBA', 'QDB', 'SFD', 'HPH', 'VMW', 'TKB', 'WGY', 'CRF', 'OVZ', 'KVY', 'ZCF']
['ELO', 'POR', 'DJA', 'UGW', 'MVB', 'YDL', 'TGW', 'IDJ', 'YYJ', 'JOQ', 'FPR', 'PAS', 'TMD', 'FTL', 'UCH', 'VWX', 'MWQ', 'AQN', 'QNG', 'GLR', 'FPT', 'RIA', 'OXU', 'DAT', 'MVS']
['FOD', 'FHI', 'UNW', 'QAM', 'WYK', 'KJN', 'PVQ', 'IKB', 'FWA', 'DOT', 'TWL', 'CAO', 'RSG', 'OCI', 'FQC', 'BBZ', 'LBW', 'FXH', 'HNC', 'AZD', 'XWK', 'WDF', 'KLV', 'XHQ', 'KUO']
['SMM', 'XOE', 'WMY', 'VAC', 'WUI', 'CEY', 'SCS', 'PVS', 'NXI', 'NHA', 'UHU', 'EPR', 'GEF', 'ECG', 'MED', 'AHE', 'QMI', 'SFJ', 'IPY', 'HCD', 'JZY', 'RXD', 'AIM', 'YWW', 'AUL']
['GPL', 'DZR', 'YYC', 'MSC', 'TVZ', 'MYN', 'EUK', 'RYE', 'IPV', 'YOA', 'KLM', 'MUL', 'CCY', 'JGS', 'MNB', 'ZFU', 'JXM', 'FWB', 'NSI', 'VWR', 'YKR', 'OFJ', 'BEQ', 'NGI', 'UZU']
['INO', 'XPW', 'OON', 'AWX', 'IKW', 'NOP', 'POC', 'FXI', 'OLD', 'YLS', 'SRB', 'AYK', 'XVQ', 'EBY', 'CGD', 'YKQ', 'VRD', 'PBP', 'YHX', 'AMV', 'IFO', 'UIO', 'GUT', 'EWG', 'FTE']
['BRY', 'SUT', 'VMJ', 'FUR', 'IUY', 'LWH', 'VFV', 'CFJ', 'SUP', 'HQB', 'NUG', 'ABC', 'MUO', 'NFI', 'WJI', 'CXP', 'XIY', 'PON', 'TQB', 'FDS', 'VXB', 'HBC', 'MMS', 'SYQ', 'JTZ']
['WTX', 'DTW', 'JSL', 'QQN', 'DYU', 'ALG', 'LTC', 'EQX', 'RSJ', 'KNO', 'HZF', 'FCJ', 'LMU', 'WWT', 'SNS', 'OEN', 'DWU', 'SDH', 'IYD', 'NLI', 'RUR', 'WCB', 'SFB', 'KVD', 'TFQ']
['GMF', 'MBZ', 'LUT', 'IIY', 'XNY', 'FJH', 'DMN', 'QRE', 'CHA', 'SFK', 'DNE', 'ZCY', 'JZV', 'HIG', 'GGM', 'NTW', 'GUQ', 'RNM', 'JMT', 'MIN', 'MLH', 'ZIT', 'ZKY', 'JME', 'PAX']
['XVF', 'CGQ', 'NGH', 'ROL', 'RJS', 'JWQ', 'PCL', 'YTR', 'JKL', 'XQI', 'FXX', 'TDJ', 'ZGL', 'RKH', 'MLN', 'BHL', 'ULP', 'OII', 'XEO', 'WCD', 'CIH', 'IIT', 'NLS', 'DMH', 'UMO']
['LZE', 'CZB', 'WIF', 'QTJ', 'GUN', 'LHQ', 'GSB', 'XRV', 'RIX', 'MCI', 'KLZ', 'YSM', 'BTJ', 'BCI', 'NXU', 'EDD', 'IPK', 'QCJ', 'GGA', 'JUQ', 'TVY', 'MAC', 'ACJ', 'YYU', 'YDT']
['PJW', 'FMU', 'XDE', 'LZI', 'IQJ', 'HYW', 'QLI', 'MIE', 'UHE', 'GFL', 'KAJ', 'QLH', 'TLC', 'QFE', 'DAW', 'WWL', 'XFW', 'MZP', 'NJD', 'PKK', 'ZQN', 'RKO', 'ACP', 'TMR', 'EAA']
