['000', '320', '342', '372', '346', '278', '274', '252', '302', '373', '284', '376', '466', '449', '497', '472', '403', '378', '427', '409', '249', '090', '074', '121', '096']
['341', '315', '364', '266', '299', '458', '441', '489', '393', '424', '083', '066', '114', '095', '018', '052', '037', '033', '217', '241', '133', '183', '176', '166', '160']
['340', '314', '363', '265', '298', '457', '440', '488', '390', '423', '080', '065', '112', '015', '039', '216', '240', '223', '134', '130', '182', '167', '163']
['339', '362', '350', '313', '263', '297', '456', '487', '475', '438', '388', '422', '079', '063', '111', '013', '040', '124', '200', '238', '222', '135', '129', '184', '179']
['338', '361', '311', '262', '295', '374', '455', '486', '437', '386', '425', '375', '420', '250', '078', '109', '062', '011', '050', '041', '201', '237', '225', '220', '136']
['337', '360', '261', '310', '294', '453', '485', '436', '384', '419', '076', '108', '061', '009', '042', '202', '236', '233', '185', '137', '127', '175', '168', '161', '499']
['336', '358', '259', '308', '292', '451', '483', '382', '434', '417', '092', '107', '007', '059', '043', '203', '234', '187', '138', '169', '159']
['335', '356', '258', '306', '290', '467', '481', '381', '433', '415', '094', '105', '006', '058', '044', '204', '188', '232', '139', '171', '157']
['334', '317', '367', '269', '280', '461', '444', '492', '395', '405', '085', '069', '116', '020', '046', '205', '189', '244', '140', '172']
['333', '318', '370', '344', '276', '272', '296', '464', '447', '495', '469', '401', '398', '421', '088', '072', '119', '023', '047', '206', '190', '247', '141', '173']
['332', '319', '371', '347', '277', '273', '301', '283', '251', '465', '448', '496', '471', '402', '399', '377', '426', '408', '248', '089', '073', '120', '024', '122', '038']
['331', '354', '255', '304', '287', '470', '479', '383', '430', '412', '104', '099', '008', '055', '048', '207', '191', '229', '224', '142', '128', '177', '174']
['330', '353', '256', '303', '288', '468', '478', '385', '431', '413', '091', '102', '010', '056', '049', '208', '192', '230', '143', '156', '178', '162']
['329', '355', '257', '305', '289', '450', '480', '387', '432', '414', '075', '103', '012', '031', '057', '209', '193', '231', '144', '155']
['328', '357', '260', '307', '291', '452', '482', '389', '435', '416', '077', '106', '060', '014', '030', '210', '194', '235', '145', '154']
['327', '359', '264', '309', '293', '454', '439', '484', '391', '418', '081', '064', '110', '016', '002', '029', '211', '195', '239', '146', '153']
['326', '316', '365', '268', '282', '460', '443', '490', '392', '407', '082', '068', '113', '017', '028', '123', '212', '196', '243', '150', '147']
['325', '366', '312', '267', '281', '300', '459', '442', '491', '394', '406', '084', '067', '115', '025', '019', '045', '213', '197', '242', '151', '148', '126', '170']
['324', '345', '368', '270', '279', '462', '445', '493', '396', '404', '086', '070', '117', '026', '021', '001', '032', '214', '198', '245', '221', '152', '149', '186', '158']
['323', '343', '369', '275', '271', '463', '446', '494', '400', '397', '087', '071', '118', '093', '027', '022', '003', '051', '034', '125', '215', '199', '246', '226', '498']
['322', '351', '348', '253', '285', '476', '473', '379', '428', '410', '100', '097', '004', '053', '036', '219', '227', '131', '180', '164']
['321', '352', '349', '254', '286', '477', '474', '380', '429', '411', '101', '098', '005', '054', '035', '218', '228', '132', '181', '165']
