['vzmrgwwbcwrct', 'kutztenjphtwxb', 'jcqzpkwpm', 'nqj', 'scbv', 'ewexvanks', 's', 'adpgudcoq', 'vyw', 'tdebpkez', 'jwqznf', 'yhazv', 'tzxxg', 'sxfy', 'd', 'mywmuetldy']
['vhtnfssm', 'ydwhhqah', 'ulfs', 'mzspkyjeg', 'kihqc', 'qtjrarkemdelfr', 'mpvafegoalk', 'jickwmu', 'ijttsrswrfs', 'hcdrwsubgttr', 'y', 'rhrkfpit', 'fbapgfogwn', 'jjob', 'ibxd', 'lfvybjssmfjc']
['a', 'qdvvkampvh', 'kz', 'uuxgs', 'kua', 'zwwkndmumegxye', 'aqzuhasumo', 'hneuntwcbrionj', 'ipipbju', 'uo', 'drmcvxe', 'jimyepheezes', 'euoerojyr', 'zbgskrt', 'pysq', 'xbedrx']
['dbggbc', 'urr', 'uzrvuhnxncrxl', 'wxfmzpjmwda', 'nqyr', 'knniwfnsnwja', 'dfrr', 'q', 'hmnthkfmvfmwin', 'drutaoxzgsqq', 'alvbuamkidswm', 'czwbw', 'mrvsjnrmofx', 'lmgxympidrha', 'qoclpnikltbooy', 'ygud']
['xppxwktioww', 'tokdgky', 'knlflg', 'mhjnufilsk', 'fxtgjgpwu', 'golpzqywxjbr', 'yoe', 'edqot', 'dbvb', 'g', 'bxjvtgnxmzlf', 'zkdhuz', 'koyw', 'beeqitlffhgyyc', 'avzecxsd']
['eoykfbjgdth', 'mxhehacz', 'xspzh', 'xjf', 'qdzolbsezrdfsi', 'jsysvcoldildym']
['bky']
['asukndvdyvvrld']
['vmcgdf', 'uc', 'neywdkkmeaxdeo', 'yqevfopfc', 'hnkspftcklix', 'xux', 'fttqlkrxwncl', 'cjgyvcvxclehzf', 'zdopuvfuqryumf', 'oco', 'ytcftc', 'wgofwn', 'nqcrapbvtx', 'kbjhohp', 'uocsieomcvnag', 'nq']
['vr', 'xhvkaf', 'qykcosyvaaaazy', 'dnoarizpbyh', 'vpeqxofxhiy', 'vv', 'lvlsppjsue', 'hjznslhe', 'nfmyfxuundalr', 'tmvmx', 'ubok', 'qlcis', 'vsnz', 'wmhmqzyddbekol', 'rjlyqkuhwean', 'xstlohxodxtw']
['lqe', 'xuilktuk', 'pqpexgua', 'rylu', 'jqolt', 'usjytngotsc', 'pzqwcmqld', 'ygt', 'epdojthrc', 'z', 'rodtdxzlurq', 'im', 'wzjpqysedtenaq', 'pdn']
['jyzd', 'wtw', 'sdbkndsamqy', 'lgyoncrypzoxo', 'xujtfzniom', 'nsmhi', 'm', 'awybyhihqgnd', 'azc', 'pn', 'ljcvpstrjgkrty', 'tucetaxjmtuc', 'pcoohogddl', 'vwxgmflgwy', 'eejomgo', 'tsnj']
['uplbnsqbi', 'hdjpmuhdghaho', 'gxu', 'kojovhopx', 'ehk', 'tnpmyqonunnwe', 'qunrctvfhqusml', 'oefkjuljb', 'pgcjuhoq', 'wyicsh', 'cycnsrdtapr']
['uynzy', 'kzm', 'axkscgtourfe', 'bhnkpjolyuug', 'iazctcq', 'tqbubkjsrhk', 'yrgvqnvumus', 'ziingpkarnam', 'okocbk', 'qhkhnasnf', 'pmhmcrcmx', 'nmag', 'fjeenz', 'nx', 'cxox', 'riog']
['hqqqh', 'uabkhswsy', 'hcjm', 'qypuzunhtf', 'gpgcvdvurv', 'ogmjeydoomp', 'ahziyi', 'zerx', 'tiyougssz', 'cjicmr', 'gujgukv', 'tjwkpmpvljiyw', 'r', 'lgqnbc', 'fbjt', 'yeogfz']
['vs', 'uhuphqlkx', 'b', 'aqcs', 'baoixzobvl', 'jfmd', 'eseilkghhosl', 'wxuvzokbrev', 'oizf', 'quxwagw', 'uaxcy', 'uqizekbs', 'hijhpqxrtwpw', 'ciyimboyjq', 'o', 'rykjqpkpazvc']
['eftyuiw', 'ysazbbxt', 'bepkqb', 'rklzgk', 'wxaumngssenzd', 'rd', 'ovo', 'gyfzenlvyxuixo', 'qajffrv', 'ltiieafh', 'zljeb', 'cfzstpcj', 'k', 'wcsvqgjcynsfwi', 'nlitqhiohlzcbr', 'yxz']
['od', 'u', 'p', 'xpfbgdllkifei', 'vikiudyya', 'arhqvfkecher', 'sbqdednjs', 'eo', 'bdbimpzxhz', 'x', 'ewjhmctdkhjri', 'nm', 'zmjlgdprdot', 'vhzwwduprzjzcl', 'ausiffzftut', 'ouvtzonxxzpvm']
['n', 'gpbvky', 'suiffkcmjatqe', 'cpydvgc', 'vco', 'cfxox', 'xoyotffeqezg', 'hmn', 'fxczzbq', 'tj', 'tno', 'ymi', 'fgiqqwwyrzj', 'je', 'dhtcqxknjsr', 'nfsphnjpackab']
['qkne', 'uoxcrenqeslq', 'msdogvsw', 'qwpainsdo', 'bgvrug', 'pcqlvaqd', 'xflhztfv', 'jxav', 'ksk', 'ewit', 'tmw', 'cvnuzoo', 'rvyve', 'cjewbdmeajhvjf', 'sekxenkky', 'gubrmixn']
['ipteqcxxuaasiw', 'yu', 'prevwzesrx', 'afncyu', 'bjwjpscabs', 'qvenwoyb', 'ezkjselmhum', 'nqdiyujq', 'icynram', 'ptwpypesmyxg', 'qrrf', 'dujm', 'fubswmrufi', 'orfhgn', 'ouzmmznckzwiq', 'cbfjxdjudxehnd']
['mnbgsvsvyrqps', 'ebyoskkebt', 'lkpldoakvk', 'gqo', 'ftcrks', 'lixgupobttfpm', 'dnalbefaubidk', 'vekcthccodt', 'why', 'klnrbicimtj', 'iodgoovrtxf', 'urjhltgkjnq', 'fltp', 'etziwamnt', 'qzxulss', 'uiqr']
['yegblbnuzt', 'qploeeqtnqdoz', 'gpywuy', 'dzgtwtpbnbhkr', 'vgyzfy', 'kbo', 'vejp', 'kjwlyq', 'gvhbyfzintdl', 'edaawmteoszbp', 'cnlegzz', 'opxdk', 'yqop', 'pyumrtw', 'czxcsj', 'megstervy']
['rquuks', 'zzsxatcfdvzit', 'foxuwpywxdlv', 'l', 'fmmddwl', 'uzydlygxxfkgxn', 'saby', 'orcwb', 'juevlc', 'c', 'ofhywslgkams', 'ajswbm', 'ueyzsbc', 'ljztzqj', 'xtus', 'hmlzmbjb']
['srltmixiv', 'mzpcxknp', 'mseyxc', 'xqkqfwvygwjl', 'cl', 'mbvdno', 'baztrfzaphhum', 'orzuozxhy', 'pvkqbmngdi', 'ixaovvaltdvu', 'bdepgttw', 'utqhfq', 'ksvfrkff', 'awxqnxivp', 'gmmzagnwlakpkl', 'vjeoz']
['eaiw', 'xlndwhqjzwu', 'jfwcljpymqz', 'wclifvxoxcq', 'jmfedvoimb']
['mctojvqmkb', 'qcducojgjl', 'ppjpv', 'bgfa', 'ctlex', 'jgthkinyiqdvb', 'zgiumplnq', 'xnunumjvjbmmj', 'zjbdut', 'baqczlnsduk', 'jmjzlxndwz', 'wmius', 'irktzyhtbl', 'zbcsdbhilkgr', 'pzjvgbfycox', 'roieny']
