['326', '464', '37', '24', '232', '225', '409', '400', '72', '75', '441', '30', '399', '398', '315', '157', '408', '239', '289', '84', '323', '322', '416', '25', '35', '43', '231', '311', '229', '40', '254', '312', '411', '81', '445', '186', '236', '170', '167', '165', '50', '164', '53']
['237', '235', '224', '227', '228', '230', '314', '308', '221', '318', '321', '234', '329', '226', '241', '324', '325', '328', '233', '29', '220', '253', '316', '319', '348', '332', '238', '240', '313', '310', '263', '264', '327', '406', '396', '77', '249', '15', '405', '79', '70', '448', '457']
['290']
['365', '358', '364', '373', '372', '369', '354', '352', '367', '357', '370', '69', '371', '366', '356', '368', '19', '8', '363', '360', '353', '0', '355', '359', '46', '361', '168', '156', '270', '351', '243', '334', '223', '56', '34', '248', '281', '161', '28', '172', '174', '362']
['276', '278', '275', '219', '343', '267', '272', '341', '340', '347', '280', '305', '269', '273', '285', '82', '58', '42', '201', '215', '339', '452', '330', '331', '333', '336', '453', '338', '417', '38', '346', '345', '344', '73', '66', '449', '151', '265', '23', '26', '27', '284', '282']
['158']
['110', '126', '129', '111', '125', '130', '124', '115', '122', '178', '179', '195', '197', '222', '190', '192', '121', '193', '120', '118', '116', '114', '184', '402', '113', '112', '127', '119', '128', '131', '277', '188', '189', '294', '177', '182', '181', '9', '401', '176', '185', '187', '194']
['274']
['374']
['379', '385', '1', '16', '2', '376', '375', '11', '384', '4', '10', '18', '383', '390', '380', '394', '393', '395', '382', '381', '378', '20', '7', '21', '13', '3', '268', '6', '74', '5', '17', '14', '447', '349', '36', '335', '31', '337', '475', '22', '12', '32', '465']
['159', '160', '191', '62', '342', '64', '48', '183', '154', '51', '55', '54', '44', '413', '49', '45', '59', '155', '63', '169', '47', '65', '173', '175', '61', '463', '57', '203', '206', '208', '250', '262', '266', '162', '142', '41', '350', '212', '216', '271', '304', '300', '166']
['143']
['377', '391', '387', '386', '389', '446', '392', '467', '388']
['422']
['245', '218', '209', '242', '200', '199', '214', '207', '202', '252', '217', '293', '71', '291', '259', '288', '257', '244', '251', '258', '204', '205', '210', '213', '454', '307', '296', '198', '256', '255', '246', '299', '261', '298', '287', '295', '297', '83', '279', '302', '286', '87', '450']
['109', '107', '89', '94', '171', '455', '108', '103', '104', '106', '442', '97', '93', '88', '102', '91', '92', '99', '101', '440', '283', '451', '105', '90', '80', '444', '459', '247', '303', '117', '123', '410', '33', '96', '98', '100', '306', '301', '471', '456', '292', '180', '443']
['137', '133', '134', '132']
['60']
['148', '138', '146', '152', '135', '479', '480', '472', '317', '473', '470', '478', '147', '149', '85', '139', '145', '150', '483', '477', '476', '474', '462', '466', '458', '136', '68', '460', '320', '468', '153', '78', '144', '76', '482', '140', '415', '414', '481', '141', '469', '461', '39']
['163', '397', '309']
['52']
['427', '428', '418', '211', '429', '435', '419', '432', '431', '439', '426', '421', '434', '438', '430', '436', '424', '437', '433', '420', '423', '86', '260', '412', '67', '95', '403', '196', '425', '407', '404']
