['133', '13', '271', '367', '28', '247', '150', '426', '391', '56', '173', '34', '434', '374', '303', '425', '239', '338']
['372', '93', '210', '147', '80', '397', '81', '166', '347', '170', '16', '218', '192', '357', '409', '399']
['78', '66', '205', '52', '270', '157', '138', '187', '298', '190', '177', '99', '277', '108', '144', '103', '358', '183', '450']
['249', '202', '62', '20', '311', '392', '48', '102', '119', '377', '9', '10', '395', '84', '390', '370']
['429', '137', '158', '363', '27', '451', '2', '89', '322', '145', '180', '424', '389', '447', '405', '47', '19', '279', '257']
['116', '118', '333', '148', '207', '232', '179', '345', '252', '456', '38', '222', '225', '74', '82', '45', '245', '55', '58']
['146', '454', '446', '86', '14', '17', '260', '236', '3', '384', '261', '346', '90', '53', '284', '233']
['325', '351', '8', '361', '246', '415', '342', '127', '105', '169', '248', '182', '380', '307', '243', '25', '21', '149']
['88', '51', '256', '59', '348', '375', '91', '431', '321', '353', '433', '111', '130', '315', '36', '255', '355', '441', '181']
['241', '387', '142', '244', '250', '12', '198', '287', '401', '362', '61', '60', '265', '416', '294', '124', '234', '68', '394', '379']
['320', '83', '258', '185', '406', '343', '117', '396', '423', '432', '50', '430', '135', '283', '7', '161', '40', '264', '354']
['332', '388', '220', '165', '435', '208', '376', '417', '445', '335', '398', '308', '216', '237', '330', '292', '44', '211', '168']
['289', '18', '310', '134', '296', '267', '381', '199', '383', '152', '110', '77', '213', '368', '339', '109', '226']
['269', '227', '266', '43', '278', '412', '200', '94', '242', '136', '316', '282', '65', '194', '70', '393', '131', '373', '22']
['30', '328', '37', '106', '400', '29', '276', '229', '324', '285', '288', '300', '238', '274', '153', '414', '96', '71', '112']
['174', '191', '326', '193', '221', '407', '87', '107', '306', '443', '212', '171', '436', '176', '46', '115', '156', '369']
['63', '235', '215', '151', '186', '76', '214', '155', '139', '290', '175', '442', '6', '223', '121', '309']
['128', '164', '1', '35', '64', '23', '402', '97', '428', '196', '411', '437', '410', '11', '366', '448', '299', '5', '455', '439']
['129', '331', '122', '4', '403', '75', '42', '231', '54', '95', '49', '123', '359', '57', '224', '253', '172']
['203', '120', '67', '262', '329', '421', '317', '382', '125', '314', '295', '201', '268', '449', '217', '41', '360', '240']
['323', '291', '79', '163', '254', '204', '297', '259', '404', '364', '334', '408', '160', '141', '15', '365', '132']
['167', '340', '413', '126', '286', '344', '230', '352', '313', '419', '318', '101', '178', '337', '386', '26', '0', '219']
['427', '73', '280', '385', '281', '356', '273', '114', '251', '184', '189', '113', '159', '104', '327', '350', '32', '92', '319', '140']
['31', '197', '263', '33', '72', '24', '69', '453', '304', '378', '293', '305', '154', '418', '349', '444', '341', '420', '302']
['452', '85', '272', '312', '336', '195', '438', '301', '143', '422', '440', '371', '228', '209', '39', '206', '275', '162', '100', '98', '188']
