['149', '135', '444', '100', '406', '470', '123', '455', '217', '422', '76', '410', '220', '14', '24', '254', '242', '307', '42', '371', '263', '34', '147', '277', '431', '354', '258', '86', '363', '483', '272', '488', '310', '295', '184', '478', '188', '357', '161', '80', '8', '308', '116', '90', '319', '176', '38', '468', '274', '480', '134', '381', '240', '247', '303', '391', '102', '94', '70', '370', '487', '460', '62', '17', '15', '362', '318', '309', '68', '241', '420', '110', '446', '331', '208', '39', '479', '128', '229', '82', '29', '152', '268', '96', '215', '189', '51', '204', '19', '143', '469', '113', '64', '489', '5', '172', '305', '9', '16', '95', '347', '170', '216', '257', '20', '382', '155', '405', '156', '499', '338', '304', '203', '124', '337', '198', '131', '463', '393', '447', '175', '271', '495', '294', '399', '396', '300', '133', '398', '99', '182', '409', '326', '238', '69', '207', '493', '491', '121', '67', '386', '490', '419', '311', '36', '397', '13', '119', '313', '199', '77', '267', '262', '252', '219', '169', '190', '41', '88', '440', '55', '173', '372', '450', '375', '328', '486', '281', '120', '341', '78', '287', '321', '0', '56', '138', '255', '385', '228', '438', '146', '261', '212', '52', '458', '101', '179', '159', '206', '47', '81', '191', '194', '225', '231', '414', '180', '75', '164', '297', '148', '117', '299', '315', '473', '106', '129', '130', '244']
['387']
['433']
['345']
['112']
['259']
['174']
['48']
['289']
['85']
['104']
['234']
['213']
['93']
['74']
['335']
['376']
['144']
['456']
['369']
['437']
['339']
['4']
['27']
['418']
['230']
['66']
['443']
['467']
['365']
['416']
['87']
['276']
['388']
['224']
['472']
['400']
['91']
['23']
['211']
['114']
['350']
['404']
['256']
['50']
['45']
['344']
['377', '126']
['439']
['28', '476', '58', '49', '290', '389', '84', '293', '462', '158', '465', '35', '92', '296', '417', '196', '429', '346', '412', '423', '426', '83', '3', '40', '107', '301', '481', '25', '425', '452', '320', '187', '343', '166', '448', '436', '1', '498', '474', '109', '202', '200', '378', '316', '61', '401', '140', '464', '108', '162', '383', '233', '275', '497', '251', '492', '6', '33', '214', '118', '485', '239', '195', '394', '327', '132', '459', '253', '44', '288', '334', '368', '167', '454', '435', '361', '73', '145', '284', '390', '218', '237', '201', '153', '209', '243', '79', '37', '160', '349', '137', '471', '325', '53', '236', '360', '449', '475', '366', '260', '89', '26', '466', '139', '373', '22', '154', '227', '222', '181', '12', '111', '71', '150', '57', '324', '332', '329', '142', '54', '312', '250', '273']
['482']
['235']
['122']
['494']
['97', '177']
['432', '65']
['392', '43']
['178']
['353']
['72']
['105']
['322']
['317']
['384', '496', '351']
['453', '374', '136']
['408']
['151']
['46']
['484', '451', '402', '356']
['340', '246', '60', '21', '125', '205', '434', '168']
['223']
['279']
['428', '292']
['265', '286', '185']
['336', '165', '59', '249']
['302', '186', '355', '18', '269']
['98', '367', '63', '192', '32']
['232']
['30', '395', '441', '424']
['306', '193', '379', '421']
['171']
['248', '270', '141']
['163']
['427']
['245', '352', '430']
['364']
['226', '7', '183']
['407']
['461']
['157', '291', '358']
['221', '323', '333']
['280']
['11', '457', '330', '115']
['411', '127']
['282', '403', '278', '359', '445', '348', '103']
['266']
['442', '380', '298']
['413', '342', '283', '210', '2', '197', '264', '415']
['285', '477', '31', '314', '10']
