['499', '487']
['444', '115', '171', '423', '370', '117', '252', '413', '82', '69', '77', '255', '60', '373', '38', '164', '493', '459', '174', '213', '410', '262', '374', '416', '382', '338', '14', '16', '448', '153']
['491', '329', '371', '26', '271', '57', '159', '42', '31', '378', '13', '356', '337', '45', '103', '218', '156', '418']
['17', '466', '23', '483', '92', '102', '51', '104', '481', '93', '95', '22', '167', '49', '390', '118', '101', '315', '112', '207', '18', '63', '395', '310', '114', '259', '220', '251', '348', '340']
['437', '224', '237', '67', '106', '86', '10', '201', '446', '87', '27', '190', '194', '388', '157', '357', '399', '465', '409', '351', '402', '206', '457', '349', '400', '347', '332', '165', '205', '426']
['461', '303', '58', '383', '209', '5', '8', '305', '214', '291', '2', '295', '311', '261', '282', '297', '386', '334', '453', '61', '394', '339', '44', '46', '155', '211', '299', '249', '415', '154']
['428', '97', '492', '473', '379', '223', '352', '28', '430', '445', '152', '83', '414', '3', '279', '91', '258', '330', '169', '406', '375', '241', '328', '176', '90', '30', '203', '273', '317', '35']
['286', '495', '281', '363', '111', '393', '362', '108', '143', '64', '150', '260', '116', '450', '431', '78', '440', '350', '21', '272', '187', '54', '359', '244', '333', '120', '7', '71', '210', '9']
['472']
['449', '172', '168', '151', '268', '89', '212', '6', '73', '397', '384', '221', '345', '381', '476', '463', '250', '96', '134', '429', '372', '489', '436', '94', '141', '343', '36', '160', '355', '269']
['306', '471', '263', '497', '20']
['494', '287']
['335', '488', '216']
['490', '188', '469', '498', '1', '480', '233', '175', '239', '178', '65', '182', '353', '34', '4', '185', '11', '452', '322', '236', '341', '369', '181', '70', '41', '454', '197', '189', '368', '43']
['84', '462']
['417', '200', '195', '475', '325', '307', '266', '296', '147', '144', '126', '222', '364', '138', '433', '396', '326', '129', '173', '40', '265', '358', '68', '225', '85', '192', '132', '248', '267', '253']
['161', '166', '460', '186', '177', '292', '162', '231', '179', '243', '62']
['405', '256', '342', '294', '145', '183', '331', '360', '456', '302', '439', '380', '72', '300', '361', '148', '246', '254', '158', '25', '419', '283', '33', '276', '208', '309', '105', '387', '435', '420']
['131', '464', '468', '198', '344', '88', '48', '321', '229', '242', '293', '39', '323', '137', '298', '66', '290', '121', '59', '52', '37', '196', '247', '314', '119', '202', '228']
['482', '485', '113']
['425', '467', '401', '215', '412', '123', '100', '304', '15', '32', '149', '180', '56', '199', '146', '232', '191', '385', '408', '139', '455', '392', '204', '365', '346', '427', '278', '318', '170', '275']
['376', '474', '477', '479', '135', '478', '274', '257', '327', '81', '163', '366', '235', '285', '377', '264', '98', '324', '312', '29', '320', '109', '354', '75', '50', '53', '127', '80', '308', '74']
['336', '484', '313', '133', '110', '140', '319', '136', '184', '451', '128', '107', '411', '284', '130', '125', '142', '432', '367', '76', '280', '227', '238', '458', '442', '99', '389', '55', '316', '391']
['496', '270', '240', '19', '288', '24']
['277', '403', '421', '122', '398', '193', '443', '234', '124', '470', '301', '245', '12', '424', '219', '47', '422', '441', '79', '434', '289', '447', '226', '438', '217', '407', '486', '404', '230', '0']
