['311', '116', '119', '315', '153', '458', '234', '358', '63', '203', '205']
['339']
['100', '481', '484', '70', '157', '213', '22', '123', '186', '448', '68']
['30', '61', '274', '349', '477', '379', '304', '453', '8', '357', '323']
['395', '313', '33', '271', '126', '254', '398', '396', '55', '43', '392']
['42', '219', '348', '319', '425', '414', '16', '18', '482', '58', '162']
['417']
['412', '494', '60', '65', '365', '371', '225', '317', '31', '497', '143']
['2', '270', '10', '244', '152', '184', '289', '326', '249', '7', '284']
['228', '104', '446', '15', '82', '25', '168', '296', '124', '406', '277']
['260', '12', '464', '9', '73', '462', '333', '130', '346', '145', '146']
['28', '187', '356', '131', '399', '465', '189', '93', '106', '405', '221']
['286', '21', '113', '156', '180', '451', '463', '24', '17', '56', '207']
['483', '336', '306', '354', '241', '321', '231', '1', '300', '39', '489']
['282', '305', '265', '74', '34', '247', '330', '101', '402', '407', '428']
['150', '261', '111', '78', '299', '340', '314', '329', '214', '243', '246']
['387', '377', '455', '80', '434', '174', '69', '360', '297', '245', '383']
['420', '370', '490', '263', '267', '347', '59', '375', '493', '185', '273']
['27', '90', '408', '121', '415', '133', '259', '495', '3', '480', '85']
['401', '292', '285', '436', '291', '248', '445', '211', '91', '96', '450']
['99', '242', '363', '89', '23', '338', '318', '303', '169', '81', '98']
['217', '76', '72', '172', '238', '491', '423', '239', '266', '394', '51']
['149', '322', '250', '37', '475', '343', '331', '176', '66', '386', '236']
['192', '426', '498', '281', '20', '52', '391', '129', '64', '411', '79']
['433', '163', '147', '71', '177', '202', '257', '181', '341', '50', '324']
['164', '438', '144', '288', '432', '457', '253', '413', '103', '235', '158']
['110', '328', '251', '171', '159', '29', '141', '353', '173', '140', '166']
['206', '468']
['373', '155', '310', '193', '114', '389', '275', '57', '226', '237', '53']
['327', '335', '332', '283', '476', '325', '32', '13', '316', '252', '118']
['232', '344', '293', '175', '132', '255', '220', '473', '454', '19', '35']
['36', '178', '416', '443', '125', '367', '368', '337', '301', '449', '160']
['83', '307', '198', '460', '209', '361', '148', '151', '298', '5', '136']
['182', '196', '54', '486', '200', '290', '444', '410', '201', '227', '437']
['107', '352', '75', '427', '170', '496', '262', '142', '431', '240', '441']
['342', '418']
['295', '112', '87', '212', '26', '47', '258', '452', '390', '488', '0']
['359', '472', '381', '183', '470', '38', '393', '378', '108', '95', '320']
['439', '122', '350', '222', '492', '372', '478', '404', '117', '40', '86']
['422', '135', '276', '14', '48', '461', '447', '109', '115', '46', '474']
['421', '362', '215', '374', '380', '154', '308', '197', '382', '459', '280']
['161', '269', '67']
['229', '355', '364', '419', '279', '11', '49']
['223', '44', '397', '230', '369', '199', '388', '216', '134', '264', '469']
['409', '233', '312', '384', '137', '120', '366', '376', '84', '204', '218']
['105', '351', '429', '479', '400', '190', '435', '188', '287', '440', '499']
['467', '430', '92', '272', '165', '194', '62', '41', '334', '88', '268']
['256', '309', '94', '294', '45', '385', '4', '6', '224', '471', '485']
['424', '210', '167', '208', '97', '302', '77', '139', '403', '345', '278']
['466', '456', '487', '127', '195', '138', '179', '191', '128', '442', '102']
