['65', '321', '325', '318', '80', '320', '62', '301', '76', '305', '300', '340', '81', '78', '322', '302', '63', '64', '303', '77']
['278', '281', '287', '289', '326', '272', '333', '286', '294', '267', '268']
['184', '176', '196', '199', '178', '200', '197', '185', '183', '201', '181', '180', '165', '175', '186', '166', '193', '192', '187', '172']
['101', '105', '102', '119', '103', '97', '100', '99', '116', '118', '85', '83', '82', '98', '84', '117', '79', '122', '75', '92']
['17', '22', '25', '16', '18', '23', '37', '19', '24', '4', '399', '32', '35', '34', '7', '10', '9', '13', '8', '28']
['177', '168', '173', '169', '174', '171', '167', '170']
['218', '216', '221', '219', '204', '203', '217', '198', '202', '224', '223', '205', '225', '237', '211', '228', '209', '229', '207', '232']
['124', '130', '135', '126', '131', '127', '134', '129', '128']
['179', '394', '111', '366', '153', '392', '368', '348', '388', '350', '114', '251', '148', '355']
['182', '195', '191', '190', '188', '146', '227', '67', '26', '68', '369', '55', '375', '346', '374', '14', '230', '254', '147', '246']
['304', '296', '317', '324', '316', '319', '323', '307', '327', '315', '308', '329', '335', '314', '312', '310', '288', '328', '311', '295']
['158', '142', '143', '137', '156', '140', '139', '163', '164', '121', '125', '161', '159', '162', '141', '123', '157', '136', '120', '145']
['360', '342', '356', '358', '364', '359', '361', '345', '338', '362', '343', '363', '380', '336', '339', '341', '330', '349', '331', '372']
['344', '337', '354', '352', '351', '353', '155', '52', '107', '88', '29', '91', '391', '31', '226', '334', '347', '332', '386', '113']
['236', '238', '243', '241', '240', '242', '245', '258', '239', '222', '233', '234', '395', '108', '387', '90', '235', '389', '231', '46']
['44', '58', '370', '66', '151', '51', '53', '94', '73', '33', '50', '106', '373', '371', '27', '367', '30', '390', '93', '69']
['59', '45', '41', '38', '57', '40', '39', '43', '42', '36', '60', '56', '61', '21', '47', '49', '74', '54', '48', '87']
['282', '279', '284', '276', '283', '280', '285', '299', '277', '298', '265', '297', '271', '270', '275', '293', '290', '291', '89', '292']
['385', '381', '377', '376', '365', '396', '1', '382', '398', '3', '378', '379', '2', '400', '384', '5', '20', '397', '357', '12']
['144', '104', '383', '160', '138', '96', '150', '154', '86', '133', '109', '132', '95', '115', '110', '149', '393', '112', '152', '11']
['220', '210', '213', '214', '215', '208', '206', '212', '6', '15', '313', '71', '194', '189', '306', '70', '309', '72']
['259', '256', '263', '262', '257', '260', '264', '244', '261', '255', '250', '248', '253', '269', '252', '266', '247', '273', '249', '274']
