['43']
['44']
['245']
['244']
['104']
['106']
['243']
['105']
['127']
['125']
['124']
['165']
['164']
['163']
['446']
['447']
['126']
['445', '249']
['162', '323', '494', '486', '257', '382', '168', '318', '135', '73', '469', '170', '287', '384', '476', '493', '256', '55', '290']
['448', '475', '234', '133', '470', '174', '293', '30', '481', '33', '288', '21', '262', '142', '429', '304', '375', '440', '28']
['213']
['307']
['498', '112', '118', '80', '466', '123', '110', '430', '65', '236', '252', '468', '478', '71', '386', '434', '222', '175', '258']
['424', '413', '32', '436', '427', '15', '29', '128', '426', '442', '19', '24', '473', '25', '428', '17']
['499', '385', '322', '238', '144', '230', '131', '444', '129', '136', '56', '16', '120', '410', '437', '477', '216', '261', '472']
['495']
['309', '180', '480', '215', '221', '482', '107', '122', '479', '137', '383', '130', '490', '409', '229', '343', '310', '85', '193']
['211', '204', '7', '336', '458', '411', '93', '325', '393', '455', '47', '370', '366', '485', '8', '269', '389', '206', '456']
['497', '341', '86', '266', '403', '272', '147', '235', '190', '99', '200', '94', '225', '191', '87', '66', '361', '172', '333']
['275', '302', '117', '69', '166', '311', '297', '381', '301', '227', '467', '31', '408', '77', '298', '380', '167', '224', '255']
['308']
['356', '417', '160', '359', '159', '40', '6', '273', '188', '150', '4', '364', '97', '90', '53', '395', '460', '208', '274']
['352']
['496', '278', '279', '158', '346', '463', '187', '154', '41', '392', '182', '155', '202', '34', '38', '201', '371', '0', '149']
['10', '228', '491', '62', '316', '78', '179', '169', '134', '315', '406', '178', '246', '471', '217', '68', '259', '251', '218']
['210', '452', '449', '75', '45', '451', '1', '48', '265', '42', '329', '89', '189', '233', '60', '407', '363', '241', '50']
['277', '232', '376', '171', '64', '108', '247', '22', '219', '441', '231', '433', '27', '250', '114', '81', '51', '58', '173']
['281', '57', '450', '76', '74', '492', '226', '196', '402', '67', '489', '404', '487', '195', '141', '324', '148', '400', '362']
['212', '454', '54', '91', '88', '270', '152', '156', '205', '209', '320', '98', '465', '103', '92', '360', '391', '207', '365']
['282', '5', '37', '96', '52', '334', '84', '100', '453', '95', '102', '46', '338', '342', '198', '488', '335', '337', '331']
['284', '377', '378', '438', '431', '143', '388', '289', '113', '295', '109', '140', '111', '220', '263', '260', '443', '248', '240']
['285', '317', '177', '242', '59', '326', '401', '303', '176', '313', '82', '63', '296', '300', '379', '70', '239', '435', '405']
['350', '414', '12', '306', '13', '423', '351', '464', '286', '283', '353', '349', '161', '422', '368', '280', '461', '462', '419']
['357']
['305', '294', '115', '254', '119', '432', '132', '299', '439', '387', '253', '138', '116', '139', '474', '26', '20', '23', '18']
['421', '145', '319', '199', '390', '121', '146', '330', '79', '49', '197', '83', '328', '314', '264', '412', '312', '61', '223']
['9', '374', '398', '399', '3', '344', '153', '459', '373', '203', '181', '339', '39', '101', '151', '186', '358', '157', '185']
['214', '291', '292']
['420', '2', '72', '321', '194', '35', '396', '268', '237', '484', '457', '332', '394', '483', '397', '327', '192', '271', '267']
['418', '354', '184', '355', '345', '416', '367', '347', '369', '183', '11', '14', '415', '276', '372', '425', '36', '340', '348']
