['0', '245', '243', '236', '229', '259', '337', '453', '446', '455', '439', '432', '425', '493', '488', '481', '474', '467', '418', '374', '369', '362', '355', '348', '183', '378', '411', '404', '397', '390', '126', '96', '33', '57', '133', '140', '26', '106', '89', '35', '73', '47', '50', '112', '103', '119', '147', '180', '162', '66', '10', '80', '168', '17', '154', '387', '389', '60', '408', '373', '69', '62', '65', '403', '396', '53', '401', '377', '55', '394', '20']
['294']
['292']
['290']
['288']
['287']
['285']
['283']
['281']
['295']
['280']
['276']
['274']
['273']
['271']
['269']
['267']
['266']
['264']
['278']
['297']
['299']
['301']
['334']
['332']
['330']
['329']
['327']
['325']
['323']
['322']
['320']
['318']
['316']
['315']
['313', '238', '231', '224', '448', '441', '427', '437', '460', '483', '476', '469', '462', '420', '364', '357', '350', '343', '376', '413', '406', '399', '392', '385', '379', '138', '91', '145', '28', '127', '110', '42', '117', '124', '98', '36', '61', '12', '1', '178', '71', '171', '164', '49', '63', '87', '14', '159', '21', '82', '150']
['311', '241', '234', '227', '339', '451', '444', '435', '430', '423', '456', '491', '486', '479', '472', '465', '416', '372', '367', '360', '353', '346', '381', '409', '402', '395', '388', '182', '248', '129', '94', '31', '134', '56', '141', '24', '108', '45', '113', '52', '101', '120', '40', '148', '166', '8', '78', '169', '68', '5', '175', '75', '85', '155', '19', '51', '405', '384', '67', '398', '380', '375', '391', '48', '459', '461', '18', '468', '475', '482', '4']
['309']
['308']
['306']
['304']
['302']
['262']
['336']
['260']
['257']
['215']
['213']
['211']
['210']
['208', '118', '289', '291', '116', '293', '100', '296', '300', '111', '303', '109', '305', '307', '107', '312', '104', '314', '102', '317', '298', '496']
['206', '9', '492', '494', '11', '39', '436', '440', '144', '247', '254', '137', '256', '132', '251', '153', '223', '177', '186', '188', '174', '191', '193', '195', '198', '200', '202', '205', '163', '158', '219', '221', '167', '97', '326', '328', '95', '331', '93', '333', '335', '90', '340', '88', '342', '86', '324', '345', '349', '83', '352', '81', '354', '356', '79', '359', '361', '76', '363', '74', '366', '347', '275', '321', '319', '277', '279', '123', '282', '284', '286']
['204', '464', '466', '16', '471', '13', '473', '23', '478', '480', '485', '487', '489', '2', '410', '454', '25', '412', '46', '415', '417', '44', '419', '422', '424', '426', '429', '452', '37', '433', '34', '438', '32', '30', '443', '445', '447', '27', '450', '431', '370', '338', '368', '230', '151', '233', '235', '237', '146', '240', '242', '244', '228', '139', '258', '261', '263', '265', '268', '270', '128', '179', '172', '226', '165', '207', '209', '160', '72', '272', '125']
['203', '212', '214', '216', '310']
['217']
['201']
['197']
['196']
['194']
['192']
['190']
['189']
['187']
['185']
['199']
['218']
['220']
['222']
['255']
['253']
['252']
['250']
['495']
['246', '239', '232', '225', '341', '449', '442', '434', '428', '458', '490', '484', '477', '470', '463', '421', '371', '365', '358', '351', '344', '414', '407', '400', '393', '386', '383', '131', '136', '29', '59', '92', '143', '105', '115', '43', '54', '122', '38', '99', '22', '7', '77', '173', '3', '176', '70', '161', '84', '64', '157', '152', '15', '58', '382', '181', '457', '6', '41', '149', '142', '249', '135', '130', '184', '170', '156', '121', '114']
