['330', '301', '333', '17', '282', '67', '215', '168', '37', '191']
['171', '158', '254', '117', '194', '128', '193', '166', '0', '142']
['308']
['253']
['316']
['96']
['62']
['237']
['259']
['264']
['351']
['289']
['83', '11', '394']
['209', '104']
['224']
['82']
['373']
['54']
['345', '98']
['197']
['243']
['278']
['57', '176', '343', '115', '216', '342']
['65', '198', '196', '192', '3', '16']
['187', '144', '178', '256', '94', '315', '365', '223', '61', '160']
['49', '287', '126', '44', '397', '356', '344', '19', '169', '157']
['325', '307', '177', '279', '32', '101', '109', '265', '214', '303']
['71', '163', '372', '380', '281', '27', '338', '136', '79', '378']
['33']
['295', '69']
['134', '363']
['366', '385', '97', '68', '296', '317', '6', '257', '159', '64']
['188']
['190', '326', '7']
['132']
['129', '78', '283']
['260', '337']
['116', '89', '319', '390']
['249', '131', '275', '277', '340', '164', '14']
['60']
['151', '313']
['154', '329', '181', '231', '111', '40', '213', '124']
['358']
['88', '13']
['357', '244', '199', '247', '5', '276', '29', '20']
['130', '123', '75', '386', '113']
['312']
['45', '327', '56', '250', '175', '59', '352', '228', '195', '274']
['314', '391', '203', '371', '162']
['382', '374', '318', '28', '240', '161', '280', '43', '263', '208']
['376']
['8', '226', '268']
['12', '31']
['322', '2', '395', '119', '184', '135', '261']
['393', '334', '84', '39']
['321', '35', '145']
['381', '179', '302', '77', '58', '30', '298', '328', '180', '396']
['143', '73', '230', '398']
['106', '99', '167']
['95']
['306']
['361', '367']
['92']
['90']
['229']
['121', '155', '273']
['210', '53']
['332', '255']
['347', '359', '362', '185', '388', '267']
['25', '227', '102', '311', '205', '156', '246', '212', '15', '346']
['174', '294']
['245', '189', '339', '147', '269', '252', '146', '349', '72', '236']
['186', '200', '138', '52']
['36', '137', '217', '100', '148', '24', '206', '110', '55', '353']
['383', '26', '389']
['331', '364']
['232', '211', '18', '299', '222', '242', '292', '63', '379', '375']
['127', '38', '219']
['48', '81', '248', '42', '122', '360', '387', '221', '392']
['9', '291', '153', '74', '140', '87', '297', '266', '21', '285']
['238', '103']
['112', '335']
['271']
['350']
['76']
['1', '183', '114']
['34', '172', '336', '290', '50', '341', '300', '220']
['204', '324']
['348', '258', '293', '370', '239', '80']
['320', '46', '284', '225', '354', '118', '304', '288', '369', '241']
['305', '234', '270']
['262']
['133']
['70', '272', '173', '165']
['105', '235', '66', '399', '355', '310']
['41', '170']
['125', '309']
['368', '22', '251', '233', '108', '384', '150', '377', '152', '286']
['47', '182', '141', '201', '149', '107', '4', '120', '323', '139']
['86', '85', '91', '207', '10', '218', '51', '23', '93', '202']
