['165', '476', '200', '128', '301', '378', '83', '166', '44', '145', '266']
['470', '458', '6', '19', '180', '73', '46', '426', '413', '416', '58', '80']
['205', '208', '100', '320', '438', '446', '206', '273', '376', '72', '282', '412']
['127', '250', '43', '296', '42', '112', '359', '340', '12', '154']
['1', '87', '171', '160', '60', '461', '403', '337']
['357', '101', '64', '256', '107', '217', '78', '27', '395']
['260', '253', '35', '33', '109', '203', '114', '420', '137']
['3', '422', '210', '181', '484', '168', '380', '159', '314', '38', '23']
['214', '234', '456', '267', '53', '283', '295', '10', '383']
['193', '11', '371', '163', '398', '455', '74', '441', '417']
['293', '317', '448', '52', '360', '237', '32', '442']
['158', '140', '106', '95', '437', '113', '298', '459', '123']
['21', '66', '54', '184', '261', '311', '232', '182', '179', '321']
['342', '312', '211', '122', '243', '148', '161', '204', '0', '249']
['409', '377', '352', '7', '485', '278', '375', '336']
['17', '202', '152', '14', '98', '471', '421', '326', '272']
['104', '20', '194', '93', '285', '490', '252', '220']
['473', '92', '497', '289', '133', '444', '47', '399', '8']
['255', '118', '228', '374', '105', '59', '463', '139', '190', '281']
['447', '229', '489', '191', '386', '333', '495', '407', '151', '457']
['156', '469', '254', '247', '34', '344', '265', '331', '408', '414', '286', '488']
['390', '449', '111', '462', '146', '425', '475', '196', '61', '303', '130']
['144', '486', '404', '478', '343', '224', '85', '129']
['84', '246', '230', '45', '240', '197', '41', '110', '177', '347']
['141', '467', '271', '135', '213', '169', '99', '269', '499', '40', '362', '428']
['391', '353', '487', '431', '389', '481', '174', '238', '29']
['187', '172', '369', '231', '325', '400', '4', '227']
['183', '103', '241', '82', '49', '450', '71', '117', '89']
['307', '62', '305', '188', '406', '195', '394', '405', '138']
['37', '367', '385', '65', '5', '440', '216', '472', '15', '79', '198', '56']
['164', '277', '218', '300', '57', '121', '167', '258', '496', '464', '483']
['452', '370', '86', '387', '355', '304', '199', '415', '288', '26', '306']
['225', '384', '90', '477', '480', '435', '76', '268', '308', '245']
['235', '77', '453', '284', '24', '239', '189']
['192', '411', '322', '149', '332', '116', '432', '209', '356', '327', '108']
['124', '69', '339', '338', '316', '207', '115', '379', '392', '433']
['259', '345', '315', '354', '372', '465', '323', '351', '319', '276', '270', '274', '454', '330']
['309', '280', '287', '143', '494', '346', '257', '13', '142']
['436', '147', '410', '363', '365', '328', '423', '150', '201']
['51', '299', '131', '185', '313', '429', '445', '349', '16', '186', '401', '393', '25', '88']
['91', '134', '373', '418', '248', '242', '396', '361']
['310', '75', '358', '424', '18', '334', '125', '9', '474', '381', '39', '498', '68']
['419', '102', '178', '460', '388', '170', '350', '324', '402', '97', '96']
['30', '368', '155', '493', '263', '36', '176', '364', '292']
['291', '162', '294', '222', '430', '67', '439', '63', '264', '50']
['136', '221', '48', '233', '251', '279', '223', '132', '153', '31', '290']
['175', '329', '297', '434', '94', '366', '451', '157', '318']
['482', '443', '212', '55', '468', '219', '244', '120', '397', '479', '335']
['126', '348', '302', '2', '262', '341', '215', '28', '173', '22']
['70', '236', '492', '81', '275', '491', '427', '226', '119', '466', '382']
