['61', '36', '184', '4', '71', '11', '57', '468', '170', '182', '450', '130', '413', '203', '306', '278', '412', '376', '249', '448', '282', '92', '165']
['120', '335', '150', '191', '296', '65', '477', '133', '99', '242', '480', '237', '197', '47', '286', '167', '385', '420', '272', '262', '454', '440', '154']
['471', '404', '256', '67', '179', '339', '128', '220', '257', '38', '344', '24', '195', '7', '377', '327', '358', '383', '113', '303', '331', '21', '419']
['55', '297', '244', '218', '35', '302', '248', '219', '111', '458', '110', '228', '192', '245', '8', '76', '315', '9', '299', '90', '22', '29', '173']
['320', '430', '250', '411', '25', '414', '96', '277', '325', '79', '372', '472', '82', '367', '326', '312', '401', '291', '313', '89', '183', '340', '101']
['181', '156', '290', '293', '371', '370', '446', '402', '417', '279', '18', '125', '444', '152', '394', '30', '275', '60', '12', '368', '304', '14', '230']
['41', '469', '254', '34', '359', '379', '466', '305', '479', '132', '343', '270', '238', '232', '295', '337', '260', '409', '283', '328', '484', '138', '48']
['109', '451', '309', '44', '438', '470', '204', '115', '100', '405', '384', '151', '2', '243', '485', '104', '307', '442', '399', '77', '435']
['317', '172', '356', '281', '198', '261', '355', '322', '389', '408', '10', '284', '87', '447', '189', '380', '143', '373', '141', '330', '149', '365', '202']
['483', '84', '43', '393', '28', '223', '33', '269', '116', '85', '308', '68', '474', '240', '50', '147', '407', '319', '310', '190', '13']
['146', '40', '129', '17', '314', '114', '265', '127', '153', '357', '334', '434', '467', '364', '391', '351', '185', '415', '431', '5', '117', '212', '81']
['107', '338', '375', '45', '423', '374', '199', '20', '42', '72', '63', '226', '288', '388', '227', '395', '155', '122', '381', '465', '348', '350', '222']
['429', '221', '158', '108', '88', '445', '46', '131', '311', '177', '251', '437', '352']
['406', '126', '136', '58', '378', '98', '258', '452', '349', '106', '271', '390', '216', '276', '246', '49', '361', '457', '160']
['19', '428', '196', '224', '273', '208', '159', '239', '476', '66', '268', '360', '64', '214', '462', '400', '345', '123', '69', '134', '140', '333', '443']
['424', '267', '70', '139', '180', '93', '382', '436', '168', '39', '234', '294', '354', '201', '175', '16', '137', '324', '145', '362', '416', '231', '329']
['56', '235', '346', '264', '178', '31', '386', '403', '166', '54', '363', '321', '78', '292', '318', '209', '95', '193', '97', '396', '253', '200', '1']
['32', '205', '121', '26', '301', '144', '300', '461', '74', '211', '449', '341', '86', '217', '51', '215', '459', '285', '161', '73', '207', '342', '441']
['255', '83', '169', '433', '15', '229', '162', '241', '27', '53', '410', '252', '94', '188', '247', '422', '482', '102', '347', '287', '481', '124', '142']
['187', '263', '194', '23', '233', '298', '398', '387', '80', '186', '478', '427', '236', '6', '426', '103', '369', '171', '432', '463', '213', '473', '460']
['62', '425', '259', '37', '280', '397', '274', '366', '163', '421', '206', '135', '118', '157', '59', '475', '210', '323', '105', '456']
['75', '176', '353', '164', '316', '332', '225', '336', '392', '418', '439', '3', '289', '112', '148', '174', '266', '91', '453', '52', '455', '119', '464']
