['42', '181', '276', '53', '93', '16', '133', '222', '299', '289', '170', '244', '163', '50', '197', '101', '288', '94', '145', '300']
['230', '92', '96', '172', '272', '283', '169', '51', '193', '182', '179', '38', '280', '45', '294', '106']
['250', '258', '55', '120', '232', '97', '104', '188', '64', '3', '151', '206', '295', '156', '28', '130', '242']
['251', '58', '121', '256', '180', '100', '142', '281', '87', '65', '286', '246', '36', '190', '47', '122']
['135', '11', '90', '167', '287', '177', '194', '61', '209', '21', '285', '68', '241', '237']
['91', '149', '43', '195', '110', '192', '89', '116', '291', '141', '284', '17']
['41', '155', '98', '84', '262', '95', '74', '275', '255', '143', '252', '103', '139', '134', '249', '76']
['70', '253', '259', '221', '269', '75', '178', '7', '189', '154', '31', '215', '274']
['220', '218', '257', '114', '144', '201', '88', '1', '236', '13', '127', '196', '77', '265']
['35', '152', '191', '210', '266', '239', '66', '15', '44', '254', '264', '225', '200', '125', '183', '30', '14', '233']
['273', '263', '186', '2', '131', '34', '147', '277', '296', '124', '267', '146', '282']
['261', '165', '166', '126', '12', '231', '214', '202', '235', '39', '175', '158', '137']
['238', '243', '69', '83', '52', '118', '62', '132', '78', '25', '150', '33', '24', '105', '157', '29']
['5', '63', '216', '219', '198', '102', '226', '228', '18', '109', '71', '23', '86', '67']
['108', '168', '148', '187', '138', '162', '128', '212', '213', '54', '292', '59', '27', '223']
['81', '20', '107', '153', '56', '73', '278', '248', '40', '82', '32', '224', '290', '4', '6']
['22', '79', '268', '111', '140', '19', '119', '229', '227', '10', '240', '159', '8', '171']
['160', '271', '204', '85', '205', '164', '26', '49', '203', '208', '117', '48', '115', '174', '185']
['298', '279', '9', '211', '173', '80', '217', '57', '60', '113', '297', '184', '199', '99']
['136', '161', '270', '37', '260', '72', '46', '123', '293', '112', '207', '245', '129', '234', '176', '247']
