['5', '8', '232', '40', '96']
['128', '17', '87', '52']
['24']
['172']
['239']
['158']
['192']
['29']
['69']
['226']
['70']
['134', '152']
['51', '20']
['154']
['18']
['235']
['220']
['59']
['12']
['175']
['248']
['171']
['147', '240', '180', '124']
['58']
['61', '44']
['57']
['199']
['148']
['202']
['108', '94', '97']
['53']
['150']
['149']
['127']
['153']
['188']
['99']
['159']
['181']
['79']
['160']
['161']
['83']
['84']
['85']
['163']
['93']
['66']
['49']
['91']
['4', '118']
['236', '197']
['120']
['230']
['21', '187']
['22', '186']
['9', '75']
['242']
['23', '195']
['48', '231']
['117']
['30']
['222']
['243']
['130']
['13']
['113']
['216']
['246']
['213']
['212']
['41', '42', '55']
['211']
['43']
['210']
['1']
['208']
['47', '184']
['140']
['129']
['146']
['136']
['133']
['156']
['155']
['138']
['151']
['141', '95']
['144']
['166', '170']
['131']
['145']
['0']
['169']
['215']
['217']
['218', '10']
['219']
['221']
['223', '173', '101']
['209']
['228']
['234']
['237']
['238']
['241']
['244', '135']
['245']
['229']
['167']
['207']
['205']
['174']
['177', '139']
['178']
['182', '204']
['183']
['185']
['206']
['189']
['191']
['193']
['194']
['196']
['200']
['201']
['190']
['198', '179', '176', '39', '126']
['249', '157', '60']
['125']
['56']
['62']
['63']
['64']
['65']
['67', '103']
['68']
['54']
['71']
['74']
['76']
['77']
['78']
['80']
['81']
['82']
['72']
['86']
['50']
['45', '233']
['3']
['6']
['7', '137']
['11']
['14']
['15']
['16']
['46']
['19']
['26']
['27']
['31', '162']
['33']
['34']
['35']
['36']
['25']
['88']
['73']
['106']
['100', '203']
['98', '168']
['104', '165']
['105', '214']
['121']
['107']
['109']
['102']
['122', '164']
['92']
['90']
['123']
['37']
['115']
['225', '119']
['224']
['111']
['28']
['114']
['32']
['142']
['227']
['143']
['112']
['89']
['116']
['38']
['247', '110']
['2']
['132']
