['232', '236', '241', '141', '87', '233', '21', '213', '244', '125', '47', '124', '118', '41', '86', '242', '154', '104']
['161', '300', '200', '74', '73', '0', '84', '129', '162', '17', '77', '238', '133']
['38', '126', '109', '75', '42', '277', '9', '95', '25', '53', '296', '257', '191', '151', '198', '29']
['132', '268', '185', '147', '297', '190', '152', '1']
['253', '186', '100', '56', '150', '183', '302', '153', '224', '211', '94', '115', '116']
['50', '143', '70', '68', '20', '247', '114', '276', '252', '206', '289', '140']
['298']
['275', '215', '57', '265', '310', '267', '309', '235', '258', '259', '228', '179', '52', '270']
['214']
['218', '178', '130']
['177', '27', '192', '92', '44', '24', '121', '217', '250', '225', '22', '237', '249', '96']
['31', '122', '266', '216', '279', '269', '164', '85', '202', '128', '284', '63', '307', '23', '173', '71', '93', '51']
['272', '254', '91', '138', '43', '221', '285', '278', '220', '240', '168', '167', '18', '101', '187', '172', '131', '139']
['106', '66', '182', '160', '199', '45', '204', '248', '39', '78', '287', '207', '251', '189', '15', '4', '291', '26']
['13', '255', '174', '155', '40', '16', '311', '260', '294', '261', '64', '112', '144', '264', '146', '176', '90', '142']
['197', '195', '2', '229', '127', '281', '210', '166', '193', '119', '203', '123', '256', '180', '28', '288', '208', '312']
['107', '72', '6', '69', '158', '293', '110', '83', '273', '282', '313', '76', '271', '163', '34', '175', '62', '145']
['88', '32', '290', '89', '306', '137', '37', '184', '108', '30', '295', '59', '7', '136', '212', '292', '65', '49']
['103', '134', '157', '305', '181', '81', '301', '113', '169', '280', '58', '12', '60', '98', '79', '194', '120', '165']
['11', '263', '3', '219', '222', '245', '19', '205', '159', '231', '80', '33', '67', '226', '46', '239', '36', '97']
['8', '262', '61', '148', '201', '10', '196', '170', '35', '111', '54', '243', '283', '149', '156', '105', '230', '188']
['246', '99', '14', '286', '171', '299', '5', '227', '117', '135', '82', '304', '308', '234', '55', '223', '303', '102']
['48', '274', '209']
