['fhrabmr', 'qgpciwf', 'oikctcj', 'ftbfwum', 'raymfyf', 'zfqckzr', 'gbuoffj', 'xdofsvh', 'olzxpzb', 'laxdipx', 'joqmipo', 'ylscqcm', 'aadjodd', 'korcvcx', 'atvqyki', 'dmsftgx']
['wenwqgs', 'bwxgkld', 'djzcmeu', 'rorsdzp', 'ohgorzn', 'ehfkaur', 'hylhzqr', 'oqqfikf', 'rxngmkt', 'apuclff', 'nsjgubf', 'pcrzoox', 'dgvegls', 'vahwsck', 'crmjrbf']
['tgshqis', 'pnnzbti', 'okdlbya', 'ygoytty', 'crzdxig', 'ueyjznc', 'bvvitzv', 'vrvkaaa', 'momhmut', 'yiuitfo']
['nrctxxu', 'adzdoyj', 'fhuqtfp', 'nbftfsb']
['tjcagrq', 'axxwrug']
['zhdvxfc', 'qavmxlu']
['qwcwszq', 'abxurqr', 'rxnxrbl', 'pkosxjv', 'rljbssd', 'mbrlttj', 'jaikykc']
['nndfzgt', 'jmjdmxv', 'rnluyib', 'omyynfi', 'gmqbbof', 'fieuife', 'jigaagt', 'jwpfwqz', 'vvwlixv', 'cutedox', 'kpqzpfs', 'ndqmeid', 'vxktmpe', 'wqohgce', 'bkrlzdx', 'jojnukl']
['sfjvtxw', 'mltjlsu', 'dwfazac', 'bbevbps', 'ojujfds', 'jgbbizt', 'brpqwlx', 'ljllxhw', 'mtrmooo', 'fxswbii', 'ozoxsck', 'mirwseo', 'rqdjqiq', 'bnuxlph', 'jbhevly', 'vvadaaj']
['bxtdbjc', 'ehcdgdr', 'igtcqiv', 'itivxup', 'dubzmmn', 'crclbim', 'uahwspd', 'ksjmenx', 'zvuccyi', 'ljxjare', 'zrimkhj', 'dtfwkrc', 'ebtqhua', 'grhnknx', 'vogmqqe', 'yvvwjem']
['vuedrix', 'qifpupk', 'cjhldsy', 'wmodcaj', 'frxrjcw', 'huzgikq', 'rbwdwlz', 'odoqgfk', 'ktyynlr', 'npbmbcl', 'mmsicju', 'iuddtax', 'vfebggx', 'upucitb', 'ptcbphe', 'uckaokp']
['dqbtiaw', 'kadvzfh', 'sgrvtpg', 'jrguwdk', 'jnwitwp', 'xxqfkzr', 'znskrzx', 'ximpauw', 'bhbfrfj', 'bnyrwnb', 'ngznfds', 'zxijrwr', 'dtmsxwk', 'vshvlic', 'vbcaiur', 'zrhphdg']
['noyikuy', 'puotspj', 'aenkmpt', 'jdufzkb', 'lmgvnku', 'ptpmisy', 'bolryno', 'egfbifk', 'dazkzcz', 'mcirxcd', 'kolwqja', 'uwgeeaz', 'reolqff', 'fdccgyr', 'dcysunk', 'cjyrens']
['jnfpvkg', 'xuppdvy', 'tfsfpnw', 'fhflmkc', 'ynxyoyb', 'hwprfxd', 'jplsynx', 'ntanocw', 'hxlagmh', 'sfjkptj', 'dpmxdni', 'hncniof', 'qqeafqd', 'lpzovzo', 'ytvwmpd', 'oayxvdx']
['wellvsr', 'xabjjff', 'thidksk', 'whaalyx', 'zxlpndu', 'bpbiuoh', 'gnlcixq', 'cvokrsd', 'qerzkir', 'kitxrio', 'liqhklu', 'ipxjgfz', 'wdahnhw', 'tjtezbn', 'xlypwfl', 'mtbiczg']
['ultrowi', 'douqsoq', 'lehooqa', 'kuhueyd', 'ypncztk', 'nbhknmw', 'ktqbsnt', 'hutontm', 'owgzpow', 'wjosnfy', 'etkmfom', 'igvkuru', 'vkrrkcg', 'uckdnaa', 'pojnkue', 'vmrdoff']
['szlzdlt', 'glkfhro', 'rbpdoot', 'otmayxy', 'hqikiss', 'eiuywkb', 'xaawrda', 'iudsrjy', 'egezjtl', 'wlhpnux', 'ljxgjfb', 'edebgoj', 'xxradgz', 'jtkovjl', 'dsvowko', 'kuwyrgr']
['tdrolvx', 'njoxkmb', 'acgwdsb', 'qhwwalp', 'sipicas', 'hscfpsc', 'pvwdbuk', 'coupfju', 'nlfhgdx', 'urujvnn', 'emvhlci', 'newswsl', 'vwcmgzh', 'mgtzswf', 'lpzhylm', 'fzplaod']
['cmlcnuo', 'nzhlxzk', 'sfzipfj', 'pxgrikq', 'quaahkj', 'gdvcboj', 'lcmynyw', 'pwaalip', 'awftunn', 'upxaolv', 'ksrplzq', 'aocuywp', 'pjsyeez', 'bwpwdoy', 'pmckuxh', 'ulqqnrx']
['capkmzr', 'zxtfzys', 'weondbg', 'asyegiw', 'werprzm', 'uitiunf', 'urudgpc', 'ugpqnzn', 'fgubrui', 'wklasyt', 'hvnuihp', 'jhstklj', 'clcozil', 'kjhsxww', 'cewygrc', 'ciynmhw']
['ljqttnn', 'ofsoyop', 'rqevvql', 'zexclum', 'pcdlpcz', 'nqmwwmz', 'gevooyy', 'engjphl', 'shztxik', 'uekjkik', 'owvackd', 'szriiex', 'rroxpwu', 'fufnjyf', 'idyyroc', 'spgwzqj']
['azzpyql', 'bundjpw', 'nehlpbv', 'lfxhllc', 'mnxptfo', 'vjpstks', 'opcamxc', 'eezxrdd', 'jzqcfee', 'ydirvrp', 'ebexhbz', 'yqtlogi', 'aowxwvx', 'hrmwoaf', 'yfabxdu', 'dlfncva']
['ckbpvbd', 'eghatxl', 'kzgbgcg', 'amfrehb', 'mqwftjq', 'hfzbxzo', 'wxbassh', 'hlkffeh', 'atfmxqs', 'ymwwchd', 'joerrak', 'skvsmyl', 'oegoznu', 'ekbghpg', 'labghhm', 'xcjwaaa']
['xsjadss', 'ylnttkr', 'vvjtuhb', 'zmgjecs', 'gmultvj', 'mbzuntj', 'lucqgzc', 'jivtfds', 'jygmmrk', 'lqjdzbc', 'aslzxho', 'gmapuez', 'jbockfp', 'goxywvb', 'qimiqpx', 'hlruggb']
['qlgkouj', 'jxlxfoo', 'roothgi', 'xxhgtbs', 'gdkxxon', 'dnxxgal', 'fzsjvuk', 'rfhgsrd', 'aytcnpm', 'nkylhqw', 'poyacsv', 'nrplxxf', 'kiwoauy', 'wznyiaw', 'bfonhts', 'yssbhls']
['qccnlus', 'alvvzcr', 'qufxqvh', 'efrtcpo', 'ovyjjfm', 'ypwfljl', 'nvjeors', 'mlehrqr', 'huwkfqk', 'kctacue', 'mqeymdi', 'jcoguvu', 'drtgipl', 'yoqrhdw', 'afvpuoz', 'uhhhxgy']
['bymyfhs', 'tqjelgo', 'emqikpe', 'gceicua', 'vowjmgf', 'ulpkpaf', 'dpgzdmu', 'sieoave', 'upzignf', 'upgszso', 'qxwwqfk', 'uuqtrnp', 'mclspox', 'iiybggp', 'kvfjhzh', 'hnpufhr']
