['448', '285', '153', '103', '166', '471', '72', '445', '259', '255', '365', '473', '152', '165', '228', '176', '253', '198', '233', '432', '36', '98', '29', '493', '470', '360', '8', '417', '421', '425', '224', '64', '435', '160', '402', '71', '391', '182', '411', '338', '284', '130', '469', '120', '6', '157', '480', '32', '227', '194', '246', '222', '251', '256', '266', '58', '439', '399', '161', '413', '466', '241', '114', '119', '206', '139', '163', '38', '250', '356', '225', '440', '33', '16', '100', '110', '50']
['494', '177', '234', '373', '240', '271', '315', '296', '237', '495', '477', '5', '17', '293', '179', '499', '109', '133', '276', '345', '366', '319', '244', '23', '149', '301', '472', '263', '116']
['433', '9', '112', '465', '486', '185', '89', '286', '95', '92', '389', '340', '390', '468', '2', '10', '438', '83', '351', '324', '441', '294', '428', '3', '333']
['289', '60', '264', '145', '31', '410', '216', '67', '148', '226', '334', '125', '214', '51', '41', '245', '490', '203', '405', '155', '467', '281', '191', '101', '258', '91', '168', '202', '218', '80', '359', '90', '290', '397', '305', '395', '462', '404', '0', '262', '229', '164', '313', '297', '295', '150', '121', '68', '449', '447', '257', '232', '170', '219', '231', '151']
['476', '304', '329', '300', '131', '302', '489', '254', '278', '358', '303', '123', '375', '498', '180', '287', '193', '211', '128', '42', '87', '362', '369', '475', '12', '181', '443', '63', '156', '104', '86', '487', '478', '415', '204', '137', '479', '364', '173', '20']
['354', '482', '291', '220', '54', '126', '363', '422', '393', '94', '19', '483', '407', '374', '409', '34', '423', '261', '355', '481', '396', '408', '26', '485', '484', '75', '267', '416', '370', '418', '178', '187', '111', '437', '332', '444', '43', '93', '272']
['210', '312', '306', '403', '147']
['274', '459', '167', '458', '457', '15', '460', '146', '461', '88']
['339', '379', '434', '140']
['175', '159', '196', '298', '431']
['236', '53', '129', '327', '59', '427', '243', '66', '323', '37', '288', '346', '154', '242', '269', '96', '49', '4', '62', '13', '27', '102', '73', '344', '401', '124', '455', '453', '82', '382', '223', '430', '429', '260', '7', '361', '238', '270', '378', '141', '132', '97', '406', '336', '200', '436', '420', '426']
['450', '454', '335', '235', '215', '169', '118', '45', '371']
['325', '398', '400', '208', '330', '207', '201', '275', '61', '322', '394', '77', '280', '292', '352', '217', '279', '213']
['496', '127', '283', '299', '326', '230', '14']
['357', '56', '372', '39', '380', '347', '107', '451', '497', '35', '70', '452', '190', '174', '18', '239', '456']
['377', '350']
['318', '316', '79', '307', '368', '388', '383', '331', '221', '320', '385', '353', '65', '192', '74', '314', '337', '349', '376', '76', '247']
['105', '11', '84', '209', '21', '199', '117', '136', '381', '183', '135', '488', '142', '424', '310', '442', '115', '474', '30', '52', '81', '414', '491', '85', '265', '122', '40', '186', '249', '268', '162']
['25', '367', '384', '28', '343', '387', '212', '309', '446']
['189', '134', '197', '328', '348', '463', '273', '46', '1', '492', '24', '205', '106', '282', '277', '172', '44', '47', '171', '108', '392', '464', '69', '158', '342', '48', '144']
['308', '321', '311']
['195', '188', '22', '412', '184', '248', '419', '113', '57', '99', '252', '78', '341', '55', '317', '143', '138', '386']
