['310', '75', '154', '257', '123', '136', '114', '27', '195', '396', '304', '351', '89', '237', '337', '18', '84', '132', '119', '324', '57']
['232', '5', '219', '182', '336', '284', '239', '335', '140', '58', '41', '193', '340', '76', '73', '398', '30', '255', '110', '246', '345', '1']
['45', '344', '226', '350', '83', '307', '164', '267', '288', '394', '109', '346', '124', '170', '19', '72', '282']
['137', '15', '348', '87', '22', '128', '68', '308', '278', '102', '302', '382', '190', '9', '293', '32', '322', '217']
['397', '316', '352', '231', '90', '366', '306', '291', '38', '82', '80', '50', '165', '196', '174', '272', '292', '263', '205', '2', '188', '378', '393']
['242', '227', '120', '151', '270', '315', '64', '343', '300', '59', '53', '220', '332', '7', '297', '223', '183', '271', '94', '56', '108']
['317', '192', '210', '33', '235', '377', '203', '389', '356', '116', '228', '212', '299', '61', '269', '129', '35', '254', '331']
['333', '218', '20', '70', '138', '194', '252', '358', '155', '177', '354', '86', '107', '71', '88', '8', '236', '287', '11', '290']
['122', '225', '157', '134', '200', '395', '320', '78', '153', '392', '160', '216', '265', '199', '63', '91', '261', '176', '202', '229']
['274', '338', '169', '79', '314', '179', '208', '262', '311', '224', '44', '198', '96', '238', '28', '131', '39']
['126', '36', '328', '273', '259', '3', '130', '342', '98', '368', '37', '147', '10', '383', '141', '385', '173', '318']
['54', '294', '295', '16', '197', '222', '24', '69', '143', '42', '168', '181', '106', '289', '209', '93', '111', '166', '380', '370']
['286', '178', '162', '21', '249', '347', '184', '150', '360', '40', '384', '112', '156', '283', '361', '105', '159', '135', '339', '47', '161', '390', '327']
['43', '144', '285', '204', '234', '280', '115', '326', '6', '381', '142', '14', '305', '207', '357', '365', '388', '353', '399', '221', '12', '145', '244']
['97', '185', '101', '4', '230', '253', '163', '201', '152', '313', '241', '387', '264', '49', '268', '349', '248', '117', '167']
['362', '359', '330', '34', '127', '17', '386', '67', '379', '213', '243', '245', '206', '103', '29', '319', '133', '77', '372']
['375', '191', '266', '99', '303', '355', '23', '0', '149', '62', '125', '323', '214', '175', '172', '279', '281', '233', '391', '301', '60', '367']
['148', '309', '66', '256', '376', '258', '74', '13', '334', '298', '247', '250', '121', '51', '171', '113', '46', '187', '104', '211']
['321', '118', '146', '277', '26', '81', '215', '363', '325', '139', '260', '240', '364', '341', '312', '48', '186', '180', '92', '374', '329']
['95', '31', '100', '369', '189', '373', '296', '65', '158', '25', '251', '276', '85', '371', '52', '55', '275']
