['189', '374', '40', '204', '238', '375', '382']
['195', '193', '199', '192', '196', '194', '198']
['227', '231', '224', '223', '225', '222', '235']
['347', '345', '344', '346']
['113', '112', '115']
['146', '144', '145', '147']
['257', '258', '256', '259']
['244', '245', '246']
['64', '66', '67', '65']
['217', '218', '219', '216']
['378', '377', '376', '379']
['101', '100']
['18', '16', '19', '17']
['77', '79', '78', '76']
['177']
['255', '252', '253', '254']
['326', '324', '327', '325']
['248', '250', '249']
['85', '84', '87']
['165', '167', '164']
['9', '10', '8']
['116', '118', '117', '119']
['212']
['306']
['284', '286', '285']
['70', '69', '71', '68']
['134']
['339', '343', '337', '336', '338']
['197']
['368', '371', '370', '369']
['359', '363', '356', '357', '360', '358']
['88', '90', '89', '91']
['107', '103', '104', '99', '102', '106', '105']
['303', '300', '301', '302']
['350', '349', '351', '348']
['124', '127', '126', '125']
['158', '157', '156', '159']
['268', '270', '269']
['61', '62', '60', '63']
['142', '141', '140', '143']
['59', '55', '51', '57', '54', '58', '50']
['279', '276', '277', '278']
['171', '169', '168', '170']
['121', '122', '123', '120']
['352', '355', '354', '353']
['174', '173', '172', '175']
['5', '6', '4', '7']
['208', '211', '215', '209', '214', '210', '213']
['384', '387', '386', '385']
['160', '44', '45', '161', '46', '163']
['93', '94', '92', '95']
['242', '241', '240', '243']
['299', '295', '296', '293', '291', '298', '297']
['136', '138', '137', '139']
['304', '305', '307']
['162']
['12', '13', '14']
['275', '272', '274', '273']
['179', '183', '178', '176']
['182', '181', '180']
['114']
['342', '340', '341']
['322']
['314', '315', '312', '313']
['251', '247', '381', '226']
['330', '41', '97', '80', '373', '72', '236']
['308', '310', '128', '233', '73', '260', '129']
['282', '239', '131', '372', '290', '380', '393']
['228', '234', '362', '74', '288', '49', '96']
['329', '52', '98', '83', '205', '292', '383']
['220', '221', '81', '206', '82', '361', '237']
['262', '263', '289', '261', '53', '130', '20']
['294', '43', '42', '75', '47', '232', '48']
['86']
['309', '311']
['26', '25', '27', '23', '21', '24', '22']
['229', '230']
['283', '287', '281', '280']
['366', '367', '365', '364']
['11', '15']
['0', '3', '1', '2']
['166']
['154', '152', '155', '153']
['265', '264', '266', '267']
['318', '316', '319', '317']
['32', '33', '34']
['28', '29', '30', '31']
['271']
['56']
['394', '395', '399', '396', '397', '392', '398']
['186']
['35', '39', '36', '37', '38']
['184', '187', '191', '185', '190', '188']
['320', '321', '323']
['388', '391', '390', '389']
['148', '150', '151', '149']
['133', '132', '135']
['203', '202', '201', '207', '200']
['332', '335', '334', '331', '328', '333']
['109', '111', '108', '110']
