['439', '416', '106', '126', '215', '368', '436', '322', '343', '346', '402', '431', '34', '184', '162', '450', '267', '361', '138', '2', '179', '70', '312', '134', '176', '154', '396', '89', '132', '0']
['395', '478', '391', '61', '147', '124', '99', '146', '387', '474', '325', '320', '341', '13', '189', '8', '294', '161', '249', '94', '178', '488', '444', '487']
['238', '172', '280', '258', '349', '295', '477', '122', '165', '428', '389', '490', '406', '469', '344', '145', '202', '332', '339', '376', '378', '201', '114', '485', '486', '331']
['43', '16', '42', '412', '151', '169', '414', '37', '364', '129', '103', '366', '449', '494', '476', '186', '170', '250', '160', '269', '245', '155']
['39', '373', '302', '197', '411', '62', '150', '12', '299', '390', '75', '31', '206', '53', '7', '289', '468', '293', '379', '246', '398', '69', '465', '422', '177', '90']
['394', '304', '457', '415', '59', '15', '282', '433', '141', '100', '142', '140', '425', '230', '251', '55', '253', '254', '424', '157', '47', '288', '46']
['263', '60', '153', '370', '56', '458', '109', '359', '233', '164', '497', '58', '121', '297', '453', '403', '405', '400', '292', '423', '180', '333']
['371', '21', '64', '14', '257', '130', '480', '97', '454', '187', '432', '275', '17', '166', '401', '28', '335', '117', '384', '158', '200', '73', '222']
['219', '87', '305', '18', '285', '33', '255', '211', '496', '455', '120', '38', '493', '208', '345', '183', '149', '334', '3', '93', '463', '113', '466', '243']
['438', '218', '210', '351', '260', '393', '321', '437', '278', '235', '101', '123', '78', '74', '205', '318', '451', '381', '336', '383', '115', '445', '133']
['392', '175', '261', '281', '108', '324', '173', '498', '57', '407', '298', '9', '365', '271', '252', '50', '95', '380', '315', '112', '443', '116', '355', '111', '354']
['329', '214', '148', '41', '192', '369', '372', '328', '362', '338', '209', '274', '360', '408', '225', '203', '386', '71', '247', '357', '25', '68', '4']
['239', '482', '327', '279', '237', '213', '127', '190', '319', '144', '79', '452', '191', '168', '472', '226', '159', '52', '29', '377', '24', '26', '221', '311', '421']
['216', '326', '241', '300', '128', '83', '193', '65', '350', '10', '80', '385', '448', '228', '54', '98', '27', '291', '136', '268', '91', '199', '223']
['174', '86', '82', '367', '410', '35', '348', '195', '277', '194', '495', '231', '426', '256', '296', '316', '30', '163', '470', '135', '67', '399', '308', '22']
['417', '20', '388', '102', '105', '409', '434', '303', '435', '196', '143', '229', '340', '270', '118', '6', '313', '92', '358', '310', '375', '1', '23', '266', '419', '484', '66', '44', '330', '286']
['85', '301', '104', '347', '456', '217', '479', '81', '429', '167', '413', '273', '11', '139', '475', '404', '51', '290', '317', '5', '248', '464', '244', '374', '265', '440', '462', '198', '352', '418']
['284', '459', '36', '276', '63', '460', '283', '461', '499', '40', '125', '119', '337', '473', '182', '49', '447', '314', '356', '491', '467', '353', '242', '220', '309', '110', '441', '88', '264', '287']
['306', '483', '259', '262', '131', '107', '323', '234', '77', '185', '232', '363', '342', '427', '76', '236', '207', '489', '181', '446', '45', '442', '397']
['84', '152', '19', '481', '240', '307', '32', '430', '171', '188', '212', '471', '204', '227', '272', '382', '72', '48', '137', '96', '492', '156', '224', '420']
