['109', '63', '27', '288', '133', '369', '370', '168', '255', '65', '145', '163', '353', '482', '185', '390', '180']
['401', '144', '410', '389', '460', '123', '439', '192', '413', '260', '138', '136', '490', '407', '402', '304', '134', '303', '253']
['218', '95', '176', '162', '74', '405', '191', '473', '285', '215', '82', '277', '20', '205', '173']
['241', '13', '295', '463', '375', '2', '478', '93', '178', '339', '398', '22', '209', '451', '443', '437', '442', '471', '438']
['90', '476', '170', '440', '35', '418', '485', '237', '419', '480', '16', '246', '287']
['487', '420', '306', '149', '188', '412', '414', '378', '250', '302', '317', '273', '493', '254']
['386', '396', '453', '301', '310', '4', '44', '475', '177', '331', '41', '430', '130', '357', '81', '242']
['143', '307', '234', '332', '31', '161', '248', '406', '486', '459', '84', '352', '266', '175', '383', '382', '223', '328', '194', '19']
['427', '371', '367', '467', '37', '115', '340', '319', '47', '112', '150', '359', '201', '326', '226', '135', '355']
['119', '179', '24', '110', '240', '146', '96', '385', '322', '64', '23', '43', '71', '297', '348', '111', '59', '283', '207']
['284', '107', '424', '233', '408', '494', '189', '289', '10', '343', '294', '225', '206', '446', '122', '350', '190']
['1', '165', '251', '286', '431', '305', '426', '455', '142', '280', '97', '211', '30', '329']
['42', '152', '154', '57', '147', '103', '67', '338', '105', '6', '85', '126', '158', '166', '428', '184', '214']
['121', '131', '68', '224', '423', '388', '483', '193', '296', '497', '354', '155', '363', '62', '232', '198', '346', '66']
['464', '164', '481', '203', '259', '461', '36', '334', '337', '377', '238', '139', '308', '140', '456', '186', '141']
['316', '366', '403', '132', '372', '75', '311', '56', '276', '99', '124', '88', '499', '333', '120', '229', '159']
['454', '86', '244', '0', '98', '380', '425', '491', '160', '70', '89', '362']
['360', '271', '73', '444', '118', '221', '393', '281', '212', '344', '104', '252', '222', '11']
['387', '137', '219', '470', '199', '290', '347', '429', '12', '436', '227', '148', '101', '445', '220', '449', '489']
['479', '262', '291', '249', '404', '356', '415', '458', '264', '299', '391', '434', '196', '80', '349', '270', '325', '447']
['79', '466', '368', '61', '197', '422', '400', '157', '48', '230', '32', '60', '200', '358', '53', '18']
['129', '268', '187', '21', '58', '468', '392', '263', '411', '312', '474', '29', '432', '156', '39', '492', '7']
['243', '292', '33', '441', '202', '484', '433', '320', '26', '3', '258', '167', '94', '52', '279', '128']
['384', '272', '239', '9', '278', '282', '257', '265', '69', '55', '106', '376', '342', '465', '275']
['8', '298', '183', '114', '435', '309', '274', '72', '379', '15', '300', '17', '452', '496', '235', '50', '330', '318', '261', '181']
['417', '28', '472', '25', '267', '314', '247', '76', '91', '46', '457', '421', '448', '5', '216', '45', '374']
['341', '462', '49', '171', '495', '54', '256', '364', '34', '127', '38', '315', '498', '217', '77', '208', '321']
['477', '345', '174', '469', '397', '399', '450', '236', '195', '151', '394', '416', '327', '125', '153', '365', '269']
['395', '102', '87', '293', '40', '51', '14', '100', '245', '83', '336', '113', '92', '373', '182', '335', '169']
['351', '116', '108', '172', '210', '78', '361', '409', '313', '488', '324', '213', '204', '381', '323', '231', '117', '228']
