['296', '110', '373', '262', '16', '201']
['377', '431', '79', '420', '466', '91']
['459', '92', '287', '358', '182', '395']
['204', '279', '114', '338']
['476', '127', '463', '295', '87']
['335', '35', '152', '286']
['171', '178', '410', '485', '144', '236']
['483', '339', '380', '225']
['179', '419', '347', '74']
['240', '180', '332', '62']
['213', '272', '112', '169', '399']
['119', '288', '223', '498', '139']
['218', '190', '304', '48', '220']
['491', '130', '160', '15', '136']
['135', '379', '408', '70']
['467', '425', '294', '367', '205']
['465', '385', '479', '383', '156']
['427', '359', '328']
['330', '170', '340', '371', '13']
['421', '221', '443', '52']
['409', '42', '121', '191']
['267', '268', '470', '237', '20']
['203', '239', '134', '246']
['108', '437', '439', '78']
['271', '9', '327', '254', '117']
['244', '434', '104', '140', '98']
['344', '422', '400', '298']
['164', '4', '84', '194', '29']
['165', '90', '46', '176', '435']
['1', '444', '128', '313', '153', '10']
['157', '478', '362', '336', '33']
['148', '318', '348', '265', '196']
['487', '499', '54', '342', '374']
['56', '68', '158', '155', '245']
['456', '146', '138', '390', '315']
['441', '302', '496', '219', '365', '360', '454']
['21', '210', '326', '161']
['415', '120', '468', '426', '24']
['145', '445', '6', '105']
['55', '25', '351', '175']
['394', '321', '187', '442']
['396', '440', '291', '455', '398']
['349', '285', '258', '447']
['406', '329', '177', '226']
['58', '100', '69', '448', '320']
['376', '402', '113', '334', '188']
['413', '50', '345', '202']
['495', '143', '238', '45', '43']
['493', '449', '49', '417', '489', '195']
['490', '71', '86', '481', '281', '255']
['222', '183', '391', '64', '405']
['206', '125', '480', '166', '229']
['126', '72', '274', '36']
['247', '133', '430', '289', '129']
['102', '278', '464', '73']
['97', '492', '381', '93', '303']
['89', '234', '40', '354', '88']
['81', '99', '200', '147', '297']
['163', '80', '387', '37', '484']
['280', '346', '59', '488']
['341', '429', '423', '83', '337', '101']
['118', '17', '299', '264', '372', '324', '370']
['352', '252', '259', '27', '317', '350']
['333', '228', '416', '469']
['356', '482', '39', '474', '305', '473']
['0', '76', '124', '292', '331', '369']
['382', '60', '149', '368', '393', '231']
['458', '95', '44', '77', '401']
['151', '19', '32', '475', '384']
['412', '428', '82', '122', '14', '192']
['150', '260', '494', '453', '306']
['392', '142', '174', '7', '12']
['357', '461', '433', '214', '407']
['282', '217', '389', '270', '343']
['31', '301', '26', '472', '47']
['30', '232', '172', '397', '251']
['66', '363', '11', '471', '355']
['309', '65', '242', '263', '283']
['256', '2', '388', '141', '162', '22']
['111', '311', '28', '5', '486']
['450', '300', '323', '233', '364', '378']
['460', '276', '154', '497']
['106', '208', '404', '366', '249']
['209', '284', '167', '353', '185', '403']
['131', '436', '235', '275', '103', '57', '34']
['123', '212', '424', '257', '116']
['207', '94', '307', '107', '61']
['216', '277', '243', '137', '53']
['184', '290', '186', '293', '316', '173', '452']
['386', '411', '109', '314', '51', '261']
['41', '132', '250', '8', '253']
['38', '63', '273', '75', '211']
['319', '322', '462', '418', '115']
['199', '269', '477', '197']
['312', '438', '23', '457', '310', '189']
['18', '325', '96', '85']
['230', '3', '241', '227', '361', '248']
['193', '159', '224', '198', '432']
['168', '375', '414', '446', '67']
['215', '308', '451', '266', '181']
