['1', '9881', '42', '166', '129', '9867', '141', '9805', '123', '83', '9796', '210', '11', '130', '45', '102', '101', '225', '9886', '9869', '140', '211', '209', '132', '9892', '9883', '9989', '9', '46', '89', '9795', '9845', '9894', '165', '100', '9847', '35', '12', '57', '142', '10', '133', '75', '47', '127', '48', '212', '29', '122', '204', '78', '9861', '27', '32', '52', '157', '8', '82', '9917', '18', '9948', '9884', '31', '61', '9852', '126', '9955', '135', '24', '9890', '9868', '9888', '213', '99', '51', '21', '66', '9918', '9858', '120', '169', '9872', '19', '9754', '37', '5', '69', '215', '30', '9848', '9919', '234', '136', '23', '9943', '9860', '9954', '85', '9880', '121', '235', '9973', '84', '9870', '216', '205', '9922', '9891', '90', '55', '226', '9846', '9976', '119', '9797', '9798', '9844', '9971', '22', '170', '9794', '167', '9763', '41', '9851', '9857', '70', '128', '9991', '9753', '156', '203', '124', '9853', '7', '59', '44', '236', '72', '158', '9959', '9764', '9793', '9862', '137', '224', '4', '9895', '103', '88', '9874', '9762', '9806', '9873', '13', '223', '9979', '214', '131', '9885', '9755', '9804', '50', '233', '9871', '79', '9921', '9925', '9859', '56', '9889', '9958', '71', '38', '9875', '134', '9893', '168', '9752', '9866', '143', '9887', '15', '9882']
['2', '9998']
['36', '9964']
['147', '148']
['9996', '9995']
['9990']
['16', '9984']
['9765']
['39']
['219']
['187', '188', '189']
['9982']
['241']
['230', '231', '229']
['14']
['9849', '9850']
['221', '222', '220']
['9784']
['40', '9960']
['9803']
['9945', '9944']
['9782']
['194', '195']
['25', '9975']
['9906']
['179', '178']
['9766']
['76', '9924']
['9854', '9855', '9856']
['9901', '9902', '9900', '9899']
['9783']
['9809', '9810']
['9932']
['9992']
['9772']
['28']
['9920']
['9910']
['26']
['9820', '9821', '9819']
['180', '181']
['9972']
['175', '174', '173', '176', '177']
['244', '243']
['9956', '9957']
['9778', '9777']
['9789', '9788']
['237', '238', '239', '240']
['218', '217']
['163']
['9802']
['109', '108', '107']
['186']
['9799', '9800', '9801']
['9808']
['9912', '9913']
['86', '87']
['125']
['9923']
['9909', '9908', '9907']
['9836', '9835', '9834', '9833']
['9904', '9903', '9905']
['34', '9966']
['228']
['245', '246', '247', '248']
['227']
['43', '250', '249', '9750']
['63', '9937']
['9926', '9927']
['9771']
['9915', '9914']
['159']
['3']
['9898', '9897', '9896']
['9832']
['9997']
['116', '117']
['33', '9967']
['53']
['9916']
['184', '185']
['20', '9980']
['162', '161', '160']
['9807']
['9792', '9791']
['9946', '9947']
['65']
['81']
['182']
['9970', '9969']
['9988', '9987']
['9940', '9941']
['17', '9983']
['232']
['9826', '9827', '9828', '9825', '9824']
['62', '9938', '9939']
['9767']
['208', '207', '206']
['9879', '9878']
['9974']
['9950']
['9775', '9774', '9776', '9773']
['80']
['9978', '9977']
['9780', '9779', '9781']
['164']
['202']
['171', '172']
['9751']
['139']
['97', '98']
['77']
['68']
['9864', '9863', '9865']
['67']
['9756']
['64', '9936']
['9770', '9769', '9768']
['9841']
['144']
['146', '145']
['9838', '9839', '9840']
['113', '112', '114', '111']
['197', '198', '199', '196']
['9813', '9812', '9814', '9815']
['9823', '9822']
['9831']
['9843', '9842']
['192', '191', '190', '193']
['9817', '9816', '9818']
['9911']
['9968']
['73']
['9951']
['6']
['201', '200']
['9963']
['115']
['9933']
['49']
['9949']
['9965']
['9981']
['58', '9942']
['153', '152', '154', '155']
['9811']
['9790']
['104', '105', '106']
['138']
['9760', '9761', '9759', '9758', '9757']
['60']
['94', '95', '96']
['149']
['9999', '9934', '9928', '9953', '9931', '9929', '9993', '9961', '9985', '9930', '9935', '9994', '9986', '9952', '9962']
['9876', '9877']
['9830', '9829']
['110']
['118']
['91', '92', '93']
['242']
['183']
['9785', '9786', '9787']
['9837']
['54']
['74']
['150', '151']
