['201', '321', '126', '247', '66', '14', '363', '356', '107', '200', '169', '280', '96', '10', '82']
['326', '1', '27', '257', '215', '385', '218', '167', '166', '231', '269', '204', '278', '11', '275', '90']
['266', '301', '184', '121', '223', '98', '60', '40', '264', '3', '4', '355', '335', '324']
['345', '103', '64', '24', '336', '366', '343', '389', '209', '0', '281', '310', '59', '67', '87', '210', '5', '50', '79', '45', '216', '279', '152']
['54', '334', '39', '191', '382', '245', '173', '332', '117', '315', '312', '72', '144', '263', '258', '127', '130', '302', '217', '254', '128', '284', '262', '311']
['207', '383', '138', '62', '93', '333', '344', '180', '307', '119', '99', '172', '2', '325', '396', '322', '306']
['22', '89', '367', '298', '276', '358', '394', '143', '316', '91', '313', '47', '111', '220', '293', '181', '256', '357', '174', '320', '185']
['268', '158', '20', '340', '35', '148', '283', '57', '157', '80', '142', '274', '55', '43', '17', '226', '199', '205', '244', '233', '34']
['303', '175', '145', '292', '272', '112', '270', '261', '30', '115', '398', '341', '187', '69', '49', '249', '63']
['141', '273', '242', '294', '132', '113', '346', '88', '32', '139', '146', '28', '305', '161', '337', '76', '44', '299', '182']
['211', '151', '214', '296', '176', '58', '399', '198', '9', '243', '377', '81', '203', '171', '13', '241', '381', '378', '23']
['162', '277', '348', '372', '239', '12', '295', '359', '222', '77', '342', '183', '149', '386', '234', '51', '267', '271', '248', '15', '350', '397', '165', '131']
['208', '101', '364', '125', '240', '285', '75', '329', '194', '74', '61', '53', '252', '97', '304', '8', '65', '124', '95', '129', '26', '195']
['56', '354', '134', '42', '388', '186', '78', '70', '371', '136', '297', '190', '178', '46', '317', '255', '259', '108', '395']
['265', '331', '370', '250', '368', '323', '122', '19', '300', '229', '212', '374', '362', '338', '168', '251', '289', '206', '221', '37', '109', '106']
['202', '225', '197', '110', '71', '379', '286', '116', '387', '177', '48', '347', '123', '232', '196', '16', '155', '327', '85', '219', '236']
['41', '100', '86', '235', '339', '360', '135', '38', '353', '179', '68', '365', '260', '224', '164', '308', '102', '380', '369', '160', '153', '290']
['6', '375', '137', '18', '188', '21', '140', '246', '193', '309', '52', '376', '189', '154', '31', '114', '288', '391', '230']
['361', '330', '94', '384', '118', '238', '133', '73', '120', '7', '36', '319', '228', '25', '29', '291', '227', '105', '373', '192', '351', '170', '163']
['237', '393', '318', '282', '104', '314', '390', '84', '83', '287', '213', '156', '147', '150', '159', '349', '92', '392', '253', '352', '328', '33']
