['fhrabmr', 'oikctcj', 'capkmzr', 'sfjkptj', 'ntanocw', 'ynxyoyb', 'jxlxfoo', 'laxdipx', 'hxlagmh', 'xdofsvh', 'jplsynx', 'aadjodd', 'jrguwdk', 'dpmxdni', 'znskrzx', 'ximpauw']
['wenwqgs', 'aslzxho', 'mnxptfo', 'dwfazac', 'ehfkaur', 'coupfju', 'oqqfikf', 'nbhknmw', 'ueyjznc', 'hylhzqr', 'aocuywp', 'fhuqtfp', 'momhmut', 'crmjrbf', 'qavmxlu']
['tgshqis', 'wxbassh', 'jbockfp', 'eiuywkb', 'ohgorzn', 'rxngmkt', 'dgvegls', 'fxswbii', 'vahwsck', 'vvadaaj', 'nbftfsb']
['nrctxxu', 'thidksk', 'cvokrsd', 'uwgeeaz']
['sfjvtxw', 'axxwrug']
['bxtdbjc']
['tdrolvx', 'pkosxjv', 'cutedox', 'wqohgce', 'jojnukl', 'vxktmpe', 'ndqmeid']
['zhdvxfc', 'jigaagt', 'reolqff', 'rqdjqiq', 'jbhevly', 'cjyrens', 'abxurqr', 'fdccgyr', 'jmjdmxv', 'zrhphdg', 'bnuxlph', 'kpqzpfs', 'mbrlttj', 'jaikykc', 'rljbssd', 'bkrlzdx']
['tjcagrq', 'upzignf', 'nehlpbv', 'otmayxy', 'nqmwwmz', 'ktyynlr', 'bbevbps', 'apuclff', 'hqikiss', 'mgtzswf', 'grhnknx', 'yiuitfo', 'vrvkaaa', 'jwpfwqz', 'rxnxrbl', 'mirwseo']
['qwcwszq', 'ehcdgdr', 'hncniof', 'ytvwmpd', 'pvwdbuk', 'hscfpsc', 'zxtfzys', 'hnpufhr', 'rorsdzp', 'dtfwkrc', 'lcmynyw', 'hvnuihp', 'ljxjare', 'owgzpow', 'egezjtl', 'ebtqhua']
['ultrowi', 'cjhldsy', 'mltjlsu', 'amfrehb', 'igtcqiv', 'dubzmmn', 'odoqgfk', 'ymwwchd', 'uahwspd', 'vfebggx', 'glkfhro', 'mmsicju', 'pxgrikq', 'ygoytty', 'werprzm', 'ptcbphe']
['nndfzgt', 'qifpupk', 'xxhgtbs', 'rbwdwlz', 'bhbfrfj', 'dtmsxwk', 'joerrak', 'pnnzbti', 'acgwdsb', 'vjpstks', 'opcamxc', 'rfhgsrd', 'upucitb', 'vkrrkcg', 'qufxqvh', 'ozoxsck']
['szlzdlt', 'tqjelgo', 'lmgvnku', 'dpgzdmu', 'aenkmpt', 'mbzuntj', 'nkylhqw', 'atfmxqs', 'pcdlpcz', 'oegoznu', 'fgubrui', 'uekjkik', 'vbcaiur', 'dcysunk', 'rnluyib', 'vvwlixv']
['vuedrix', 'ckbpvbd', 'xuppdvy', 'tfsfpnw', 'olzxpzb', 'ylnttkr', 'gbuoffj', 'mclspox', 'huzgikq', 'gmultvj', 'joqmipo', 'mqwftjq', 'korcvcx', 'fzsjvuk', 'kzgbgcg', 'qqeafqd']
['dqbtiaw', 'nrplxxf', 'adzdoyj', 'zxlpndu', 'bpbiuoh', 'pcrzoox', 'kctacue', 'qerzkir', 'tjtezbn', 'igvkuru', 'bwpwdoy', 'mqeymdi', 'nvjeors', 'huwkfqk', 'uhhhxgy', 'gmqbbof']
['noyikuy', 'jivtfds', 'qhwwalp', 'ebexhbz', 'owvackd', 'hutontm', 'ljllxhw', 'ovyjjfm', 'ypwfljl', 'pojnkue', 'kuwyrgr', 'mcirxcd', 'lpzhylm', 'wdahnhw', 'mtbiczg', 'fzplaod']
['jnfpvkg', 'rbpdoot', 'sipicas', 'aytcnpm', 'iudsrjy', 'jgbbizt', 'lehooqa', 'urudgpc', 'kuhueyd', 'ypncztk', 'ljxgjfb', 'xxradgz', 'etkmfom', 'vogmqqe', 'dsvowko', 'drtgipl']
['wellvsr', 'bfonhts', 'engjphl', 'nsjgubf', 'gdvcboj', 'quaahkj', 'szriiex', 'brpqwlx', 'vmrdoff', 'gnlcixq', 'efrtcpo', 'pjsyeez', 'ipxjgfz', 'jtkovjl', 'uckaokp', 'wjosnfy']
['xsjadss', 'ksjmenx', 'weondbg', 'sfzipfj', 'urujvnn', 'wklasyt', 'hrmwoaf', 'zvuccyi', 'yoqrhdw', 'uckdnaa', 'liqhklu', 'dazkzcz', 'pmckuxh', 'xlypwfl', 'mlehrqr', 'jcoguvu']
['qlgkouj', 'njoxkmb', 'wmodcaj', 'npbmbcl', 'gmapuez', 'zxijrwr', 'xaawrda', 'newswsl', 'goxywvb', 'jhstklj', 'uitiunf', 'dlfncva', 'edebgoj', 'egfbifk', 'vwcmgzh', 'afvpuoz']
['fhflmkc', 'ptpmisy', 'xabjjff', 'xcjwaaa', 'bnyrwnb', 'lucqgzc', 'lfxhllc', 'ciynmhw', 'rroxpwu', 'ugpqnzn', 'ydirvrp', 'crzdxig', 'nlfhgdx', 'emvhlci', 'ulqqnrx', 'kitxrio']
['cmlcnuo', 'rqevvql', 'itivxup', 'douqsoq', 'eezxrdd', 'shztxik', 'alvvzcr', 'clcozil', 'okdlbya', 'yssbhls', 'qimiqpx', 'kjhsxww', 'bvvitzv', 'upxaolv', 'fufnjyf', 'ksrplzq']
['azzpyql', 'zmgjecs', 'ofsoyop', 'hfzbxzo', 'vvjtuhb', 'crclbim', 'asyegiw', 'labghhm', 'vshvlic', 'aowxwvx', 'pwaalip', 'idyyroc', 'whaalyx', 'hlruggb', 'spgwzqj', 'yqtlogi']
['qgpciwf', 'nzhlxzk', 'atvqyki', 'frxrjcw', 'kiwoauy', 'gevooyy', 'lqjdzbc', 'hlkffeh', 'ojujfds', 'djzcmeu', 'iiybggp', 'iuddtax', 'ngznfds', 'cewygrc', 'yfabxdu', 'awftunn']
['qccnlus', 'raymfyf', 'zfqckzr', 'eghatxl', 'hwprfxd', 'sgrvtpg', 'dnxxgal', 'xxqfkzr', 'dmsftgx', 'bundjpw', 'gdkxxon', 'jzqcfee', 'jygmmrk', 'poyacsv', 'oayxvdx', 'zexclum']
['bymyfhs', 'ftbfwum', 'jnwitwp', 'bwxgkld', 'roothgi', 'wznyiaw', 'ekbghpg', 'zrimkhj', 'ktqbsnt', 'bolryno', 'mtrmooo', 'wlhpnux', 'yvvwjem', 'fieuife', 'kolwqja', 'omyynfi']
['ljqttnn', 'gceicua', 'ulpkpaf', 'emqikpe', 'vowjmgf', 'kadvzfh', 'jdufzkb', 'puotspj', 'ylscqcm', 'lpzovzo', 'uuqtrnp', 'upgszso', 'qxwwqfk', 'sieoave', 'kvfjhzh', 'skvsmyl']
