['209', '94', '92', '91', '86', '83', '77', '162', '150', '283', '277', '261', '260', '155', '224', '226', '70', '229', '232', '234']
['1']
['297']
['111']
['4']
['291']
['81']
['141']
['27']
['64']
['51', '57', '67', '163']
['270', '146', '61', '32', '59', '7', '222', '244', '245', '263', '82', '84']
['31', '272', '171', '165', '72', '299', '233', '236', '214', '215', '240', '13', '257', '54', '112', '50', '49', '106']
['179', '195', '173', '56', '30', '35', '227', '223', '200', '289', '292', '294', '16']
['117', '89', '116', '143', '287', '282', '274', '271', '255', '231', '210', '73', '230', '65', '19', '196', '202', '204', '212', '217']
['119']
['149']
['122']
['124', '75', '167', '138', '139', '140', '145', '147', '153', '156', '158', '159', '161', '136']
['125', '105', '137', '168', '169', '170', '175', '177', '183', '166', '164', '41', '39', '298', '38', '36', '157', '160']
['132', '267', '45', '78', '96', '55', '134', '33', '176', '187', '188', '189', '191', '142', '40', '144', '148', '152', '0']
['135', '207', '266', '48', '127', '85', '66', '93', '98', '99', '194', '172', '174', '178', '180', '182', '71', '190']
['121', '237', '285', '247', '269', '114', '115', '52', '108', '126', '130', '69', '68', '63', '58', '101', '104', '154']
['123', '21', '250', '252', '258', '265', '186', '53', '128', '129', '131', '74', '88', '185', '181']
['102', '151', '2', '206', '280', '8', '288', '5', '293', '295', '3', '246', '249', '251', '262', '264', '118', '44', '90', '133']
['113', '62', '42', '198', '205', '273', '10', '278', '279', '6', '11', '15', '14', '28', '193', '107', '76', '79', '80', '184']
['103', '211', '228', '26', '25', '220', '17', '248', '243', '276', '9', '281', '268', '254', '109', '110', '46', '120']
['100', '37', '29', '12', '235', '18', '221', '216', '219', '197', '208', '23', '213', '218', '275', '284', '290', '253', '256', '259']
['97']
['95', '87', '296', '241', '238', '225', '203', '201', '192', '60', '34', '47', '43', '20', '239', '199', '24', '22', '286', '242']
