['RKCPEP', 'IYCHS', 'NS', 'USZM', 'GBSI', 'NBJL', 'SK', 'AZGCQ', 'NGUN', 'HDJL', 'LTHESD', 'ZAP', 'D', 'OHZYQ', 'ET', 'KLQR', 'MPYJWG', 'BHT', 'B', 'QIZWG']
['TXNP', 'TRXUD', 'QGUYKQ', 'ZIIN', 'GDGZN', 'RWO', 'LHILT', 'WVHKC', 'DLJMZC', 'BX', 'MLDT', 'ETSAG', 'PRYXX', 'SEWIVO', 'TZTCA', 'SRJZQ', 'ORJB', 'XFGUIZ', 'ZQAULZ']
['BBB', 'AEV', 'W', 'AZN', 'OTXCZH', 'M', 'NDMQJ', 'RM', 'TYQL', 'TJU', 'MXSFK', 'NJAA', 'NAIN', 'XVU', 'BSAEQ']
['UVUBDR', 'EMP', 'MYSMZ', 'IWP', 'T', 'OEJ', 'BNC', 'AW', 'XT', 'JCEYOL']
['FBW']
['NTMT']
['TCBKQ', 'HHCPMB', 'TGKUE', 'CFG', 'I', 'ZYFXQ', 'H', 'EU', 'VYBQIM', 'FP', 'UBWSTW', 'BQIFGG', 'EP']
['OYJLB', 'LJSX', 'RUC', 'JMYQEA', 'NMU', 'MOOKF', 'YII', 'P', 'KKFPQ', 'JUXOIJ', 'EVDQNK', 'NP', 'MICOE', 'WCZSB', 'WELF', 'HDJIQ', 'WWF', 'KJHR', 'WPRTBZ', 'ZVKC']
['NVLNXP', 'AJDT', 'KFBC', 'GUOYX', 'J', 'JP', 'HOQPX', 'ZJUCNC', 'EYVVY', 'LWIA', 'QROYGT', 'XEAARR', 'UBYG', 'FGPZAA', 'EDAKUV', 'XS', 'QE', 'HMURVX', 'TB', 'TUB']
['V', 'IU', 'HSHY', 'JBJS', 'ICLIT', 'U', 'VCFLXV', 'OL', 'HO', 'EWAZF', 'QNN', 'XINMR', 'FPPMUW', 'QDMX', 'EM', 'VYGES', 'BJ', 'DFGWZZ', 'TTV', 'LZLFY']
['ERR', 'KBV', 'PQ', 'WZ', 'A', 'TN', 'THMU', 'CMB', 'UI', 'FVMBV', 'OQV', 'AL', 'IGSXN', 'EHXPLS', 'UXBDM', 'HJW', 'POL', 'C', 'JNJNE', 'MMUK']
['DVVKX', 'OFIPP', 'CN', 'RQRWJT', 'FAF', 'JCM', 'WTGA', 'DRLM', 'MV', 'X', 'AH', 'Z', 'FLLJ', 'YQ', 'DCBWSF', 'QKT', 'RZU', 'ODIF', 'VHUHI', 'YXEJT']
['GI', 'ARYSPZ', 'CTRFIJ', 'UU', 'QNKIQE', 'UK', 'SBM', 'SGY', 'KRXDGO', 'FAL', 'PBRPX', 'CAED', 'HGT', 'OIA', 'VL', 'JL', 'CCIYM', 'MM', 'HPXSSF', 'BW']
['MYN', 'OVM', 'HH', 'PJG', 'GFNZL', 'UHTMG', 'SHT', 'UIUBC', 'KW', 'JSMAHJ', 'BGB', 'FJTW', 'QYC', 'SU', 'KMU', 'MK', 'WK', 'BPZAJ', 'XLVUF', 'GCSAZH']
['XLWRB', 'MISGHL', 'EJOR', 'YEBV', 'QBB', 'NDZ', 'L', 'IE', 'ZTR', 'AY', 'PE', 'AFH', 'VOLULU', 'HLT', 'MWKWWN', 'LW', 'FCB', 'MY', 'QREJV', 'O']
['SUPLJO', 'ZDYFZU', 'NDLUNW', 'ZTK', 'CRAQYE', 'BFZ', 'N', 'DJC', 'FWRV', 'JJ', 'TSSNJ', 'TGDTND', 'AQDX', 'KFYTH', 'ZVWR', 'TAN', 'CHR', 'KCQRDN', 'UJ', 'XU']
['JN', 'GDFI', 'CVSPP', 'YO', 'COYVMU', 'ACYQN', 'ZHDBW', 'ZW', 'ANW', 'QREJG', 'VWK', 'LNMCTV', 'LZQ', 'ZHCQG', 'MRT', 'KPXJFJ', 'NO', 'YDDS', 'PHS', 'IMB']
['OYDEJ', 'WBPB', 'ETBLO', 'SY', 'KAZEK', 'AB', 'Y', 'CNYXMO', 'DEXTSN', 'EVTLXI', 'YOGJ', 'FSZNT', 'LQ', 'DJS', 'UXXBYF', 'E', 'RWHILI', 'NDF', 'TOR', 'OC']
['TQWWLG']
['S', 'DQQ', 'EYEWXP', 'UEKXJH', 'DBGM', 'YFFNQ', 'ZULMQ', 'NZDAU', 'WAXWZU', 'BAVHR', 'FXAQ', 'HTA', 'YK', 'LY', 'TXCK', 'G', 'PIGBG', 'AR', 'BHKK', 'WFWU']
