['278', '28', '155', '266', '85', '121', '105', '46', '142', '77', '251', '200', '130', '229', '175', '68', '16', '238', '194', '165', '19', '260', '159', '217', '42', '212', '147', '96', '232', '56', '181', '224', '24', '113', '6', '114', '98', '8', '195']
['283', '219', '161', '100', '214', '187', '247', '22', '265', '259', '145', '174', '62', '166', '13', '131', '111', '78', '129', '236', '197', '44', '125', '233', '203', '60', '54']
['284', '23', '248', '152', '120', '221', '190', '88', '199', '156']
['296', '168', '11', '133', '86', '230', '269', '4', '69']
['270', '124', '183', '202', '151', '167']
['280', '193', '95', '250']
['281', '58', '92']
['274']
['291', '235']
['272']
['275', '173']
['298', '87', '91', '215', '136']
['289', '123', '262']
['271', '1']
['287', '57', '146', '65', '143', '109', '228', '172', '253', '49', '119', '134', '204', '264', '101', '71', '210', '34', '38', '43', '132', '164', '51', '158', '188', '191', '118', '17', '27', '2', '36', '117', '126', '63', '45']
['297']
['276', '50', '218', '84']
['294', '220']
['290', '30', '112', '64']
['285', '239', '186', '103']
['288', '242', '89', '74', '149']
['282', '115', '41', '150', '157', '257', '47', '144']
['299', '97', '116', '226', '208', '37', '52', '21', '138', '227', '225']
['292', '182', '59', '15', '240', '53', '137', '163', '205', '254', '223', '216']
['277', '255', '66', '80', '160', '245', '39', '122', '83', '81', '153']
['293', '67', '192', '201', '237', '213', '33', '20', '110', '31', '234', '198', '108', '189']
['295', '14', '231', '170', '10', '184', '258', '55', '139', '76', '32', '104', '94', '177', '267', '90', '9', '180', '162']
['286', '256', '127', '179', '244', '26', '73', '263', '209', '102', '106', '7', '18', '252', '99', '207', '261']
['273']
['279', '75', '40', '25', '154', '12', '48', '29', '206', '196', '82', '140', '268', '222', '107', '70', '128', '169', '241', '249', '176', '5', '93', '185', '35', '211', '61', '178', '3', '148', '141', '246', '79', '171', '0', '243', '135', '72']
