['LukeKennard', 'JoelEmbiid']
['ReggieBullock', 'ShelvinMack']
['DarioSaric', 'CJMiles']
['TrevorAriza', 'BamAdebayo']
['EricGordon', 'DanielTheis']
['ElfridPayton', 'ShabazzMuhammad']
['RyanAnderson', 'RodneyHood']
['JJRedick', 'EkpeUdoh']
['BismackBiyombo', 'NemanjaBjelica']
['DJAugustin', 'MalcolmDelaney']
['BojanBogdanovic', 'IsaiahTaylor']
['CoryJoseph', 'JasonTerry']
['EvanFournier', 'JabariParker']
['MylesTurner', 'MikeScott']
['JoeYoung', 'OGAnunoby']
['GeraldGreen', 'DionWaiters']
['ZazaPachulia', 'QuincyAcy']
['ShaunLivingston', 'DeyontaDavis']
['AmirJohnson', 'NikolaMirotic']
['StephenCurry', 'DillonBrooks']
['DraymondGreen', 'MalcolmBrogdon']
['TimotheLuwawuCabarrot', 'LanceStephenson']
['JoshJackson', 'MarcGasol']
['DevinBooker', 'DarrenCollison']
['JeffTeague', 'VictorOladipo']
['AnthonyTolliver', 'ThaddeusYoung']
['MarqueseChriss', 'KyleKuzma']
['TysonChandler', 'KhrisMiddleton']
['EmmanuelMudiay', 'MontrezlHarrell']
['TreyLyles', 'TreveonGraham']
['JusufNurkic', 'DanteCunningham']
['AlFarouqAminu', 'MichaelCarterWilliams']
['AndreRoberson', 'DavisBertans']
['WilsonChandler', 'BenMcLemore']
['PatrickPatterson', 'ManuGinobili']
['AustinRivers', 'TylerZeller']
['SterlingBrown', 'MarcusMorris']
['ThonMaker', 'CoreyBrewer']
['TyusJones', 'NeneHilario']
['TonySnell', 'DavidWest']
['EricBledsoe', 'CediOsman']
['GorguiDieng', 'KrisDunn']
['HassanWhiteside', 'KyleOQuinn']
['ETwaunMoore', 'ZachCollins']
['JustiseWinslow', 'MaxiKleber']
['DariusMiller', 'SalahMejri']
['WayneEllington', 'EdDavis']
['TylerJohnson', 'SamDekker']
['IanMahinmi', 'BlakeGriffin']
['IanClark', 'DougMcDermott']
['JamesEnnis', 'JodieMeeks']
['JameerNelson']
['AndrewHarrison', 'DwyaneWade']
['SindariusThornwell', 'JordanClarkson']
['StevenAdams', 'KostaKoufos']
['MilosTeodosic', 'LucMbahaMoute']
['CarmeloAnthony', 'RichaunHolmes']
['JuliusRandle', 'WesleyIwundu']
['BrandonIngram', 'PatrickMcCaw']
['DeAndreJordan', 'DomantasSabonis']
['LanceThomas', 'JerrydBayless']
['JoshHart', 'JoshHuestis']
['LarryNance', 'AlJefferson']
['FrankNtilikina', 'AlexAbrines']
['EnesKanter', 'ReggieJackson']
['JarellMartin', 'AveryBradley']
['TyrekeEvans', 'AlexLen']
['JarrettJack', 'IshSmith']
['NikolaJokic', 'JaredDudley']
['TajGibson', 'TorreyCraig']
['SergeIbaka', 'PaulMillsap']
['BobbyPortis', 'GeorgeHill']
['JaylenBrown', 'GoranDragic']
['TerryRozier', 'KentaviousCaldwellPope']
['RobinLopez', 'RobertCovington']
['LauriMarkkanen', 'KyleKorver']
['AlecBurks', 'YogiFerrell']
['JonasJerebko', 'AndrewWiggins']
['BrynForbes', 'DirkNowitzki']
['RudyGay', 'DwightPowell']
['AronBaynes', 'WillBarton']
['MalikMonk', 'JamalMurray']
['CristianoFelicio', 'GaryHarris']
['FrankKaminsky', 'MasonPlumlee']
['JonasValanciunas', 'JaeCrowder']
['NicolasBatum', 'AndreDrummond']
['MarvinWilliams', 'TobiasHarris']
['SemiOjeleye', 'LangstonGalloway']
['DerrickFavors', 'KlayThompson']
['RickyRubio', 'KevinDurant']
['FredVanVleet', 'AndreIguodala']
['DAngeloRussell', 'HarrisonBarnes']
['DeMarreCarroll', 'JoshRichardson']
['DelonWright', 'TaureanWallerPrince']
['JarrettAllen', 'RaymondFelton']
['PatConnaughton', 'JeramiGrant']
['KyleAnderson', 'BenSimmons']
['PauGasol', 'PattyMills']
['JoeHarris', 'RussellWestbrook']
['DeAaronFox', 'PaulGeorge']
['DennisSmith', 'JakobPoeltl']
['BuddyHield', 'PascalSiakam']
['KentBazemore', 'JoeIngles']
['ErsanIlyasova', 'DeMarDeRozan']
['JoseCalderon', 'JonathonSimmons']
['JJBarea', 'AaronGordon']
['WesleyMatthews', 'NikolaVucevic']
['MarcinGortat', 'MarioHezonja']
['TristanThompson', 'DejounteMurray']
['SkalLabissiere', 'DannyGreen']
['MauriceHarkless', 'KyleLowry']
['KevinLove', 'NickYoung']
['JeffGreen', 'JamesHarden']
['DevinHarris', 'PJTucker']
['JohnWall', 'LeBronJames']
['MikeMuscala', 'ClintCapela']
['KellyOubre', 'ChrisPaul']
['JustinJackson', 'StanleyJohnson']
['JohnCollins', 'JaMychalGreen']
['MichaelBeasley', 'BrookLopez']
['JimmyButler', 'WesleyJohnson']
['JamalCrawford', 'LouWilliams']
['RudyGobert', 'MarioChalmers']
['DeMarcusCousins', 'JamesJohnson']
['TimHardaway', 'GiannisAntetokounmpo']
['OttoPorter', 'LonzoBall']
['RoyceONeale', 'KellyOlynyk']
['MarkieffMorris', 'JohnHenson']
['JrueHoliday', 'JerianGrant']
['AnthonyDavis', 'DenzelValentine']
['RajonRondo', 'DavidNwaba']
['KristapsPorzingis', 'JustinHoliday']
['BradleyBeal', 'MarcusSmart']
['TomasSatoransky', 'KarlAnthonyTowns']
['CourtneyLee', 'DennisSchroder']
['ShabazzNapier', 'DewayneDedmon']
['DonovanMitchell', 'MarcoBelinelli']
['EvanTurner', 'JaysonTatum']
['BogdanBogdanovic', 'AlHorford']
['WillieCauleyStein', 'KyrieIrving']
['DamianLillard', 'SpencerDinwiddie']
['CJMcCollum', 'RondaeHollisJefferson']
['TroyDaniels', 'AllenCrabbe']
['GarrettTemple', 'CarisLeVert']
['TylerUlis', 'KembaWalker']
['ZachRandolph', 'DwightHoward']
['DraganBender', 'JeremyLamb']
['TJWarren', 'MichaelKiddGilchrist']
['TJMcConnell', 'JRSmith']
['LaMarcusAldridge', 'PaulZipser']
