['EL', 'OV', 'RU', 'KP', 'FZ', 'FT', 'FJ', 'BL', 'KG', 'DN']
['BW']
['HA']
['RQ', 'GN', 'PG']
['DA', 'NS', 'CN', 'GY', 'SA', 'EA']
['BM', 'KR', 'FB', 'KS', 'RB', 'IG', 'CQ']
['HN', 'RT', 'DX', 'GR', 'DO', 'G', 'LS']
['IP', 'QT', 'QP', 'LA', 'BX', 'HZ', 'IV', 'PQ', 'JV', 'JR']
['GT']
['PE']
['ST', 'MF']
['HS', 'KE']
['GS', 'QD', 'TB', 'DJ', 'K', 'JJ', 'KN', 'QJ', 'NA', 'KK']
['JA', 'BB', 'IF', 'C', 'RX', 'IW', 'PT', 'DR']
['IB', 'Q', 'HR', 'L', 'SX', 'QL', 'SS', 'DL']
['IQ', 'EI']
['MQ', 'RO']
['RP', 'LU', 'TD', 'OI', 'NC', 'TE', 'TF', 'NG', 'PO', 'NU']
['PN', 'GG', 'PH', 'GZ', 'BU']
['OW', 'RD']
['TA', 'JK', 'M', 'GI']
['CC']
['BY', 'Z', 'EQ', 'KH', 'D', 'E', 'IZ', 'BG', 'CF', 'CH']
['RC', 'CT', 'LW', 'IX', 'FE', 'LZ', 'SH', 'DF', 'QH', 'RE']
['HF']
['NM', 'QN', 'GP', 'SO', 'RG', 'NP', 'MP', 'PZ', 'U']
['DM', 'FV']
['MZ', 'OP']
['MV']
['FD', 'PV', 'RI', 'NV', 'DP', 'CP', 'CV', 'RR', 'CA']
['DZ', 'PJ']
['EE', 'MI', 'OM', 'MC', 'HO']
['IU', 'SZ', 'F', 'JQ', 'LB', 'OS']
['JS', 'NN', 'EB']
['OB', 'KC']
['SV', 'IL', 'IO', 'JB', 'CI', 'SW', 'MM', 'NQ', 'NZ', 'EM']
['LK']
['CY', 'RN', 'KB', 'ND', 'BZ', 'W', 'EF']
['BA', 'PM']
['HC', 'BH']
['FI', 'NR']
['LN', 'DK', 'GJ', 'MJ', 'KJ', 'BE', 'SE', 'IH', 'CJ', 'HE']
['GD', 'CL', 'EX', 'V', 'GL', 'DS', 'JW']
['CD', 'JI', 'J', 'IR', 'FR', 'QE']
['CO', 'RA']
['MG', 'S', 'QK', 'DC', 'PY', 'LH', 'BN', 'QG', 'SM', 'JP']
['DU', 'CW', 'IA']
['MR']
['SG', 'LX', 'PD', 'IE']
['GH', 'SY', 'NW', 'NE', 'HV', 'HK', 'HL', 'B', 'LJ', 'FS']
['PP', 'IS', 'DW']
['CS', 'DQ', 'FY']
['CU', 'CB', 'QF', 'OT', 'KO', 'ER', 'CE']
['LT', 'LM', 'IN']
['KF', 'RS', 'JH', 'CR']
['BF', 'MX', 'MO', 'EP']
['IJ', 'ED', 'NL']
['JY', 'LD']
['DD', 'SU', 'HP', 'KL']
['OF', 'GM', 'BT', 'SQ', 'N', 'JG', 'R', 'JC', 'HJ']
['LQ', 'DH', 'CM']
['QB']
['FU', 'EW', 'QU', 'PS', 'QC']
['KY', 'IT', 'DG', 'OG', 'RF', 'OZ']
['HH', 'JN', 'HX', 'OR', 'MU', 'IY', 'LR', 'JU', 'OE', 'EV']
['QS', 'JF', 'OL', 'NB', 'EJ', 'PL', 'HD', 'EK', 'EU', 'MH']
['KQ', 'FC', 'RJ', 'RK']
['ML', 'SD', 'JX', 'KU', 'FO', 'PA', 'GE']
['NJ', 'BV', 'FH', 'QY']
['GC', 'CG', 'QO', 'BD', 'QM', 'PI', 'DY', 'DT', 'RH']
['FN', 'NK']
['HM']
['QR', 'JE', 'FL']
['EN', 'CX', 'QW', 'KT', 'FK']
['CZ', 'MA', 'HB', 'LY']
['A', 'FW', 'GQ', 'GO', 'QZ', 'EG']
['MW', 'KV', 'FX', 'RL', 'MN', 'OD', 'X', 'QI', 'Y', 'RY']
['T', 'KI', 'SJ']
['FA', 'OC', 'MK', 'KZ', 'ES', 'QQ', 'BC', 'PU', 'HG']
['LI', 'KA', 'TC', 'PR', 'BJ', 'FF', 'BK', 'EO', 'HU', 'OH']
['OA']
['PF', 'SB', 'MY', 'GU', 'SN']
['HY', 'NY', 'SF', 'GX', 'PC', 'KW', 'RM', 'DV', 'JM', 'PW']
['BO']
['MS', 'FM', 'SP', 'ON']
['NI']
['II']
['HT', 'ME', 'SI', 'OJ']
['NT', 'DI', 'CK', 'KX', 'OO', 'SR']
['NO', 'GW']
['PX', 'RW', 'HW', 'LV', 'RZ', 'I', 'GV', 'BR', 'OK', 'GB']
['OY', 'JL', 'ET']
['OU', 'FP']
['LO', 'SC', 'IK']
['PB', 'QA', 'MT', 'BQ', 'DE', 'O', 'H', 'GF', 'NH']
['OQ', 'FQ', 'LF', 'JO', 'IC', 'NF', 'JD', 'MB', 'EH', 'QX']
['GA', 'LP', 'RV', 'ID', 'SL', 'DB', 'SK', 'P', 'LL', 'FG']
['HI', 'BI', 'LG', 'KM', 'PK']
['EC', 'GK', 'HQ', 'JZ', 'EZ', 'LC', 'BP', 'OX']
['MD', 'BS', 'QV', 'KD', 'EY', 'IM', 'JT', 'NX', 'LE']
