['Debra', 'Judith', 'Salvatore', 'Miriam']
['Oscar', 'Craig', 'Justine']
['Bernard', 'Tomas', 'Cara', 'Carrie']
['Annie', 'Melony', 'Douglas', 'Stanley']
['Lidia', 'Alex', 'Johnny', 'Sara']
['Matthew', 'Kelly', 'Stacy']
['Jean', 'Joshua', 'Rory']
['Anna', 'Bobby', 'Byron', 'Kelli']
['Nancy', 'Ivan', 'Sheryl']
['Colleen', 'Dwayne', 'Eduardo', 'Louis']
['Shane', 'Patsy', 'Thomas']
['Marie', 'Rachel', 'Matt']
['Rebecca', 'Melissa', 'Gale', 'Pamela']
['Daniel', 'Paul', 'Harriet', 'Katrina']
['Janet', 'Mildred', 'Bonita', 'Felipe']
['Fred', 'Brett', 'Virginia', 'Claire']
['Heidi', 'Anita', 'Tabatha', 'Dan']
['Dawn', 'Allen', 'Virgie', 'Earl']
['Tiara', 'Mireya', 'Tom', 'Julia']
['Abdul', 'Carla', 'Chester', 'Kim']
['Shirley', 'Paula', 'Reggie']
['Julius', 'Clifford', 'Lizzie', 'Gerard']
['Matilda', 'Bruce', 'Brooks', 'Jerome']
['Mona', 'Desiree', 'Nellie', 'Brittany']
['Kristina', 'Lawrence', 'Esperanza', 'Anthony']
['Keith', 'Aileen', 'Isaac', 'Kathryne']
['Pearl', 'Sandra', 'Jodi']
['Sheila', 'Ada', 'Vera', 'Carroll']
['Jessie', 'Lucy', 'Timothy', 'Diane']
['Jewel', 'Shante', 'Vance', 'Marjorie']
['Christian', 'Lisa', 'Darrin', 'Joyce']
['Karen', 'Lorena', 'Samantha', 'Debbie']
['Carmen', 'Catherine', 'Jammie', 'Susan']
['Betty', 'Ruth', 'Josephine', 'Leo']
['Juan', 'Claudia', 'Ericka', 'Julie']
['Vicky', 'Jacqueline', 'Erik', 'Houston']
['Theresa', 'Tommy', 'Christine', 'Rhonda']
['Rena', 'Roberto', 'Maybell', 'Krista']
['Ralph', 'Joy', 'Maryann', 'Joan']
['Randy', 'Lydia', 'Joseph', 'Merle']
['Fredrick', 'Cyndy', 'Cheryl', 'Steven']
['Jonathan', 'Harold', 'Loretta', 'Lena']
['Phyllis', 'Gladys', 'Melanie', 'Damian']
['Stephen', 'Raymond', 'Nathaniel', 'Esther']
['Gordon', 'Deandre', 'Beatriz']
['Arthur', 'Benjamin', 'Vanessa', 'Andre']
['Lexie', 'Russel', 'Steve', 'Marge', 'Laura']
['Richard', 'Ernest', 'Helen']
['Cynthia', 'Margaret', 'Ruthie']
['Porfirio', 'William', 'Marion', 'Shelly']
['Bernadette', 'Billie', 'Antonio', 'Mary']
['Sharon', 'Josie', 'Joe', 'Roger']
['Argentina', 'Kristen', 'Maureen', 'Lucia']
['Sheldon', 'Stephanie', 'Jeffrey', 'Wilbur']
['Mae', 'Lorene', 'Tammy']
['Newton', 'Darryl', 'Guadalupe', 'Eunice']
['Kenny', 'Norma', 'Gail']
['Renee', 'Marla', 'Jeff', 'Brandon']
['Regina', 'Jeremy', 'Samuel', 'Donna']
['Sulema', 'Dottie', 'Antonietta', 'Jasmine']
['Antoinette', 'Horace', 'Patricia', 'Emilee']
['Toni', 'Albert', 'Cameron', 'Irene']
['Thelma', 'Elizabeth', 'Wilfredo', 'Octavia']
['Fay', 'Warren', 'Chris']
['Wade', 'Heather', 'Devon', 'Rueben']
['Charles', 'Gary', 'Arturo', 'Rick']
['Dennis', 'Carina', 'Mitchell', 'Carole']
['Ladonna', 'Eric', 'Arline', 'Lester']
['Quentin', 'Tommie', 'Ricardo', 'Weldon']
['Peter', 'David', 'Larry', 'Carlos']
['Frida', 'John', 'Vicente', 'Michelle']
['Kimberly', 'Justin', 'Sam']
['Leigh', 'Shawn', 'Dolores', 'Barry']
['Elvera', 'Gene', 'Carolyn']
['Donald', 'Clara', 'Laurie', 'Myra']
['Edward', 'Alonzo', 'Anne']
['Clyde', 'Lori', 'Mark', 'Maria']
['Alberta', 'Lowell', 'Tracy']
['Carl', 'Ella', 'Megan', 'Wanda']
['Brian', 'Maxine', 'Lauren', 'Ashley']
['Evan', 'Chelsea', 'Lacey', 'Hazel']
['Milton', 'Kurt', 'Mario', 'Rocio']
['Hillary', 'Jessica', 'Amanda']
['Ronald', 'Leola', 'Bessie', 'Joel']
['Blanche', 'Kyle', 'Marta', 'Manuel', 'Pauline']
['Barbra', 'Cedric', 'Jason', 'Tanya']
['Lakesha', 'Melvin', 'Rod', 'Mamie']
['Jim', 'Lela', 'Terry', 'Patrick']
['Randall', 'Casandra', 'Gilbert', 'Linda']
['Cleo', 'Ted', 'Curtis', 'Mei']
['Marybeth', 'Carol', 'Hilton', 'Andrea']
['Olive', 'Molly', 'Derrick', 'Hildegard']
['Emily', 'James', 'Roberta', 'Delia']
['Christiana', 'Crystal', 'Corinne', 'Iris']
['Angel', 'Minnie', 'Doris', 'Walter']
['Mari', 'Shaun', 'Daphne', 'Jewell']
['Victor', 'Austin', 'Monica', 'Geraldine']
['Jeanette', 'Zachary', 'Frank', 'Lillie']
['Raquel', 'Alan', 'Jane', 'Alvin']
['Colin', 'Robert', 'Emerson', 'Evelyn']
['Nicholas', 'Ethel', 'Beverly', 'Danielle']
['Kathleen', 'Noma', 'Cathleen']
['Gregory', 'Vickie', 'Deborah', 'George']
['Tonya', 'Jonathon', 'Kay', 'Tim']
['Todd', 'Dewayne', 'Mavis', 'Christopher']
['Isabelle', 'Sarah', 'Doretha', 'Dorothy']
['Janice', 'Erica', 'Rafael', 'Fletcher']
['Kristine', 'Peggy', 'Erma', 'Adrian']
['Cheri', 'Harry', 'Louise', 'Esta']
['Grace', 'Barbara', 'Bernie', 'Philip']
['Jami', 'Lottie', 'Johnnie', 'Aron']
['Henry', 'Kelvin', 'Hugo', 'Shawna']
['Carlton', 'Dena', 'Gerald', 'Jennifer']
['Ray', 'Martin', 'Patrice', 'Gloria']
['Marcus', 'Lorenzo', 'Luis', 'Charlotte']
['Beatrice', 'Harriett', 'Kathryn']
['Roy', 'Adam', 'Edwin']
['Martha', 'Robin', 'Levi', 'Jeffery']
['Katherine', 'Pat', 'Kenneth', 'Jayne']
['Lucille', 'Bernice', 'Katie', 'Michael']
['Cindy', 'Latonya', 'Eva', 'Johnathan']
['Sally', 'Alice', 'Scotty', 'Teresa']
['Hector', 'Cesar', 'Jerry', 'Brenda']
['Phillip', 'Trenton', 'Victoria', 'Frances']
