['73', '1', '49', '277', '307', '237', '91', '365', '282', '181', '299', '173', '334', '69', '119', '167']
['108']
['348', '253', '312', '356']
['266', '352', '292', '128', '131', '29', '97', '164', '62', '193', '187', '302', '315', '361', '347', '71']
['36', '336']
['227', '51']
['214', '147', '35', '205', '11', '291', '274', '337', '65', '197', '329', '368', '63', '247', '160', '248']
['107', '226', '184', '241', '149', '55', '120', '85', '243', '150', '83', '271', '245', '138', '359', '96']
['363', '39', '75', '162', '26', '298', '215', '105', '242', '53', '176', '235', '208', '174', '67', '345']
['275', '290', '225', '130', '66', '273', '9', '224', '76', '82', '5', '143', '201', '191', '264', '190']
['330', '56', '295', '135', '350', '113', '355', '216', '170', '317', '159', '106', '84']
['269', '22', '104', '180', '288', '213', '116', '236', '158', '309', '17', '218', '353', '272', '118', '374']
['94', '332', '89', '72', '134']
['268', '250', '112', '115', '238', '300', '209', '109', '357', '117', '196', '169', '99', '255', '171', '144']
['372']
['373', '102', '366', '52', '19', '287', '37', '239', '140', '179', '301', '270', '59', '294', '79', '151']
['188', '251']
['103', '177', '68', '257', '92', '21', '256', '246', '228', '20', '229', '342', '124', '344', '278', '43']
['14', '210', '305', '24', '285', '122', '60', '166', '327', '2', '165', '217', '231', '185', '7', '141']
['48', '252', '123', '335', '370', '126', '57', '4', '254', '100', '212', '351', '121', '50', '343', '346']
['183', '74', '280', '219', '13', '349', '369', '263', '77', '34', '259', '314', '153', '45', '101', '137']
['362', '148', '328', '156', '233', '16', '240', '279', '249', '340', '223', '303', '207', '367', '276', '133']
['95']
['182', '284', '202', '221', '30', '258', '325', '168', '262', '323', '163', '64', '200', '42', '90', '308']
['195', '211', '194', '281', '80', '203', '283', '125', '3', '31', '320', '186', '358', '198', '232', '267']
['88', '371', '306', '33', '129', '18', '58', '331', '341', '161', '289', '175', '114', '154', '333', '98']
['44', '54', '139', '322', '6', '10', '204', '354', '61', '172', '40', '93', '260', '338', '234', '192']
['47', '321', '81', '261', '318', '206', '293', '157', '360', '311', '27', '286', '230', '132', '12', '142']
['222', '364']
['304', '265', '310', '32', '41', '244', '146', '326', '375', '145', '136', '87', '199', '25', '23', '316']
['220', '46', '127', '78', '296', '110']
['324', '70', '15', '319', '86', '339', '38', '111', '28', '189', '297', '8', '313', '152', '178', '155']
