['66', '175', '176', '243', '177', '247', '246', '245', '149', '244']
['216', '212', '213', '214', '215', '217']
['41', '37', '38', '39', '40', '42', '30', '25', '26', '27']
['207', '206', '208', '209', '210', '211', '218', '219', '220', '221']
['204', '203', '201', '200', '202']
['54']
['57', '56', '58', '59', '60', '63', '64', '65', '67', '69']
['191', '187', '188', '189', '190', '192']
['182', '181', '183', '184', '185', '186', '193', '194', '195', '196']
['179', '178']
['32', '35', '36', '43', '44', '45', '46', '47', '48', '49']
['79', '76', '77', '78', '80']
['91', '87', '88', '89', '90', '92']
['166']
['157']
['104', '101', '102', '103', '105', '100']
['107', '106', '108', '109', '110', '111', '112', '113', '114', '115']
['154', '151', '152', '153']
['116']
['141', '137', '138', '139', '140', '142', '130', '125', '126', '127']
['129', '128']
['82', '123', '248', '99', '98', '97', '68', '75', '131', '81']
['29', '205', '222', '223', '224', '180', '133', '197', '198', '199']
['132', '134', '135', '136', '143', '144', '145', '146', '147', '148']
['4', '0', '124', '50', '51', '52', '53', '55', '61', '62']
['7', '34', '33', '1', '2', '3', '5', '6', '8', '9']
['229', '228', '226', '10', '11', '18', '19', '20', '21', '22']
['232', '233', '231', '234', '235', '23', '24', '28', '31', '117']
['241', '240', '242', '238', '230', '225', '239', '237', '236', '118']
['16', '12', '13', '14', '15', '17', '119', '120', '121', '122']
['227', '70', '71', '72', '73', '74']
['158', '84', '85', '86', '93', '94', '95', '96', '83', '249']
['159']
['160']
['161', '168', '169', '170', '171', '172', '173', '174']
['162']
['163', '155', '150', '156']
['164']
['165']
['167']
