['38515C', 'F7F9CB', 'F4EDF8', '593AF4', 'F2B7FD', 'D0E5BE', '34ACF3', '5ADC6D', '8883AC', '30EA83', 'EB7E6A', '244528', '39CAB7', '0FC6EE', '81A856', '6DCBC8', 'E1A380', '28CCA5', '03B42D', '189812']
['D83AF7', '81A0D3', '52BFE5', 'EF37A6', '503A55', 'E81232', 'C5416A', 'B0F05D', '7CC3A7', '5C91EE', '3D046E', 'ABE83F', '6D4DDC', '77042F', 'AC34B5', 'E33128', 'C54164', '1D528C', '5AF312', '3A0D10']
['99392B', 'B8B01F', 'B2CB4D', '160ED4', '7F8E1D', 'B56D74', '992AEE', '49EB71', '9B09E5', 'B2A692', '463E2C', '478A7C', '8AC55C', '89A551', '18D668', 'B13536', '1330B3', '219F75', '97D861', '1600AD']
['57FCD8', '833C34', '09944C', 'F85131', 'BB9072', '1B06C5', '6833E8', '1986A0', '364B78', 'DCB902', '848C87', '1FBE40', '511040', 'D9180C', '3D4600', '1D39ED', 'F545E1', 'B49939', 'FBB00D', 'B38307']
['3FAE1E', '5D4F2F', '6C1A62', '92C42A', '0D6A28', '82BD08', 'FCB503', 'A03FB7', '73F93C', '29267F', 'B166D1', '98497D', '2819EE', '29D22B', 'E9F19A', '7B325B', '2F46CD', 'D79D49', 'FBF275', '8BEC15']
['F3EDD7', 'C1CAB9', 'B78EF9', 'B00B7F', '0AC7A0', '4D74EB', 'E8C5B8', '4AC817', '5E4F6B', 'F1B367', '55B952', '672145', '66C38E', 'E77DD8', 'AD6105', '75002A', '118FE2', '8E8C76', 'A4FCD1', 'A89402']
['DE6241', '400D20', '9C4CA5', 'F32B0B', '40C7FF', '52FB79', '2B8E0B', '8DF985', 'D049CD', '068D28', '04279E', '865328', 'D6F426', '00C269', '0A3E48', '6EEE66', 'BE3703', '1D4417', 'CBE0EA', 'E2701A']
['5A3E90', '43FE78', '30C157', 'EB3718', 'DDB7C8', '0CFFC9', '99E133', '2EDC82', '2215AE', '6C5208', 'BE5B1D', '71AC6D', '099A40', '1F6554', 'E1B665', 'DBF47C', '00CD58', 'B2C529', '6BF4D3', '5248A9']
['C34593', '3EF396', '15AA36', '36FCBF', '369765', '5F88E7', 'AB96B9', '25B295', '5C4F81', '2C02B7', 'D31361', '206150', '24A4D1', 'FC75E7', 'FAB638', '60B803', '1E571E', 'F9011B', '43F505', 'FB3B86']
['718436', '1D0C35', '82F466', 'EC35B5', '31C6A3', '88E0AE', '414B77', '87EE7F', '8254EB', '2E6B38', '9D8AD8', '09CFE9', '2B3DD7', '739ABF', '35DA72', '3235BA', '1D9893', '49EEB4', 'D2BDB6', '029563']
['66F8EA', '823C51', '47063A', '5E2607', '846154', '1C3933', '42EE34', '0C4437', '273165', 'FE7E47', 'CC9A13', 'E15D93', '56B4C2', '90E78E', '6AFCAC', '1DD8D0', '76131B', '552199', 'FD33F7', '747199']
['326662', 'FD1DAC', '420711', '9C5DCF', 'D50881', '7C730C', '5C0D69', '292CB3', '565E46', '7AADBC', '177A03', '1866E0', '7848BA', '54C37C', '77EB41', 'DBDDB5', '2F584A', 'C0A19A', '468F31', '72D023']
['94AED5', '6E7E64', '3F75A9', '0E78AA', '74ADA7', '2D2248', 'CC08F5', '69FD70', 'B85F11', '26C6B9', '05F2DC', '19EFAF', 'E8A38A', '415552', 'CED5FC', '41AFC9', 'EDB261', '037831', '6C3CD5', '608F21']
['F28C7F', 'D78532', 'CB5EDA', 'EC2626', '31B801', 'E4C3BA', 'B4BD91', '71AE93', '940AC5', 'DFE9C6', '81DA52', 'CC66B0', '0FE5DD', '3963FC', '09FFA6', '113E1F', '7B306C', 'BCD2F5', '0264AF', 'CD374A']
['B32674', 'C2A74D', '7647CD', 'D2EB79', '83ACF7', '82B105', 'C3678B', '4BBAFA', '1743CD', 'D8492F', '45CE10', '0231A4', '33ABEE', '5C016B', 'BA7ED0', '035E05', 'C8F1A7', '9330C0', 'BC38A8', '38EA17']
['5ABFA9', '380FF7', '88FFF8', '4EBF50', '29BFBC', 'DDA295', 'EFBA0C', 'DB6CBF', 'AAAF0B', '1E0B30', '3228BB', '5332A9', '593840', '7C8A3D', '696B37', '10BBE1', '85CFC7', '8ECA84', '7FADE3', '66547C']
['E0044F', '3CB50A', 'D8849E', 'F4C13E', '3E7F60', 'E277CB', 'F33ACF', '4AE7C7', 'DF5F9C', '81E0FA', 'F1DB81', 'BA6187', 'D883C0', '95F017', '8F75EC', '1A770B', '4BD8B1', 'A0DDCD', '26B294', 'E479C8']
['2D4D61', '026256', '7334F9', 'C96CD6', '93D432', '2B8F4B', 'EB9D60', '8FF839', '2BEC39', '2E4B9D', '605983', 'CC4384', 'D65E29', '75C017', '18AEFC', '2D56C1', '9BAC71', '539972', '1656DC', '9C0B9D']
['255208', 'A4F4BB', '935873', '0E6FA7', '943005', '8D43AD', '920715', 'CA893B', '0B99EF', '2961DB', '923B8C', '6D4C8F', '1CAAAC', '5C5B8D', 'F13455', '9CE56C', '052CC7', '4C1D36', '1F4650', '14A3E7']
['D78522', '5451FF', '5A5DE8', 'C69699', 'C0EA59', '0525B9', '20C0D0', 'EB90EE', 'D324E7', 'E93252', 'FECCAB', '628552', '46371B', '5BEDDF', 'B6FA16', '66B93A', '6E3DED', 'D2F8E5', '89372A', 'D0E36A']
['F61AD7', '2DE42A', '770A4C', 'B0C2D3', 'E492E0', '9DF876', 'FF3177', '4BC7D0', 'A5F27A', 'E4F6EF', 'EE9200', '80F9BC', '4E8355', 'C748A2', 'AF83FA', '77B9A5', '01E026', '78E144', '05473A', '917501']
['9FCB42', 'B2C27D', 'A911EF', 'C60FE7', '83752D', 'D98FB6', '7FE1F2', 'B4257C', 'CD5322', '3D830C', '316244', 'B6ACFC', '861E09', '9ABAFB', '78DB65', '26DB4C', '3B6837', '22394B', 'D363AB', '62BC31']
['A1D29E', 'C9EF6D', '9C4F00', '31B17E', 'C07CCC', '5B4152', '5D5C76', '5A681E', 'F9EB1F', '1D216B', '0AFD91', 'CE0D10', '4430C2', '34E9FE', '0C3AFF', '8806E7', 'E191B0', '4C0FCD', '4FCF52', 'C19610']
['398310', 'F37211', '94C20E', '5BC875', 'F8B91A', '9D6554', '6246E1', '8963E1', 'E3583F', 'D8A834', 'BB986B', '26DA83', 'FFD642', '98B1CA', 'A34095', '929578', 'E7EFA5', 'E46F9E', 'DF44F5', 'D6DD9E']
['9923B4', '3E6399', '893D61', 'FCD63D', '73271F', 'EEF23E', 'F448AE', '8EC8D8', '51197D', '882258', 'EED7BB', '4DBE20', '1350AD', '187923', 'C4882F', '4A32EA', '7D4045', '58ED2B', '601CA7', 'A4EAD9']
