['135', '1', '71', '31', '198', '140', '221', '53', '51', '15', '234', '46', '121', '104', '110', '11', '66', '61', '69', '47', '97', '245', '92', '189', '139']
['89', '64', '229', '58', '54', '22', '125', '149', '183', '43', '164', '41', '68', '16', '67', '80', '247', '6', '0', '36', '206', '115', '211', '33', '126']
['122', '203', '38']
['230', '23']
['73', '42', '181', '193', '113', '85', '182', '224', '120', '57', '8', '17', '187', '219', '178', '196', '237', '184', '208', '244', '124', '102', '65', '59', '50']
['241', '150', '185', '214', '19', '239', '133', '215', '169', '83', '209', '207', '101', '20', '242', '165', '134', '45', '131', '240', '44', '40', '188', '155', '142']
['14', '228']
['174', '93']
['7', '216', '9', '55', '236', '26']
['74', '186', '37', '63', '231', '106', '4', '157', '192', '146', '147', '199', '114', '152', '35', '158', '180', '100', '52', '170', '76', '163', '98', '166', '99']
['130']
['27', '39', '151', '96', '191', '218', '84', '168', '144', '136', '137', '248', '49', '108', '5', '82', '235', '223', '129', '179', '10', '246', '48', '25']
['212', '119', '200', '91', '171', '77', '105', '154', '232', '249', '112', '116', '13', '156', '56', '24', '197', '141', '148', '79', '118', '222', '177', '205', '138']
['160', '103', '195', '217', '210']
['3']
['94', '62', '243', '90', '204', '21', '145', '12', '128', '225', '226', '87', '233', '213', '202', '167', '175', '2', '78', '60', '153', '190', '127', '172', '194']
['143']
['109', '28']
['220']
['111', '132', '117', '107', '72', '75', '159', '32', '81', '173', '161', '238', '201', '88', '95', '123', '176', '86', '227', '18', '29', '34', '30', '162', '70']
