['292', '150']
['11']
['83', '199', '143', '291', '100', '118', '203', '82', '303', '262', '146', '2', '211', '122', '206', '58', '28', '231', '19', '300']
['127']
['240']
['221', '234', '71', '155', '74', '243', '61', '87', '183', '20', '12', '232', '224', '9', '151', '137', '29', '269', '54', '249']
['167']
['270']
['109', '215', '205', '23', '247', '226', '238', '280', '107', '31', '37', '119', '286', '174', '39', '283', '34', '230', '144', '223']
['47']
['94']
['290', '42', '236', '5', '265', '279', '229', '81', '91', '69', '171', '273', '204', '239', '92', '13', '18', '105', '298', '302']
['32']
['220']
['181', '307', '225', '75', '178', '25', '78', '241', '228', '68', '296', '130', '250', '227', '301', '163', '169', '299', '212', '172']
['173']
['282']
['62']
['266', '185', '14', '33', '101', '56', '67', '197', '218', '222', '253', '24', '72', '86', '96', '158', '277', '278', '148', '102']
['93', '6', '139', '17', '305', '46', '51', '85', '196', '57', '106', '70', '175', '4', '108', '111', '166', '76', '79', '217']
['45', '154', '95', '285', '114', '135', '219', '191', '40', '15', '22', '10', '276', '306', '53', '8', '263', '44', '124', '251']
['274', '271', '295', '281', '134', '179', '192', '187', '160', '170', '157', '152', '184', '252', '242', '254', '116', '120', '198', '16']
['104', '235', '123', '133', '287', '260', '244', '0']
['237', '136', '55', '117', '50', '30', '38', '264', '80', '142', '89', '129', '99', '189', '194', '84', '112', '7', '190', '145']
['3', '131', '90', '297', '43', '98', '59', '259', '284', '64', '168', '128', '207', '21', '208', '49', '213', '164', '149', '180']
['125', '245', '77', '294', '147', '255', '66', '88', '110', '65', '200', '293', '289', '161', '26', '288', '267', '256', '48', '97']
['141', '257', '304', '186', '140', '188', '177', '193', '233', '63', '216', '214', '195', '261', '36', '156', '159', '162', '272', '103']
['209', '275', '132', '201', '210', '126']
['246', '165', '121', '258', '153', '138', '202', '73', '182', '268', '176', '113', '52', '35', '41', '27', '1', '115', '248', '60']
