['328', '88', '125', '181', '124', '210', '420', '121', '338', '398', '418', '417', '217', '127', '105', '221', '329', '413', '106', '391', '159', '160', '192', '164', '191', '189', '188', '353', '172', '359']
['332', '497', '361', '80', '67', '66', '114', '52', '133', '276', '274', '268', '280', '156', '149', '139', '202', '194', '193', '176']
['385', '489', '432', '369', '365', '91', '73', '64', '24', '17', '11', '8', '2', '1', '28', '61', '48', '44', '43', '240', '236', '231', '228', '218', '246', '270', '269', '253', '250', '262']
['463', '434', '495', '494', '431', '89', '115', '6', '4', '41', '35', '34', '131', '242', '229', '219', '277', '261', '259', '167', '157', '143', '169', '173', '209', '206', '204', '195', '499']
['40', '380', '409', '21', '235', '230', '256', '214', '144', '138', '201']
['122', '50', '496', '436', '371', '370', '388', '128', '110', '18', '31', '59', '56', '45', '38', '243', '247', '248', '265', '251', '148', '140', '170', '171', '205', '175']
['387', '419', '404', '383', '49', '320', '345', '451', '475', '470', '362', '386', '428', '421', '394', '393', '69', '65', '96', '99', '62', '12', '30', '60', '233', '225', '216', '245', '258', '168']
['300', '135', '364']
['120', '424', '302', '319', '284', '373', '410', '357', '72', '113', '103', '19', '51', '241', '275', '273', '267', '266', '260', '254', '166', '154', '147', '211', '207', '184', '174']
['335', '422', '400', '112', '220', '223', '352', '185', '182', '177', '158', '340', '372', '196', '389', '342', '279', '150', '151', '425', '26', '288', '498', '458', '467', '304', '427', '264', '39', '465']
['146', '161', '155', '153', '152', '145', '136', '200', '199', '213', '197', '186', '183', '180', '179', '178']
['378', '487', '314', '491', '368', '399', '396', '100', '54', '130', '42', '37', '36', '33', '46', '132', '244', '238', '237', '234', '232', '227', '224', '215', '263', '255', '252', '212', '165', '162']
['412', '367', '366', '87', '116', '111', '109', '108', '107', '102', '101', '98', '97', '95', '63', '27', '23', '22', '20', '16', '15', '13', '10', '9', '7', '3', '32', '58', '57', '55']
['163', '403', '402', '401', '397', '392', '406', '281', '249', '278', '92', '90', '86', '85', '84', '81', '79', '78', '76', '74', '71', '70', '68', '93', '94', '129', '126', '119', '118', '117']
['208', '289', '326', '479', '478', '477', '476', '473', '471', '468', '430', '382', '381', '379', '377', '376', '375', '374', '363', '360', '384', '390', '426', '423', '416', '415', '411', '408', '407', '405']
['190', '358', '462', '461', '457', '455', '454', '452', '450', '446', '445', '444', '443', '442', '440', '439', '437', '435', '464', '433', '466', '469', '492', '488', '486', '485', '484', '482', '481', '480']
['75', '226', '429', '325', '474', '441', '301', '355', '293', '290', '341', '346', '323', '321', '317', '313', '331', '312', '333', '311', '334', '309', '337', '307', '303', '299', '297', '296', '356', '0']
['490', '137', '343', '141', '203', '344', '347', '298', '453', '456', '310', '257', '459', '460', '14', '447', '282', '283', '29', '5', '472', '438', '295', '294', '348', '351', '291', '287', '286', '354']
['414', '493', '77', '123', '47', '222', '142', '198']
['395', '104', '134', '187', '349', '350', '483', '25', '292', '53', '306', '83', '82', '271', '318', '316', '239', '285', '272', '327', '324', '322', '330', '315', '336', '308', '305', '339', '449', '448']
