['288', '262', '251', '256', '265', '278', '277', '255', '254', '261', '266']
['215', '63', '65', '69', '77', '78', '70', '66', '216']
['118', '258', '259', '253', '269', '260', '270', '117', '271', '268', '252', '267', '257']
['101', '110', '172', '100', '173', '111', '109', '163', '112', '96']
['137', '151', '223', '136', '150', '149', '152']
['232', '300', '289', '301', '247', '233', '231', '224']
['244', '245', '243', '46', '246', '47', '242', '229', '230']
['193', '202', '203', '189', '187', '190', '186', '201', '194', '204', '188']
['82', '285', '281', '292', '81', '307', '293', '279', '306', '308', '284', '309', '71']
['297', '291', '298', '299', '304', '305']
['282', '283', '286', '287', '294', '295', '280', '296']
['83', '108', '183', '168', '275', '276', '274', '169', '182', '184']
['157', '156', '160', '155', '19', '158', '161']
['165', '210', '177', '176', '209']
['236', '89', '88', '75', '76', '87', '68', '90', '237', '238', '226', '91', '227']
['214', '199', '52', '200', '41', '53', '35', '213', '40', '51', '42', '36', '54', '192']
['103', '121', '122', '107', '120', '97', '99', '114', '115', '123', '102', '113', '106']
['72', '73', '250', '74', '85', '67', '249', '248', '84', '86']
['61', '162', '273', '272', '171', '45', '60', '170']
['105', '104', '302', '24', '98', '119', '303', '290', '25']
['5', '2', '1', '12', '147', '11', '4', '148', '0', '3', '7', '26', '135']
['263', '175', '164', '159', '174', '264']
['116', '125', '58', '128', '59', '57', '44', '56', '124', '43', '55', '127']
['31', '154', '62', '33', '138', '32', '130', '92', '153', '129', '126', '64']
['145', '212', '185', '198', '191', '197', '146', '211']
['93', '195', '196', '132', '133', '95', '143', '208', '142', '206', '144', '207', '205', '94', '141']
['234', '140', '235', '139', '131', '225']
['8', '50', '37', '38', '9', '34', '18', '17', '20', '16', '49', '39', '15', '48']
['14', '241', '240', '13', '29', '30', '228', '28', '239', '27', '6']
['10', '217', '218', '220', '21', '221', '22', '222', '23', '219']
['134', '178', '79', '179', '80', '180', '181', '167', '166']
