['362', '342', '309', '60', '128', '151', '369', '459', '199', '88']
['303', '185', '34', '458', '253', '311', '108', '413', '256', '296']
['96']
['494', '468', '457', '157', '29', '297', '312', '273', '480', '266']
['174', '433', '367', '77', '113', '282']
['164', '275', '356', '285', '346', '293', '441', '143', '438', '20']
['46', '178', '36', '98', '407', '392', '302', '221', '66', '316']
['376', '374', '194']
['475', '101', '59', '329', '473', '152', '443', '193', '344', '421']
['9', '267', '399']
['38', '216', '328']
['264', '315', '206', '115', '58', '318', '386', '379', '55', '487']
['354', '486', '243', '430']
['355', '274', '109']
['123', '418', '16']
['409', '305', '283', '294', '114', '54', '147', '44', '64', '460']
['225', '398']
['436', '116', '336', '340', '161', '61', '132', '187', '122', '201']
['70']
['23', '220', '215']
['400', '385', '333', '439', '234', '155', '423', '477', '19']
['127']
['357', '124', '228', '351', '378', '383']
['471', '402']
['453', '196', '451', '166', '492', '405', '341', '17', '79', '126']
['317', '281', '140', '121', '241', '93', '149', '236', '183', '105']
['150', '48', '12', '92', '408', '455', '131', '377', '300', '104']
['144', '360', '223', '462', '482', '103', '231', '62', '304', '4']
['483', '10', '188', '255', '197', '107', '332', '284', '133', '129']
['111', '69', '89', '179', '84', '181', '239', '278', '313', '461']
['102', '289', '442', '286', '373', '86', '491', '412', '280', '191']
['226', '446', '244', '435', '28', '173', '80', '391', '484', '251']
['248', '365', '450', '393', '24', '348', '211', '489', '350', '419']
['213', '279', '431', '200', '171', '359', '338', '170', '277', '138']
['145', '467', '476', '238', '414', '230', '57', '47', '227', '291']
['218', '229', '292', '363', '324', '345', '240', '2', '100', '335']
['172', '146', '470', '425', '1', '320', '463', '189', '182', '99']
['139', '272', '364', '87', '137', '366', '368', '499', '11', '404']
['422', '158', '162', '474', '270', '371', '175', '135', '67', '130']
['242', '472', '330', '41', '190', '186', '326', '219', '250', '43']
['428', '31', '394', '141', '387', '118', '245', '142', '396', '352']
['469', '94', '95', '192', '426', '388', '33', '314', '395', '97']
['276', '403', '397', '42', '440', '380', '222', '35', '169', '82']
['257', '134', '21', '180', '417', '71', '18', '195', '429', '120']
['249', '381', '466', '416', '498', '298', '337', '434', '307', '177']
['325', '202', '13', '265', '37', '214', '207', '322']
['271', '382', '488', '247', '493', '390', '212', '22', '420', '361']
['448', '262', '269', '27', '447', '445', '449', '53', '117', '153']
['411', '295', '136', '45', '74', '479', '7', '51', '32', '205']
['235', '168', '217', '290']
['125', '203', '424', '481', '427', '310', '204', '254', '375', '6']
['148', '237', '119', '478', '85', '210', '39', '410', '106', '25']
['406', '76', '327', '167', '233']
['260', '246', '331', '165', '349', '299', '258', '5', '81', '65']
['268', '252', '176', '287', '261', '40', '83', '464', '339', '156']
['263', '259', '224', '90', '52', '490', '415', '198', '63', '347']
['72', '500', '372', '73', '50', '30', '485', '306', '232', '184']
['343', '444', '353', '15', '384', '208', '68', '456', '432', '301']
['321', '370', '465', '8', '209', '163', '288', '56', '454', '389']
['49', '159', '495', '78', '160', '358', '308', '110', '14', '3']
['154', '401', '319']
['497', '334', '112', '75', '437', '496', '91', '26', '323', '452']
