['Maddalena', 'Carroll', 'Tani', 'Dotti', 'Kellsie', 'Kania', 'Vicky', 'Noell', 'Joanna', 'Erica', 'Ansley', 'Idalina', 'Edith', 'Harriet', 'Yovonnda']
['Casi', 'Kittie', 'Melinde', 'Babara', 'Kiele', 'Ingunna', 'Arlee', 'Cristabel', 'Paulina', 'Gabbie', 'Lorie', 'Clarissa', 'Nancie', 'Bonita', 'Kathryn']
['Gwennie', 'Faythe', 'Rhody', 'Mirna', 'Idelle', 'Birgitta', 'Collete', 'Bridgette', 'Mair', 'Catha', 'Cristionna', 'Josepha', 'Natalya', 'Yolanda', 'Agnese']
['Thia', 'Anastassia', 'Adiana', 'Sofie', 'Brear', 'Lyda', 'Karie', 'Jemie', 'Sula', 'Nedda', 'Mechelle', 'Dena', 'Patty', 'Anabelle', 'Valli']
['Marlena', 'Chelsy', 'Desiri', 'Stormi', 'Lulu', 'Tamara', 'Charmine', 'Marlie', 'Roxane', 'Cathryn', 'Oliy', 'Mei', 'Gianina', 'Bertie', 'Hortense']
['Euphemia', 'Jesse', 'Tallie', 'Sonni', 'Fania', 'Fernande', 'Marabel', 'Krissy', 'Serena', 'Myrtle', 'Addi', 'Diahann', 'Bernice', 'Alyson', 'Zenia']
['Livy', 'Alexandrina', 'Jen', 'Elvera', 'Marijo', 'Fawnia', 'Brunhilda', 'Tiffy', 'Malva', 'Dominica', 'Shirl', 'Latisha', 'Brook', 'Britteny', 'Doroteya']
['Rivkah', 'Gaby', 'Anabal', 'Shoshana', 'Kathleen', 'Cassandra', 'Jaynell', 'Johanna', 'Estella', 'Reggi', 'Della', 'Morena', 'Agneta', 'Alia', 'Lira']
['Madelena', 'Athena', 'Claudie', 'Agatha', 'Erminia', 'Conchita', 'Ulrike', 'Zulema', 'Corly', 'Adriane', 'Peg', 'Yetta', 'Kaitlynn', 'Starlin', 'Yoshi']
['Inga', 'Moyna', 'Nanon', 'Dyane', 'Fran', 'Debora', 'Neile', 'Carla', 'Angelica', 'Leanora', 'Carri', 'Gale', 'Belle', 'Gavra', 'Colline']
['Delly', 'Anabel', 'Jessamyn', 'Rita', 'Danni', 'Joelly', 'Briny', 'Nicki', 'Sada', 'Rosamond', 'Antonietta', 'Noreen', 'Else', 'Xylina', 'Kala']
['Georgeanne', 'Austina', 'Marcie', 'Annice', 'Missy', 'Sandie', 'Rosana', 'Row', 'Sileas', 'Lorena', 'Mella', 'Ronnica', 'Jacqui', 'Terese', 'Cristen']
['Julie', 'Paige', 'Andromache', 'Quintana', 'Nicoli', 'Roslyn', 'Matilde', 'Opal', 'Agnes', 'Charita', 'Kellie', 'Risa', 'Britney', 'Eran', 'Brittan']
['Ruperta', 'Winifred', 'Cheslie', 'Rowena', 'Randie', 'Caryn', 'Flory', 'Andie', 'Daphene', 'Aviva', 'Bekki', 'Vinni', 'Tiffany', 'Tanitansy', 'Estele']
['Stephannie', 'Maxie', 'Veradis', 'Sheila', 'Kathy', 'Tim', 'Allene', 'Eolanda', 'Tarra', 'Selinda', 'Demetria', 'Lydie', 'Helyn', 'Sherrie', 'Gae']
['Ramonda', 'Mufinella', 'Marcella', 'Netty', 'Cassondra', 'Pammy', 'Georgiana', 'Sadye', 'Lisette', 'Haley', 'Fredericka', 'Ranice', 'Doris', 'Katti', 'Nissie']
['Kaitlin', 'Sile', 'Stefa', 'Vonni', 'Gerry', 'Anette', 'Leda', 'Rhodia', 'Dorine', 'Lynnet', 'Cindie', 'Rosene', 'Amalee', 'Nelie', 'Brigitte']
['Melloney', 'Lorain', 'Drusy', 'Camala', 'Corinne', 'Teddi', 'Jolie', 'Millisent', 'Monique', 'Janice', 'Dee', 'Martina', 'Vanni', 'Silva', 'Diane']
['Cherilynn', 'Eulalie', 'Stesha', 'Kara', 'Jorrie', 'Shanie', 'Laverne', 'Allie', 'Orsa', 'Emelda', 'Tiphanie', 'Marisa', 'Lesly', 'Eve', 'Tamra']
['Beatrice', 'Lani', 'Meggi', 'Clemmie', 'Avivah', 'Willi', 'Frankie', 'Lotte', 'Korney', 'Oralee', 'Marris', 'Dita', 'Clemence', 'Mariellen', 'Hedwiga']
