['312']
['318']
['326']
['120']
['350']
['186']
['308']
['20']
['4']
['147']
['177']
['323']
['128']
['325']
['351']
['365']
['169']
['37']
['121']
['2']
['106']
['6']
['118']
['86']
['170']
['33']
['279']
['357']
['344']
['398']
['345']
['269']
['207']
['370']
['360']
['378']
['158']
['58']
['388']
['60']
['54']
['24']
['322']
['306']
['300']
['34']
['199']
['196']
['26']
['79']
['260']
['38']
['267']
['17']
['192']
['217']
['81']
['64']
['274']
['65']
['113']
['203']
['249']
['301']
['163']
['340']
['377']
['191']
['248']
['142']
['149']
['352']
['299']
['397']
['208']
['25']
['226']
['36']
['125']
['320']
['0']
['240']
['172']
['193']
['247']
['386']
['314']
['313']
['284']
['3']
['109']
['10']
['16']
['356']
['140']
['327']
['245']
['171']
['40']
['165']
['18']
['41', '14']
['173']
['45']
['77']
['369', '71', '50', '275', '130', '212', '321', '52', '94', '384', '382', '232', '42', '283', '330', '266', '292', '328', '148', '271', '51', '387', '88', '230', '389', '134', '222', '13', '61', '242', '396', '49', '399', '201', '250', '385', '100', '89', '255', '213', '304', '122', '332', '353', '127', '316', '379', '383', '23', '221']
['392', '202', '107', '235', '8', '380', '268', '239', '181', '166', '287', '263', '133', '331', '211', '132', '311', '31', '272', '278', '179', '362', '334', '80', '289', '180', '108', '220', '43', '67', '70', '190', '390', '290', '146', '276', '297', '30', '28', '187', '83', '69', '324', '112']
['265']
['294']
['136', '103']
['368']
['393']
['243']
['259']
['53']
['137']
['97']
['174']
['151']
['238']
['162']
['210']
['218']
['154']
['376']
['9', '367', '99', '204', '285', '229', '298', '205', '21', '346']
['47']
['329']
['372', '305', '347', '119', '178', '254', '11', '157', '91', '197', '104', '233', '317', '48', '98', '46', '225', '348', '29', '333', '32', '12', '183', '224', '124', '310', '335', '164', '194', '167', '189', '116', '291', '244', '373', '198', '241', '236', '182', '234', '281', '152', '223', '374', '93', '228', '35', '155', '354', '78']
['286']
['336']
['338']
['359']
['126']
['62']
['143']
['5']
['95']
['195']
['209']
['280', '256', '145', '129', '141', '184', '102', '251', '135', '216', '391', '101', '309', '364', '72', '68', '105', '258', '227', '200', '371', '273', '270', '44', '82', '7', '75', '293', '90', '341', '342', '15', '358', '114', '111', '288', '355', '57', '261', '339', '92', '319', '84', '206', '73', '175', '19', '262', '87', '161']
['63']
['394']
['395']
['282']
['22']
['237']
['168']
['117']
['76', '315', '375', '138', '159', '85', '123', '361', '214', '56', '246', '231', '176', '131', '337', '277', '160', '188', '59', '343', '257', '139', '1', '66', '264', '252', '381', '295', '39', '366', '115', '96', '74', '307', '185', '253', '215', '153', '349', '27', '303', '219', '110', '302', '150', '144', '363', '55', '296', '156']
