['98', '261', '173', '114', '199', '116', '308', '82', '17', '374', '111', '247', '23', '248', '46', '170', '259', '454']
['344']
['369']
['140']
['97']
['460']
['187']
['63']
['479']
['122', '296']
['195', '250', '0']
['443', '383', '441', '456']
['134', '466', '335', '318', '453', '213', '415']
['419', '428', '108', '99', '8', '471', '455']
['414', '235', '486', '352', '472', '307', '119']
['446', '70', '463', '57', '161', '50']
['112', '274', '60', '30', '14', '381', '212', '485']
['375', '233', '68', '154', '79', '288', '61', '239', '62', '487', '54', '94']
['171', '392', '334', '226', '404', '360', '42', '338', '363']
['18', '340', '227', '420', '390', '377', '447', '66', '462', '321']
['406', '242', '91', '292', '417', '306', '186', '45', '172', '314', '245', '268', '141']
['237', '316', '395', '132', '429', '157', '219', '86', '280', '167', '345', '467', '399']
['24', '156', '482', '21', '440', '92', '110', '41', '403', '139', '89', '327', '278']
['356', '333', '355', '368', '205', '56', '351', '133', '271', '488', '398', '402']
['204', '179', '254', '359', '373', '103', '93', '241', '229', '284', '44', '59', '349']
['275', '430', '102', '13', '353', '328', '124', '151', '22', '193', '322', '55', '228', '287', '75', '174']
['185', '279', '300', '1', '126', '137', '329', '269', '291', '480', '16', '136', '299', '238', '166']
['76', '203', '32', '106', '489', '476', '206', '400', '131', '100']
['223', '96', '272', '175', '294', '72', '194', '52', '142', '432', '393', '323', '358', '150', '253', '267', '58', '465']
['364', '405']
['85', '33', '101', '492', '182']
['397', '31', '196', '324']
['310', '444', '470']
['350', '365', '127', '313', '458', '434', '317']
['37', '452', '51', '348', '113', '326', '494', '64']
['413', '192', '159', '481', '312', '450', '236']
['495', '396', '347', '165', '281', '379']
['107', '423', '295', '433', '240', '19']
['177', '270', '158', '435', '276', '309', '341']
['408', '387', '214', '336', '230', '220', '445']
['424', '123', '40', '11', '407', '391', '222']
['34', '4', '252', '5', '311', '366', '337', '477', '469']
['147', '331', '198', '15', '262', '9', '305', '29', '144', '342', '449']
['130', '10', '457', '78', '257', '277', '218', '181', '283', '439']
['263', '87', '143', '2', '380', '298']
['418', '48', '25', '290', '491', '208', '354', '215', '425', '152', '264', '302', '125', '255']
['497', '53', '162', '448', '330', '224', '128', '378', '83', '12', '282', '164']
['436', '120', '325', '155', '361', '7', '217', '115', '389', '473', '231', '382', '451']
['145', '498', '384', '412', '362', '319', '468', '80', '422', '258', '260', '69', '105', '246']
['442', '304', '315', '401', '74', '28', '496', '357', '148', '421', '234', '303', '367', '88']
['409', '178', '153', '301', '201', '346', '109', '285', '95', '370', '499', '117', '207', '386', '289']
['73', '273', '332', '138', '71', '149', '266', '431', '65', '135', '243']
['200', '209', '163', '43', '176', '474', '168', '77', '6', '394', '371', '183', '464', '47']
['36', '427', '320', '202', '416', '376', '67', '265', '490', '26', '188', '20', '39']
['190', '104', '160', '484', '81', '293', '216', '256', '121', '459', '339', '411', '49', '385']
['225', '90', '297', '461', '180', '211', '84', '493', '388', '437', '129']
['249', '210', '35', '483', '232', '191', '372', '475']
['189', '118', '410', '426', '438', '184', '38', '197', '478', '3', '343', '27', '251', '146', '286', '244', '221', '169']
