['22222', '22222222', '22', '7', '88888888', '111', '888', '2222', '1', '222', '111111', '2', '2222222', '11']
['UUUUUUUU', '6', 'VVVVV', '66666666', 'UU', 'V', 'UUUUUU', 'VV', 'VVV', 'VVVVVVVV', 'UUU', 'UUUU']
['EE', 'FF', 'EEEEEEE', 'FFFFF', 'EEEEEE', 'EEEE', 'FFF', 'EEEEEEEE', 'EEEEE', 'F', 'EEE', 'FFFFFFF']
['MMMMM', 'QQQ', 'RRRRR', 'RRRRRR', 'RRRRRRR', 'NNN', 'QQQQQQ', 'NNNN', 'R', 'NNNNNNN', 'QQ', 'Q', 'M', 'RRRRRRRR', 'MMM', 'MMMMMMMM', 'MMMMMM', 'QQQQQQQ', 'NNNNNN', 'RRR', 'NNNNN', 'QQQQ', 'QQQQQ', 'QQQQQQQQ', 'NN', 'N', 'RRRR']
['WWW', 'mmmmmmm', 'mmmmmmmm', 'nnnnnn', 'mm', 'mmmmm', 'mmmm', 'nn', 'nnn', 'nnnnnnn', 'mmmmmm', 'mmm', 'm', 'nnnn', 'nnnnn', 'nnnnnnnn', 'n']
['wwwww', 'BBB', 'AA', 'AAAA', 'AAAAAAAA', 'AAA']
['hhhhhh', 'ggggggg', 'gggggggg', 'hhh', 'g', 'ggg', 'hhhhh', 'hhhhhhhh', 'hhhhhhh', 'hh', 'gggg', 'ggggg', 'hhhh', 'gg', 'h']
['bbbbbbb', 'aaaaa', 'CCCCC', 'C', 'aaaaaaa', 'DDDDDDD', 'bbbbb', 'aaaa', 'D', 'DDDDDDDD', 'aa', 'b', 'CCCC', 'bbb', 'CCCCCCC', 'aaa', 'aaaaaa', 'bbbbbb', 'aaaaaaaa', 'DD', 'DDDD', 'CC', 'bbbb', 'CCCCCC', 'CCC', 'CCCCCCCC', 'DDDDD', 'a']
['BBBBBBB', 'KKKKKK', 'LL', 'BBBBB', 'LLL', 'AAAAAA', 'KKK', 'BB', 'KKKKKKK', 'B', 'K', 'BBBBBB', 'BBBBBBBB', 'A', 'KKKKKKKK', 'LLLLLLL', 'LLLLLLLL', 'KKKKK', 'BBBB']
['FFFF', '88888', '7777777', '8888888', '77777', 'FFFFFF', '88', '8', 'FFFFFFFF', '777777', '888888', '777', '8888', '77', '77777777', '7777']
['ww', '444', '3333', '4444444', '4', '333', '44444']
['DDD', 'wwwwww', 'I', 'xxxxxx', 'JJJ', 'xxxxxxx', 'IIIIIII', 'x', 'JJJJJJJ', 'xx', 'JJJJJJ', 'DDDDDD', 'JJJJJ', 'wwwwwww', 'xxx', 'IIIIIIII', 'IIII', 'wwwwwwww', 'wwww', 'xxxxx', 'IIIII', 'w', 'JJJJJJJJ', 'JJ', 'xxxxxxxx', 'IIIIII', 'www', 'J', 'JJJJ', 'II', 'III', 'xxxx']
['bbbbbbbb', 'eeee', 'fff', 'eeeeeee', 'fffffff', 'f', 'ffff', 'eeeeee', 'ee', 'eeeeeeee', 'ff', 'eee', 'ffffff', 'ffffffff', 'fffff', 'e', 'eeeee']
['gggggg', 'rr', 'rrrr', 'rrrrrr', 'rrrrr', 'q', 'rrrrrrrr', 'rrrrrrr', 'qqqqqqqq', 'qqqq', 'qqqqq', 'qqqqqqq', 'qq', 'qqqqqq', 'qqq', 'r', 'rrr']
['WWWWWWW', 'XX', 'bb', 'XXXXXXX', 'XXXXXXXX', 'XXXXXX', 'WWWWWWWW', 'WWWWW', 'XXXX', 'WW', 'XXX', 'XXXXX', 'WWWWWW', 'X', 'WWWW']
['W', 'UUUUUUU', 'dddddddd', 'dddd', 'ccccc', 'ddddddd', 'd', 'dd', 'ccc', 'dddddd']
['1111111', 'U', '1111', '11111', 'VVVVVVV', '11111111', '222222']
['55', 'ooo', '666', 'oooooooo', '66666', 'pppp', '555555', '666666', '6666', '55555555', '5555', 'oooo', 'ppppppp', '555', '5', '55555', 'ppppp', 'oo', '5555555', 'ooooo', 'ooooooo', 'pppppppp', 'pp', 'ppp', '6666666', 'o', 'oooooo', 'pppppp', 'p', '66']
['44444444', 'llll', '33333', 'll', '33333333', 'kk', '3333333', '3', '4444', '444444', '333333', 'kkkkk', 'kkkk', 'k', '44', 'lllllll', 'llllll', 'kkkkkkk', 'kkk', 'lll', 'kkkkkkkk', 'lllll', 'kkkkkk', 'l', 'llllllll', '33']
['ccccccc', 'TTTTTTT', 'uuuuuuu', 'vvvvvv', 'vvvvvvv', 'cccc', 'TT', 'vvv', 'uuu', 'uu', 'uuuu', 'vv', 'vvvvvvvv', 'u', 'uuuuuuuu', 'uuuuuu', 'uuuuu', 'vvvv', 'v']
['YYYYYYYY', 'VVVV', 'T', 'SSSSSSSS', 'SSSSS', 'UUUUU', 'SSSSSSS', 'VVVVVV', 'S', 'TTTTT', 'SSS', 'TTTT', 'TTT', 'SSSSSS', 'TTTTTTTT', 'SS', 'TTTTTT', 'SSSS']
['iiiiiiii', 'LLLL', 'LLLLL', 'jjjjjj', 'iiiiii', 'j', 'iiiiiii', 'jjjjj', 'L', 'LLLLLL', 'jjjj', 'iiii', 'iii', 'KKKK', 'jjjjjjjj', 'KK', 'i']
['GGGGG', 'PPPPP', 'OOOO', 'OOOOOOOO', 'PP', 'PPPP', 'OO', 'OOOOOOO', 'PPP', 'PPPPPP', 'PPPPPPPP', 'O', 'OOOOOO', 'P', 'OOOOO', 'OOO', 'PPPPPPP']
['jj', 'yyyy', 'zzz', 'y', 'ii', 'z', 'zzzzz', 'zzzz', 'yyyyyyy']
['ZZ', 'ZZZZZ', 'Y', 'GGGGGGGG', 'GGG', 'G', 'HHHHHHHH', 'HHHHH', 'GGGGGGG', 'HHHH', 'H', 'GGGGGG', 'GG', 'HHHHHHH', 'HHH', 'HHHHHH']
['MMMMMMM', 'RR', 'zzzzzzz', 'yyyyyyyy', 'zzzzzz', 'yy', 'zzzzzzzz', 'yyy', 'zz', 'yyyyyy', 'yyyyy']
['ZZZZZZZZ', 'ssssssss', 'YYYYY', 'ZZZ', 'ZZZZZZZ', 'YYYY', 'ZZZZ', 'ZZZZZZ', 'sssss', 'tt', 'ttttt', 'YY', 'tttt', 'Z', 'YYY', 'sss', 'YYYYYY', 'ss', 'tttttttt', 's', 'ttttttt', 'sssssss', 'tttttt', 'ssssss', 'YYYYYYY', 't', 'ssss']
['jjjjjjj', 'AAAAAAA', 'AAAAA', 'iiiii', 'jjj']
['E', 'ddd', 'vvvvv', 'ddddd', 'GGGG', 'c', 'cc', 'cccccc', 'cccccccc']
['NNNNNNNN', 'MMMM', 'ttt', 'HH', 'MM']
