['385', '324', '333', '338', '361', '359', '358', '353', '352', '334', '347', '350', '266', '259', '292', '459', '21']
['138', '423', '414', '409', '239', '107', '106', '35', '64', '68', '57', '46', '56', '87', '37']
['161', '407', '81', '215', '213', '209', '206', '204', '218', '7', '234', '5', '225', '220', '164']
['485', '100', '148', '19', '43', '172', '192', '189', '188', '171', '182', '180', '179', '178', '175']
['73', '186', '184', '185', '177', '176', '174', '173', '183']
['167']
['168', '121', '365', '428', '0']
['96', '420', '415', '413', '410', '406', '92', '95', '394', '101', '390', '389', '388', '110', '113', '376', '373']
['227', '379', '377', '436', '431', '408', '405', '104', '31', '134', '34', '67', '62', '50', '193', '363', '74']
['286', '449', '443', '435', '419', '417', '109', '60', '47', '88', '82', '205', '202', '198', '1', '139', '133']
['340', '309', '465', '461', '446', '472', '367', '392', '382', '371', '401', '418', '26', '20', '44', '242', '208']
['125', '297', '369', '490', '489', '478', '474', '437', '400', '398', '395', '384', '381', '28', '132', '248', '246']
['54', '357', '346', '245', '308', '291', '285', '283', '282', '445', '468', '496', '494', '396', '403', '250', '498']
['265', '314', '272', '269', '267', '255', '251', '276', '304', '456', '491', '482', '12', '14', '15', '219', '260']
['329', '264', '261', '275', '366', '221', '165', '162', '156', '155', '151', '150', '149', '147', '190', '181', '273']
['325', '362', '360', '356', '355', '351', '344', '343', '337', '336', '313', '311', '258', '299', '281', '455', '279']
['330', '72', '212', '211', '9', '199', '237', '2', '233', '3', '229', '6', '195', '169', '166', '146', '342']
['328', '386', '45', '70', '80', '75', '203', '201', '10', '235', '232', '231', '223', '143', '16', '17', '287']
['327', '126', '23', '24', '117', '63', '61', '48', '69', '42', '79', '76', '214', '8', '207', '197', '293']
['326', '475', '135', '130', '120', '59', '89', '39', '93', '142', '141', '216', '200', '196', '4', '224', '191']
['331', '483', '426', '499', '114', '30', '136', '128', '22', '65', '51', '90', '85', '84', '40', '144', '300']
['249', '486', '380', '425', '416', '422', '112', '108', '32', '98', '140', '124', '94', '66', '55', '91', '303']
['323', '452', '444', '442', '477', '383', '402', '434', '430', '438', '412', '29', '33', '127', '238', '52', '163']
['332', '294', '280', '458', '457', '487', '473', '374', '241', '433', '432', '429', '424', '111', '105', '58', '154']
['322', '257', '364', '368', '464', '454', '441', '497', '492', '481', '480', '479', '387', '370', '119', '116', '339']
['321', '277', '305', '289', '466', '463', '462', '470', '493', '440', '471', '427', '99', '115', '170', '187', '71']
['320', '252', '247', '302', '288', '284', '295', '448', '467', '399', '375', '404', '421', '102', '25', '86', '240']
['319', '310', '263', '256', '253', '243', '307', '306', '451', '476', '397', '391', '378', '27', '129', '123', '41']
['318', '262', '244', '301', '312', '290', '450', '447', '495', '484', '439', '393', '372', '118', '222', '159', '18']
['317', '278', '469', '488', '411', '97', '103', '137', '131', '122', '53', '36', '83', '38', '78', '77', '11']
['316', '49', '210', '217', '236', '230', '228', '226', '194', '160', '158', '157', '153', '152', '145', '13']
['315', '335', '354', '349', '348', '345', '341', '274', '271', '270', '268', '254', '298', '296', '460', '453']
