['392', '285', '273', '232', '242', '221', '214', '240', '251', '279', '267']
['116', '21', '68', '24', '66', '163', '13', '99', '184', '110', '89', '42', '161', '33', '22', '46', '134', '81', '125', '25', '177', '96', '79', '69', '64', '176', '142', '11', '9', '72']
['344', '411', '434', '424', '357', '425', '363', '353', '395', '381', '329', '300', '402', '364', '361', '380', '360', '389', '308', '445', '442', '348', '368', '447', '479', '473', '306', '432', '413', '394']
['359', '453', '408', '336', '326', '420', '426', '423', '428', '315', '356', '355', '347', '325', '340', '429', '301', '330', '488', '477', '435', '441', '407', '484', '414', '431', '319', '404', '480', '387']
['124', '197', '275', '481', '208', '264', '188', '231', '92', '95', '57', '162', '12', '133', '290', '100', '123', '71', '291', '224', '287', '63', '53', '265', '270', '113', '235', '260', '204', '247']
['446', '237', '259', '178', '266', '263', '288', '229', '212', '248', '218', '268', '223', '200', '205']
['304', '399', '335', '388', '358', '354', '466', '373', '436', '405', '463', '455', '456', '312', '350', '321', '346', '483', '393', '489', '328', '450', '352', '333', '418', '323', '369', '371', '412', '421']
['449', '253', '234', '216', '461', '210', '255', '252', '236', '215', '217', '246']
['307', '474', '467', '303', '478', '469', '465', '345', '324', '322', '337', '343', '472', '349', '365', '383', '351', '406', '430', '485', '382', '386', '427', '433', '318', '400', '462', '320', '327', '305']
['341', '198', '338', '409', '309', '339', '401', '379', '331', '378', '471', '366', '385', '403', '448', '437', '444', '374', '391', '416', '398', '332', '375', '377', '342', '468', '415', '370', '451', '390']
['419', '225', '286', '219', '283', '280', '276', '250', '226', '211', '243', '230', '202', '233', '281']
['199', '486', '316', '272', '239', '254', '209', '222', '298', '314', '245', '294', '334', '475', '271', '482', '295', '257', '203', '299', '372', '296', '490']
['136', '111', '73', '158', '139', '151', '80', '59', '169', '126', '107', '32', '135', '91', '193', '150', '147', '196', '88', '132', '60', '130', '192', '155', '54', '160', '45', '119', '30', '15']
['440', '262', '238', '201', '228', '293', '206', '227', '284', '261', '249', '220', '278', '269']
['186', '5', '168', '75', '16', '77', '23', '171', '146', '87', '27', '34', '41', '4', '182', '103', '159', '0', '131', '170', '166', '18', '157', '117', '172', '118', '58', '39', '2', '241']
['476', '274', '105', '417', '384', '367', '302', '297', '457', '464', '422', '180', '376', '397', '313', '459', '311', '317', '410', '487', '443', '460', '310', '439', '452', '438', '458', '454', '362', '470']
['3', '152', '174', '101', '55', '1', '50', '127', '78', '195', '40', '190', '122', '164', '97', '181', '165', '94', '82', '43', '26', '28', '44', '115', '7', '83', '156', '185', '138', '154']
['35', '121', '48', '52', '47', '49', '36', '74', '85', '191', '67', '129', '17', '137', '189', '183', '20', '14', '175', '148', '179', '93', '108', '61', '98', '19', '102', '90', '38', '76']
['396', '120', '213', '256', '207', '277', '292', '282', '244', '258', '289']
['84', '62', '31', '141', '70', '143', '51', '65', '128', '6', '104', '149', '114', '112', '109', '10', '56', '153', '106', '140', '37', '8', '194', '167', '145', '173', '29', '144', '86', '187']
