['452', '453', '41', '257', '18']
['311', '399', '63']
['457']
['285', '385', '297', '417', '269', '309', '279', '278', '288', '389', '209', '325', '131', '232', '93', '292', '336', '102', '56', '80', '339', '105', '236', '110', '216', '65', '79', '222', '310', '26', '252', '479', '203', '480', '25', '299', '405', '498', '76', '22', '430', '19', '473', '17', '16', '141', '235', '14', '13', '250', '213', '175', '190', '202', '200', '2', '113', '262', '4', '258', '57', '196', '46', '450', '361', '44', '60', '69', '474', '443', '487', '478', '446', '440', '211', '181', '441', '442', '438', '437', '134', '448', '435', '451', '444', '85', '472', '433', '254', '439', '55', '147', '490', '491', '51', '493', '198', '204', '357', '58', '59', '366', '188', '40', '111', '12', '485', '37', '66', '481', '219', '120', '495', '406', '475', '125', '179', '114', '494', '483', '477', '496', '497', '249', '449', '24', '27', '50', '52', '53', '61', '62', '64', '68', '70', '74', '174', '227', '73', '434', '247', '253', '447', '255', '303', '233', '476', '431', '304', '489', '256', '432', '67', '471', '459']
['345']
['462']
['185', '155', '241', '206', '92', '94', '98', '242', '230', '192', '183', '177', '148', '89', '135', '454', '139', '218', '217', '212', '160', '149', '150', '201', '199', '151', '455', '170', '162', '157', '138', '298', '106', '121', '90', '124', '103', '96', '128', '95', '130', '207', '226', '223', '99', '215', '205', '208', '229', '231', '97', '101', '91', '88', '234', '104', '172', '168', '154', '117', '152', '145', '193', '171', '142', '187', '156', '184', '116', '189', '86', '313', '34', '31', '296', '45', '393', '289', '29', '307', '347', '132', '295', '228', '159', '225', '224', '221', '220', '164', '108', '107', '165', '169', '214', '176', '182', '115', '186', '194', '195', '109', '123', '163', '248', '244', '146', '251', '133', '237', '238', '140', '129', '239', '143', '6', '420', '136', '178', '35', '7', '180', '371', '137', '368', '191', '267', '356', '197', '48', '352', '372', '383', '436', '32', '127', '126', '153', '424', '409', '122', '158', '144', '161', '112', '429', '30', '166', '9', '167', '119', '173', '386', '342', '100']
['87', '466', '210', '240']
['314', '72']
['353', '265', '246']
['340']
['395', '261', '415', '350', '331', '318', '326', '324', '317', '330', '312', '0', '470', '322', '414', '416', '422', '388', '426', '380', '379', '464', '367', '410', '1', '338', '354', '346', '348', '263', '469', '419', '423', '425', '413', '461', '456', '463', '334', '408', '332', '349', '351', '320', '319', '358', '359', '362', '365', '369', '300', '370', '293', '291', '377', '283', '282', '381', '387', '394', '397', '276', '274', '398', '272', '337', '270', '268', '400', '460', '47', '78', '49', '28', '77', '39', '20', '15', '75', '11', '10', '3', '8', '301', '302', '467', '71', '316', '321', '323', '327', '328', '341', '335', '343', '264', '260', '259', '468', '275', '458', '245', '84', '243', '83', '287', '290', '294', '81', '266', '401', '33', '382', '411', '391', '402', '418', '392', '378', '421', '38', '376', '360', '363', '396', '404', '465', '43', '23', '21', '355', '280', '412', '271', '427', '428', '445', '5', '281', '273', '390', '82', '54', '344', '364', '42', '329', '374', '375', '315', '36', '284', '308', '306', '305']
['333']
['286', '488']
['118']
['373']
['407']
['384']
['277', '486', '484', '482', '492', '499']
['403']
