['Avide3', 'Kai5', 'Michael9', 'Jelena1', 'Liborio4', 'Nayade9', 'Ethan9', 'Bibiana4', 'Fernando8', 'Carmelo4', 'Lauro3', 'Siro3', 'Tolomeo6', 'Ausonio0', 'Fabio9', 'Odone9', 'Sasha7', 'Matteo9', 'Secondo5', 'Azue3']
['Primo3', 'Elsa1', 'Antonio9', 'Nico1', 'Tancredi5', 'Osea1', 'Rebecca5', 'Celeste4', 'Rufo5', 'Dylan9', 'Nico6', 'Caio2', 'Cleros7', 'Soriana6', 'Nestore7', 'Irene7', 'Miriana7', 'Ivano3', 'Hector0', 'Gianantonio6']
['Battista3', 'Cleopatra8', 'Nestore6', 'Damiana9', 'Alessio3', 'Zaccaria2', 'Ileana5', 'Vera2', 'Arcibaldo8', 'Davide1', 'Mauro7', 'Elsa0', 'Amedeo6', 'Caligola0', 'Emidio9', 'Gianriccardo2', 'Diamante6', 'Bortolo9', 'Lamberto6', 'Elda4']
['Nestore3', 'Sebastian4', 'Elio3', 'Cosetta2', 'Giovanna3', 'Joshua0', 'Ermes9', 'Joannes5', 'Enzo0', 'Kayla3', 'Luigi7', 'Odino9', 'Maruska3', 'Muzio8', 'Costantino7', 'Mattia9', 'Primo1', 'Marzio4', 'Amedeo5', 'Miriam7']
['Ian0', 'Fabio8', 'Nabil5', 'Demi9', 'Patrizio4', 'Mirko4', 'Radames1', 'Arturo8', 'Deborah4', 'Marianita8', 'Elio8', 'Samira6', 'Erminia8', 'Fatima2', 'Trevis8', 'Ethan3', 'Caio6', 'Sirio6', 'Quasimodo0', 'Flaviana6']
['Fabiano1', 'Adriano0', 'Pietro1', 'Emanuel3', 'Erminia5', 'Santo9', 'Michael4', 'Nestore4', 'Alberto5', 'Sandro2', 'Elga8', 'Filomena4', 'Odone4', 'Mariagiulia3', 'Bettino1', 'Lisa0', 'Marianita1', 'Giancarlo3', 'Domiziano7', 'Benedetta5']
['Bettino8', 'Guido1', 'Sesto8', 'Matilde9', 'Eriberto9', 'Lidia0', 'Marianita5', 'Rosaria8', 'Ilario9', 'Claudia6', 'Guido6', 'Filomena3', 'Mattia1', 'Deborah2', 'Sue0', 'Laerte0', 'Leonardo7', 'Carmela6', 'Maggiore3', 'Orfeo9']
['Timoteo4', 'Costanzo6', 'Ubaldo2', 'Orfeo1', 'Laura9', 'Raniero0', 'Italo5', 'Davide5', 'Armando8', 'Dante0', 'Edilio5', 'Lidia6', 'Orfeo7', 'Teseo4', 'Enzo3', 'Samira4', 'Romeo4', 'Nestore8', 'Carmela3', 'Sue2']
['Marcella4', 'Augusto8', 'Zelida4', 'Folco4', 'Dante5', 'Giovanna5', 'Cirino1', 'Sebastian2', 'Giordano5', 'Lazzaro2', 'Concetta1', 'Tristano8', 'Anastasio7', 'Tazio7', 'Marieva8', 'Marino4', 'Folco6', 'Gilda2', 'Leonardo1', 'Gianmarco5']
['Giacobbe7', 'Oretta9', 'Diamante4', 'Karim1', 'Carlo1', 'Walter7', 'Radames4', 'Leonardo0', 'Sibilla4', 'Joseph7', 'Donatella7', 'Noah6', 'Mariagiulia0', 'Folco8', 'Joshua3', 'Fortunata6', 'Luce0', 'Eusebio6', 'Renzo6', 'Jacopo3']
['Tancredi4', 'Osea9', 'Loretta1', 'Sabino2', 'Gianmaria7', 'Penelope5', 'Baldassarre3', 'Iacopo2', 'Sarita7', 'Radames7', 'Eusebio3', 'Eustachio1', 'Italo9', 'Aroldo4', 'Armando5', 'Enzo6', 'Celeste3', 'Quarto3', 'Ione9', 'Egisto1']
['Marina6', 'Cleros2', 'Cleros6', 'Davide8', 'Ubaldo1', 'Maika6', 'Albino1', 'Walter1', 'Armando0', 'Eliziario6', 'Ferdinando0', 'Fiorenzo7', 'Antonino6', 'Brigitta5', 'Ethan7', 'Demis2', 'Cleros4', 'Jack2', 'Marzio7', 'Osea0']
['Gavino8', 'Rosolino0', 'Nathan3', 'Giobbe6', 'Manfredi5', 'Marvin0', 'Damiana2', 'Orfeo4', 'Thea5', 'Lidia4', 'Erminia2', 'Ercole1', 'Jari2', 'Concetta5', 'Jari0', 'Olimpia3', 'Valdo9', 'Demi6', 'Kris2', 'Fiorenzo8']
['Brigitta8', 'Mariagiulia9', 'Renato5', 'Fatima9', 'Rebecca6', 'Caligola7', 'Prisca2', 'Sesto4', 'Liborio8', 'Elda2', 'Cleopatra7', 'Monia6', 'Michele7', 'Cassiopea3', 'Priamo0', 'Osvaldo5', 'Lia2', 'Walter3', 'Giorgio6', 'Loris4']
['Mariagiulia4', 'Rita6', 'Miriam8', 'Marina7', 'Amerigo5', 'Folco3', 'Miriana9', 'Pierfrancesco0', 'Kris3', 'Nazzareno0', 'Renzo5', 'Laura1', 'Ulrico6', 'Anselmo3', 'Edilio2', 'Tolomeo0', 'Ruth1', 'Marzio5', 'Benedetta4', 'Ettore0']
['Ariel9', 'Ursula5', 'Siro8', 'Folco0', 'Edipo5', 'Ercole2', 'Mietta1', 'Quirino1', 'Genziana8', 'Erminio9', 'Ludovico2', 'Piersilvio0', 'Mattia6', 'Sasha9', 'Alighieri1', 'Piersilvio3', 'Artes8', 'Jole3', 'Edilio6', 'Modesto4']
['Xavier5', 'Rosalino2', 'Antimo9', 'Rosalba8', 'Sesto2', 'Gianriccardo3', 'Loretta4', 'Rosalino0', 'Mietta2', 'Fiorentino3', 'Umberto0', 'Arduino8', 'Pacifico0', 'Amedeo1', 'Loredana6', 'Isabel1', 'Fiorenzo1', 'Arduino5', 'Claudia1', 'Trevis2']
['Gelsomina6', 'Fabiano3', 'Maika9', 'Rocco9', 'Iacopo1', 'Romeo2', 'Sabatino1', 'Pablo7', 'Valdo2', 'Doriana2', 'Graziano0', 'Terzo7', 'Santo3', 'Giorgio2', 'Siro2', 'Audenico0', 'Ercole4', 'Gianantonio5', 'Luigi4', 'Elga3']
['Cassiopea8', 'Moreno5', 'Secondo0', 'Noel4', 'Nathan9', 'Violante6', 'Serse1', 'Mecren5', 'Marianita7', 'Alessio7', 'Cleros5', 'Concetta9', 'Alan9', 'Assia4', 'Deborah9', 'Monia8', 'Cira7', 'Prisca3', 'Amerigo1', 'Gianleonardo6']
['Marzio6', 'Laerte9', 'Vania3', 'Jarno1', 'Marino8', 'Isabel6', 'Loredana0', 'Priamo8', 'Demis1', 'Marina4', 'Alighiero7', 'Joseph3', 'Oretta5', 'Akira3', 'Vinicio8', 'Gaetano5', 'Ercole8', 'Lorenzo9', 'Marcella3', 'Danthon5']
['Gerlando9', 'Giulietta7', 'Gianantonio3', 'Bibiana6', 'Emanuel7', 'Ercole9', 'Marcella0', 'Gioacchino7', 'Luce6', 'Penelope7', 'Odino6', 'Emanuel1', 'Eriberto1', 'Fatima0', 'Mecren9', 'Adriano1', 'Xavier7', 'Cleopatra5', 'Danuta0', 'Enzo7']
['Pacifico5', 'Laerte5', 'Alessandro3', 'Gregorio2', 'Nestore5', 'Benedetta1', 'Siro0', 'Giulio2', 'Mietta0', 'Trevis3', 'Cesidia8', 'Timoteo9', 'Ian2', 'Rosita1', 'Miriana4', 'Ludovico9', 'Clodovea2', 'Ferdinando6', 'Cira8', 'Odone8']
['Vania2', 'Timoteo5', 'Giacinto6', 'Tristano5', 'Nathan2', 'Anastasio3', 'Rebecca2', 'Tancredi6', 'Anselmo8', 'Gioacchino6', 'Demis3', 'Costanzo4', 'Jacopo4', 'Tommaso8', 'Umberto6', 'Noah0', 'Ermes4', 'Kayla9', 'Assia0', 'Edipo4']
['Thea4', 'Erminio4', 'Clodovea1', 'Mariano0', 'Gaetano4', 'Primo9', 'Oreste0', 'Mirko6', 'Siro9', 'Gregorio7', 'Nicoletta3', 'Gilda5', 'Fortunata0', 'Raoul7', 'Guendalina3', 'Cassiopea9', 'Tazio1', 'Silvano4', 'Eustachio2', 'Pablo9']
['Eriberto7', 'Sirio1', 'Furio5', 'Orfeo5', 'Evangelista9', 'Bortolo5', 'Umberto9', 'Sarita4', 'Anselmo9', 'Cleopatra1', 'Lino4', 'Rodolfo9', 'Maggiore2', 'Karim8', 'Rosalba1', 'Lauro5', 'Giorgio3', 'Enrico1', 'Marieva7', 'Max1']
