['Merline', 'Hyacinth', 'Wilone', 'Pippy', 'Rasla', 'Danell', 'Fayth', 'Elayne', 'Bell', 'AnnaDiana', 'Ealasaid', 'Kania', 'Christin', 'Eula', 'Cayla', 'Edi', 'Aubrette', 'Siobhan', 'Giselle']
['Natala', 'Lanni', 'Tresa', 'Gerrilee', 'Dana', 'Magdaia', 'Lorena', 'Maryl', 'Annie', 'Hendrika', 'Lyn', 'Vonny', 'Patti', 'Zita', 'Alvina', 'Gwenette', 'Patience', 'Koressa', 'Misti']
['Robena', 'Keri', 'Marylou', 'Rozanna', 'Kata', 'Reeva', 'Analise', 'Marjie', 'Alyce', 'Cate', 'Tilda', 'AnnaDiane', 'Toma', 'Madalena', 'Melva', 'Brenn', 'Darcee', 'Lita', 'Kinna']
['SheilaKathryn']
['Laureen', 'Vickie', 'Carline', 'Christabel', 'Ethelind', 'Erma', 'Isabelle', 'Thomasina', 'Nolana', 'Leora', 'Jaclyn', 'Neila', 'Freda', 'Jada', 'Daisi', 'Cory', 'Camilla', 'Paula', 'Ray']
['Renae', 'Leilah', 'Kalindi', 'Tammy', 'Madelin', 'Brigid', 'Winifred', 'Evangeline', 'Joleen', 'Feliza', 'Roseann', 'Gwendolen', 'Idalina', 'Brandie', 'Verina', 'Joannes', 'Amitie', 'Rosene', 'Cecelia']
['Stefa', 'Fawne', 'Ula', 'Faith', 'Veronike', 'Dulcea', 'Genni', 'Sophie', 'Allsun', 'Johnette', 'Sheree', 'Mareah']
['Lacey', 'Honey', 'Lina', 'Esmaria', 'Debbie', 'Anjanette', 'Kylen', 'Sofia', 'Libby', 'Cordie', 'Tatiana', 'Merrielle', 'Erinna', 'Pollyanna', 'Katleen', 'Silva', 'Barbaraanne', 'Fredelia', 'Inna']
['Sharron', 'Shelia', 'Jeannette', 'Lia', 'Coral', 'Harriett', 'Lisbeth', 'Madonna', 'Marigold', 'Debby', 'Ondrea', 'Pavla', 'Mina', 'Gigi', 'Nora', 'Arliene', 'Crystie', 'Dolores', 'Elinor']
['Helenka', 'Rosalind', 'Joly', 'Laverna', 'Almeda', 'Constantia', 'Lavinia', 'Una', 'Reta', 'Biddie', 'Shayne', 'Lisabeth', 'Eadie', 'Jsandye', 'Nerissa', 'Kacey', 'Saundra', 'Imogen', 'Janey']
['Marley', 'Elisabet', 'Megan', 'Kerstin', 'Siusan', 'Tessy', 'Goldina', 'Arleyne', 'Dianna', 'Vallie', 'Penny', 'Eddi', 'Paulette', 'Karol', 'Serena', 'Renelle', 'Jodi', 'Ivie', 'Kiersten']
['Raine', 'Jane', 'Corey', 'Vivia', 'Sherline', 'Raye', 'Laurice', 'Rosalinde', 'Meggy', 'Jacquenette', 'Randene', 'Amabel', 'Geri', 'Noelyn', 'Phil', 'Ellie', 'Tanhya', 'Nadine', 'Uta']
['Joycelin', 'Kial', 'Evvy', 'Pia', 'Jasmin', 'Trude', 'Katalin', 'Laraine', 'Brynne', 'Ardine', 'Jeniffer', 'Sara', 'Terra', 'Grazia', 'Jorey', 'Anthe', 'Tiffani', 'Dulcie', 'Bessy']
['Kathlin', 'Tanya', 'Nevsa', 'Gaynor', 'Vin', 'Deeann', 'Jeannine', 'Dulcia', 'Avivah', 'Sheena', 'Valerie', 'Milena', 'Idell', 'Cinnamon', 'Phedra', 'Gussy', 'Hatty', 'Paulina', 'Sue']
['Courtnay', 'Charis', 'Stepha', 'HelenElizabeth', 'Marlyn', 'Tamarah', 'Matilda', 'Sheeree', 'Vanessa', 'Sallyanne', 'Prudi', 'Annalee', 'Tressa', 'Lorinda', 'Dayle', 'Donella', 'Melodie', 'Rachel', 'Lillis']
['Yalonda', 'Christina', 'Mehetabel', 'Lettie', 'Shelli', 'Kippy', 'Delila', 'Lilla', 'Coretta', 'Lorna', 'Bonnee', 'Kaylyn', 'Costanza', 'Linette', 'Catina', 'Claudina', 'Moyra', 'Denyse', 'Maddalena']
['Nomi', 'Cordy', 'Riannon', 'Cristina', 'Miquela', 'Shay', 'Frankie', 'Natalina', 'Kristin', 'Chris', 'Corinna', 'Geralda', 'Kelcey', 'Rebbecca', 'Jessamyn', 'Meris', 'Betteanne', 'Jobina', 'Vi']
['Shani', 'Andriette', 'Constantina', 'Reggi', 'Toni', 'Erna', 'Nelia', 'Flori', 'Maryjo', 'Lona', 'Ashlen', 'Sayre', 'Carlye', 'Barbe', 'Devinne', 'Janette', 'Karisa', 'Heather', 'Mariette']
['Cynde', 'Heidie', 'Eve', 'Suellen', 'Natka', 'Kettie', 'Tersina', 'Madelyn', 'Starr', 'Ortensia', 'Pansie', 'Henriette', 'Bria', 'Cammie', 'Jennica', 'Andree', 'Gayle', 'Emilee', 'Lorrin']
['Katha', 'Lynnett', 'Rosina', 'Blake', 'Karlotta', 'Romonda', 'Tybi', 'Jessika', 'Gerianna', 'Mia', 'Zorana', 'Laverne', 'Cherry', 'Emelina', 'Kora', 'Ginger', 'Camille', 'Livia', 'Mariejeanne']
['Di', 'Emmy', 'Shelby', 'Leona', 'Shayna', 'Henrietta', 'Ashely', 'Philomena', 'Neilla', 'Lauretta', 'Carmelia', 'Jess', 'Nerta', 'Nicoli', 'Ashli', 'Callie', 'Midge', 'Pandora', 'Deny']
['Lindsy', 'Corella', 'Genna', 'Carree', 'Valentine', 'Harrie', 'Clemmie', 'Marice', 'Marcia', 'Lorraine', 'Herminia', 'Gabriell', 'Therine', 'Fayina', 'Emmalynne', 'Vilma', 'Billy', 'Oliy', 'Phillis']
['Chelsea', 'Wendeline', 'Chrystel', 'Garland', 'Tobi', 'Caryn', 'Lila', 'Susi', 'Jolie', 'Ardenia', 'Laura', 'Jeannie', 'Pierrette', 'Liz', 'Goldi', 'Kassia', 'Willabella', 'Myrilla', 'Edeline']
['Bobbie', 'Anya', 'Jeralee', 'Brandise', 'Minnnie', 'Sephira', 'Thalia', 'Bibbie', 'Libbi', 'Raven', 'Brynna', 'Martguerita', 'Tamarra', 'Tova', 'Lori', 'Wilow', 'Sharla', 'Shaina', 'Viva']
['Giralda', 'Kay', 'Clemmy', 'Kellen', 'Licha', 'Trista', 'Marla', 'Drucill', 'Susana', 'Loria', 'Mable', 'Jaime', 'Lois', 'Jenna', 'Sibylle', 'Sheilah', 'Clari', 'Essa', 'Zoe']
