['153', '385', '123', '314', '366', '428', '98', '355', '60', '149', '72', '172', '358', '292', '388', '10', '120', '491', '274', '477', '210', '459', '158']
['393', '80', '179', '499', '56', '373', '102', '433', '246', '338', '368', '408', '122', '309', '163', '240', '306', '225', '113', '174', '23', '96', '204']
['443', '386', '329', '472', '33', '404', '282', '193', '65', '11', '419', '410', '452', '263', '67', '231', '75', '376', '157', '138', '71', '415']
['375', '213', '320', '482', '156', '272', '359', '471', '467', '484', '473', '445', '130', '52', '227', '474', '81', '112', '440', '220', '295']
['19', '170', '350', '476', '13', '417', '284', '128', '43', '136', '147', '29', '114', '381', '216', '63', '318', '352', '283', '446', '354']
['54', '353', '92', '400', '84', '211', '180', '390', '233', '201', '41', '313', '412', '244', '457', '271', '177', '230', '140', '88', '335', '26', '485']
['161', '442', '160', '273', '427', '481', '251', '266', '209', '159', '37', '319', '223', '379', '91', '62', '215', '247', '432', '448']
['369', '250', '154', '260', '234', '249', '151', '68', '490', '321', '409', '191', '327', '270', '487', '169', '117', '470', '280', '83', '16', '32']
['195', '116', '186', '78', '455', '21', '243', '166', '465', '264', '425', '287', '339', '3', '420', '278', '150', '40', '301', '323']
['50', '108', '70', '207', '104', '299', '401', '493', '212', '39', '203', '334', '30', '181', '76', '34', '58', '312', '317', '183', '462', '489']
['245', '342', '258', '378', '291', '45', '405', '413', '466', '414', '200', '4', '384', '198', '188', '190', '475', '93', '372', '8', '411', '341', '24']
['118', '97', '261', '439', '173', '17', '298', '454', '426', '152', '256', '184', '79', '389', '360', '424', '38', '255', '351', '418', '64', '237', '82']
['175', '330', '267', '168', '167', '202', '236', '468', '297', '103', '129', '382', '349', '228', '226', '89', '478', '277', '458', '460']
['437', '42', '498', '269', '90', '176', '254', '187', '248', '95', '324', '36', '290', '61', '344', '192', '235', '469', '69', '137', '189', '435']
['44', '345', '362', '239', '194', '185', '315', '15', '395', '430', '429', '356', '275', '135', '496', '142', '14', '479', '110', '331', '165', '322']
['115', '0', '332', '464', '146', '208', '94', '109', '100', '488', '164', '387', '5', '325', '224', '31', '495', '434', '46', '450', '12', '28']
['1', '406', '48', '486', '257', '377', '217', '308', '262', '22', '394', '73', '124', '252', '422', '218', '229', '119', '53', '35', '222', '431', '436']
['178', '121', '416', '348', '55', '383', '340', '7', '219', '392', '374', '281', '398', '86', '343', '232', '397', '155', '463', '148', '365', '205', '131']
['336', '276', '494', '337', '134', '2', '49', '316', '127', '441', '253', '66', '300', '347', '449', '74', '87', '111', '357', '268', '456']
['171', '125', '303', '101', '480', '402', '77', '293', '126', '294', '57', '279', '241', '265', '51', '25', '47', '99', '85', '310', '447', '18']
['196', '296', '483', '288', '438', '105', '289', '20', '59', '492', '328', '107', '144', '285', '307', '242', '361', '6', '221', '141', '461', '396', '206']
['238', '399', '333', '391', '143', '133', '182', '371', '106', '162', '364', '304', '453', '370', '214', '139', '302', '9', '363', '199']
['380', '326', '423', '444', '286', '407', '403', '259', '145', '497', '132', '367', '346', '305', '197', '311', '27', '421', '451']
