['346', '314', '280', '20', '108', '120', '236', '324', '389', '342', '220', '21', '87', '150', '99', '50', '369', '107', '205', '158']
['238', '43', '321', '37', '15', '365', '286', '7', '92', '390', '140', '352', '33', '106', '128', '373', '145', '17', '191', '30', '135']
['311', '3', '180', '197', '300', '391', '182', '376', '18', '129', '202', '356', '149', '283', '211', '102', '166', '88', '144', '26', '258']
['164', '63', '215', '49', '340', '116', '227', '223', '40', '222', '267', '13', '242', '244', '181', '204', '159', '293']
['203', '344', '52', '194', '36', '38', '263', '45', '326', '231', '171', '320', '381', '252', '167', '299', '12', '241', '122', '119', '360']
['207', '157', '229', '282', '312', '308', '156', '392', '295', '93', '80', '2', '31', '44', '292', '46', '396', '77']
['160', '325', '228', '213', '125', '380', '152', '249', '172', '291', '240', '275', '11', '243', '298', '218', '48', '226', '285', '333', '348', '364']
['19', '114', '201', '265', '247', '74', '374', '268', '287', '332', '209', '257', '69', '161', '398', '162', '232', '246', '96', '183']
['319', '255', '124', '388', '331', '51', '59', '237', '97', '260', '67', '382', '341', '327', '85', '206', '104', '323', '72']
['379', '68', '148', '234', '22', '94', '272', '315', '137', '309', '329', '6', '47', '317', '208', '256', '84', '8', '383']
['133', '224', '103', '316', '307', '179', '101', '168', '186', '42', '274', '27', '347', '359', '335', '313', '9', '35', '32', '290', '297']
['90', '387', '54', '146', '350', '195', '132', '214', '170', '385', '306', '60', '82', '248', '113', '328', '368', '4', '75', '322']
['357', '198', '372', '271', '165', '216', '250', '301', '355', '109', '58', '397', '281', '61', '110', '339', '169', '377', '354']
['127', '5', '284', '225', '28', '71', '302', '131', '66', '337', '233', '130', '62', '98', '393', '310', '89', '259', '264', '276']
['253', '318', '336', '303', '351', '163', '362', '261', '193', '361', '394', '353', '239', '81', '83', '100', '1', '395', '277', '366', '345']
['371', '349', '121', '200', '111', '151', '153', '210', '79', '105', '143', '55', '304', '367', '185', '230', '334', '254', '187', '134', '24']
['173', '115', '142', '375', '343', '57', '70', '217', '294', '176', '270', '138', '53', '56', '189', '269', '23', '16', '199', '139', '184']
['212', '73', '175', '112', '86', '154', '219', '39', '196', '192', '34', '29', '279', '95', '117', '174', '266', '384', '76', '177']
['400', '178', '288', '91', '136', '10', '14', '386', '251', '155', '262', '338', '64', '378', '358', '289', '188', '278', '245', '65']
['126', '330', '147', '273', '118', '41', '221', '305', '123', '363', '78', '399', '141', '235', '370', '25', '190', '296']
