['Vertex40', 'Vertex262', 'Vertex260', 'Vertex258', 'Vertex289', 'Vertex287', 'Vertex285', 'Vertex282', 'Vertex274', 'Vertex341', 'Vertex410', 'Vertex406', 'Vertex405', 'Vertex402', 'Vertex401', 'Vertex397', 'Vertex413', 'Vertex416', 'Vertex435', 'Vertex433']
['Vertex312', 'Vertex319', 'Vertex318', 'Vertex315', 'Vertex256', 'Vertex254', 'Vertex273', 'Vertex271', 'Vertex404', 'Vertex400', 'Vertex399', 'Vertex398', 'Vertex396', 'Vertex393', 'Vertex392', 'Vertex391', 'Vertex414', 'Vertex434', 'Vertex432', 'Vertex431']
['Vertex311', 'Vertex49', 'Vertex190', 'Vertex144']
['Vertex310', 'Vertex321', 'Vertex112', 'Vertex199']
['Vertex309', 'Vertex275', 'Vertex74', 'Vertex182']
['Vertex308']
['Vertex307']
['Vertex306']
['Vertex305', 'Vertex183']
['Vertex304']
['Vertex303', 'Vertex322', 'Vertex317', 'Vertex290', 'Vertex248', 'Vertex412', 'Vertex388', 'Vertex372', 'Vertex111', 'Vertex99', 'Vertex96', 'Vertex95', 'Vertex131', 'Vertex124', 'Vertex123', 'Vertex121', 'Vertex119', 'Vertex118', 'Vertex61', 'Vertex56']
['Vertex302', 'Vertex277']
['Vertex301']
['Vertex300']
['Vertex299']
['Vertex298']
['Vertex297']
['Vertex296', 'Vertex267', 'Vertex365', 'Vertex137', 'Vertex87', 'Vertex45', 'Vertex43', 'Vertex86', 'Vertex82', 'Vertex75', 'Vertex70', 'Vertex64', 'Vertex140', 'Vertex212', 'Vertex208', 'Vertex207', 'Vertex204', 'Vertex202', 'Vertex201', 'Vertex196']
['Vertex295', 'Vertex270', 'Vertex93', 'Vertex154', 'Vertex146', 'Vertex184', 'Vertex181', 'Vertex174', 'Vertex171', 'Vertex170', 'Vertex168', 'Vertex166', 'Vertex439']
['Vertex294', 'Vertex323', 'Vertex288', 'Vertex259', 'Vertex257', 'Vertex255', 'Vertex252', 'Vertex251', 'Vertex250', 'Vertex249', 'Vertex247', 'Vertex246', 'Vertex245', 'Vertex244', 'Vertex243', 'Vertex242', 'Vertex263', 'Vertex264', 'Vertex266', 'Vertex286']
['Vertex293', 'Vertex138', 'Vertex231', 'Vertex169', 'Vertex176']
['Vertex292', 'Vertex408', 'Vertex238', 'Vertex180', 'Vertex173', 'Vertex172']
['Vertex313']
['Vertex291']
['Vertex314', 'Vertex281', 'Vertex411', 'Vertex403', 'Vertex425', 'Vertex79', 'Vertex69', 'Vertex67', 'Vertex211', 'Vertex213', 'Vertex237', 'Vertex235', 'Vertex232', 'Vertex229', 'Vertex220', 'Vertex217', 'Vertex156', 'Vertex147', 'Vertex143', 'Vertex141']
['Vertex316', 'Vertex41', 'Vertex78', 'Vertex73', 'Vertex71', 'Vertex66', 'Vertex206', 'Vertex192', 'Vertex236', 'Vertex219', 'Vertex160', 'Vertex155', 'Vertex149', 'Vertex142', 'Vertex162', 'Vertex165', 'Vertex179', 'Vertex178', 'Vertex438', 'Vertex177']
['Vertex337', 'Vertex240', 'Vertex175']
['Vertex336', 'Vertex44', 'Vertex62', 'Vertex77', 'Vertex193', 'Vertex214', 'Vertex216', 'Vertex228', 'Vertex221', 'Vertex215', 'Vertex157', 'Vertex152', 'Vertex150', 'Vertex148', 'Vertex145', 'Vertex163', 'Vertex164', 'Vertex187', 'Vertex186', 'Vertex185']
['Vertex335', 'Vertex279', 'Vertex278', 'Vertex272', 'Vertex268', 'Vertex437', 'Vertex427', 'Vertex421', 'Vertex361', 'Vertex353', 'Vertex364', 'Vertex385', 'Vertex108', 'Vertex98', 'Vertex92', 'Vertex91', 'Vertex90', 'Vertex113', 'Vertex115', 'Vertex135']
['Vertex334', 'Vertex339', 'Vertex407', 'Vertex395', 'Vertex428', 'Vertex424', 'Vertex419', 'Vertex417', 'Vertex415', 'Vertex358', 'Vertex354', 'Vertex352', 'Vertex343', 'Vertex387', 'Vertex386', 'Vertex383', 'Vertex380', 'Vertex373', 'Vertex368', 'Vertex239']
['Vertex333', 'Vertex261', 'Vertex253', 'Vertex276', 'Vertex409', 'Vertex394', 'Vertex436', 'Vertex426', 'Vertex420', 'Vertex359', 'Vertex351', 'Vertex346', 'Vertex344', 'Vertex342', 'Vertex363', 'Vertex389', 'Vertex384', 'Vertex379', 'Vertex378', 'Vertex374']
['Vertex332']
['Vertex331', 'Vertex284', 'Vertex241', 'Vertex430', 'Vertex429', 'Vertex422', 'Vertex360', 'Vertex357', 'Vertex355', 'Vertex366', 'Vertex376', 'Vertex375', 'Vertex371', 'Vertex367', 'Vertex110', 'Vertex109', 'Vertex106', 'Vertex105', 'Vertex104', 'Vertex102']
['Vertex330', 'Vertex167']
['Vertex329', 'Vertex283', 'Vertex418', 'Vertex340', 'Vertex362', 'Vertex350', 'Vertex347', 'Vertex100', 'Vertex94', 'Vertex134', 'Vertex128', 'Vertex126', 'Vertex125', 'Vertex122', 'Vertex117', 'Vertex116', 'Vertex57', 'Vertex55', 'Vertex53', 'Vertex50']
['Vertex328', 'Vertex114', 'Vertex51', 'Vertex72', 'Vertex139', 'Vertex209', 'Vertex203', 'Vertex198', 'Vertex197', 'Vertex233', 'Vertex230', 'Vertex227', 'Vertex226', 'Vertex223', 'Vertex189', 'Vertex161', 'Vertex159', 'Vertex158', 'Vertex153', 'Vertex151']
['Vertex327', 'Vertex280', 'Vertex390', 'Vertex356', 'Vertex381', 'Vertex370', 'Vertex60', 'Vertex54', 'Vertex52', 'Vertex48', 'Vertex47', 'Vertex46', 'Vertex42', 'Vertex88', 'Vertex63', 'Vertex65', 'Vertex85', 'Vertex84', 'Vertex83', 'Vertex81']
['Vertex326', 'Vertex320', 'Vertex269', 'Vertex265', 'Vertex423', 'Vertex349', 'Vertex348', 'Vertex345', 'Vertex382', 'Vertex377', 'Vertex107', 'Vertex103', 'Vertex97', 'Vertex136', 'Vertex133', 'Vertex132', 'Vertex130', 'Vertex129', 'Vertex127', 'Vertex120']
['Vertex325', 'Vertex68', 'Vertex188']
['Vertex324', 'Vertex338', 'Vertex369', 'Vertex101', 'Vertex89', 'Vertex59', 'Vertex58', 'Vertex80', 'Vertex76', 'Vertex210', 'Vertex205', 'Vertex200', 'Vertex195', 'Vertex194', 'Vertex191', 'Vertex234', 'Vertex225', 'Vertex224', 'Vertex222', 'Vertex218']
