['Sofia', 'Carla', 'Barry', 'Cesar', 'Mikel', 'Amber', 'Jason', 'Avery', 'Wanda', 'Alton', 'Perry', 'Paige', 'Robin', 'Zelma', 'Devin', 'Katie', 'Craig', 'Lanny', 'Helga', 'Teddy', 'Erica', 'Peter', 'Allan', 'Vicky', 'Brian', 'Brady', 'Kirby', 'Nelda', 'Marci', 'Basil', 'Lucio', 'Julio', 'Tessa', 'Cliff', 'Chang', 'Karen', 'Sybil', 'Joann', 'Pedro', 'Pearl', 'Janet', 'Ruben', 'Hilda', 'Ernie', 'Irvin', 'Kayla', 'Clara', 'Rusty', 'Daisy', 'Clint']
['Roxie', 'Elmer', 'Orval', 'Quinn', 'Brock']
['Essie', 'Donny', 'Bruno', 'Elena', 'Rufus']
['Mitch', 'Candy', 'Queen', 'Mason']
['Carly']
['April']
['Adela']
['Holly']
['Vilma', 'Joyce']
['Lacey', 'Bobbi', 'Tommy', 'Bette', 'Rhett']
['Alice']
['Betsy']
['Lorie']
['Dario']
['Doris', 'Flora', 'Issac', 'Jaime', 'Tammi', 'Elvin', 'Jonah', 'Bryon', 'Leroy', 'Tasha', 'Viola', 'Effie', 'Maude', 'Shaun', 'Tanya']
['Adele', 'Berta', 'Tonya', 'David', 'Melba', 'Steve', 'Tyron', 'Josef', 'Marcy', 'Fidel', 'Buddy', 'Donna', 'Jacob', 'Sonja', 'Bryan', 'Julia', 'Mario', 'Corey', 'Deann', 'Terri', 'Maura', 'Willy', 'Kevin', 'Twila', 'Brant', 'Olive', 'Jamar', 'Della', 'Ahmad', 'Moshe', 'Lydia', 'Sonny', 'Eddie', 'Janis', 'Leila', 'Randy', 'Bryce', 'Sadie', 'Britt', 'Benny', 'Fritz', 'Wendi', 'Renee', 'Staci', 'Brent', 'Grant', 'Linda', 'Tonia', 'Lyman', 'Felix']
['Nikki', 'Shane', 'Mandy', 'Roger', 'Terry', 'Sammy', 'Mamie', 'James', 'Lauri', 'Erika', 'Ollie', 'Laura', 'Ariel', 'Mable', 'Dwain', 'Odell', 'Sally', 'Randi', 'Darin', 'Leona', 'Annie', 'Homer', 'Jayne', 'Gayle', 'Greta', 'Dixie', 'Louis', 'Jared', 'Wendy', 'Myron', 'Tracy', 'Emery', 'Clyde', 'Danny', 'Maria', 'Casey', 'Elsie', 'Aaron', 'Daron', 'Margo', 'Lorna', 'Percy', 'Wilma', 'Audra', 'Jamel', 'Robyn', 'Pansy', 'Timmy', 'Kathy', 'Wally']
['Dante', 'Alvin', 'Malik', 'Hazel', 'Claud', 'Naomi', 'Josie', 'Cyrus', 'Wyatt', 'Patti', 'Chase', 'Marla', 'Merle', 'Micah', 'Chris', 'Karin', 'Ronny', 'Moses', 'Hyman', 'Monty', 'Becky', 'Nadia', 'Debra', 'Dusty', 'Leann', 'Ebony', 'Erick', 'Marty', 'Davis', 'Freda', 'Trent', 'Clark', 'Aline', 'Elias', 'Cindy', 'Sandy', 'Elvia', 'Verna', 'Ellen', 'Roman', 'Nancy', 'Edwin', 'Chong', 'Billy', 'Sheri', 'Ervin', 'Garry', 'Amado', 'Rhoda', 'Mitzi']
['Ilene']
['Arlen', 'Misty', 'Emily', 'Major', 'Kelly']
