['223']
['192', '240', '233', '219', '222', '224']
['93', '172', '239', '216', '183', '197']
['135', '180', '201', '23', '14', '12']
['105', '59', '113', '31']
['106', '33']
['107', '119', '220', '24']
['108', '63', '66', '52', '150', '29']
['193', '48']
['125']
['111']
['112', '156']
['191', '121', '136', '225', '1', '11']
['190', '65', '205', '210', '230', '177']
['115', '235', '186', '57', '189']
['116', '229', '64', '61', '248', '203']
['117', '8', '37', '130', '70', '56']
['110', '175', '17', '6', '36', '194']
['109', '62', '68', '207', '20', '129']
['102', '213', '28', '128', '140', '250']
['100', '126', '181', '228', '231', '246']
['78', '143', '249', '178', '176', '226']
['206', '114']
['81', '236', '164', '208', '245', '212']
['163', '138', '76', '39', '34', '32']
['84', '75', '160', '141', '122', '104']
['86', '25', '46', '51', '209', '53']
['101', '73', '185', '58', '43', '149']
['88', '26', '45', '243', '42', '16']
['90', '161', '155', '214', '211', '38']
['92', '238', '67', '170', '89', '71']
['196', '103', '120', '242', '241', '124']
['96', '44', '158', '50', '132', '133']
['97', '80', '144', '85', '10', '83']
['99', '49', '157', '21', '91']
['199', '247', '198', '179', '0', '55']
['118', '174', '204', '232', '7', '54']
['188', '40', '18', '13', '95', '98']
['187', '47', '221', '15', '123', '142']
['171']
['148']
['169', '159', '74', '69', '165', '195']
['151', '237', '202', '3', '94', '147']
['152', '200', '27', '217']
['153', '9', '60', '82', '19', '127']
['146', '173', '30', '22', '4', '5']
['154', '227', '234', '218', '79', '87']
['168', '162', '182', '131', '134', '77']
['167', '145', '35', '244', '72', '215']
['166', '184', '137', '139', '41', '2']
