['Evan', 'Iker', 'Leonardo', 'Jesus', 'Clayton', 'Eduardo', 'Jayce', 'Giovanni', 'Joseph', 'Logan']
['Jeremy', 'Emmanuel', 'Vincent', 'John', 'Bryce', 'Nash', 'Dylan', 'Beckham', 'Max', 'Joshua']
['Tristan', 'am', 'Sebastian', 'Erick', 'Paul', 'Beau', 'Tobias', 'Zayden', 'Maxwell', 'Kameron']
['Brady', 'Riley', 'Santiago', 'Aiden', 'Holden', 'Paxton', 'Zion', 'Rylan', 'Jonah', 'Cash']
['Jude', 'Ayden', 'Alejandro', 'Jameson', 'Benjamin', 'Ezra', 'August', 'Louis', 'Rowan', 'Cooper']
['Jasper', 'Remington', 'Thiago', 'Marcus', 'Michael', 'Henry', 'Bryson', 'Austin', 'Derek', 'Mark']
['Emerson', 'Legend', 'Daniel', 'Simon', 'Zander', 'Colin', 'Sean', 'Adrian', 'Dominic', 'Braxton']
['Patrick', 'Nathaniel', 'Emmett', 'Felix', 'Theodore', 'Jacob', 'Victor', 'Matias', 'Bryan', 'Griffin']
['Richard', 'Elliott', 'Wesley', 'Eli', 'Mason', 'Messiah', 'Cayden', 'Rafael', 'Thomas', 'Carson']
['Caleb', 'Karson', 'Jordan', 'Jonathan', 'Amari', 'Blake', 'Abraham', 'Colton', 'Jesse', 'Antonio']
['Alex', 'Chance', 'Axel', 'Ashton', 'Finn', 'Kaiden', 'Eric', 'Nolan', 'Aaron', 'Corbin']
['Angel', 'Luis', 'Julian', 'Jace', 'Matthew', 'Graham', 'Elias', 'Enzo', 'Adam', 'Archer']
['Camden', 'Matteo', 'Nicolas', 'Jaxson', 'Landon', 'Ivan', 'Grant', 'Oscar', 'Walter', 'Ezekiel']
['Kenneth', 'Nicholas', 'Kingston', 'Mateo', 'Lorenzo', 'Christopher', 'Hudson', 'Parker', 'Emiliano', 'George']
['Andrew', 'Andres', 'Damian', 'Zachary', 'Kaleb', 'Omar', 'Robert', 'Knox', 'Miles', 'Cody']
['Waylon', 'Abel', 'Bennett', 'Cameron', 'Reid', 'James', 'Asher', 'Elliot', 'Finley', 'Tanner']
['Tucker', 'Anthony', 'Diego', 'Roman', 'Lucas', 'Javier', 'Alexander', 'Ace', 'King', 'Elijah']
['Gael', 'Andre', 'Jayden', 'Milo', 'Alan', 'Xander', 'Amir', 'Xavier', 'Brody', 'Isaac']
['Dean', 'Gabriel', 'Miguel', 'Hunter', 'Joel', 'Jax', 'Kayden', 'Emilio', 'Kai', 'Sawyer']
['Jason', 'Connor', 'Everett', 'Kevin', 'Brantley', 'Wyatt', 'Kyle', 'Hayden', 'Oliver', 'Israel']
['Leo', 'Justin', 'Manuel', 'Arthur', 'Calvin', 'Silas', 'Chase', 'Maddox', 'Preston', 'Judah']
['Cole', 'River', 'Christian', 'Phoenix', 'Kyrie', 'Maximus', 'Beckett', 'Greyson', 'Brayden', 'Bentley']
['Nathan', 'Theo', 'Juan', 'Easton', 'Dawson', 'Steven', 'Jorge', 'Grayson', 'Luca', 'Isaiah']
['Zane', 'Kaden', 'Damien', 'Rhett', 'Noah', 'Tyler', 'Weston', 'Jack', 'Samuel', 'Josue']
['Luke', 'Gunner', 'Charlie', 'Aidan', 'Peter', 'Jackson', 'Brian', 'Leon', 'Lincoln', 'Myles']
['Adriel', 'Owen', 'Gavin', 'Ethan', 'Harrison', 'Jose', 'Carlos', 'Avery', 'Jeremiah', 'Bradley']
['Dallas', 'Micah', 'Karter', 'Barrett', 'Ryker', 'Colt', 'Malachi', 'Jaden', 'Carter', 'Francisco']
['Timothy', 'Lukas', 'Maverick', 'Brooks', 'Jaxon', 'Stephen', 'Martin', 'William', 'Edward', 'Declan']
['Josiah', 'Ryan', 'Jake', 'Brandon', 'Killian']
['Charles', 'Levi', 'Ian', 'Caden', 'Ryder', 'David']
