['84', '75', '361', '24', '240', '232', '27', '345', '390', '337', '96', '168']
['76', '8', '261', '329', '284', '349', '354', '153', '234', '132', '143', '147']
['164', '235', '116', '161', '397', '98', '69', '30', '21', '61', '256', '160']
['92', '151', '391', '314', '205', '246', '269', '266', '313']
['193', '271', '64', '247', '382', '0', '17']
['344', '365', '11', '230']
['243', '2', '259', '198']
['270', '384', '133']
['124', '173', '362', '301', '77', '258', '387', '398', '294', '291', '343']
['13', '225', '233', '16', '283', '115', '381', '163']
['239', '1', '97', '340', '207', '358', '374', '287', '131', '208', '100']
['93', '135', '68', '276', '18', '20', '152', '104', '318', '324']
['138', '123', '186', '300', '395', '295', '231', '72', '32', '42', '134']
['127', '352', '331', '346', '288', '31', '336', '201']
['242', '180', '46', '305', '360', '51', '101', '302', '5']
['369', '85', '52', '226', '278', '244', '299', '106', '129', '196']
['328', '175', '128', '264', '183', '156', '155', '172', '355', '260', '39', '37']
['212', '286', '376', '3', '222', '45', '293', '263', '121', '268', '137']
['38', '113', '379', '169', '71', '73', '189', '157', '252']
['353', '265', '251', '166', '348', '192', '210', '102', '378', '191', '109', '165']
['306', '400', '368', '53', '298', '209', '125', '385', '220']
['281', '44', '394', '380', '50', '190', '359', '277', '6', '303', '351', '112']
['307', '341', '91', '25', '54', '364', '89', '90', '250', '35', '280', '26']
['87', '338', '241', '181', '197', '308', '396', '389', '215', '120', '170', '373']
['228', '224', '217', '211', '81', '335', '204', '333', '29', '99']
['148', '199', '363', '187', '63', '238', '171']
['304', '236', '43', '10', '370', '119', '117', '105', '7', '388']
['136', '367', '253', '146', '103', '158', '399', '202', '320', '377', '257', '200']
['237', '40', '12', '176', '326', '88', '182', '57', '248', '34', '339']
['111', '114', '383', '356', '15', '350', '297', '79', '273', '14']
['310', '386', '221', '80', '262', '214', '371', '342', '392', '272', '177', '366']
['254', '206', '282', '219', '62', '107', '316', '296', '110', '393', '289', '255']
['184', '141', '357', '322', '140', '83', '22', '229', '159', '142', '194', '4']
['185', '290', '267', '28', '108', '332', '86', '126', '321']
['118', '60', '330', '195', '67', '59', '41', '162', '150', '94', '323', '66']
['312', '139', '48', '33', '36', '334', '167', '56', '78', '145', '375', '65']
['249', '216', '315', '218', '55', '213', '292', '311', '47', '319', '58', '275']
['9', '325', '178', '245', '149', '19', '372', '285', '122', '188', '179', '279']
['70', '203', '223', '154', '23', '227']
['174', '74', '327', '144', '274', '95', '347', '130', '82', '317', '309', '49']
