['Terriona']
['Selena', 'Aibhilin', 'Jahlen', 'Yavian', 'Ayahna', 'Dyami', 'Farha', 'Analiah', 'Tralyn', 'Fox']
['Jalilah', 'Avigail', 'Jaleesa', 'Meryl', 'Mikea', 'Kaeley', 'Coulson', 'Lynia', 'Taye', 'Trenise', 'Larrissa', 'Kinzie', 'Amr', 'Nohely', 'Andriy', 'Jaaziah', 'Hugo', 'Deliany', 'Lukis', 'Fe', 'Vinnie', 'Olive', 'Fidel', 'Zahriyah', 'Daxen', 'Lilienne', 'Cicily', 'Sanae']
['Khalee', 'Kenzington', 'Leighann', 'Quintavious', 'Matt', 'Handsome', 'Tafari']
['Zuzanna', 'Marwan', 'Jasiya']
['Marrius', 'Mailen', 'Sevren', 'Marcellius']
['Tajuan', 'Mykenna', 'Cyris', 'Chyna']
['Siena', 'Donnovan', 'Dominika', 'Renyah', 'Ron', 'Amor', 'Danyca', 'Zaahir']
['Tayseer', 'Marialy', 'Jesus', 'Aryeh', 'Sinia', 'Eliziah', 'Sheniyah', 'Ellarie', 'Tam']
['Crystina', 'Rey', 'Delisha']
['Sashya', 'Jaeline', 'Tashvi', 'Ricky', 'Keyin', 'Brenya', 'Evangelyne']
['Ryleeann', 'Emmely', 'Quintasia', 'Reynaldo', 'Tobechi']
['Kaymi']
['Jdan', 'Noha', 'Devaun', 'Salif', 'Zamyah', 'Adaley', 'Ahnaya', 'Ganon', 'Kay', 'Kalum', 'Malaja', 'Venezia', 'Cisco', 'Amritha', 'Raeleigh', 'Demetreus', 'Jatziry', 'Gertrude', 'Spartan', 'Niemah', 'Kirrah', 'Marik', 'Shy', 'Adysen', 'Bailynn', 'Zykerria', 'Kaira', 'Lada', 'Loni', 'Mylez']
['Shanaiya', 'Timia', 'Coi', 'Leib', 'Caliegh', 'Hakop', 'Tobias', 'Shalonda', 'Zackrey', 'Hannelore', 'Lazaria', 'Lamariah', 'Jalyiah', 'Samauri', 'Trinitey', 'Merary', 'Tacori', 'Oluwatobi', 'Atika', 'Abhinav', 'Mylie', 'Rohil', 'Jirah', 'Sharlene', 'Natasia', 'Jemiah', 'Mikelle', 'Asa']
['Shamyia']
['Noami', 'Aman', 'Sihaam', 'Jandre', 'Apollonia', 'Jersi', 'Bailei', 'Kaeleen', 'Doyle']
['Chanze', 'Donnelle']
['Vivica']
['Kenzo', 'Zayquan', 'Colie', 'Shamaiya', 'Rayne', 'Bright']
['Gauge', 'Rielly', 'Endi', 'Dhalia', 'Yu', 'Isaak', 'Jomary', 'Elisah', 'Milene', 'Lakiyah', 'Kenzlie']
['Jaleena', 'Aayana']
['Avielle', 'Srinath', 'Camill', 'Coraline', 'Braeley', 'Quentyn', 'Elway', 'Osmin', 'Mezmariah', 'Khamil', 'Casondra', 'Azeriah', 'Jaquan', 'Yajahira', 'Veena', 'Ilyn', 'Dajana', 'Monserath', 'Deriyon', 'Leilah', 'Anouk', 'Keion', 'Jos', 'Jax', 'Ishmel']
['Mariaelena', 'Adanna', 'Kvaughn', 'Shardae', 'Ingrid', 'Evia', 'Basha', 'Carena', 'Zinia', 'Nakeya', 'Hesham', 'Montana']
['Liann', 'Janine', 'Dereck', 'Lauralynn', 'Kariana', 'Mikyla', 'Jeremias', 'Giannie', 'Jerriah', 'Deidre', 'Dhyan', 'Jovey', 'Aylana', 'Alayasia', 'Mykaylah', 'Khila', 'Jakelin', 'Jophy', 'Emmanuela', 'Michaell', 'Aleiyah', 'Eeliyah', 'Jema']
['Abdoulaziz']
['Shiala', 'Kyo', 'Derionna', 'Serra', 'Orren', 'Katarina', 'Alaija']
['Katalina', 'Blaine', 'Deedra', 'Dell', 'Shanell', 'Harlem', 'Jebediah', 'Jamear', 'Anela', 'Halo', 'Sabastion', 'Brinleigh', 'Thadius', 'Denize', 'Jarrell', 'Nayara']
['Dashun', 'Johnavan', 'Delara', 'Shamiyah', 'Armita', 'Gwendolynn', 'Liat', 'Casandra', 'Estephanie', 'Jameisha', 'Marnae']
['Brydan', 'Alieyah', 'Jekeria', 'Jazir', 'Daxx', 'Shelbee', 'Kyston', 'Aarohi', 'Soniah', 'Shakila']
['Jezzelle', 'Mckaylin', 'Abdulraheem', 'Vanesa', 'Dragon', 'Detravion', 'Taegan', 'Feven', 'Nakari', 'Haya', 'Natsumi', 'Keemya', 'Thaddius', 'Chidi', 'Kenniyah', 'Ramses', 'Treyson', 'Helaman', 'Citlally', 'Jamonte', 'Kensleigh', 'Nancy', 'Gracia', 'Kairy', 'Keni']
['Tayyab', 'Kaymarie', 'Anastacio', 'Jerel', 'Alyze', 'Oviya']
['Jailon', 'Nidhi']
['Lailani']
['Desteni', 'Artie']
['Raymir', 'Sameeha', 'Larry', 'Ancel', 'Gyzelle', 'Kitty', 'Byron', 'Ameerah', 'Vedika', 'Ori', 'Zolin', 'Carsten', 'Khloee', 'Mircale', 'Marifer', 'Tyannah', 'Gor', 'Griffon', 'Iris', 'Stefanny']
['Anadalay', 'Aizik', 'Gunther', 'Ally', 'Tahir', 'Dainen', 'Makyra', 'Takia', 'Marck', 'Dea', 'Abaan', 'Laticia', 'Dorcas', 'Jamaine', 'Adriene', 'Ailene', 'Rosalio', 'Markise']
['Guadalupe', 'Farah', 'Mumin', 'Vyncent', 'Nitzia', 'Jaimarie', 'Juliano', 'Sussy', 'Kirubel', 'Lealand', 'Miley', 'Seiry', 'Lilyonna', 'Akasha', 'Kemily', 'Merlina', 'Stafford', 'Azavier', 'Charlett', 'Thien', 'Sincere', 'Sayd', 'Aley', 'Keili', 'Adeleine', 'Antrone', 'Dusan']
['Nethra']
['Joed', 'Xaviel', 'Jahred', 'Jarem', 'Lizmari', 'Jaquis', 'Rock', 'Maude', 'Keyvin', 'Eleah', 'Serenety', 'Julia', 'Nakaya', 'Jaydah', 'Soriya', 'Bristol', 'Fabrizzio', 'Jacob']
['Zoiee', 'Asha', 'Sevastian', 'Shahid', 'Satomi', 'Saheim', 'Michai', 'Ettel', 'Jasahn', 'Alainna', 'Dessie', 'Salmaan', 'Carine', 'Dairon', 'Cliff', 'Seleen', 'Yonason', 'Kellon', 'Hayven', 'Jamaad']
['Adaisha', 'Sydelle', 'Arsalan', 'Trystian', 'Yarisbel', 'Masud']
['Leni', 'Tralaya', 'Kamora', 'Alyiana', 'Guy', 'Jayme', 'Kaleo', 'Antonin', 'Cordai']
['Merissa', 'Anagha', 'Emree', 'Hallei', 'Kimball', 'Suri', 'Kayliann', 'Litsy', 'Prakruti', 'Navia']
['Cynae', 'Janesha', 'Marcellino', 'Benito', 'Eddieberto', 'Kapena', 'Yarithza', 'Aysenur', 'Elysha', 'Mylani', 'Zyeir', 'Taigen', 'Ebany', 'Britnee', 'Artyom', 'Raphael', 'Nishta', 'Jamiyla', 'Cylah', 'Jesalyn', 'Tanyla', 'Kameryn', 'Bow', 'Hashem']
['Giankarlo', 'Kaushik', 'Antwane', 'Anwesha', 'Aanyah', 'Shannel', 'Emilie', 'Abriyana', 'Jabes', 'Nalaya', 'Azzareya', 'Kobe', 'Jeru']
['Inaki', 'Yaire', 'Sagan', 'Margie', 'Charlize', 'Abdulrehman', 'Treyonna', 'Davidjr', 'Alison', 'Rexford', 'Tasi', 'Mikaelah', 'Amonti']
