['100', '338', '383', '91', '18', '32', '265', '46', '242', '406', '123', '484', '37', '188', '363', '180', '92', '315', '435', '277', '90', '264', '480', '108', '400', '55', '121', '290', '138', '30', '328', '425', '248', '451', '395', '27', '70', '204', '366', '189', '341', '129', '375', '111', '199', '194', '300', '210', '430', '147', '411', '41', '464', '412', '20', '226', '65', '81', '217', '392', '259', '268', '323', '251', '378', '446', '179', '77', '97', '8', '303', '421', '178', '483', '21', '460', '207', '319', '9', '468', '87', '133', '269', '311', '12', '249', '51', '101', '380', '166', '373', '356', '175', '340', '214', '131', '96']
['171']
['211']
['234']
['6']
['332']
['220']
['309']
['359']
['458']
['284']
['198']
['218']
['5']
['245']
['244']
['478']
['43']
['80']
['74']
['106']
['64']
['302']
['499']
['185']
['438']
['424']
['273']
['215']
['192']
['238']
['23']
['407']
['275']
['314']
['52']
['342']
['299']
['369']
['213']
['247']
['436']
['122']
['93']
['384']
['255']
['441']
['331']
['368']
['183']
['60']
['353', '98', '132']
['254']
['278']
['445']
['40']
['146']
['396']
['372']
['493']
['25']
['292']
['403']
['16']
['145']
['168']
['351']
['488']
['47']
['304']
['243']
['417']
['263']
['496']
['28']
['447']
['14']
['371']
['54']
['61']
['11']
['56']
['393']
['286']
['224']
['410']
['256']
['196']
['49']
['125']
['48']
['280']
['258']
['134']
['57']
['169']
['427']
['497']
['365']
['439']
['99']
['137']
['401']
['310']
['416']
['112']
['205']
['350']
['202']
['360']
['73']
['376']
['307']
['15']
['345']
['156']
['454']
['127']
['240']
['176']
['29']
['434']
['414']
['116']
['312']
['36']
['318']
['35']
['389']
['165']
['252']
['418']
['230']
['1']
['86']
['149', '50', '449', '288', '327', '253']
['374']
['88']
['212']
['491']
['140']
['216']
['209']
['402']
['362']
['471']
['170']
['357', '239', '228']
['82']
['276']
['313']
['142']
['109']
['394']
['59']
['3']
['227', '262']
['285']
['293']
['347', '150', '237', '83', '459', '2', '221', '162', '75', '177', '187', '382', '381', '495', '231', '38', '223', '107', '4', '181', '128', '296', '409', '404', '266', '66', '316', '456', '405', '267', '348', '388', '124', '69', '390', '236', '433', '346', '413', '19', '457', '344']
['113']
['486']
['144']
['419']
['31']
['386', '355', '337', '448', '26', '271', '39', '44', '152', '398', '440', '453', '79', '476', '53', '78', '287', '126', '481', '94', '295', '119', '136', '120', '197', '431', '306', '465', '334', '308']
['349']
['159']
['379']
['164']
['461']
['428']
['63']
['203']
['174']
['139']
['423']
['208', '225', '463', '163', '330', '325', '317', '45', '102', '33', '387', '462', '473', '191', '467', '206', '294', '270', '114', '158', '494', '135', '479']
['326']
['68']
['472']
['408']
['364']
['272']
['62']
['385']
['67']
['420']
['76']
['17']
['432']
['34']
['370']
['333']
['397']
['58']
['153']
['489']
['339']
['336']
['429']
['24']
['352']
['89']
['0']
['354']
['154']
['415', '492', '329']
['250', '42', '232', '305', '95', '281', '482', '13', '274', '321', '143', '485', '452', '195', '151', '71', '279', '358', '182', '283']
['115']
['437']
['201', '160', '443', '343', '141', '118', '110', '322', '186', '320', '470', '161', '291', '172', '474', '298', '235', '399', '324', '367', '103', '173', '190', '257', '157', '361', '426', '155', '469', '233', '477', '422', '442', '184', '72', '282', '466', '487', '117', '246', '289', '22', '455', '105']
['104', '193', '498', '335', '260', '301', '241', '229', '10', '130', '377', '222', '84', '200', '297', '85', '219', '261', '148', '7', '391', '490', '450', '444', '167', '475']
