['411', '427', '412', '65', '129', '223', '52', '256', '76', '222', '335', '217', '200', '294', '73', '446', '457', '344', '92', '440', '83', '25', '100', '353', '348', '345', '293', '211', '213', '94']
['6', '112', '5', '7', '321', '287', '119', '30', '330', '295', '118', '18', '110', '31', '121', '328', '116', '26', '93', '257', '142', '32', '174', '115', '210', '64', '334', '37', '324', '281']
['473', '490', '474', '138', '75', '137', '70', '77']
['475', '481', '44', '242', '49', '494', '46', '332', '329', '323', '492']
['8', '288', '60', '299', '298', '54', '243', '291', '297', '333', '261', '246', '326', '251', '260', '55', '284', '285']
['10', '306', '463', '350', '238', '303', '301', '12', '441', '397', '224', '444', '53', '13', '400', '396', '237', '354', '445', '358', '349', '360', '205', '34', '347', '226', '304', '302', '357', '460']
['382', '385', '368', '67', '69', '203', '233', '194']
['469', '484', '193', '276', '486', '467', '278', '273', '268', '476', '196', '58', '204', '266', '274', '267']
['378', '125', '362', '134', '374', '130', '128', '133', '139', '135', '126']
['478', '47', '41', '15', '489', '48', '219', '289', '472', '215', '310', '319']
['21', '292', '151', '249', '24', '283', '141', '152', '316', '181', '147', '143', '320', '231', '311', '111', '239', '443', '355', '241', '82', '236', '184', '188', '286', '180', '19', '342', '439', '187']
['468', '471', '270', '477', '466', '264', '269', '277']
['381', '375', '366', '120', '114']
['415', '160', '163', '171', '426', '165', '170', '421', '167']
['487', '479', '480', '482', '106', '123', '195', '207', '191', '146', '212', '232', '229', '131', '201', '95', '208', '198', '202', '190', '104', '63', '61', '59', '62', '206']
['11', '315', '388', '28', '406', '282', '465', '234', '312', '305', '408', '392', '308', '279', '36', '448', '29', '197', '318', '464', '35', '140', '313', '38', '447', '145', '309', '450', '317', '179']
['9', '14', '122', '258', '452', '56', '199', '438', '102', '117', '252', '259', '97', '192', '108', '459', '458', '442']
['377', '376', '373', '78', '105']
['372', '380', '379', '370', '364', '367', '361', '363', '272', '365', '340', '383', '325', '136', '338']
['398', '391', '401', '177', '159', '244', '394', '250', '410', '407', '161', '155', '404', '178', '402', '162', '255', '158', '409', '33', '339', '154', '168', '169', '156', '456', '322', '182', '173', '403']
['488', '495', '227', '235', '300', '331', '43', '42', '166', '164', '157', '45', '290', '172', '51']
['434', '417', '432', '429', '96', '99', '98', '101', '275', '109', '107', '280']
['389', '386', '399', '209', '405', '393', '221', '454', '453', '84', '87', '395', '346', '307', '451', '359', '247', '220', '390', '216', '214', '189', '218', '153']
['424', '430', '422', '327', '263', '103', '413', '418', '262']
['433', '436', '416', '437', '435', '431', '150', '149', '22', '23', '4', '3', '2', '1', '0']
['414', '423', '425', '420', '66', '39', '419', '186', '71', '428', '40', '240', '343', '176', '185', '175', '144', '88', '148', '16', '50', '225', '68', '20', '74', '387', '296', '230', '449', '455']
['470', '491', '493', '483', '228', '132', '356', '351', '57', '86', '127', '253', '265', '27', '461', '341', '485', '80', '85', '271', '254', '245', '462', '248', '91', '352', '314', '183', '79', '72']
['369', '371', '384']
['17', '336', '113', '124', '81', '89', '90', '337']
