['AAA', 'AOO', 'AON', 'AOM', 'AOK', 'AOJ', 'AOI', 'AOH', 'AOG', 'AOF', 'AOD', 'AOA', 'ANV', 'AMK', 'ALC', 'ALB', 'AKW', 'AKU']
['ANQ', 'ANH', 'ALA', 'AMJ', 'AHI', 'AGO', 'ADF']
['ANP']
['ANO']
['ANN']
['ANM']
['ANL']
['ANK']
['ANJ']
['ANI']
['ANG']
['ANF']
['ANE']
['AND']
['ANC', 'AJQ', 'AJK', 'AFR', 'AGV', 'AGK', 'AGL', 'AGT', 'AGN', 'ATY', 'AGP', 'AGR', 'AGS']
['ANB', 'AQY', 'AEG', 'AEC', 'AEB', 'ADT', 'ACI', 'ACH', 'ACE', 'ACB', 'ABM', 'AIG', 'AHU', 'AHL', 'AGB', 'AFI', 'AFH', 'AHC']
['ANA', 'ATD', 'ADL', 'AEO', 'ACK', 'AAY', 'AAX', 'AAO', 'AAB', 'ABF', 'AIL', 'AIC', 'AIB', 'AHR', 'AJU', 'AIW', 'AFG', 'AHG']
['AMY', 'ASQ', 'ARX', 'ATQ', 'ATO', 'ARL', 'ARK', 'AQW', 'AQS', 'ADO', 'ADI', 'ADE', 'ADC', 'ACY', 'ADW', 'ABY', 'AFA', 'AHK']
['AMX', 'AMM', 'AKF', 'AME', 'ALY', 'ALR', 'ALH', 'ASK', 'ASH', 'ASC', 'ATL', 'ATH', 'ARM', 'APE', 'ARB', 'AHM', 'AFM', 'AGJ']
['AMW', 'AOL', 'AOE', 'AOC', 'ANY', 'ANX', 'ANW', 'ANT', 'AOX', 'AKY', 'AKV', 'AKN', 'AKJ', 'AKG', 'ALD', 'ALU', 'ALT', 'ALL']
['AMV', 'ALO', 'ASL', 'ASD', 'ARR', 'ARP', 'ATJ', 'ATF', 'ARN', 'APY', 'APR', 'APP', 'APO', 'APN', 'APD', 'AQP', 'AQK', 'AQV']
['AMU', 'AKP', 'AML', 'ALG', 'AMG', 'AMB', 'AMA', 'ALX', 'ALV', 'ALQ', 'ALK', 'APA', 'ASM', 'ASJ', 'ASG', 'ASF', 'ART', 'ARQ']
['AMT', 'AKT', 'AKO', 'AKM', 'AKL', 'AKI', 'AKE', 'AKB', 'AKA', 'ALE', 'AMI', 'AMH', 'AMF', 'ALS', 'ALI', 'APB', 'ARW', 'ATR']
['AMS', 'ALN', 'ALJ', 'ALF', 'ASN', 'ASB', 'ARY', 'ARS', 'ASR', 'ASS', 'ATV', 'ATP', 'ATI', 'ATC', 'ASX', 'APU', 'APT', 'AQF']
['AMR', 'ASI', 'ATK', 'ASW', 'AQD', 'APM', 'APG', 'APF', 'AQE', 'ARC', 'ARA', 'AQX', 'AQU', 'AQO', 'AJV', 'ADR', 'AEW', 'AEP']
['AMQ', 'AQR', 'AJX', 'ADG', 'AEV', 'AES', 'AAW', 'AAN', 'AJJ', 'AIX', 'AIV', 'AGI', 'AHH', 'AHF', 'AGX', 'AGW', 'AGU', 'AGM']
['AMP', 'ACS', 'AAR', 'AAG', 'AIJ', 'AID', 'AJD', 'AIU', 'AIR', 'AFV', 'AFF', 'AFP', 'AHE', 'AHD', 'AHB', 'AHA', 'AGY', 'AGH']
['AMO', 'AEQ', 'ACF', 'ABS', 'AII', 'AJO', 'AJM', 'AJH', 'AJB', 'AFQ', 'AFO', 'AFL', 'AFK', 'AFJ', 'AFE', 'AFD', 'AFC', 'AGG']
['ANR', 'AEI', 'ABT', 'ABU', 'AIM', 'AJT', 'AJI', 'AJF', 'AHJ', 'AGD', 'AFY', 'AFX', 'AFW', 'AFU', 'AFT', 'AFS', 'AGF', 'AFN']
['AMN', 'AAI', 'AAE', 'ABH', 'AHX', 'AHV', 'AHS', 'AHO', 'AHN', 'AJL', 'AJE', 'AJC', 'AJA', 'AIY', 'AIT', 'AGE', 'AGC', 'AGA']
['ANS', 'ADY', 'ACM', 'AAM', 'AAC', 'ACJ', 'AEX', 'ABJ', 'AIN', 'AIF', 'AIE', 'AIA', 'AHQ', 'AHP', 'AIS', 'AJS', 'AJP', 'AJG']
['ANU', 'ADU', 'AAP', 'ACG', 'ACA', 'ABN', 'ABK', 'AJW', 'AEY', 'AIO', 'AIH', 'AHY', 'AHW', 'AHT', 'AIP', 'AIQ', 'AJR', 'AJN']
['AOW', 'APQ', 'ABA', 'AAQ', 'AAF', 'ABD', 'ABE', 'ABG', 'ACC', 'ABX', 'ABW', 'ABQ', 'ABP', 'ABO', 'ABL', 'ABI', 'AFB', 'AIK']
['AOV', 'ACW', 'AEM', 'AEE', 'AED', 'ADV', 'ABC', 'AAU', 'AAT', 'AAS', 'AAL', 'AAK', 'AAJ', 'AAH', 'AAD', 'ACD', 'ABV', 'ABR']
['AOU', 'ASY', 'AQA', 'APL', 'ARJ', 'ARE', 'ADM', 'ACV', 'ACQ', 'AER', 'AEK', 'AEJ', 'AEH', 'AEA', 'ADX', 'ACL', 'ABB', 'AAV']
['AOT', 'ATM', 'ATG', 'AQC', 'APV', 'APH', 'AQN', 'ADJ', 'ADD', 'ADA', 'ACR', 'ACP', 'ACO', 'ACN', 'AET', 'AEN', 'AEL', 'AEF']
['AOS', 'ALP', 'ASU', 'ATW', 'ATS', 'AST', 'APX', 'ARI', 'ARH', 'ARG', 'ARD', 'ATX', 'AQT', 'AQM', 'AQL', 'ADQ', 'ADH', 'ACX']
['AOR', 'AKS', 'ALW', 'ALM', 'AOY', 'ARU', 'ATU', 'ATT', 'ATN', 'ATE', 'ATB', 'ASV', 'AQB', 'APS', 'API', 'AQG', 'AQH', 'AQI']
['AOQ', 'ARV', 'ARO', 'APW', 'APJ', 'APC', 'ARF', 'AQQ', 'AQJ', 'AJY', 'ADP', 'ADN', 'ADK', 'ADB', 'ACU', 'ACT', 'ADS', 'AEU']
['AOP', 'AOB', 'AKX', 'AKR', 'AKQ', 'AKK', 'AKH', 'AKD', 'AKC', 'AMD', 'AMC', 'ASP', 'ASO', 'ASE', 'ASA', 'ATA', 'APK', 'AGQ']
