['475', '471', '474', '150', '106', '80', '110', '94', '147', '99', '111', '85', '113', '127', '136', '120', '119', '139', '100', '129', '88', '97', '130', '115']
['461', '284', '303', '316', '281', '277', '296', '298', '309', '315', '325', '301', '310', '290', '318', '278', '322', '299', '300', '314', '319', '294', '307', '320', '295', '286', '308', '280', '293', '279']
['492', '495', '479', '89', '121', '128', '117', '107', '90', '83', '95', '146', '103', '76', '109', '96', '135', '78', '118', '91', '143', '116', '104', '92', '144', '93', '86', '137', '105', '98']
['430', '442', '443', '439', '446', '437', '429', '428']
['449', '441', '440', '285', '68', '168', '165', '20', '202']
['485', '410', '59', '403', '22', '33', '35', '30', '55', '6', '63', '50', '71', '24', '10', '62', '66', '28', '2', '72', '4', '54', '45', '48', '42', '65', '25', '11', '51', '17']
['476', '235', '406', '227', '232', '238', '270', '265', '234', '257', '231', '264', '263', '258', '243', '245', '255', '275', '250', '271', '259', '251']
['434', '447', '36', '57', '43', '29', '38', '26', '53', '60', '52', '39', '73', '15', '61', '19', '74', '9', '18', '32', '16', '13', '8', '31', '27', '58', '7', '44', '40', '75']
['494', '498', '480', '497', '483']
['481', '416', '195', '206', '162', '192', '189', '160', '216', '177', '176', '175', '197', '178', '190', '203', '156', '200', '182', '166', '222', '219', '217', '220', '212', '183', '185', '218', '157', '213']
['466', '425', '379', '391', '417', '397', '405', '411', '378', '420', '399']
['467', '451', '460', '452', '207', '198', '201', '152']
['493', '478', '228', '288', '276', '306', '304', '324', '291', '323', '311', '305', '287', '312', '282', '289', '321', '317', '292', '283', '313', '297', '302']
['459', '462', '465', '453']
['486', '488', '482', '380', '384', '413', '388', '394', '418', '414', '396', '387', '392']
['490', '484', '499', '134', '141', '132', '124', '126', '145', '114', '149', '123', '79', '142', '81', '77', '112', '133', '125', '122', '101', '131', '138', '140', '82', '84', '102', '148', '108', '87']
['431', '237', '341', '254', '241', '244', '260', '252', '230', '229', '273', '268', '233', '261', '253', '267', '236', '249', '247', '256', '240', '274', '246', '242', '269', '248', '266', '239', '272', '262']
['491', '336', '354', '14', '375', '361', '331', '328', '326', '342', '358', '209']
['487', '398', '424', '408', '402', '390', '412', '393', '386', '401', '382', '407', '419', '409', '381', '389', '376', '377', '385', '400', '415', '422', '421', '395', '383', '404']
['463', '351', '374', '329', '367', '352', '333', '371', '356', '338', '327', '335', '366', '349', '343']
['458', '457', '423', '226', '211', '194', '210', '223', '164', '171', '193', '154', '196', '174', '158', '205', '225', '169', '204', '199', '173', '214', '153', '181', '188', '180', '159', '187', '224', '172']
['468', '464', '473', '470', '454', '456', '469', '455', '472']
['496', '477', '215', '151', '184', '208', '49', '64', '56', '69', '21', '70', '34', '41', '5', '37', '46', '170', '12', '23', '1', '47', '161', '67', '155', '221', '3', '191', '186', '179']
['445', '427', '433', '426', '436', '450', '444', '432', '435', '448', '438']
['500', '489', '163', '362', '344', '347', '340', '359', '348', '373', '368', '369', '339', '346', '345', '334', '350', '332', '355', '167', '364', '370', '353', '372', '363', '330', '357', '365', '337', '360']
