['Kim', 'Imogene', 'Carmelita', 'Wayne']
['Brian', 'Freda', 'Richard', 'Janene']
['Wesley', 'Priscilla', 'Marie', 'Ana']
['Bethany', 'Stephany', 'Caridad', 'Jennifer']
['Donna', 'Carmen', 'David', 'Ouida']
['Victor', 'Nelson', 'Tuan', 'Roosevelt']
['Samuel', 'Matthew', 'Sally', 'Shannon']
['Eugene', 'Marian', 'Theodore', 'James']
['Dawna', 'Ronald', 'Cory', 'Bessie']
['Phillip', 'Fredda', 'Rosalyn', 'Steve']
['Timothy', 'Pablo', 'Tim', 'Ida']
['Nancy', 'Erik', 'Raymond', 'Derrick']
['Lena', 'Raphael', 'Carole', 'William']
['Sarita', 'Christina', 'Reinaldo', 'Miguel']
['Leigh', 'Ronda', 'Guy', 'Rebecca']
['Cathy', 'Beulah', 'Alexander', 'Tanya']
['Stanley', 'Mike', 'Marlene', 'Daniel']
['Kerri', 'Kristin', 'Wilson', 'Mario']
['Cassie', 'Clyde', 'Charles', 'Leanne']
['Toni', 'Winifred', 'Michele', 'Angelica']
['Gordon', 'Keri', 'Lessie', 'Mae']
['Roberto', 'Gladys', 'Ursula', 'Elia']
['Cecile', 'Irving', 'Amy', 'Carl']
['Douglas', 'Alfred', 'Marco', 'Seth']
['Jeff', 'Christopher', 'Linda', 'Derek']
['Joanne', 'Randolph', 'Frederick', 'Kathryn']
['Barbara', 'Krysten', 'Ruth', 'Diana']
['Tamika', 'Booker', 'Juan', 'Morris']
['Marilyn', 'Pauline', 'Michael', 'Kylie']
['Walter', 'Wallace', 'Lloyd', 'Leticia']
['Herbert', 'Bonnie', 'Moses', 'Rolf']
['Lonnie', 'Brenda', 'Ray', 'Karen']
['Lucille', 'Alvin', 'Tommy', 'Thelma']
['Eric', 'Norma', 'Sam', 'Justin']
['Eva', 'Brandon', 'Raeann', 'Molly']
['Josephine', 'Myriam', 'Lilian', 'Judy']
['Jesse', 'Teresa', 'Martha', 'Bobby']
['Eura', 'Lewis', 'Cecilia', 'Katherine']
['Lane', 'Connie', 'Matt', 'Stacie']
['Stephanie', 'Ruby', 'Sharon', 'Corey']
['Andrew', 'Martin', 'Laura', 'Antonio']
['Cindy', 'Garrett', 'Donald', 'George']
['Dana', 'Kenneth', 'Mack', 'Willis']
['Louis', 'Lori', 'Miles', 'Kevin']
['Sofia', 'Nola', 'Tony', 'Jo']
['Irene', 'Willie', 'Peter', 'Jeffrey']
['Andre', 'Jimmy', 'Paula', 'Olivia']
['Larry', 'Troy', 'Marquerite', 'Peggy']
['Travis', 'Beverly', 'Morgan', 'John']
['Edwin', 'Hugh', 'Gwen', 'Sylvia']
['Arturo', 'Nina', 'Gertrude', 'Bertha']
['Mable', 'Christian', 'Margert', 'Mabel']
['Frank', 'Gregory', 'Kathleen', 'Jane']
['Rosalee', 'Blair', 'Michelle', 'Eleanor']
['Roy', 'Glennie', 'Rick', 'Lawrence']
['Joni', 'Dorothy', 'Rosie', 'Francisco']
['Pamella', 'Jayme', 'Chris', 'Kellie']
['Wendy', 'Alison', 'Lisha', 'Viola']
['Alex', 'Ellen', 'Robin', 'Jessica']
['Glen', 'Jacque', 'Cornelius', 'Kerrie']
['Edward', 'Evelyn', 'Ralph', 'Vella']
['Lyle', 'Lahoma', 'Robert', 'April']
['Lydia', 'Mark', 'Patricia', 'Ryan']
['Crystal', 'Ricky', 'Helen', 'Lucie']
['Jonathan', 'Mireya', 'Marjorie', 'Lulu']
['Leona', 'Anna', 'Laurence', 'Gerardo']
['Alicia', 'Clayton', 'Kaitlyn', 'Kirk']
['Karren', 'Sylvester', 'Susanna', 'Jean']
['Esther', 'Don', 'Tracy', 'Adam']
['Margarito', 'Reggie', 'Selma', 'Elsie']
['Andrea', 'Loraine', 'Mary', 'Philip']
['Polly', 'Danny', 'Georgette', 'Harold']
['Craig', 'Theresa', 'Fernando', 'Myron']
['Melanie', 'Lana', 'Nicole', 'Rhonda']
['Marion', 'Carlos', 'Geraldine', 'Bradley']
['Jeanine', 'Beth', 'Ivonne', 'Roberta']
['Selina', 'Rachel', 'Annette', 'Heather']
['Jacob', 'Pete', 'Ashley', 'Maureen']
['Mildred', 'Patrick', 'Maryann', 'Lynne']
['Tara', 'Kisha', 'Stephen', 'Raul', 'Suzie']
['Emmie', 'Scot', 'Quintin', 'Fred']
['Cheryl', 'Terry', 'Jesus', 'Clarence']
['Rosa', 'Deanna', 'Ernestine', 'Lorraine']
['Maria', 'Ward', 'Gail', 'Joseph']
['Marcelino', 'Eugenia', 'Constance', 'Dale']
['Judith', 'Clarissa', 'Winnifred', 'Bruce']
['Jorge', 'Laurie', 'Sherri', 'Deborah']
['Christine', 'Wilma', 'Wanda', 'Del']
['Kimberly', 'Dorothea', 'Charlotte', 'Joann']
['Fredrick', 'Jason', 'Debra', 'Latisha']
['Ollie', 'Ann', 'Andres', 'Warren']
['Adele', 'Roger', 'Everett', 'Bernard']
['Lillian', 'Jodi', 'Ernest', 'Alice']
['Grant', 'Darrell', 'Rafael', 'Gloria']
['Anthony', 'Betty', 'Glenna', 'Reuben']
['Monica', 'Gerald', 'Marlin', 'Dean']
['Melissa', 'Inez', 'Virginia', 'Shirley']
['Marcella', 'Therese', 'Audrey', 'Harvey']
['Cassandra', 'Pamela', 'Amos', 'Joshua']
['Emery', 'Margaret', 'Susan', 'Burl']
['Will', 'Steven', 'Jeffery', 'Gilda']
['Belinda', 'Thomas', 'Sheryl', 'Domingo']
['Elizabeth', 'Danielle', 'Kristine', 'Albert']
['Doris', 'Dawn', 'Jeremy', 'Joe']
['Juanita', 'Veronica', 'Reginald', 'Gary']
['Carol', 'Berta', 'Ellis', 'Dennis']
['Natalie', 'Norman', 'Robyn', 'Ingeborg']
['Phyllis', 'Hedwig', 'Annalee', 'Kelly', 'Pat']
['Lucy', 'Angela', 'Emily', 'Darlene']
['Curtis', 'Jose', 'Paul', 'Calvin']
['Stacy', 'Catherine', 'Janet', 'Cesar']
