['252', '376', '247', '347', '2', '12', '267', '233', '19', '112', '315', '304', '381', '83', '317', '338', '0', '370', '369', '339']
['273', '57', '134', '248', '200', '44', '320', '82', '35', '153']
['32', '331', '196', '14', '169', '373', '132', '232', '341']
['27']
['45', '37']
['312']
['79', '348', '122', '16', '107', '371', '60']
['293']
['52']
['140']
['118']
['160', '305', '96']
['80']
['104', '336']
['306']
['71']
['284']
['297']
['394']
['238', '385', '88']
['240', '257', '8', '18', '296', '189', '141', '102', '355', '207', '190', '268', '193']
['87']
['380', '328', '353', '105', '171', '334', '275']
['254', '40', '26', '333', '251', '230', '133', '277', '11', '145', '288', '222', '172', '318']
['124', '393', '181', '111', '287', '114', '69', '25', '174', '98', '58', '262']
['372', '377', '161', '101', '99']
['121', '388', '255']
['265', '223', '41', '176', '137', '361', '399']
['374', '94', '302', '182']
['62', '56', '50']
['85']
['154', '389']
['396']
['258']
['344']
['163']
['165', '379', '51', '212']
['269']
['92']
['215']
['97']
['398', '119', '301', '65', '314', '346', '1', '186', '38']
['303', '175', '329']
['23']
['192', '225', '366']
['166']
['282']
['29', '103', '72', '278', '390', '204', '208', '243', '17', '332', '250', '21', '195', '335', '126', '3', '142']
['364', '363', '54', '34', '239', '274', '116', '180', '67', '226', '185', '198', '42', '10']
['108', '219', '6', '205', '263', '259', '127', '307', '367', '47', '290', '117', '90', '46', '39', '392', '24', '300', '276', '249']
['109']
['286', '213']
['55', '120', '15', '387', '256']
['170']
['81', '362', '68']
['115']
['110']
['298']
['138']
['245']
['242', '178', '218']
['241', '221', '375', '285', '130', '356', '188', '31', '9', '76']
['237', '229', '199']
['235']
['227', '135', '86', '157', '214']
['224', '146', '167']
['359', '187']
['210']
['279', '147', '316', '64', '352', '311', '310', '100', '5', '75', '231', '228', '22', '7', '319']
['345', '321', '299']
['179', '20', '136', '292']
['177', '156', '209', '13', '220', '125']
['365', '323', '59', '84']
['162', '378']
['291', '340', '358', '194', '368']
['150', '264', '78', '95', '28']
['148', '151']
['139', '191', '123', '391', '325']
['295']
['164', '236']
['351', '144', '313', '158']
['326', '330', '106']
['386', '183']
['48']
['53']
['61', '152', '354', '155', '283', '308']
['66', '143', '246', '217']
['70']
['30', '131']
['43', '49', '357']
['337', '261', '350']
['74', '77', '281', '260']
['184', '36', '343', '397', '234']
['201', '349', '244', '33', '89']
['270', '216', '173']
['128']
['384', '289', '63']
['202', '197', '91', '149']
['271', '4', '206', '382', '129']
['203', '360', '266', '253', '395', '211', '280', '113', '93', '73', '309', '383', '159', '168', '294', '324', '327', '342', '272', '322']
