['node225', 'node182', 'node19', 'node223', 'node271', 'node10', 'node17', 'node340', 'node20', 'node113', 'node406', 'node184', 'node274']
['node324', 'node90', 'node12', 'node21', 'node257', 'node228', 'node342', 'node358', 'node86', 'node193', 'node326', 'node282', 'node108']
['node405', 'node124', 'node54', 'node165', 'node139', 'node197', 'node27', 'node202', 'node280', 'node109', 'node252', 'node338', 'node315', 'node408', 'node49']
['node269', 'node286', 'node50', 'node256', 'node360', 'node289', 'node128', 'node275', 'node385', 'node74', 'node301', 'node259']
['node93', 'node212', 'node294', 'node253', 'node180', 'node2', 'node403', 'node207', 'node378', 'node1', 'node215', 'node290', 'node23', 'node130']
['node3', 'node106', 'node413', 'node53', 'node321', 'node214', 'node45', 'node247', 'node292', 'node170', 'node123', 'node372', 'node75', 'node357', 'node159']
['node354', 'node134', 'node121', 'node190', 'node149', 'node38', 'node391', 'node46', 'node217', 'node186', 'node61']
['node411', 'node56', 'node224', 'node142', 'node390', 'node244', 'node395', 'node29', 'node81', 'node60', 'node103', 'node337']
['node216', 'node331', 'node171', 'node397', 'node226', 'node281', 'node308', 'node299', 'node8', 'node48', 'node348', 'node83', 'node89']
['node107', 'node24', 'node303', 'node85', 'node138', 'node151', 'node167', 'node267', 'node152', 'node350', 'node388', 'node377', 'node63', 'node154', 'node82']
['node143', 'node262', 'node346', 'node206', 'node145', 'node339', 'node30', 'node222', 'node114', 'node155', 'node59', 'node64']
['node110', 'node316', 'node160', 'node122', 'node62', 'node111', 'node192', 'node44', 'node22', 'node221', 'node14', 'node133', 'node353', 'node368', 'node43']
['node66', 'node229', 'node37', 'node296', 'node242', 'node213', 'node307', 'node141', 'node132', 'node239', 'node258', 'node156']
['node100', 'node126', 'node174', 'node35', 'node178', 'node219', 'node5', 'node400', 'node250', 'node243', 'node325', 'node375', 'node341', 'node371', 'node409']
['node173', 'node140', 'node288', 'node115', 'node404', 'node211', 'node344', 'node33', 'node76', 'node96']
['node102', 'node26', 'node42', 'node336', 'node4', 'node254', 'node77', 'node356', 'node32', 'node272', 'node153', 'node251', 'node98', 'node362', 'node67']
['node79', 'node15', 'node78', 'node399', 'node370', 'node365', 'node91', 'node302', 'node177', 'node349', 'node319', 'node278', 'node332']
['node58', 'node245', 'node47', 'node287', 'node52', 'node345', 'node191', 'node73', 'node227', 'node241', 'node415', 'node382', 'node176']
['node401', 'node9', 'node189', 'node384', 'node101', 'node261', 'node313', 'node347', 'node136', 'node135', 'node34', 'node127', 'node298', 'node168', 'node410']
['node157', 'node396', 'node41', 'node99', 'node65', 'node270', 'node205', 'node144', 'node394', 'node118', 'node105', 'node322', 'node51', 'node266']
['node311', 'node295', 'node129', 'node236', 'node277', 'node104', 'node13', 'node327', 'node11', 'node264', 'node200', 'node389']
['node240', 'node147', 'node414', 'node293', 'node265', 'node238', 'node125', 'node419', 'node230', 'node291', 'node7', 'node359', 'node39', 'node117', 'node246']
['node120', 'node116', 'node28', 'node235', 'node333', 'node320', 'node16', 'node386', 'node234', 'node137', 'node18', 'node199', 'node285', 'node328', 'node162']
['node343', 'node112', 'node387', 'node351', 'node306', 'node412', 'node97', 'node268', 'node220', 'node95', 'node260', 'node71', 'node366', 'node300', 'node317']
['node381', 'node172', 'node31', 'node204', 'node84', 'node363', 'node355', 'node276', 'node379', 'node150', 'node203', 'node323', 'node233', 'node188', 'node297']
['node181', 'node209', 'node255', 'node304', 'node25', 'node72', 'node198', 'node40', 'node416', 'node208', 'node36', 'node195', 'node68', 'node80']
['node420', 'node6', 'node88', 'node158', 'node164', 'node374', 'node249', 'node329', 'node392', 'node92', 'node196', 'node69', 'node231']
['node402', 'node70', 'node161', 'node55', 'node201', 'node305', 'node369', 'node314', 'node310', 'node330', 'node187', 'node283', 'node185', 'node237', 'node364']
['node57', 'node87', 'node146', 'node398', 'node367', 'node183', 'node218', 'node407', 'node169', 'node179', 'node380', 'node373', 'node309']
['node312', 'node418', 'node194', 'node376', 'node175', 'node383', 'node361', 'node148', 'node417', 'node94', 'node334', 'node279']
['node393', 'node131', 'node119', 'node284', 'node335', 'node163', 'node352', 'node263', 'node210', 'node273', 'node318', 'node166', 'node248', 'node232']
