['327', '18', '201', '195', '68', '11', '138', '163', '464', '64', '328', '355', '131', '62', '158', '154', '121', '437', '216', '311', '157', '67', '404', '40', '10', '337', '359', '322', '176', '315']
['349', '436', '318', '376', '217', '448', '80', '153', '244', '319', '248', '71', '352', '82', '343', '70', '367', '84', '235', '312', '120', '123', '133', '0', '424', '289', '399', '118', '161', '7']
['273', '96', '183', '155', '48', '126', '206', '279', '271', '447', '440', '433', '368', '35', '473', '400', '187', '283', '339', '150', '263', '95', '444', '395', '160', '91', '254', '78', '215', '430']
['211', '85', '230', '281', '295', '237', '272', '461', '479', '31', '324', '356', '425', '321', '111', '152', '280', '379', '16', '147', '251', '173', '258', '168', '360', '226', '221', '398', '90', '128']
['306', '212', '358', '52', '119', '169', '63', '143', '417', '405', '213', '19', '142', '365', '415', '325', '275', '288', '252', '249', '12', '156', '276', '75', '110', '88', '81', '442', '151', '347']
['474', '102', '374', '300', '229', '342', '451', '238', '174', '208', '366', '467', '257', '340', '55', '77', '190', '51', '338', '191', '192', '214', '423', '109', '76', '47', '287', '478', '42', '240']
['411', '401']
['54', '350', '223', '320']
['127', '203', '182', '253', '86']
['27', '333', '432', '381', '166', '179', '159', '139', '372', '458', '309', '1', '403', '89', '116', '382', '267', '378', '59', '274', '268', '250', '60', '49', '416', '94', '66', '370', '256', '375']
['73']
['394', '391', '438', '246', '373', '21', '384', '219', '20', '302', '450', '354', '266', '234', '33', '393', '299', '459', '344', '351', '112', '141', '3', '184', '476', '426', '441', '99', '149', '435']
['463']
['185', '136', '45', '304', '412', '419', '334', '429', '434', '310', '292', '335', '454', '291', '107', '369', '129', '97', '301', '261', '144', '406', '197', '413', '421', '220', '390', '232', '53', '207']
['455', '357', '41']
['392']
['14', '43', '260', '148', '431', '199', '346', '162', '6', '222', '294', '189', '83', '264', '79', '38', '202', '303', '409', '8', '427', '225', '218', '175', '93', '380', '193', '13', '420', '243']
['236', '284', '298', '137', '326', '228', '204', '456', '353', '74', '114', '397', '167', '388', '345', '296', '282', '453', '135', '209', '460', '293', '172', '470', '92', '475', '61', '330', '145', '239']
['242', '146', '72', '205', '124', '180', '428', '313', '24', '101', '387', '227', '445', '305', '362', '468', '331', '418', '39', '9', '36', '402', '44', '115', '422', '336', '269', '466', '262', '308']
['177', '50', '410', '65', '231', '103', '165', '247', '386', '285', '278', '106', '28', '389', '178', '210', '465', '98', '377', '241', '134', '297', '117', '255', '414', '30', '125', '194', '224', '317']
['108', '2', '46', '22', '316', '196', '130', '164', '323', '104', '171', '443', '198', '290', '314', '407', '477', '15', '307', '471', '462', '383', '17', '452', '332', '132', '23', '56', '472', '113']
['37', '469', '4', '29', '26', '364', '396', '363', '449', '408', '87', '457']
['69']
['181', '100', '200', '140', '188', '439', '58', '277', '259', '245', '286', '329', '233', '361', '270', '32', '105', '186', '446', '385', '265', '341', '170', '5', '34', '348', '122', '371', '57', '25']
