['370', '62', '472', '208', '210', '488', '229', '26', '491', '340', '373', '163', '271', '186', '320', '301', '275', '330', '228', '459', '2', '147', '325', '16', '470', '80', '418', '428', '302', '217', '385', '159', '3', '226', '31']
['241', '104', '403', '193', '160', '498', '150', '471', '192', '54', '443', '258', '343', '277', '180', '237', '335', '337', '141', '123', '185', '83', '0', '354', '154', '483', '45', '178', '102', '109', '244', '376', '377', '101', '152']
['230', '420', '225', '18', '224', '255', '248', '481', '85', '231', '190', '285', '98', '316', '168', '319', '421', '151', '21', '460', '66', '266', '249', '351', '297', '467', '122', '191', '87', '404', '252', '269', '409', '195', '311']
['14', '329', '331', '260', '315', '6', '115', '397', '49', '58', '153', '489', '401', '372', '290', '138', '60', '339', '286', '149', '336', '393', '429', '24', '352', '89', '293', '11', '110', '118', '355', '91', '242', '183', '496']
['300', '424', '155', '417', '405', '440', '52', '51', '371', '295', '55', '5', '270', '69', '215', '93', '273', '494', '493', '30', '245', '362', '328', '406', '247', '234', '136', '23', '299', '36', '450', '490', '383', '487', '292']
['374']
['221', '201', '211', '177', '218', '253', '209', '449', '291', '1', '497', '56', '359', '35', '448', '127', '468', '48', '317', '112', '9', '322', '246', '381', '279', '452', '338', '257', '287', '345', '157', '361', '165', '422', '82']
['333', '169', '413', '456']
['40', '71']
['305', '303', '256', '296', '473', '134', '196', '462', '441', '445', '199', '430', '79', '8', '274', '4', '438', '103', '88', '107', '173', '410', '13', '143']
['341']
['369']
['349', '120', '492', '117', '380', '466', '447', '464', '105', '135', '446', '158', '114', '350', '298', '482', '50', '281', '357', '38', '474', '312', '434', '61', '222', '475', '453', '126', '145', '200', '288', '219', '477', '94', '73']
['419', '240', '74', '92', '327', '304', '172', '187', '416', '95', '140', '132', '382', '44', '161', '232', '130', '207', '265', '396', '32', '415', '394', '250', '437', '463', '162', '12', '57', '142', '59', '10', '133', '75', '47']
['25', '46', '27', '19', '37', '363', '435', '99', '368', '197', '22', '318', '170', '167', '41', '465', '479', '70', '313', '457', '156', '366', '283', '137', '306', '189', '129', '243', '111', '411', '213', '358', '119', '278', '261']
['204', '34', '414', '39', '42', '262', '227', '164', '203', '171', '139', '326', '97', '77', '68', '408', '364', '67', '461', '28', '379', '378', '64', '323', '144', '146', '113', '386', '332', '347', '17', '423', '407', '280', '486']
['432', '426', '425', '439', '78', '188', '121', '389', '390', '433', '436', '108', '344', '454', '334', '202', '235', '384', '499', '353', '400', '84', '205', '480', '324', '264', '176', '90', '360', '367', '387', '181', '451', '484', '239']
['238', '276', '272', '174', '412', '100', '175', '307', '166', '86', '125', '402', '116', '33', '398', '53', '395', '391', '20', '310', '431', '65', '81', '289', '478', '198', '444', '455', '212', '392', '29', '263', '458', '63', '43']
['76', '254', '206', '469', '348', '148', '259', '220', '7', '282', '308', '268', '251', '314', '236', '284', '342', '72', '182', '179', '124', '267', '294', '388', '309', '184', '442', '427', '346', '365', '194', '399', '214', '131', '96']
['375', '233', '356', '223', '106', '128', '15', '476', '485', '321', '216', '495']
