['47', '36', '170', '195', '228', '208', '112', '6', '207', '130']
['51', '37', '134', '229', '198', '192', '80', '136', '234', '46']
['21', '34', '57', '193', '165', '104', '110', '175', '185', '114']
['3', '29', '202', '132', '109', '4', '127', '106', '161', '187']
['223', '108', '215', '61', '120', '169', '227', '5', '117', '160']
['241', '2', '147', '204', '233', '168', '41', '49', '244', '246']
['128', '178', '153', '20', '60', '68', '247', '44', '181', '239']
['26']
['238', '162', '99', '226', '159', '43', '23', '113', '40', '12']
['189', '196', '143', '121', '65', '71', '150', '194', '137', '54']
['24', '197', '76', '111', '35', '74', '199', '73', '184', '86']
['243', '105', '92', '59', '15', '55', '171', '203', '67', '224']
['96']
['172', '212', '206', '31', '39', '191', '249', '66', '125', '151']
['211', '32', '87', '182', '186', '126', '145', '142', '219', '190']
['149', '221', '214', '1', '237', '94', '236', '91']
['180', '163', '222']
['231', '72', '225', '89', '220', '139', '85', '62', '118', '82']
['240', '148', '123', '245', '30', '200', '116', '217', '19', '17']
['28']
['77', '69', '216', '209', '81', '201', '8', '56', '27', '84']
['97', '45', '95', '210', '177', '38', '75', '14', '10', '88']
['235', '13', '122', '242', '52']
['176', '83', '100', '138', '158', '166', '157', '79', '63', '7']
['179', '124', '42', '232', '18', '25', '248', '205', '146', '90']
['135', '133', '152', '156', '129', '9', '64', '144', '93', '48']
['11', '173', '164', '154', '174', '183', '230', '98', '188', '58']
['155', '103', '102', '33', '101', '218', '0', '131', '50', '140']
['141']
['115', '107', '78', '70', '16', '167', '213', '53', '22', '119']
