['4', '434', '423', '431', '427', '425', '437', '428', '426', '421', '433', '424', '429', '430', '436', '435', '432', '422']
['18', '243', '400', '479', '466']
['17', '7', '12', '138', '141', '135', '139', '136', '140', '143', '137', '142']
['11', '194', '182', '180', '191', '187', '189', '181', '183', '193', '190', '184', '192', '185', '186', '188', '338']
['0', '120', '105', '117', '118', '111', '115', '114', '110', '113', '130', '103', '104', '107', '106', '112', '119', '109', '108', '116']
['10', '299', '286', '283', '285', '296', '293', '294', '292', '301', '284', '297', '295', '288', '289', '300', '291', '290', '298', '287']
['13', '368', '371', '365', '367', '361', '362', '360', '370', '363', '364', '369', '366']
['16', '356', '481', '476', '484', '472', '474', '471', '475', '478', '477', '473', '465', '480', '469', '483', '467', '468', '482', '470']
['3', '333', '336', '327', '326', '334', '322', '320', '321', '331', '335', '323', '329', '324', '337', '332', '328', '339', '325', '330']
['35', '402', '406', '413', '420', '409', '417', '411', '405', '419', '408', '407', '415', '403', '418', '412', '416', '404', '410', '414']
['34', '349', '344', '348', '350', '353', '355', '343', '357', '340', '359', '351', '352', '354', '358', '346', '345', '341', '347', '342']
['9', '213', '384', '396', '401', '383', '388', '385', '399', '393', '391', '386', '392', '390', '398', '394', '397', '389', '387', '395']
['1', '209', '226', '210', '215', '219', '218', '224', '223', '220', '216', '221', '217', '228', '212', '211', '214', '227', '222', '225']
['8', '203', '201', '208', '204', '200', '207', '198', '206', '202', '199', '195', '196', '205', '197', '379', '382', '374', '376', '373']
['15', '164', '169', '172', '168', '173', '176', '179', '165', '174', '166', '167', '177', '178', '175', '170', '269', '274', '272', '282']
['38', '157', '489', '492', '491', '486', '485', '494', '490', '488', '487', '493', '495']
['27', '263', '273', '265', '264', '271', '278', '266', '279', '270', '268', '275']
['5', '126', '121', '134', '125', '133', '131', '123', '128', '129', '122', '124', '127', '132']
['23', '158', '155', '148', '156', '144', '151', '146', '161', '162', '145', '149', '160', '153', '147', '152', '159', '150', '163', '154']
['24', '229', '231', '239', '230', '242', '241', '240', '236', '233', '234', '232', '238', '235', '237', '280', '267', '281', '276', '277']
['19', '46', '58', '40', '45', '57', '52', '44', '50', '54', '42', '53', '48', '47', '49', '56', '99', '43', '55', '41']
['39', '260', '256', '257', '262', '248', '253', '249', '251', '255', '254', '259', '246', '261', '245', '247', '250', '252', '258', '244']
['2', '91', '95', '90', '94', '102', '101', '89', '97', '96', '93', '92', '98', '88', '100', '457', '451', '448', '452', '460']
['14', '69', '59', '64', '62', '63', '60', '61', '65', '68', '66', '67']
['37', '443', '441', '442', '438', '440', '439', '446', '444', '445', '453', '447', '458', '459', '454', '461', '456', '455', '464', '463']
['6', '72', '80', '75', '74', '83', '81', '76', '85', '77', '70', '82', '84', '71', '87', '86', '78', '79', '73', '171']
['33', '51', '450', '449', '462']
['25', '375', '381', '372', '378', '380', '377']
['22', '28', '30', '32', '26', '31', '36', '29', '20']
['21', '308', '315', '314', '307', '303', '313', '305', '302', '306', '316', '304', '312', '319', '309', '311', '310', '318', '317']
