['Annabel', 'Tina', 'Refugio', 'Pinkie', 'Alexa', 'Princess', 'Zena', 'Joanne', 'Dusti', 'Bonnie', 'Lamonica', 'Aaron', 'Oneida', 'Ema', 'Lezlie', 'Tammi', 'Savanna', 'Jacque', 'Vincenzo', 'Hershel', 'Jeffrey', 'Trey', 'Shavon', 'Griselda', 'Artie', 'Hayden', 'Theo', 'Marquis', 'Easter', 'Wes']
['Piedad']
['Zoraida']
['Marvin']
['Tressa']
['Hilario']
['Angeline']
['Nicole']
['Yevette']
['Chan']
['Ok']
['Byron', 'Darnell', 'Sherwood', 'Logan', 'Garret', 'Harvey', 'Darrel', 'Hillary', 'Kylie', 'Alexandra', 'Glenda', 'Marion', 'Raleigh', 'Kim', 'Vernia', 'Clyde', 'Jay', 'Renetta', 'Lisa', 'Rolando', 'In', 'Kirstin', 'Dorthea']
['Tarah', 'Heide', 'Earnest', 'Eugene', 'Clifton', 'Lyn', 'Latia', 'Anabel', 'Danial', 'Allena', 'Sharilyn', 'Jami', 'Honey', 'Louella', 'Renea', 'Janetta', 'Naomi', 'Frederic', 'Imogene', 'Junior', 'Alicia', 'Leontine', 'Irena', 'Gisela', 'Taneka', 'Laraine', 'Alton', 'Hassan', 'Vada', 'Spencer']
['Jeremy', 'Marci', 'Carmon', 'Darwin', 'Dorene', 'Deana', 'Clarissa', 'Marilynn', 'Susan', 'Marlo', 'Rosalba', 'Antonette', 'Alvera', 'Mariah', 'Altagracia', 'Rodrigo', 'Murray', 'Robert', 'Tamisha', 'Chang', 'Johnny', 'Trena', 'Marcella', 'Antonina', 'Latoya', 'Dion', 'Amada', 'Loren', 'Eloisa', 'Terry']
['Kurtis', 'Gerardo', 'Xuan', 'Madison', 'Toya', 'Rachel', 'Kay', 'Cassie', 'Felix', 'Whitney', 'Alethia', 'Kyung', 'Helene', 'Hiroko', 'Elfrieda', 'Randall', 'Kimbra', 'Houston', 'Michaela', 'Jade', 'Sheldon', 'Tameika', 'Lasonya', 'Eustolia', 'Winford', 'Nathalie', 'Cristi', 'Valorie', 'Tanisha', 'Lue']
['Sharlene']
['Kristopher']
['Cortney']
['Xavier', 'Milissa']
['Eve', 'Chun', 'Raul', 'Lola', 'Enola', 'Isabel', 'Herlinda', 'Lauren', 'Florencio']
['Olevia', 'Kitty', 'Pa', 'Deirdre', 'Brendon', 'Aretha', 'Lucia', 'Leilani']
['Lucas', 'Garland', 'Eufemia', 'Nickolas', 'Margart', 'Randa', 'Carolee', 'Angella', 'Russell', 'Oswaldo']
['Jan', 'Meagan', 'Loria', 'Gerard', 'Chance', 'Stephani', 'Chester', 'Nohemi', 'Joan', 'Florinda', 'Jefferey', 'Treena', 'Lizabeth', 'Selma', 'Travis', 'Retta']
['Tiffani', 'Cleotilde', 'Joye', 'Riley', 'Jae', 'Oscar', 'Kareem', 'Orval', 'Stanford', 'Rosalee', 'Roxane', 'Naida', 'Joelle', 'Doyle']
['Elena', 'Camelia', 'Dagmar', 'Leonida', 'Antoinette', 'Jeanette', 'Shonda', 'Marcie', 'Arcelia', 'Christiane', 'Elenora', 'Emmanuel', 'Alex']
['Kristi', 'Porter', 'Oma', 'Hortense', 'Fanny', 'Edmond', 'Neida', 'Mariano', 'Chas', 'Reita', 'Laticia', 'Almeta', 'Nadia', 'Audie', 'Leila', 'Odell', 'Kasey', 'Hyun', 'Caitlyn', 'Dewitt', 'Lyndon', 'Merrill']
['Mariette', 'Elvia', 'An', 'Alfred', 'Vernon', 'Elliott', 'Dora', 'Charmaine', 'Clara', 'Lorelei', 'Ocie', 'Percy', 'Debora', 'Kelly', 'Charisse', 'Clarice', 'Tyisha', 'Son', 'Sharan', 'Rima', 'Adah', 'Bertha', 'Tamala', 'Marvis', 'Marcos', 'Grant', 'Louise', 'Lashay', 'Nieves', 'Elvie']
['Loura', 'Clinton', 'Ambrose', 'Freddie', 'Shelton', 'Rita', 'Jesus', 'Pearlie', 'Verona', 'Dewayne', 'German', 'Miranda', 'Glenna', 'Clarinda', 'Juliet', 'Rachael', 'Destiny', 'Tai', 'Jina', 'Ella', 'Vivien', 'Elicia', 'Jennie', 'Alane', 'Lilly', 'Tracie', 'Jama', 'Annamarie', 'Claretha', 'Shaun']
['Marquitta']
['Sharell', 'Horace', 'Claudie', 'Millicent', 'Beverley', 'Ryann', 'Clarence', 'Dong', 'Ron', 'Danita', 'Martin', 'Saul', 'Kendall', 'Inga', 'Lana', 'Delmar', 'Kris', 'Hui', 'Stanley', 'Sharla', 'Esperanza', 'Phylis', 'Flavia', 'Irma', 'Alvin', 'Leonard', 'Susannah', 'June', 'Carson', 'Osvaldo']
