[221, 166, 112, 133, 324, 282, 302, 371, 106, 124, 97, 305, 96, 101, 38, 213, 203, 445, 137, 170, 228, 196, 190, 428, 452]
[187]
[451]
[444]
[17]
[365]
[343]
[362]
[476]
[254]
[404]
[281]
[83]
[356]
[18]
[396]
[346]
[456]
[164]
[354]
[42]
[182]
[127]
[294]
[70]
[174]
[167]
[273, 450, 238, 191, 488, 256, 336, 405, 260, 401, 492, 41, 332, 330, 199, 136, 226, 309, 308, 220, 303, 229, 123, 241, 158]
[288, 248, 142, 219, 257, 0, 56, 50, 381, 61, 361, 85, 24, 442, 339, 75, 486, 435, 93, 352, 34, 344, 57, 59, 270]
[275, 470, 265, 400, 55, 448, 469, 215, 464, 23, 418, 421, 237, 236, 39, 29, 210, 279, 135, 60, 3, 4, 317, 357, 113]
[286, 311, 358, 359, 117, 139, 366, 304, 368, 186, 201, 293, 382, 202, 392, 65, 471, 480, 437, 475, 439, 474, 487, 227, 342]
[244, 429, 195, 328, 355, 313, 367, 369, 296, 373, 388, 390, 399, 278, 402, 259, 406, 409, 250, 411, 246, 416, 422, 434, 194]
[262, 499, 82, 71, 179, 122, 161, 160, 21, 46, 141, 80, 12, 6, 151, 159, 63, 307, 306, 114, 312, 284, 126, 291, 111]
[131, 138, 143, 274, 145, 150, 300, 110, 192, 333, 493, 7, 465, 462, 459, 457, 16, 25, 432, 326, 424, 43, 410, 53, 379]
[40, 374, 74, 255, 349, 334, 423, 153, 347, 157, 232, 231, 185, 180, 247, 156, 169, 245, 211, 240, 162, 30, 340, 338, 103]
[393, 20, 26, 325, 394, 321, 181, 460, 461, 223, 436, 154, 94, 397, 68, 386, 385, 58, 54, 380, 378, 430, 408, 370, 76]
[277, 415, 78, 417, 45, 209, 90, 414, 184, 395, 280, 198, 285, 5, 2, 132, 242, 269, 267, 252, 266, 189, 494, 10, 482]
[234, 497, 148, 292, 149, 31, 200, 433, 207, 484, 35, 485, 92, 426, 176, 152, 178, 253, 384, 489, 376, 360, 490, 172, 52]
[62, 387, 155, 491, 212, 89, 425, 258, 204, 120, 295, 128, 467, 115, 472, 168, 290, 314, 455, 453, 318, 319, 99, 9, 287]
[37, 109, 341, 72, 28, 233, 478, 335, 121, 477, 104, 107, 447, 205, 449, 225, 27, 66, 177, 398, 64, 463, 33, 403, 407]
[105, 495, 419, 438, 441, 15, 458, 183, 468, 496, 19, 218, 108, 327, 323, 322, 345, 350, 351, 301, 297, 86, 84, 235, 81]
[188, 77, 283, 134, 289, 498, 389, 69, 383, 272, 144, 73, 216, 263, 271, 230, 118, 197, 165, 171, 116, 119, 264, 299, 14]
[353, 268, 163, 13, 22, 130, 8, 243, 251, 331, 249, 224, 87, 363, 173, 175, 427, 36, 431, 348, 44, 372, 443, 98, 440]
[208, 377, 337, 276, 239, 49, 413, 146, 51, 147, 420, 261, 48, 140, 11, 88, 206, 329, 95, 193, 222, 391, 479, 214, 473]
[125, 466, 375, 67, 102, 100, 91, 320, 316, 129, 315, 298, 454, 1, 483, 481, 79, 412, 47]
[310]
[446]
[217]
[364]
[32]
