['64', '285', '25', '389', '488', '318', '278', '190', '414', '416', '286', '319', '406', '234']
['239', '332', '166', '425', '123', '157', '172', '208', '144', '197']
['185', '163', '95', '339', '214', '126', '204', '407', '494', '419', '31', '492']
['78', '413', '448', '168', '184', '103', '490', '94', '493', '148', '11', '436']
['57', '236', '183', '462', '456']
['431', '261', '89', '192']
['326', '129', '154', '187']
['262', '264', '5', '497', '176']
['201', '363', '423', '27', '160', '476', '280', '67', '354']
['138', '36', '439', '175', '250', '350']
['22', '1', '92', '382', '428', '421', '241']
['323', '91', '341', '20', '242', '56', '424', '460', '376', '329', '9']
['288', '221', '62', '98', '189', '496', '315', '449']
['441', '238', '152', '50', '259', '115', '328', '33', '171', '181']
['480', '306', '117', '51', '76', '73', '196', '296', '12', '252']
['422', '271', '437', '358', '379', '367', '485', '444', '499', '330']
['66', '409', '321', '137', '417', '481', '226', '15', '230']
['395', '405', '44', '268', '180', '426', '400', '52', '113', '251', '118', '345']
['84', '81', '178', '357', '359', '270', '282', '317', '228', '387', '334', '344']
['140', '346', '63', '283', '380', '292', '2', '102']
['446', '410', '34', '149', '472', '173', '440', '374', '75', '468']
['225', '466', '156', '477', '266', '313', '402', '202', '433', '442', '320', '229', '361']
['274', '0', '122', '186', '46', '88', '452', '289', '478', '8']
['381', '114', '479', '386', '90', '43', '121', '82', '297']
['211', '287', '484', '258', '309', '394', '403', '415', '463', '132', '177', '489', '432', '240', '247']
['207', '420', '59', '349', '369', '219', '304', '364', '260']
['293', '41', '273', '79', '10', '220', '399', '276', '352', '141', '191', '443', '310', '303']
['495', '60', '193', '218', '327', '85', '237', '233', '161', '164', '295', '487', '281']
['267', '159', '279', '216', '188', '391', '35', '39', '378', '474', '291', '486']
['377', '32', '418', '300', '445', '28', '429', '253']
['360', '26', '40', '396', '470', '111', '371', '311', '195']
['255', '277', '366', '351', '101', '383', '215', '362', '206', '254']
['392', '322', '249', '100', '388', '343', '256', '198']
['475', '269', '246', '308', '142', '18', '30', '348']
['47', '491', '135', '385', '119', '235', '200', '368', '3', '13', '48', '17', '65', '355', '133', '112']
['70', '69', '299', '312', '465', '87', '86', '125', '373', '155']
['151', '213', '224', '77', '248', '457', '325', '145', '340']
['245', '353', '454', '314', '231', '16', '54', '23', '451', '116']
['58', '301', '375', '384', '223', '393', '302', '194', '24', '109', '370']
['53', '72', '203', '412', '146', '284', '263', '14', '209', '453']
['99', '210', '179', '158', '305', '139', '7', '97', '167']
['390', '42', '93', '397', '333', '110', '120', '294', '473', '459', '147']
['427', '434', '275', '401', '347', '243', '45', '467', '38', '130', '217']
['74', '331', '124', '83', '458', '212', '136', '19', '55', '4', '165']
['335', '170', '199', '464', '338', '356', '447', '49', '272', '205', '398']
['68', '298', '471', '134', '37', '174', '482', '469', '404']
['430', '71', '106', '435', '337', '324', '108', '372', '222']
['408', '438', '153', '29', '455', '257', '61', '131', '182', '498', '411']
['232', '6', '162', '169', '307', '290', '21', '342', '128']
['96', '104', '461', '143', '105', '80', '483', '265', '150', '450', '227', '365', '336', '107', '316', '127', '244']
