['130', '317', '316', '315', '314', '313', '312', '355', '354', '353', '352']
['140', '149', '148', '145', '144', '142', '131', '184', '183', '182', '181']
['380', '381', '384', '395', '394', '393', '392', '389', '388', '385', '178']
['260', '269', '268', '263', '261', '177', '176', '167', '166', '499']
['120', '127', '126', '123', '122', '129']
['30', '31', '33', '45', '44', '43', '42', '39', '38', '36']
['470', '478', '479', '472', '473', '476']
['390', '399', '398', '391']
['110', '119', '118', '115', '114', '112']
['400', '409', '408', '405', '404', '401']
['370', '379', '378', '373', '372']
['100', '109', '108', '101']
['90', '94', '92', '95', '99']
['420', '428', '425', '424', '421', '429', '411', '435', '434', '433']
['80', '89', '88', '81']
['40', '49', '48', '46', '41']
['430', '431', '445', '444', '439', '438']
['460', '462', '463', '466', '467']
['70', '79', '78', '75', '74', '72', '61']
['440', '449', '448', '443', '442']
['60', '69', '68', '66', '63', '62']
['410', '419', '417', '416', '413', '412']
['150', '159', '158', '151', '165', '164']
['360', '369', '368', '363', '362']
['160', '161', '163', '175', '174', '173', '172', '171', '169', '168', '179']
['270', '279', '278', '272', '273', '146', '194', '193', '192', '191', '189']
['250', '259', '258', '255', '254', '251', '241', '188', '187', '186', '185']
['280', '283', '282', '285', '289', '288', '137', '136', '135', '134', '133']
['240', '249', '16', '15', '13', '12', '11', '14', '128', '32', '37']
['290', '347', '346', '281', '277', '276', '275', '284', '274', '496', '271']
['230', '267', '266', '265', '264', '286', '287', '307', '306', '305', '304']
['220', '301', '299', '298', '297', '296', '295', '294', '293', '292', '291']
['300', '309', '308', '303', '302', '492', '493', '358', '477', '427', '426']
['210', '423', '422', '464', '415', '414', '465', '418', '461', '432', '451']
['10', '447', '446', '437', '436', '407', '406', '377', '376', '375', '374']
['310', '319', '318', '311', '474', '371', '475', '367', '366', '361', '382']
['200', '403', '402', '468', '397', '396', '469', '387', '386', '383', '93']
['320', '91', '87', '86', '85', '84', '83', '82', '77', '76', '73']
['190', '71', '67', '96', '97', '98', '125', '124', '121', '117', '116']
['330', '111', '107', '106', '105', '104', '103', '102', '113', '65', '64']
['180', '27', '26', '25', '24', '23', '22', '21', '19', '18', '17']
['340', '349', '348', '341', '7', '6', '3', '2', '57', '56', '53']
['170', '51', '35', '34', '47', '262', '132', '226', '225', '224', '223']
['480', '481', '489', '222', '221', '219', '218', '217', '216', '215', '214']
['20', '28', '29', '213', '212', '211', '209', '208', '207', '206', '205']
['350', '356', '351', '357', '365', '364', '359', '204', '203', '202', '201']
['450', '199', '227', '228', '229', '231', '257', '256', '253', '252', '498']
['50', '59', '58', '55', '54', '52', '248', '247', '198', '246', '244']
['0', '9', '8', '5', '4', '1', '243', '242', '239', '238', '237']
['490', '494', '495', '497', '491', '236', '235', '234', '233', '232', '245']
['453', '454', '455', '452', '456', '457', '441', '458', '459', '197', '196']
['332', '333', '334', '195', '157', '156', '155', '154', '153', '152', '162']
['331', '345', '344', '343', '342', '339', '338', '337', '336', '147', '143']
['484', '485', '486', '487', '483', '482', '488', '471', '141', '139', '138']
['329', '328', '327', '326', '325', '324', '323', '322', '321', '335']
