['ADM', 'AAZ', 'AEZ', 'ADT', 'AEK', 'AAK', 'ADX', 'AEV', 'AEN', 'AEO', 'ADL', 'ABA', 'AEW', 'AFL', 'AFI', 'AAG', 'AER', 'AES', 'AAB']
['ABP', 'ABZ', 'ABK', 'ABS', 'ACA', 'ABW', 'ABV', 'ABN', 'ABO', 'ANN', 'AKA', 'AAA', 'ALO']
['AGJ', 'AIS', 'AIB', 'AIF', 'AGG', 'AGW', 'AGR', 'AFT', 'AGS', 'AGK', 'AHL', 'AGO', 'AFP', 'AHT', 'AHE', 'AHU', 'AFY', 'AHQ', 'AIW']
['AFM', 'ABG', 'AKX', 'AOE', 'AKH', 'AJG', 'AMH', 'AJR', 'AJW', 'ANV', 'ALC', 'AKD', 'AKE', 'AML', 'ANC', 'AKQ', 'AOX', 'AHC', 'AOQ']
['AGN', 'AHP', 'AHF', 'AHZ', 'AID', 'AFV', 'AGU', 'AHO', 'AGE', 'AHJ', 'AFW', 'AHG', 'AHS', 'AFO', 'AGD', 'AGY', 'AGP', 'AHK', 'AIY']
['AGF', 'AHB', 'AGI', 'AIL', 'AHW', 'AGL', 'AGQ', 'AHN', 'AFS', 'AGM', 'AIE', 'AIT', 'AGX', 'AFR', 'AGA', 'AIH', 'AGT', 'AIU', 'AIP']
['AFQ', 'ANO', 'ANR', 'APZ', 'AMX', 'APW', 'AMU', 'AIA', 'AKY', 'AOD', 'AKU', 'ALZ', 'AOH', 'AIM', 'AII', 'AIQ', 'AOI', 'APK', 'AMQ']
['AJT', 'AKZ', 'AKG', 'AMF', 'ANA', 'ALI', 'AMG', 'ALM', 'ALQ', 'AJD', 'AKV', 'AJE', 'AJY', 'AMS', 'AOK', 'ANQ', 'ALP', 'ANE', 'AMO']
['APA', 'AQB', 'AOV', 'APP', 'AOR', 'AQK', 'AQJ', 'AOO', 'APH', 'AQO', 'AOZ', 'AON', 'APD', 'AQC', 'API', 'AQF', 'APM', 'AQG', 'APX']
['AOS', 'APQ', 'APE', 'APL', 'APU', 'APY', 'AOW', 'AQN', 'APR', 'AQH', 'AQM', 'APJ', 'AQD', 'APO', 'AOP', 'APS', 'APN', 'APB', 'AOU']
['ADE', 'ACZ', 'ACV', 'ACR', 'ACL', 'ACX', 'ACT', 'ACH', 'ADB', 'ADC', 'ADF', 'ACM', 'ACU', 'ACY', 'ACP', 'ACI', 'ADG', 'ALF', 'ADJ']
['ABQ', 'ACB', 'ABU', 'ABI', 'ABY', 'ABT', 'ACC', 'AAC', 'ABX', 'ABM', 'ABL', 'AAY', 'ABC', 'AAX', 'ABB', 'ABJ', 'AAE', 'ABR', 'ABF']
['AMN', 'ANX', 'ANP', 'ALE', 'AKN', 'ALH', 'AOF', 'AIZ', 'AOC', 'AKC', 'AMC', 'AJI', 'ALT', 'ANT', 'AJX', 'AOB', 'AOJ', 'AMJ', 'AKF']
['APT', 'AOM', 'AKL', 'AJV', 'AAP', 'ANG', 'AQA', 'AQE', 'APG', 'APC', 'AOA', 'ANF', 'AJO', 'AQI', 'AKM', 'AJN', 'AOT', 'AJJ', 'ANZ']
['AAN', 'AAS', 'AAO', 'AAR', 'AMA', 'AJF', 'AJS', 'ALG', 'AKP', 'ANB', 'ALN', 'ALK', 'ALV', 'AAH', 'AMP', 'AMI', 'AKT', 'AJK', 'AJZ']
['ADU', 'AEH', 'AMY', 'ADR', 'AEY', 'ADW', 'AAT', 'ADS', 'AAL', 'ANK', 'ALR', 'AFN', 'AKI', 'AFC', 'ALJ', 'AME', 'AEM', 'ANS', 'ALW']
['AEC', 'AEJ', 'AEB', 'AEF', 'AEG', 'ADP', 'AFH', 'ADY', 'AFD', 'ADQ', 'AFA', 'AEL', 'ANJ', 'ANW', 'ALS', 'ALB', 'AJC', 'AJB', 'AOL']
['AHD', 'AOG', 'AKS', 'ABE', 'AJA', 'ANY', 'AND', 'AKJ', 'AAV', 'ALL', 'AMV', 'AKB', 'ANM', 'AJM', 'AJL', 'ALX', 'AMD', 'AMM', 'AMT']
['ADH', 'ALD', 'ANH', 'ACN', 'AJH', 'AKO', 'ANL', 'AJU', 'ALY', 'ANI', 'AAJ', 'AMK', 'AKR', 'ACK', 'ADD', 'AJP', 'ABD', 'AMZ', 'ACS']
['ACJ', 'ADA', 'ACW', 'ACG', 'ACF', 'ADI', 'AAW', 'AAF', 'AMR', 'ANU', 'AMB', 'AKW', 'ALA', 'ACO', 'ALU', 'AMW', 'ABH', 'AJQ', 'AKK']
['AFU', 'AIC', 'AHY', 'AIG', 'AFX', 'AIO', 'AHH', 'AHA', 'AIV', 'AIJ', 'AHX', 'AHM', 'AIR', 'AGV', 'AIK', 'AGC', 'AGB', 'AIN', 'AGZ']
['AHI', 'AAU', 'ACE', 'AAM', 'AAQ', 'AAI', 'AGH', 'ADK', 'AHR', 'APF', 'AAD', 'AQL', 'ACD', 'AHV', 'AIX', 'ACQ', 'AFZ', 'AOY', 'APV']
['AFE', 'AEI', 'AEP', 'ADZ', 'ADN', 'AFJ', 'AEE', 'AFB', 'ADO', 'AET', 'AFG', 'AFK', 'AED', 'AEA', 'AEU', 'AFF', 'ADV', 'AEX', 'AEQ']
