['178', '191', '190', '215', '164', '179']
['128', '129', '130', '140', '139', '218']
['103', '104', '115', '105', '116', '32']
['228', '229', '230', '120', '93', '177']
['203', '216', '214', '204', '198', '48']
['53', '54', '21', '102']
['3', '4', '5']
['78', '79', '89', '91']
['153', '154', '166', '165', '37']
['28']
['111', '112', '113']
['85', '88']
['51', '55', '57', '59', '56', '52']
['35', '34', '31']
['11', '12', '13']
['10', '7', '9', '2', '8']
['210', '213', '207', '209']
['135', '138', '134', '133', '132', '131']
['235', '238', '232', '234']
['161']
['60', '63']
['186', '187', '58', '188']
['151', '155', '156', '249', '152']
['101', '107', '106', '172', '96', '127']
['76', '80', '189', '81', '82', '84']
['160', '159', '158', '157', '163', '68']
['36', '67', '38', '97', '50', '77']
['136', '137', '90', '114', '149', '70']
['61', '62', '217', '117', '108', '19']
['211', '212', '0', '170', '17', '71']
['176', '180', '181', '194', '199', '169']
['26', '243', '43', '24', '224', '95']
['185', '45', '222', '42', '92', '44']
['110', '225', '20', '220', '150', '74']
['86', '148', '193', '183', '23', '49']
['1', '6', '72', '94', '22', '173']
['226', '227', '142', '73', '119', '69']
['201', '205', '184', '192', '33', '124']
['236', '83', '118', '182', '245', '123']
['126', '196', '208', '168', '174', '109']
['240', '231', '125', '99', '244', '175']
['162', '100', '206', '200', '145', '202']
['29', '30', '122', '221', '98', '25']
['237', '27', '233', '18', '147', '46']
['66', '65', '64', '219', '167', '248']
['87', '195', '171', '121', '242', '197']
['141', '247', '146', '246', '143', '47']
['16', '14', '15', '75', '144', '223']
['39', '41', '40']
['241', '239']
