['ADKIG', 'GNDQJ', 'BSOUP', 'DOYMU', 'TLAOJ', 'TJTMV', 'CYRFR', 'UMQRP', 'SHEUT', 'SEVGN', 'JRNKY', 'ERXLL', 'AALPZ', 'XVOGO', 'BXGFY', 'POXWS', 'KEPXD', 'REFDA', 'PUWYW', 'WTAGZ', 'XOUQM', 'NCCJD', 'RNMID', 'FIBZD', 'CRKWH']
['HVAAR', 'XMZUX', 'EBQJA', 'MSZXR', 'WNDOP', 'VFXSF', 'BCKDA', 'RUSXV', 'DFNDO', 'LYSRO', 'CXMEP', 'YVMFJ', 'SCMKV']
['DTPHQ', 'VLXZD', 'VLACB', 'LFYYV', 'TPIXY', 'PPBBM', 'JGBOH']
['ZMCMD', 'YTTKI', 'PADSR', 'XQQNM', 'HUNXU']
['GKYTD', 'ELRTK', 'SSWHW']
['QQCGU', 'FYSSP']
['AZDHE', 'SYRST']
['QBYJR']
['RWOPE', 'GKPPL', 'GWEZA', 'IQLHD', 'NCXIY', 'OJTYX', 'TEYRZ', 'ZPWCF', 'TIZZI', 'ZUYFN']
['DJQYY', 'UZTYA', 'DAPHY', 'DPJHM', 'CWKNX', 'JPLIB', 'XZTVE', 'JPWDA', 'CYVWU', 'YRTTG', 'KIEKF', 'RLKNU', 'NGBWQ', 'JEHBC']
['CZQAC', 'VQTXV', 'EXSFL', 'DZGQX', 'RSFHX', 'XHKTV', 'GDZSX', 'EXERI', 'VKBEF', 'PREHL', 'PRFNT', 'DBPXU', 'CTLHM', 'JECON', 'PARXO', 'AXIHL', 'VNNEP', 'DFZLH', 'RSYQC']
['JDDRN', 'DREMQ', 'UTYHJ', 'XMJJP', 'FXFHY', 'ABAQL', 'VYUHL', 'VSEBO', 'FQYNK', 'PAVOS', 'YHWVK', 'PQYKQ', 'UTQPU', 'GRUYQ', 'VISUM', 'AQEWE', 'IPMBX', 'EAHZI', 'YQBLY', 'OYLVF', 'QMJUD', 'JWNLZ', 'POYSB', 'FSIEJ', 'MQEVZ']
['QNXTS', 'VGWZF', 'QLDQR', 'XBVDI', 'NPJSC', 'MMHOG', 'RAAAY', 'QSIZR', 'HGAWC', 'TKEWX', 'XDBSH', 'KRMMY', 'WTMZW', 'SMDTK', 'TWVAR', 'VKHOX', 'GKOUL', 'UPNVV', 'GPKTZ', 'EYYNC', 'ZYEMW', 'RKMOC', 'JCTBB', 'PUJOM', 'AXICB']
['YTXXV', 'UYUIP', 'DNOMK', 'QJUJE', 'VSARS', 'HAYKV', 'WFPUN', 'FIPGX', 'LMDUZ', 'GKLKQ', 'SUNJN', 'FBZDZ', 'PDNXQ', 'ASGXO', 'CWZDH', 'LMZAF', 'VMRKJ', 'TARGC', 'YIQHC', 'ZNEQL', 'VVMSW', 'VHWPC', 'CZNRV', 'STZIM', 'XPMAC']
['TMCLZ', 'XTFTT', 'FLAIE', 'QACAX', 'LVMLT', 'IBFSE', 'KZBFF', 'SAOVB', 'UEFBC', 'ZNTDR', 'XADCG', 'NLPHM', 'XGXRC', 'GJYBX', 'EGYBS', 'KDZDK', 'GAQXI', 'WGNBW', 'YMAKV', 'NLQQX', 'XQUPB', 'IXEZM', 'VZFUK', 'WEYKU', 'QJRDV']
['KCWNV', 'GPHCZ', 'SDCRN', 'IHIWD', 'VGTYI', 'SLYUO', 'EHCWU', 'ZMWJB', 'SURGB', 'NSSHB', 'PQEKQ', 'EWIJA', 'HKSDK', 'ZOVBE', 'PSMNV', 'UQJJY', 'ZOHDS', 'NKEPZ', 'GPAYG', 'PBAWW', 'FFZNI', 'PCOTH', 'HKBNA', 'SPSXT', 'HDFES']
['ZXEUD', 'BBDFQ', 'OBCSZ', 'USRDK', 'DBXJE', 'VUPAV', 'DDGZR', 'BWKXY', 'CHCYT', 'VCMUY', 'WWCYP', 'DWGDE', 'NLQWV', 'GUJWW', 'NZQKM', 'LJQBN', 'XYVAU', 'VXNNV', 'IYMNE', 'YTVYR', 'ZSYGC', 'UHFXM', 'FSYHN', 'DQJYE', 'JFKWJ']
['OVNTP', 'NMUXG', 'PPAYR', 'DYIYS', 'RISKG', 'CRSZF', 'FKSNY', 'UOYAH', 'XQYCU', 'BEFRL', 'DRVVY', 'MCXWP', 'WHBFR', 'HAKPT', 'UHIOD', 'KFWQL', 'LQGAI', 'CASYZ', 'IPLJJ', 'AAEBS', 'KCPYN', 'KEUTQ', 'RVMXY', 'RRFYM', 'ALNHK']
['MRNHH', 'NMWYK', 'GBEQY', 'ZCMCP', 'PEIBF', 'RMNKI', 'TJFHX', 'OENOT', 'BFHEV', 'UXUZX', 'ZLMYN', 'BREAU', 'SIWEE', 'HOCJP', 'LESUW', 'JGIMA', 'FCFIW', 'UDEWT', 'FWKYL', 'JTKTH', 'WZJYQ', 'RWIWJ', 'UMQSO', 'SEUJM', 'PHXOS']
['ROVKN', 'FHCPP', 'OYGNB', 'UNSUE', 'MBBZL', 'KDMQW', 'WLODL', 'FWTXB', 'IDOHH', 'REVQE', 'SUEUT', 'XGCQB', 'FMMZU', 'DWCIC', 'JFOPY', 'NZAXS', 'QFSQF', 'MIMWO', 'TPIHD', 'YVULZ', 'ZRFKN', 'RDCHE', 'XOUQG', 'YKOFS', 'OEEYW']
['JXKSJ', 'WNBOI', 'IUTYE', 'NHZCJ', 'LCGFN', 'FYAYI', 'VBXTL', 'SOVUQ', 'BOOKC', 'RQZDB', 'GXAOE', 'FRHWO', 'NRRFB', 'SWZLI', 'JMPSL', 'QMBKL', 'SPROB', 'MCVPN', 'EPEAQ', 'BNPMH', 'MLWLT', 'NTGQJ', 'FKMPO', 'RMHZI', 'VNIQM']
['YSBTR', 'JLETC', 'NEQMO', 'CYMCE', 'QHQUF', 'KGDBH', 'XIGOI', 'AEXQY', 'QYCKH', 'NKLCQ', 'LGPGN', 'KXFFP', 'JAGAT', 'IAASE', 'RCWOS', 'QSAIM', 'TDICM', 'AEHLI', 'ENHUS', 'MQWLN', 'OMNEY', 'FIIIX', 'ILRGH', 'WMAOH', 'ZKMSA']
['IOHXF', 'YPSZJ', 'GZWND', 'FIUZZ', 'ELBRQ', 'AUIRW', 'TYYLF', 'IEEVC', 'ZRLGV', 'IYGUJ', 'BHFJC', 'ENWEC', 'HAPCQ', 'WAZOJ', 'OZSQX', 'FRVNO', 'EIREK', 'EFRTR', 'AHXXM', 'NCWPX', 'VUZHE', 'CSILO', 'QZGLO', 'YPRRC', 'WEDAM']
['GJCQK', 'DOXUP', 'PKECO', 'FMFZO', 'KQZVU', 'QBGLN', 'LHFOM', 'QUGAX', 'TQUPW', 'JCAYK', 'EFPNV', 'NZQNY', 'QVEIA', 'SEJRA', 'ZZKGQ', 'HIBFR', 'LRCXZ', 'BBIGY', 'GUGKR', 'FPFHY', 'EIALG', 'LPRGT', 'JMNIF', 'PDSZU', 'KEDYT']
['MUUIL', 'DUQLN', 'VWLQP', 'UDFVU', 'LQJNK', 'LYFLA', 'KTXRI', 'BKFQR', 'JCWPV', 'ABQJV', 'MTXFY', 'SLHLJ', 'LBYAL', 'VFWVV', 'OXZCV', 'OPZLD', 'VZNGS', 'SSZXS', 'OHEWR', 'TLKIE', 'GUJWH', 'HZGVK', 'JLTJR', 'QXETJ', 'URMYA']
['LEYDX', 'BCTKV', 'TJLUN', 'WNGHY', 'QFZCO', 'BMNGE', 'PBEOM', 'METWY', 'NNLIE', 'PPGSA', 'XLWDU', 'JGGQM', 'IVYZR', 'PKUWP', 'KSGPB', 'AIWJE', 'YYNPW', 'JJDHO', 'BXGAG', 'CCHLM', 'RZJZX', 'HXGTU', 'STJMV', 'LCYZY', 'VUTIQ']
['KBDMG', 'CALHI']
['FESAS', 'SACPU', 'GFWZF', 'RRDGL', 'PUFAY', 'GRIBM', 'BHECC', 'BVKPC', 'XYABI', 'GAUGX', 'NHBOU', 'CSGGY', 'VQUBW', 'RFDDK']
