['177', '48', '458', '433', '287', '271', '368']
['298', '146', '195', '211', '109', '104', '236']
['243', '32']
['436']
['65']
['246']
['98', '482', '235', '487', '162', '249', '302']
['178', '313', '36', '12', '388', '175', '250']
['267', '167', '203', '383', '430', '136', '90']
['475', '173', '493', '489', '187', '258', '114']
['294', '491', '233']
['495', '300', '422', '3', '339', '466', '17']
['189']
['307', '285']
['377', '488', '49', '100', '54', '309', '293']
['391']
['202']
['374']
['227', '39']
['459']
['222', '387', '477', '394', '19', '295', '219']
['223']
['94']
['142', '42', '409', '257', '347', '369', '5']
['153', '384', '159', '103', '252', '276', '319']
['251', '354', '376', '23', '288', '443', '245']
['345', '166', '156', '11', '106', '284', '308']
['168', '16', '150', '51', '381', '447', '133']
['497']
['390']
['77', '393', '403', '179', '260', '264', '180']
['84', '419', '6', '348', '199', '29', '437']
['101']
['74', '176', '182', '154', '79', '188', '485']
['140', '431', '91', '214', '261', '414', '262']
['113', '76', '325', '37', '326', '454', '310']
['170', '417', '10', '66', '476', '126', '468']
['82', '438', '161', '450', '116', '480', '96']
['296', '21', '272', '33', '47', '38', '401']
['352', '160', '303', '372', '415', '232', '9']
['420', '283', '462', '83', '186', '22', '221']
['201', '472']
['375', '320', '442', '15', '407', '361', '164']
['423', '215', '448', '120', '53', '111', '151']
['366', '97', '427']
['426', '373', '73', '75', '429', '45', '81']
['43', '35', '275', '456']
['55', '418', '434', '494', '435', '190', '363']
['402', '121', '163', '208', '108', '148', '2']
['370', '329', '26', '185', '171', '421', '138']
['474', '455', '499', '248', '174', '353', '357']
['479', '371', '240', '137', '408', '237', '92']
['57', '281', '27', '61', '93', '46', '330']
['399', '492', '255', '14', '268', '467', '119']
['149', '280', '351', '7', '278', '440', '197']
['380', '343', '327', '44', '50', '144', '406']
['110', '131', '274', '317', '365', '259', '69']
['392', '316', '64', '123', '70', '206', '411']
['350', '279', '314', '231', '322', '217', '358']
['291', '59', '364', '99', '72', '157', '58']
['224', '386', '410', '102', '239', '452', '132']
['324', '337', '356', '210']
['286']
['405']
['85', '87', '86', '229', '263', '297', '129']
['134', '165', '473', '449', '306', '460', '158']
['321', '24', '89', '304', '335', '396', '60']
['230', '312', '112', '315', '277', '282', '486']
['453', '385', '451', '71', '395', '464', '344']
['204', '378', '213', '498', '323', '238', '193']
['118', '496']
['416', '67', '273', '360', '18', '127', '207']
['349', '266', '34', '40', '336', '220', '244']
['181', '128', '13', '28', '389', '130', '194']
['359', '311', '290', '346', '143', '341', '265']
['254', '52', '334', '253', '8', '107', '457']
['172']
['424', '184', '117']
['196', '105', '469', '209', '205', '191', '122']
['225', '228']
['292', '338', '400', '332', '340', '481', '256']
['192', '478']
['152', '242', '305', '25', '139', '95', '470']
['382']
['124', '226', '198', '444', '216', '331', '20']
['439', '241', '490', '155', '141', '333', '355']
['68', '247', '413', '328', '412', '63', '289']
['397']
['212']
['425']
['432', '445', '135']
['88']
['465']
['461']
['398', '31']
['404', '56', '299', '30', '342', '318', '367']
['62', '183', '0', '483', '145', '269', '441']
['428', '234', '200', '362', '4', '471', '147']
['1', '169', '80', '463', '41', '446', '301']
['125', '78', '115', '218', '270', '484', '379']
