['44']
['317', '271', '316', '291', '261', '65', '90', '166', '80']
['306']
['321', '304', '237', '315', '258', '200', '320', '177', '74']
['138']
['172']
['235', '33', '8', '63', '62', '22', '246', '134', '225']
['277', '157', '171', '144', '224', '5', '204', '197', '228']
['137', '18', '270', '154', '95', '242', '77', '217', '327']
['214', '104', '56', '102', '208', '41', '252', '326', '59']
['113', '289', '303', '6', '133', '73', '135', '50', '238']
['103']
['42', '48', '262']
['192']
['164']
['279', '107', '254', '257', '161', '25', '196', '136', '99']
['7', '275', '23', '81']
['34']
['128', '203', '205', '155', '221', '11', '162', '98', '240']
['148', '298', '230', '14', '290', '17', '179', '115', '101']
['75', '323']
['296', '318', '72', '94', '232', '30', '264', '294', '160']
['51']
['313', '21', '307', '190', '219', '105', '199', '267', '288']
['269', '247', '193', '198', '187', '176', '85', '89', '272']
['84']
['183', '325', '88', '45', '83', '116', '58', '178', '268']
['174', '188', '201', '249', '295', '297', '61', '241', '67']
['227', '119']
['243', '52', '82', '55', '79', '60', '175', '149', '76']
['57']
['222']
['310', '209', '122', '180', '120', '106', '3', '20', '169']
['293']
['260', '287', '319', '265', '1', '314', '302', '91', '124']
['286', '12', '312', '71', '212', '2', '311', '87', '274']
['0', '308', '153', '143', '97', '278', '27', '29', '35']
['66', '123', '19', '301', '10', '185', '117', '100', '273']
['16']
['46', '68', '159', '181', '300', '129', '156', '213', '284']
['239', '259', '266', '194', '70', '292', '184', '13', '218']
['195', '207', '147', '24', '126', '173', '182', '139', '281']
['167']
['140', '4', '151', '191', '220', '152', '280', '189', '118']
['108', '283', '216', '234', '285', '282']
['170']
['211', '299']
['248', '145', '15', '31', '28', '39', '244', '132', '165']
['64', '53', '92', '231', '245', '125', '223', '130', '131']
['121']
['168', '78', '96', '251', '114', '69', '163', '93', '158']
['324']
['322', '9', '210', '215', '43', '36', '111', '47', '127']
['256']
['112', '54', '32', '37', '263', '86', '305', '226', '49']
['202']
['110', '236', '109', '150', '186', '233', '40', '26', '141']
['142', '250', '309', '253', '206', '276', '146', '38', '255']
['229']
