['0', '329', '486', '356', '319', '331', '349', '459', '284', '494', '279', '269', '309', '299', '361', '433', '466', '429', '419', '449', '408', '382', '475', '379', '399', '249', '94', '89', '79', '69', '127', '119', '109', '28', '19', '31', '59', '49', '132', '226', '219', '209', '199', '231', '259', '161', '159', '149', '189', '178']
['140']
['380']
['260']
['120']
['390']
['110']
['400']
['100']
['410']
['90']
['420']
['80']
['430']
['70']
['440']
['60']
['450']
['370']
['150']
['360']
['160', '271', '489', '474', '11', '47', '251', '499']
['270', '323', '351', '342', '483', '336', '313', '288', '303', '293', '493', '423', '413', '453', '463', '443', '438', '373', '365', '403', '472', '393', '388', '263', '83', '73', '97', '121', '112', '103', '63', '22', '12', '3', '53', '42', '36', '213', '203', '227', '253', '242', '234', '153', '142', '134', '193', '183', '172', '168']
['250', '326', '316', '358', '485', '346', '339', '281', '276', '497', '266', '306', '296', '426', '469', '416', '434', '456', '446', '376', '478', '368', '384', '406', '396', '91', '86', '76', '124', '116', '66', '106', '25', '16', '6', '56', '45', '39', '223', '216', '206', '246', '237', '196', '156', '145', '137', '165', '186', '175']
['280', '7', '247']
['240', '328', '487', '318', '357', '332', '348', '283', '495', '278', '268', '308', '298', '362', '432', '428', '467', '418', '458', '448', '381', '476', '378', '409', '398', '93', '88', '78', '68', '126', '118', '108', '27', '18', '9', '33', '58', '48', '225', '218', '208', '258', '198', '239', '158', '148', '162', '139', '188', '177']
['290']
['230']
['220']
['300']
['50']
['210']
['200']
['320']
['190']
['330']
['180']
['340']
['170']
['350']
['310']
['460']
['130']
['20']
['470', '321', '343', '335', '359', '301', '291', '287', '311', '421', '451', '441', '435', '461', '411', '371', '363', '401', '391', '385', '81', '71', '101', '99', '113', '29', '1', '61', '51', '34', '262', '129', '211', '201', '229', '232', '245', '151', '146', '131', '191', '181', '166', '179']
['10', '322', '354', '341', '484', '334', '272', '312', '302', '292', '289', '422', '412', '452', '442', '464', '437', '372', '364', '402', '392', '473', '387', '261', '82', '72', '98', '111', '102', '21', '2', '128', '62', '52', '41', '35', '212', '202', '228', '252', '498', '241', '233', '152', '141', '133', '192', '182', '171', '167']
['490', '324', '314', '352', '482', '344', '337', '274', '264', '286', '304', '294', '424', '414', '454', '462', '444', '439', '374', '366', '404', '471', '394', '389', '84', '74', '96', '122', '114', '104', '64', '23', '13', '4', '54', '43', '37', '221', '214', '204', '254', '243', '235', '154', '143', '135', '194', '184', '173', '169']
['40', '481', '275', '265', '492', '425', '415', '436', '455', '445', '375', '367', '386', '405', '395', '85', '75', '95', '123', '115', '105', '65', '14', '255', '155', '144', '164']
['480', '325', '315', '353', '345', '338', '273', '285', '305', '491', '295', '465', '479', '24', '15', '5', '55', '44', '38', '222', '215', '205', '256', '244', '236', '195', '136', '185', '174']
['30']
['355', '327', '488', '317', '333', '347', '282', '277', '496', '267', '307', '297', '431', '427', '468', '417', '457', '447', '377', '477', '369', '383', '407', '397', '92', '87', '77', '67', '125', '117', '107', '26', '17', '8', '57', '32', '46', '224', '217', '207', '257', '248', '238', '197', '157', '147', '138', '163', '187', '176']
