['76', '110', '218', '47', '130', '265', '178', '190', '174', '168']
['182', '35', '127', '131', '79', '81', '84', '86', '87']
['58', '136', '140', '80', '88', '90']
['56', '144', '145', '149', '89']
['227', '107']
['229', '113', '91', '98', '111', '96']
['119', '152', '95', '100', '102', '105', '106']
['112', '34', '19', '78', '134', '93', '114', '97', '104', '109']
['121', '75', '77', '143', '147', '150', '115', '108']
['92', '33', '116', '138', '141', '142', '82', '99']
['175', '31', '125', '126', '129', '132', '133', '269', '270']
['236', '146', '13', '20', '94', '208', '27', '28', '30', '32']
['173', '4', '157', '11', '262', '18', '21', '23', '25', '26']
['238', '244', '151', '9', '12', '14', '16', '17', '73', '24']
['40', '209', '128', '2', '148', '256', '169', '156', '177', '181']
['49', '70', '71', '72', '41', '39', '37', '6', '120', '122']
['38', '61', '62', '63', '64', '66', '68', '69', '117', '118']
['220', '223', '225', '230', '231', '54', '55', '57', '59', '60']
['184', '214', '216', '221', '222', '228', '233', '51', '52', '53']
['200', '205', '207', '212', '213', '219', '224', '46', '48', '50']
['202', '234', '232', '203', '204', '210', '215', '226', '44', '45']
['85', '266', '267', '268', '198', '201', '206', '217', '135', '43']
['193', '257', '258', '259', '260', '261', '264', '235', '153', '42']
['83', '245', '137', '248', '249', '250', '251', '252', '255', '154']
['101', '166', '158', '239', '240', '241', '242', '243', '246', '253']
['65', '254', '164', '161', '167', '185', '186', '162', '1', '237']
['191', '22', '29', '188', '187', '163', '180', '183', '176', '170']
['103', '192', '172', '194', '195', '171', '196', '197', '189', '179']
['211', '36', '3', '5', '7', '8', '10', '15', '123', '124']
['74', '67', '155', '263', '139', '247', '165', '160', '159', '199']
