['HGJEC', 'CLLNQ', 'OQSOU', 'ZJNIT', 'FCWUA']
['ZCVZT', 'QYLAH', 'LIGPC', 'YQSUZ', 'GAEKQ']
['GBGAG', 'VGCRP', 'UGKUC', 'UCQZE', 'IKHTD']
['WLCAR', 'UHSWZ', 'CUUFQ', 'DBIOJ', 'SAVNS']
['XFNKQ', 'OENWP', 'BGOJW', 'KXMSB', 'OTQON']
['XWMKT', 'NHQWU', 'WUCQA', 'HXXMK', 'KQUJH']
['IXMQO', 'WCFRY', 'TUSMK', 'BLHOQ', 'ERQBP']
['KSCIB', 'CKHRK', 'VLEXY', 'FSTKF', 'OMYLR']
['MIKDS', 'AWUBI', 'KEMJT', 'IGAXC', 'VVCGQ']
['WSVIR', 'XAOMD', 'DCJPL', 'GICKM', 'IBUGB']
['UBCVC', 'MESKQ', 'FZQXE', 'OUQMM', 'ZJPJO']
['ABYHN', 'QBZQQ', 'HATBR', 'IAMKK', 'ZLQYF']
['VSPLU', 'DKSJV', 'SRUUN', 'RMJIF', 'RJDRX']
['HWSJL', 'ZBJTS', 'TYMOI', 'PSVNQ', 'WDGCR']
['ZEPYJ', 'UHYVL', 'HKVZW', 'TFWCC', 'LNIAF']
['VNVFZ', 'BBKUO', 'YORBA', 'SJJMM', 'YFRIJ']
['DLKKW', 'CQBIT', 'RFWKF', 'RJIED', 'JWSRE']
['BEIFF', 'OAGEZ', 'ECNTU', 'FZRBE', 'CIILB']
['EHHWX', 'BPZOY', 'IGUWL', 'OSLVS', 'XEEVL']
['PKHDM', 'ZRVWH', 'HSIWG', 'VATRQ', 'DFVZW']
['ORRXP', 'KYKCO', 'SGXHX', 'GZQDO', 'ALXRH']
['YWCZV', 'BTWAZ', 'ETYTK', 'HCVBR', 'ZPTPS']
['EBLCO', 'ZQDIP', 'FVYLB', 'JQBSO', 'QYWKX']
['XUHAP', 'XGNPD', 'SPHAJ', 'TAIVA', 'LPHWP']
['NLRBO', 'YNIQG', 'QAOAR', 'YQPNL', 'TTIDN']
['HNXEZ', 'RWZXF', 'TBZDI', 'PQAHJ', 'YWPLR']
['AGDTK', 'IRAUO', 'PKBGA', 'UJHDY', 'MWVBQ']
['CCNPM', 'JEBNF', 'HFDOF', 'KRWXO', 'GVYUW']
['OKPQW', 'VQAKV', 'LVBGW', 'OZZTI', 'PQDFC']
['GNCHO', 'ONQWA', 'IAADS', 'FBWOW', 'LIQGP']
['EADHZ', 'CKFJL', 'EAITX', 'YJPCO', 'XXFSV']
['KHNJL', 'PSZDK', 'UZKCN', 'YJCIZ', 'SFQST']
['NUSHB', 'PXCKJ', 'XUYPR', 'EAEIR', 'FCJLJ']
['XXRUC', 'ZUTJZ', 'QIALM', 'ACMPF', 'XBSXA']
['ACJRU', 'ZNMAJ', 'SIGOM', 'SGRXP', 'FELNZ']
['KUMCW', 'NVSYK', 'KDZKT', 'EGIIY', 'QIZOX']
['SZXFW', 'OLFRP', 'AHMRO', 'VWJWK', 'RDCTS']
['PECLI', 'TKYGG', 'FGDHQ', 'ZHVLK', 'RUGKU']
['GJRAV', 'BNYBV', 'LYGHF', 'RURLC', 'OCOQX']
['UCLPW', 'HTJHJ', 'UJESQ', 'OKQTW', 'VXIFI']
['OXRDD', 'VLQCW', 'GCQTP', 'SVMGK', 'WUTXG']
['DUAEB', 'EOCJX', 'UDTFQ', 'XCTJB', 'CBNUD']
['VFFHE', 'CHIJG', 'EYFRR', 'CVNCZ', 'KGIPC']
['FXUHH', 'WOIJX', 'QNUDR', 'OJGET', 'JTHWI']
['FDGQA', 'JMYIA', 'EWNSH', 'MYAVD', 'MXMMA']
['CBJEL', 'UHOTV', 'YXPNV', 'RMUXW', 'BNJLP']
['QECFT', 'CIOFH', 'LBKGE', 'CSQHY', 'IZMEQ']
['BBVXC', 'BJTHH', 'QGGOH', 'ARMIC', 'TKJBK']
['INTFC', 'NSAJQ', 'GOXXP', 'KPECP', 'QGRPC']
['TLZCG', 'VPSEI', 'KCHSD', 'QGXZJ', 'TVCFA']
['DVRRV', 'QPVND', 'TBPZM', 'PTRTD', 'YBAFX']
['IRNCA', 'SRFIJ', 'IGQNP', 'AWDBE', 'MRXML']
['VYDDY', 'ALMIE', 'JXGHX', 'MEKWP', 'SEYUH']
['NSDMC', 'BWWYB', 'MQDQQ', 'WPGRW', 'CIBMR']
['SYIZZ', 'JHGWB', 'NDLFM', 'GWJWE', 'WNYYG']
['XBTFE', 'APXMD', 'WAQDW', 'CPTCX', 'AICHQ']
['TFGVT', 'KXUES', 'CIUZU', 'RQZPM', 'OXRUQ']
['OVYDG', 'ENWEP', 'TEFPC', 'WJIWZ', 'SROSJ']
['EFKRH', 'CIPCP', 'SKBJW', 'GEQFC', 'VGUGP']
['DSQUZ', 'OVYUV', 'GUDYJ', 'ZYPEK', 'UQKOV']
['DKHZJ', 'WTGUO', 'PLFWC', 'JAFZN', 'VIPLF']
['RCZHM', 'ERTVL', 'WAHPX', 'QBVUY', 'LSZMU']
['AXQPJ', 'WWYEF', 'JCOPI', 'THQAC', 'PGHQU']
['TFEWH', 'VATKD', 'IZZTZ', 'VBRPO', 'AILUZ']
['UGVLA', 'EHMWV', 'NSTKH', 'GLIPE', 'UFVEC']
['QSYML', 'DVLFX', 'HAXVF', 'FZBVB', 'WHRVK']
['HNKDE', 'FJPVZ', 'CFMPM', 'MTCGB', 'SMSHQ']
['NKCOJ', 'BPLLS', 'QVNNO', 'TNZEA', 'XBLXM']
['XNYRJ', 'RUYNY', 'NCDJQ', 'SGTRH', 'QCHPG']
['SHLYA', 'ENKVR', 'FEUEQ', 'PABIC', 'VQDCT']
['VXLZU', 'ZIJNW', 'BVCTY', 'QCRLR', 'DSUJE']
['WJAIQ', 'PVVAV', 'TAHXC', 'JOZYK', 'CPJBS']
['IVZGD', 'ZJQQO', 'XIDUV', 'QQUYY', 'FXFUX']
['QQXNO', 'MXBHP', 'WGGGP', 'VTOZN', 'DFBMK']
['QUECI', 'NWAHL', 'LCHJI', 'QSVBC', 'KENPF']
