['402', '351', '313', '328', '195', '216', '123', '335', '344', '318', '374', '184', '226', '109', '189', '175', '228', '142', '419', '214', '434', '197', '85']
['198', '87', '110', '466', '468', '221', '369', '267', '354', '343', '427', '41', '490', '90', '269', '362', '227', '173', '60', '18', '264', '473', '319']
['352', '147', '241', '178', '305', '81', '497', '394', '202', '278', '223', '161', '187', '68', '339', '27', '496', '65', '158', '381', '308', '387', '101', '20']
['283', '113', '30', '431', '0', '157', '480', '355', '186', '307', '460', '291', '96', '384', '459', '6', '397', '287', '235', '424', '488', '286', '303', '276', '266']
['410', '356', '199', '149', '489', '455', '448', '136', '75', '458', '132', '222', '154', '168', '69', '263', '442', '94', '357', '107', '155', '320', '280']
['143', '131', '201', '416', '49', '183', '495', '341', '361', '251', '152', '138', '399', '93', '358', '417', '388', '464', '160', '46', '493', '237', '349']
['2', '50', '255', '413', '324', '449', '151', '462', '40', '4', '428', '392', '383', '236', '242', '295', '430', '48', '450', '88', '238', '31', '323']
['140', '483', '117', '105', '146', '180', '36', '34', '444', '398', '479', '334', '164', '274', '51', '386', '494', '37', '82', '121', '452', '368', '463']
['33', '469', '32', '218', '378', '112', '472', '252', '415', '167', '63', '429', '271', '193', '84', '139', '57', '471', '7', '375', '213', '258', '259']
['17', '67', '250', '130', '102', '10', '141', '414', '284', '169', '166', '382', '129', '443', '314', '26', '477', '172', '418', '38', '467', '309', '478']
['76', '306', '91', '396', '345', '19', '229', '277', '116', '52', '475', '421', '336', '246', '408', '342', '100', '376', '134', '217', '190', '440']
['58', '360', '340', '23', '244', '290', '249', '203', '281', '35', '97', '312', '411', '482', '98', '42', '423', '454', '11', '247', '437']
['61', '224', '200', '294', '62', '53', '44', '272', '191', '70', '435', '498', '126', '330', '128', '371', '59', '210', '118', '372', '325', '262']
['144', '279', '293', '159', '45', '453', '476', '456', '114', '188', '185', '395', '316', '350', '451', '353', '78', '176', '364', '273', '86', '92']
['111', '422', '209', '329', '119', '299', '13', '230', '445', '304', '270', '43', '373', '301', '420', '292', '239', '204', '99', '124']
['261', '148', '302', '298', '377', '289', '433', '225', '359', '1', '300', '14', '474', '181', '39', '207', '77', '389', '282', '275', '333']
['22', '106', '25', '315', '486', '233', '9', '156', '390', '55', '194', '393', '367', '338', '447', '24', '127', '137', '196', '103', '219', '461', '256']
['326', '403', '163', '115', '248', '120', '365', '257', '28', '174', '492', '208', '332', '47', '481', '499', '232', '311', '220', '234', '170']
['150', '412', '484', '12', '125', '265', '409', '321', '240', '108', '71', '133', '243', '177', '337', '296', '491', '317', '254', '425', '73', '211', '322', '179']
['436', '327', '385', '83', '268', '366', '379', '74', '206', '370', '5', '89', '407', '205', '446', '135', '29', '347', '297', '21', '15', '426', '487', '346']
['485', '401', '405', '192', '288', '404', '171', '310', '438', '400', '64', '54', '432', '245', '56', '3', '363', '122', '285', '8', '231', '79', '212']
['162', '104', '391', '95', '457', '66', '348', '380', '80', '253', '72', '145', '406', '260', '215', '331', '439', '441', '182', '16', '465', '165', '470', '153']
