['Shea', 'Deni', 'Clovah', 'Anuska', 'Ashling', 'Fredkin', 'Ferullo', 'Margeaux', 'Willetta', 'Dearman', 'Oscar', 'Saville', 'Costin', 'Tuttle', 'Ardys', 'Cal', 'Risteau', 'Harmony', 'Jenness', 'Glenn', 'Chemush', 'Nafis', 'Astto', 'Tonya', 'Acacia', 'Arianna', 'Auroora', 'Gibun', 'Reste', 'Ultun', 'Griffin', 'Tillford', 'Kaufmann', 'Everick', 'Krystalle']
['Larry', 'Billy', 'Genie', 'Japeth', 'Buckler', 'Mitchiner', 'Vevay', 'Meingolda', 'Cicely', 'Bui', 'Debera', 'Shelbi', 'Dare', 'Derril', 'Mackenzie', 'Fifine', 'Milore', 'Weirick', 'Polish', 'Alvinia', 'Lauree', 'Danna', 'Dole', 'Ardehs', 'Kronick', 'Watson', 'Prince', 'Cardwell', 'Tay', 'Merth', 'Rani', 'Foulk', 'Mikol', 'Sosanna', 'Bello']
['Starinsky', 'Berner', 'Elihu', 'Davidde', 'Maude', 'Danuloff', 'Meras', 'Ratcliffe', 'Rodolphe', 'Cloots', 'Jillana', 'Barnett', 'Yerxa', 'Marilou', 'Saudra', 'Hannover', 'Hayyim', 'Zelma', 'Vaish', 'Ruhnke', 'Lawler', 'Malo', 'Hawger', 'Larson', 'Sandeep', 'Norean', 'Rue', 'Toh', 'Wing', 'Busey', 'Morville', 'Minda', 'Fokos', 'Quitt', 'Cherry']
['Converse', 'Neveda', 'Ches', 'Volkan', 'Sachi', 'Harriet', 'Hako', 'Stephenson', 'Benilda', 'Cataldo', 'Henrique', 'Eno', 'Tristam', 'Jorgenson', 'Balling', 'Klute', 'Ginzburg', 'Girardo', 'Farro', 'Hadleigh', 'Tine', 'Cristiona', 'Galligan', 'Ace', 'Tutankhamen', 'Ng', 'Utica', 'Crean', 'Lotus', 'Favian', 'Ferro', 'Jestude', 'Myrvyn', 'Charin', 'Scherman']
['Proudfoot', 'Gowrie', 'Agosto', 'Desi', 'Shannah', 'Padget', 'Kerwon', 'Masterson', 'Prebo', 'Cheria', 'Robbin', 'Darrow', 'Jobyna', 'Lorilyn', 'Shelby', 'Groh', 'Janenna', 'Selma', 'Fitz', 'Brittnee', 'Durante', 'Gombosi', 'Epstein', 'Jori', 'Derinna', 'Adriane', 'Fast', 'Haldane', 'Blondell', 'Matthew', 'Antonetta', 'Fruin', 'Gerianne']
['Kimon', 'Lenhart', 'Fairfax', 'Flieger', 'Elburr', 'Sandstrom', 'Hatch', 'Edrick', 'Flemming', 'Beaver', 'Uchida', 'Crompton', 'Kudva', 'Tarkany', 'Roanna', 'Coumas', 'Lamb', 'Sumer', 'Darsie', 'Worlock', 'Akeyla', 'Bruns', 'Gunn', 'Chancellor', 'Eleni', 'Holton', 'Salomi', 'Manaker', 'Vikky', 'Delinda', 'Arel', 'Candyce', 'Balcer', 'Pippo', 'Tiphane']
['Dett', 'Wunder', 'Lon', 'Tessy', 'Griswold', 'Celestyn', 'Janaya', 'Karlise', 'Cavallaro', 'Ciapas', 'Leod', 'Doroteya', 'Odin', 'Chae', 'Schreck', 'Cyd', 'Sinnard', 'Lux', 'Dowlen', 'Lentha', 'Aviv', 'Ashford', 'Cerracchio', 'Firman', 'Smukler', 'Kerianne', 'Ebneter', 'Yasu', 'Lombardi', 'Girovard', 'Harland', 'Leanna', 'Yarvis', 'Barby', 'Balliett']
['Ashman', 'Donn', 'Katzir', 'Freddy', 'Klapp', 'Renick', 'Javler', 'Koetke', 'Evangeline', 'Carrillo', 'Erlewine', 'Leiser', 'Towne', 'Berneta', 'Kassi', 'Coh', 'Buxton', 'Caines', 'Ragland', 'Jenkel', 'Formenti', 'Damon', 'Biggs', 'Ottinger', 'Gillian', 'Neille', 'Hillegass', 'Baldridge', 'Yim', 'Catherin', 'Maribel', 'Perloff', 'Wight', 'Willis', 'Birck']
['Rocray', 'Clere', 'Montagna', 'Eudocia', 'Emelia', 'Holey', 'Jehiel', 'Barsky', 'Pryce', 'Hudis', 'Felicie', 'Holms', 'Saylor', 'Australia', 'Knute', 'Adaurd', 'Grochow', 'Rhonda', 'Mansoor', 'Halimeda', 'Earlene', 'Melda', 'Basso', 'Beebe', 'Holofernes', 'Merola', 'Brazee', 'Woo', 'Mauchi', 'Uta', 'Kinzer', 'Marijn', 'Hett', 'Rik', 'Ludovico']
['Nath', 'Shepp', 'Lynnelle', 'Won', 'Swanhilda', 'Elberta', 'Hook', 'Marina', 'Stearns', 'Ursola', 'Nance', 'Dulcea', 'Vonni', 'Bernj', 'Gwenette', 'Puklich', 'Dietrich', 'Grath', 'Hardej', 'Hamlin', 'Clea', 'Latimer', 'Mokas', 'Ted', 'Woodhead', 'Dela', 'Neva', 'Dimitry', 'Udell', 'Binette', 'Avril', 'Adolphus', 'Hankins', 'Eilis', 'Rombert']
['Augustina', 'Higgs']
['Alf', 'Emmer', 'Ruyle', 'Behlau', 'Ursi', 'Fadiman', 'Monahan', 'Carter', 'Ebba', 'Melburn', 'Cristoforo', 'Hittel', 'Ainslee', 'Osrick', 'Verras', 'Hillel', 'Velda', 'Micheal', 'McKinney', 'Safire', 'Kanya', 'Raynor', 'Bran', 'Burkhart', 'Newton', 'Vesta', 'Dotson', 'Lynett', 'Karon', 'Bluhm', 'Saxen', 'Ubana', 'Ammadis', 'Hotze', 'Druce']
['Colly']
['Fabrice', 'Uzzia', 'Turrell', 'Matthaeus']
['Livingston']
['Hong', 'Jessalin', 'Cutty', 'Pontius', 'Carlick', 'Raul', 'Corkhill', 'Demetria', 'Maye', 'Bevon', 'Hakim', 'Jason', 'Nestor', 'Dedric', 'Moonier', 'Groos', 'Bounds', 'Eldwen', 'Lyle', 'Faunia', 'Mathur', 'McCoy', 'Kylah', 'Janerich', 'Tavy', 'Minier', 'Elmira', 'Danita', 'Love', 'Jeniece', 'Paulita', 'Delila', 'Sievert', 'Virginia', 'Clymer']
['Winebaum', 'Moyers', 'Fidelio', 'Fillender', 'Gloriana', 'Hermon', 'Placido', 'Nicolis', 'Winer', 'Thorman', 'Midian', 'Nessy', 'Marijo', 'Schnabel', 'Wendye', 'McClimans', 'Dott', 'Nari', 'Rooke', 'Flo', 'Till', 'Ber', 'Karie', 'Danais', 'Florentia', 'Pinto', 'Tennes', 'Letta', 'McCullough', 'Atkins', 'Franek', 'Antonino', 'Dumas', 'Wistrup', 'Oakes']
['Serafine', 'Lenes', 'Zandt']
['Sheeran']
['McIntosh', 'Fausta', 'Halstead', 'Sigsmond', 'Emelita', 'Utas', 'Felise', 'Joed', 'Hanway', 'Summons', 'Plantagenet', 'Nanette', 'Questa', 'Lou', 'Melisa', 'Nisse', 'Bhayani', 'Enid', 'Lacy', 'Jimmy', 'Blasius', 'Lunetta', 'Grimona', 'Les', 'Kile', 'Chaddie', 'Mushro', 'Shanly', 'Zobe', 'Noyes', 'Pappas', 'Lindell', 'Feinstein', 'Lamson', 'Nannette']
