['362', '379', '246', '272', '17', '191', '380', '243', '15', '103', '307', '383', '87', '231', '26', '125', '394', '365', '9', '332']
['234', '71', '359', '301', '225', '86', '372', '140', '99', '341', '196', '197', '314', '184', '27', '144', '177', '163', '137', '62']
['233', '344', '104', '247', '265', '361', '331', '52', '179', '264', '160', '339', '115', '323', '285', '354', '194', '302', '134', '150']
['224', '139', '327', '83', '33', '299', '11', '55', '337', '303', '8', '190', '267', '391', '322', '141', '335', '0', '201', '358', '195', '291', '235']
['209', '69', '220', '217', '124', '53', '374', '82', '3', '59', '288', '296', '249', '371', '51', '119', '2', '80', '4']
['245', '34', '357', '238', '289', '111', '228', '181', '133', '356', '373', '157', '266', '211', '318', '392', '113', '250', '281', '7']
['110', '248', '343', '1', '253', '75', '364', '352', '254', '159', '74', '230', '270', '100', '328', '227', '85', '77', '189', '54']
['117', '64', '300', '109', '91', '239', '206', '274', '324', '349', '88', '375', '319', '165', '213', '263', '155', '146', '58', '127']
['93', '175', '143', '129', '311', '180', '212', '41', '147', '386', '367', '187', '312', '171', '178', '36', '23', '39']
['193', '166', '325', '121', '126', '268', '347', '232', '255', '258', '342', '22', '118', '112', '70', '384', '237', '390', '280', '398']
['260', '240', '20', '351', '18', '368', '12', '369', '269', '320', '151', '142', '128', '276', '293', '199', '154', '161', '123', '252']
['257', '282', '310', '43', '35', '241', '108', '208', '28', '251', '182', '162', '114', '5', '131', '56', '329', '79', '186', '102', '25']
['340', '396', '338', '353', '94', '65', '44', '370', '136', '382', '279', '334', '295', '333', '378', '262', '273', '290', '84', '399']
['205', '76', '219', '168', '60', '46', '203', '376', '346', '200', '185', '397', '170', '388', '363', '226', '242', '321', '198', '222', '97']
['350', '348', '236', '78', '286', '132', '215', '173', '68', '38', '256', '61', '385', '210', '81', '19', '292', '306', '298']
['244', '389', '387', '107', '229', '89', '92', '138', '360', '14', '45', '153', '10', '42', '135', '305', '345', '6', '66']
['57', '40', '48', '32', '261', '277', '309', '294', '169', '287', '308', '120', '316', '98', '96', '67', '395', '278', '149', '13']
['31', '393', '275', '204', '326', '122', '90', '63', '148', '158', '284', '49', '330', '16', '37', '355', '172', '24', '130']
['297', '47', '174', '73', '183', '176', '315', '164', '202', '50', '95', '21', '216', '317', '313', '214', '72', '188', '30', '366', '271']
['304', '116', '259', '221', '336', '377', '29', '207', '381', '223', '192', '101', '283', '105', '145', '167', '106', '156', '218', '152']
